<?xml version="1.0" encoding="UTF-8"?>
<testsuite name="es.arq.persistence.provider.tests.TestCouchBasePersistenceImpl" tests="5" skipped="0" failures="0" errors="0" timestamp="2016-04-11T14:46:12" hostname="mmoran" time="0.702">
  <properties/>
  <testcase name="testQuery" classname="es.arq.persistence.provider.tests.TestCouchBasePersistenceImpl" time="0.675"/>
  <testcase name="testGetById" classname="es.arq.persistence.provider.tests.TestCouchBasePersistenceImpl" time="0.011"/>
  <testcase name="testDelete" classname="es.arq.persistence.provider.tests.TestCouchBasePersistenceImpl" time="0.006"/>
  <testcase name="testInsert" classname="es.arq.persistence.provider.tests.TestCouchBasePersistenceImpl" time="0.004"/>
  <testcase name="testUpdate" classname="es.arq.persistence.provider.tests.TestCouchBasePersistenceImpl" time="0.005"/>
  <system-out><![CDATA[2016-04-11 16:46:11 INFO  CouchbaseCore:141 - CouchbaseEnvironment: {sslEnabled=false, sslKeystoreFile='null', sslKeystorePassword='null', queryEnabled=false, queryPort=8093, bootstrapHttpEnabled=true, bootstrapCarrierEnabled=true, bootstrapHttpDirectPort=8091, bootstrapHttpSslPort=18091, bootstrapCarrierDirectPort=11210, bootstrapCarrierSslPort=11207, ioPoolSize=4, computationPoolSize=4, responseBufferSize=16384, requestBufferSize=16384, kvServiceEndpoints=1, viewServiceEndpoints=1, queryServiceEndpoints=1, ioPool=NioEventLoopGroup, coreScheduler=CoreScheduler, eventBus=DefaultEventBus, packageNameAndVersion=couchbase-jvm-core/1.2.3 (git: 1.2.3), dcpEnabled=false, retryStrategy=BestEffort, maxRequestLifetime=75000, retryDelay=ExponentialDelay{growBy 1.0 MICROSECONDS; lower=100, upper=100000}, reconnectDelay=ExponentialDelay{growBy 1.0 MILLISECONDS; lower=32, upper=4096}, observeIntervalDelay=ExponentialDelay{growBy 1.0 MICROSECONDS; lower=10, upper=100000}, keepAliveInterval=30000, autoreleaseAfter=2000, bufferPoolingEnabled=true, tcpNodelayEnabled=true, mutationTokensEnabled=false, socketConnectTimeout=1000, dcpConnectionBufferSize=20971520, dcpConnectionBufferAckThreshold=0.2, queryTimeout=75000, viewTimeout=75000, kvTimeout=2500, connectTimeout=5000, disconnectTimeout=25000, dnsSrvEnabled=false}
2016-04-11 16:46:12 INFO  Node:135 - Connected to Node localhost
2016-04-11 16:46:12 INFO  ConfigurationProvider:272 - Opened bucket default
2016-04-11 16:46:12 INFO  CouchBasePersistenceImpl:87 - Connection to bucket: default on host has been stablished
2016-04-11 16:46:12 INFO  TestCouchBasePersistenceImpl:31 - Connection to couchbase database established
2016-04-11 16:46:12 INFO  CouchBasePersistenceImpl:203 - Retrieved 588 documents from view dev_collection/collection_view
2016-04-11 16:46:12 INFO  CouchBasePersistenceImpl:206 - Document retrieved from view: 01844702-1a61-4ee0-9848-a3ef22b4b6f6 - {"release_id":"391989","date added":"2016-02-14 11:40:09","artist":"Soilwork","catalog#":"NB 582-2-27361 65822","format":"CD-Album","label":"Nuclear Blast-Nuclear Blast","title":"A Predator's Portrait","collectionfolder":"Death Metal","released":"2001"}
2016-04-11 16:46:12 INFO  CouchBasePersistenceImpl:206 - Document retrieved from view: 01ef22d8-5ae1-453f-85b1-9933f71ad1b5 - {"release_id":"326404","date added":"2011-05-28 06:21:26","artist":"Skinny Puppy","catalog#":"5 03770 30149 2 3","collection style":"Industrial","format":"CD-Comp","rating":"4","label":"Nettwerk","title":"B-Sides Collect","collectionfolder":"Industrial","released":"1999"}
2016-04-11 16:46:12 INFO  CouchBasePersistenceImpl:206 - Document retrieved from view: 01f4a898-e617-4fc0-ac30-b9da1210adb6 - {"release_id":"543654","date added":"2011-08-21 07:21:30","artist":"Christian Death","catalog#":"CLP 0617-2","collection style":"Gothic","format":"CD-Album-RE","rating":"3","label":"Cleopatra","title":"Sex And Drugs And Jesus Christ","collectionfolder":"Gothic","released":"1999"}
2016-04-11 16:46:12 INFO  CouchBasePersistenceImpl:206 - Document retrieved from view: 02100ef0-15fe-4fba-8a2f-34b0005acd13 - {"release_id":"383713","date added":"2013-08-21 00:01:55","artist":"Texas","catalog#":"848 578-2","format":"CD-Album","rating":"4","label":"Mercury","title":"Mothers Heaven","collectionfolder":"Brit Pop","released":"1991"}
2016-04-11 16:46:12 INFO  CouchBasePersistenceImpl:206 - Document retrieved from view: 0264c888-9088-4d91-8b03-bee36c0ebcf4 - {"release_id":"902974","date added":"2011-08-21 07:05:43","artist":"Charon (2)","catalog#":"spi140cd","collection style":"Gothic","format":"CD-Album-Enh","rating":"2","label":"Spinefarm Records","title":"Downhearted","collectionfolder":"Gothic","released":"2002"}
2016-04-11 16:46:12 INFO  CouchBasePersistenceImpl:206 - Document retrieved from view: 0280da30-afed-45cd-b666-8f151f8d4173 - {"release_id":"2407239","date added":"2011-05-17 14:16:17","artist":"Kreuzfeuer","catalog#":"004099","format":"CD-Album","rating":"3","label":"Endzeit Klänge","title":"Blut Für Blut","collectionfolder":"R.A.C","released":"2000"}
2016-04-11 16:46:12 INFO  CouchBasePersistenceImpl:206 - Document retrieved from view: 02c96a05-4b66-4611-93d0-b10f75318728 - {"release_id":"384101","date added":"2011-05-14 06:02:29","artist":"Helloween","catalog#":"RAW CD 125-GSA 0000125 RAW","format":"CD-Album","rating":"5","label":"Raw Power-Raw Power","title":"Better Than Raw","collectionfolder":"Power Metal","released":"1998"}
2016-04-11 16:46:12 INFO  CouchBasePersistenceImpl:206 - Document retrieved from view: 030f4f65-4d45-4a81-9573-f07b80b70f5d - {"release_id":"332597","date added":"2011-05-30 13:24:48","artist":"The Prodigy","catalog#":"EVERCD 039","format":"CD-Album","rating":"5","label":"Everlasting Records (2)","title":"The Fat Of The Land","collectionfolder":"Rave","released":"1997"}
2016-04-11 16:46:12 INFO  CouchBasePersistenceImpl:206 - Document retrieved from view: 03e2e1e2-e9cd-415d-9396-9d61f76871fc - {"release_id":"1240141","date added":"2011-05-14 06:02:39","artist":"Helloween","catalog#":"NB 480-2-27361 64802","format":"CD-Album","rating":"4","label":"Nuclear Blast-Nuclear Blast","title":"The Dark Ride","collectionfolder":"Power Metal","released":"2000"}
2016-04-11 16:46:12 INFO  CouchBasePersistenceImpl:206 - Document retrieved from view: 03f065a0-b562-40d8-acc2-794a502dc250 - {"release_id":"48940","date added":"2011-05-23 13:03:03","artist":"Der Blutharsch","catalog#":"WKN 10","format":"CD-Album","rating":"5","label":"WKN","title":"The Track Of The Hunted","collectionfolder":"Ambiental","released":"2000"}
2016-04-11 16:46:12 INFO  CouchBasePersistenceImpl:206 - Document retrieved from view: 04e8bd18-2454-4205-aa52-1fd48777505b - {"release_id":"685126","date added":"2011-05-14 06:18:52","artist":"Nashville Pussy","catalog#":"TVT 3340-2","format":"CD-Album","rating":"5","label":"TVT Records","title":"High As Hell","collectionfolder":"Punk Rock","released":"2000"}
2016-04-11 16:46:12 INFO  CouchBasePersistenceImpl:206 - Document retrieved from view: 052db13f-b52b-4c45-b557-3e7b54b4f20d - {"release_id":"2882007","date added":"2013-08-16 00:31:40","artist":"Hate Society","catalog#":"hs 001","collection style":"R.A.C","format":"CD-Album-Ltd","rating":"2","label":"Not On Label","title":"Hell's Your Place !!!","collectionfolder":"R.A.C","released":"1998"}
2016-04-11 16:46:12 INFO  CouchBasePersistenceImpl:206 - Document retrieved from view: 053f64bf-8310-4301-9270-e2df5b968499 - {"release_id":"379149","date added":"2012-02-29 22:55:15","artist":"Paradise Lost","catalog#":"CDMFN 152DG-CD MFN 152 DG","format":"CD-Album-Ltd-Dig","rating":"5","label":"Music For Nations-Music For Nations","title":"Icon","collectionfolder":"Gothic","released":"1993"}
2016-04-11 16:46:12 INFO  CouchBasePersistenceImpl:206 - Document retrieved from view: 05dfb38c-bed9-4921-b5af-11bb8e11b011 - {"release_id":"2450353","date added":"2013-08-20 23:38:07","artist":"Estirpe Imperial","catalog#":"RT-7034","collection style":"R.A.C","format":"CD-Album","rating":"4","label":"Rata - Ta Ta Tá...","title":"Sin Miedo","collectionfolder":"R.A.C","released":"2007"}
2016-04-11 16:46:12 INFO  CouchBasePersistenceImpl:206 - Document retrieved from view: 060b8460-97a7-4ed1-ac31-7aef4fb48ad0 - {"release_id":"549222","date added":"2011-05-17 13:39:32","artist":"Moonspell","catalog#":"77490-2","format":"CD-Album-Enh","rating":"4","label":"Century Media","title":"The Antidote","collectionfolder":"Gothic","released":"2003"}
2016-04-11 16:46:12 INFO  CouchBasePersistenceImpl:206 - Document retrieved from view: 06982fb6-5661-4f2d-aa4d-b5f8a476b98e - {"release_id":"3786295","date added":"2015-03-28 00:17:55","artist":"Fortress (6) & Brutal Attack (2)","catalog#":"88CD016","format":"CD-EP-RE","label":"Midgård Records","title":"The Garrison C.D.","collectionfolder":"R.A.C","released":"2006"}
2016-04-11 16:46:12 INFO  CouchBasePersistenceImpl:206 - Document retrieved from view: 06e3a921-0711-4682-a9ca-1ea20d025ee7 - {"release_id":"383931","date added":"2011-05-13 08:28:58","artist":"Danzig","catalog#":"HR-66006-2","collection style":"Hard Rock","format":"CD-Maxi","rating":"3","label":"Hollywood Records","title":"Sacrifice","collectionfolder":"Hard Rock","released":"1996"}
2016-04-11 16:46:12 INFO  CouchBasePersistenceImpl:206 - Document retrieved from view: 099179e4-34a8-47a8-aa23-48f83f53a506 - {"release_id":"676344","date added":"2013-08-21 00:27:30","artist":"Valkyria (2)","catalog#":"none","collection style":"R.A.C","format":"CD-Album","rating":"3","label":"Resistance Records (3)","title":"Väsens Hymner","collectionfolder":"R.A.C","released":"2001"}
2016-04-11 16:46:12 INFO  CouchBasePersistenceImpl:206 - Document retrieved from view: 0a3e32a5-4f4e-4bff-905c-256e89cf15b3 - {"release_id":"422069","date added":"2015-04-14 22:48:43","artist":"Tiamat","catalog#":"77180-2","format":"CD-Album-Ltd-Dig","label":"Century Media","title":"A Deeper Kind Of Slumber","collectionfolder":"Doom Metal","released":"1997"}
2016-04-11 16:46:12 INFO  CouchBasePersistenceImpl:206 - Document retrieved from view: 0a54d59c-55ea-43e8-a3c1-40ec6c98b42f - {"release_id":"4930716","date added":"2015-04-15 22:15:15","artist":"Kreator","catalog#":"N 0129-4","format":"Cass-Album","label":"Noise International","title":"Extreme Aggression","collectionfolder":"Trash Metal","released":"1989"}
2016-04-11 16:46:12 INFO  CouchBasePersistenceImpl:206 - Document retrieved from view: 0a9b4f6c-8f95-4e01-acb0-704519b3bae7 - {"release_id":"5630307","date added":"2014-07-15 13:43:58","artist":"Triptykon","catalog#":"9984200-016","format":"CD-Album-Dlx-Med","label":"Century Media-Prowling Death Records","title":"Melana Chasmata","collectionfolder":"Doom Metal","released":"2014"}
2016-04-11 16:46:12 INFO  CouchBasePersistenceImpl:206 - Document retrieved from view: 0bd85824-db63-4517-a761-c79041dfaf4d - {"release_id":"403095","date added":"2016-02-14 11:13:36","artist":"Audioslave","catalog#":"EPC 510130 2-510 130 2","format":"CD-Album","label":"Epic-Interscope Records","title":"Audioslave","collectionfolder":"Hard Rock","released":"2002"}
2016-04-11 16:46:12 INFO  CouchBasePersistenceImpl:206 - Document retrieved from view: 0ca89729-8e77-46fb-a41c-3bb05e4a1cae - {"release_id":"385043","date added":"2011-05-17 14:14:05","artist":"Böhse Onkelz","catalog#":"7243 8 42349 2 8-7243 842349 2 8","format":"CD-Album","rating":"3","label":"Onkelz Productions-Onkelz Productions","title":"E.I.N.S.","collectionfolder":"Hard Rock","released":"1996"}
2016-04-11 16:46:12 INFO  CouchBasePersistenceImpl:206 - Document retrieved from view: 0cac549f-c81a-4f13-baca-6cb5ac195c88 - {"release_id":"910504","date added":"2011-05-12 10:28:53","artist":"Type O Negative","catalog#":"RR 8874-4","format":"Cass-Album","rating":"5","label":"Roadrunner Records","title":"October Rust","collectionfolder":"Gothic","released":"1996"}
2016-04-11 16:46:12 INFO  CouchBasePersistenceImpl:206 - Document retrieved from view: 0d0c3746-ab6d-4623-b0a1-0fdea0749641 - {"release_id":"2582473","date added":"2011-05-13 08:35:12","artist":"Alice In Chains","catalog#":"50999 3 08265 2 6","collection style":"Hard Rock","format":"CD-Album","rating":"5","label":"Virgin","title":"Black Gives Way To Blue","collectionfolder":"Hard Rock","released":"2009"}
2016-04-11 16:46:12 INFO  CouchBasePersistenceImpl:206 - Document retrieved from view: 0db861dd-8f2f-4db0-bb17-0344a0a4b892 - {"release_id":"1173497","date added":"2012-02-29 23:00:45","artist":"Paradise Lost","catalog#":"VILE 17 P","format":"LP-Pic-Album","rating":"5","label":"Peaceville","title":"Lost Paradise","collectionfolder":"Gothic","released":"1990"}
2016-04-11 16:46:12 INFO  CouchBasePersistenceImpl:206 - Document retrieved from view: 0ddd1db4-abd8-4c82-9945-06c6f1e2d844 - {"release_id":"917855","date added":"2011-05-13 08:26:17","artist":"Danzig","catalog#":"COL 491784 2-491784 2-02-491784-10","collection style":"Hard Rock","format":"CD-Album-RE- ","rating":"5","label":"Columbia-American Recordings-American Recordings","title":"Danzig II: Lucifuge","collectionfolder":"Hard Rock","released":"1999"}
2016-04-11 16:46:12 INFO  CouchBasePersistenceImpl:206 - Document retrieved from view: 0e6a775e-388f-43a8-afc3-bfa92fc54afb - {"release_id":"2576982","date added":"2014-09-14 11:29:32","artist":"Hawkwind","catalog#":"CD-FA 3220-CDM 7 92025 2 ·","format":"CD-Comp","label":"Fame-EMI","title":"Masters Of The Universe","collectionfolder":"Stoner Rock","released":"1989"}
2016-04-11 16:46:12 INFO  CouchBasePersistenceImpl:206 - Document retrieved from view: 0e92ad73-f0f0-47dd-a4d9-6a4a6022cfd5 - {"release_id":"1026713","date added":"2011-05-15 05:45:06","artist":"Slayer","catalog#":"MX 8020-MBR 1040","format":"LP-Album","rating":"4","label":"Combat-Metal Blade Records","title":"Hell Awaits","collectionfolder":"Trash Metal","released":"1985"}
2016-04-11 16:46:12 INFO  CouchBasePersistenceImpl:206 - Document retrieved from view: 0f77de8e-1f2f-4dc6-a76e-fbea1dbeba47 - {"release_id":"8027794","date added":"2016-02-09 10:46:36","artist":"Intolleranza","catalog#":"none","format":"LP-Album-Ltd-Num-RE-Whi","label":"Black Shirts Records","title":"Tutti All' Inferno","collectionfolder":"R.A.C","released":"2015"}
2016-04-11 16:46:12 INFO  CouchBasePersistenceImpl:206 - Document retrieved from view: 0fa94a8f-0e79-4a5d-8bdd-0d64c204aabc - {"release_id":"3527491","date added":"2016-02-14 01:00:02","artist":"Heathen Dawn","catalog#":"amcd03","format":"CD-MiniAlbum","label":"Aura Mystique Productions","title":"Wasted Land","collectionfolder":"Black Metal","released":"2002"}
2016-04-11 16:46:12 INFO  CouchBasePersistenceImpl:206 - Document retrieved from view: 0fa9e561-71ba-4d9e-8e42-e847b861d607 - {"release_id":"886977","date added":"2011-05-11 12:00:46","artist":"Paradise Lost","catalog#":"cdkut 169-CDKUT 169","format":"CD-Single-Dig","rating":"5","label":"Music For Nations-Music For Nations","title":"Forever Failure","collectionfolder":"Gothic","released":"1995"}
2016-04-11 16:46:12 INFO  CouchBasePersistenceImpl:206 - Document retrieved from view: 0fc85b07-ae9a-49f9-8d4b-eee9d685f1b4 - {"release_id":"698106","date added":"2011-05-26 11:57:43","artist":"Rammstein","catalog#":"987 458-9-9874589","collection style":"Industrial","format":"CD-Album + DVD-V + Ltd-Dig","rating":"3","label":"Universal Music-Universal Music","title":"Rosenrot","collectionfolder":"Industrial","released":"2005"}
2016-04-11 16:46:12 INFO  CouchBasePersistenceImpl:206 - Document retrieved from view: 10494d9b-24b3-444e-a970-ac917ccf0b86 - {"release_id":"1727290","date added":"2011-05-15 05:43:01","artist":"Metallica","catalog#":"0110225HWR","format":"CD-Single-Ltd-Bla","rating":"5","label":"Hollywood Records","title":"I Disappear","collectionfolder":"Trash Metal","released":"2000"}
2016-04-11 16:46:12 INFO  CouchBasePersistenceImpl:206 - Document retrieved from view: 108027e7-8f4e-4f07-81ac-47e2c1f7c5ff - {"release_id":"1230955","date added":"2011-08-21 07:08:22","artist":"Beaten Back To Pure","catalog#":"RET 006","collection style":"Stoner Rock","format":"CD-Album","rating":"5","label":"Retribute Records","title":"Southern Apocalypse","collectionfolder":"Stoner Rock","released":"2001"}
2016-04-11 16:46:12 INFO  CouchBasePersistenceImpl:206 - Document retrieved from view: 10add03f-a332-4cce-91ce-27ae804197e7 - {"release_id":"7149781","date added":"2015-11-10 10:44:53","artist":"Lucifer (37)","catalog#":"RISELP200","format":"LP-Ltd-Sol","label":"Rise Above Records","title":"Lucifer I","collectionfolder":"Black Metal","released":"2015"}
2016-04-11 16:46:12 INFO  CouchBasePersistenceImpl:206 - Document retrieved from view: 11072904-6c5c-4301-a7ed-90e3c2410a38 - {"release_id":"3927301","date added":"2015-11-10 14:23:26","artist":"Black Sabbath","catalog#":"6302 017","format":"LP-Album","label":"Vertigo","title":"Heaven And Hell","collectionfolder":"Heavy Metal","released":"1980"}
2016-04-11 16:46:12 INFO  CouchBasePersistenceImpl:206 - Document retrieved from view: 1152bd0d-97c3-4727-83ea-70a82817d09d - {"release_id":"418523","date added":"2011-05-15 05:44:49","artist":"Slayer","catalog#":"CD ZORRO 7","format":"CD-Album-RE","rating":"4","label":"Metal Blade Records","title":"Show No Mercy","collectionfolder":"Trash Metal","released":"1990"}
2016-04-11 16:46:12 INFO  CouchBasePersistenceImpl:206 - Document retrieved from view: 11d01efa-3ff2-414c-8f12-f248a4ea9c61 - {"release_id":"2443428","date added":"2013-08-18 05:23:08","artist":"Mistreat / Bound For Glory","catalog#":"PCD034","collection style":"R.A.C","format":"CD-Album","rating":"3","label":"Panzerfaust Records","title":"Beer Bottles & Hockey Sticks","collectionfolder":"R.A.C","released":"2002"}
2016-04-11 16:46:12 INFO  CouchBasePersistenceImpl:206 - Document retrieved from view: 11d0bcff-a946-4b27-acf9-f9ae3c26c981 - {"release_id":"6231551","date added":"2016-03-12 13:06:35","artist":"Reverend Horton Heat","catalog#":"SPCD 250","format":"CD-Album-RE","label":"Sub Pop","title":"Liquor In The Front","collectionfolder":"Uncategorized","released":"2003"}
2016-04-11 16:46:12 INFO  CouchBasePersistenceImpl:206 - Document retrieved from view: 121762e9-e430-4cb8-bdbb-d1fec9ffb24a - {"release_id":"899230","date added":"2011-05-14 06:18:24","artist":"Nashville Pussy","catalog#":"538 456-2","format":"CD-Album + CD + Ltd","rating":"5","label":"Mercury","title":"Let Them Eat Pussy","collectionfolder":"Punk Rock","released":"1998"}
2016-04-11 16:46:12 INFO  CouchBasePersistenceImpl:206 - Document retrieved from view: 1243eb3c-b2d6-44c8-9264-c46f48dda236 - {"release_id":"1549759","date added":"2011-05-23 11:18:55","artist":"Mötley Crüe","catalog#":"960 725-2-60725-2","format":"CD-Album","rating":"5","label":"Elektra-Elektra","title":"Girls-Girls-Girls","collectionfolder":"Glam","released":"1987"}
2016-04-11 16:46:12 INFO  CouchBasePersistenceImpl:206 - Document retrieved from view: 12928037-ef6e-44f9-adc6-5bbc7a5c1a84 - {"release_id":"584961","date added":"2011-05-11 12:07:46","artist":"Before God","catalog#":"CD EK006000-none","collection style":"R.A.C","format":"CD-Album-DIG","rating":"4","label":"Endzeit Klänge-BFG Productions","title":"Under The Blood Banner","collectionfolder":"R.A.C","released":"2000"}
2016-04-11 16:46:12 INFO  CouchBasePersistenceImpl:206 - Document retrieved from view: 12a55a4f-da46-442f-bb79-2fecbbcce3bb - {"release_id":"372533","date added":"2013-08-21 00:29:54","artist":"Honor","catalog#":"SSR 001","collection style":"R.A.C","format":"CD-Album","rating":"2","label":"Strong Survive Records","title":"W Płomieniach Wschodzącej Siły","collectionfolder":"R.A.C","released":"2000"}
2016-04-11 16:46:12 INFO  CouchBasePersistenceImpl:206 - Document retrieved from view: 13573dee-5d74-4478-8d68-67cb65b14f19 - {"release_id":"951362","date added":"2011-05-14 06:11:20","artist":"Porcupine Tree","catalog#":"RR 8011-2","format":"CD-Album","rating":"3","label":"Roadrunner Records","title":"Fear Of A Blank Planet","collectionfolder":"Progressive","released":"2007"}
2016-04-11 16:46:12 INFO  CouchBasePersistenceImpl:206 - Document retrieved from view: 136a531a-41b3-4cf6-801a-e35bb8323a3b - {"release_id":"369760","date added":"2013-08-21 00:29:02","artist":"Honor / Graveland","catalog#":"RES 017","collection style":"R.A.C","format":"CD","rating":"2","label":"Resistance Records (3)","title":"Raiders Of Revenge","collectionfolder":"R.A.C","released":"2000"}
2016-04-11 16:46:12 INFO  CouchBasePersistenceImpl:206 - Document retrieved from view: 14473873-fc14-458e-abc6-a5607b6635fb - {"release_id":"1191223","date added":"2015-03-22 09:05:40","artist":"Skid Row","catalog#":"7567-81936-2","format":"CD-Album","label":"Atlantic","title":"Skid Row","collectionfolder":"Heavy Metal","released":"1989"}
2016-04-11 16:46:12 INFO  CouchBasePersistenceImpl:206 - Document retrieved from view: 158c8b8d-fbf1-4720-903e-556c9f4bfb98 - {"release_id":"383727","date added":"2013-08-21 00:01:03","artist":"Texas","catalog#":"534 315-2","format":"CD-Album","rating":"4","label":"Mercury","title":"White On Blonde","collectionfolder":"Brit Pop","released":"1997"}
2016-04-11 16:46:12 INFO  CouchBasePersistenceImpl:206 - Document retrieved from view: 16c10368-dbca-488d-936e-309b6e57da8c - {"release_id":"788544","date added":"2011-05-11 14:17:03","artist":"Carnivore","catalog#":"RR 8745-2","format":"CD-Album-RE-RM","rating":"4","label":"Roadrunner Records","title":"Carnivore","collectionfolder":"Trash Metal","released":"2001"}
2016-04-11 16:46:12 INFO  CouchBasePersistenceImpl:206 - Document retrieved from view: 16ee5c6a-5bd2-45b8-bc0f-79e5775e683f - {"test":"couchbase persistence test"}
2016-04-11 16:46:12 INFO  CouchBasePersistenceImpl:206 - Document retrieved from view: 171c8e0f-1faf-406f-9a31-be51f7c746ca - {"release_id":"2447722","date added":"2013-01-08 01:06:45","artist":"Grinderman","catalog#":"LCDSTUMM299-5099964727929-LCSTUMM299","format":"CD-Album-Ltd","rating":"5","label":"Mute-Mute-Mute","title":"Grinderman 2","collectionfolder":"R´N´R","released":"2010"}
2016-04-11 16:46:12 INFO  CouchBasePersistenceImpl:206 - Document retrieved from view: 17444b82-4cc0-4c7b-b728-ede798f129b8 - {"release_id":"1279521","date added":"2015-03-22 08:52:51","artist":"Skid Row","catalog#":"7567-82242-1","format":"LP-Album","label":"Atlantic","title":"Slave To The Grind","collectionfolder":"Heavy Metal","released":"1991"}
2016-04-11 16:46:12 INFO  CouchBasePersistenceImpl:206 - Document retrieved from view: 17cb5269-6e66-4cb2-b0a7-7084ae1b72d5 - {"release_id":"1346639","date added":"2011-05-11 11:59:02","artist":"Paradise Lost","catalog#":"9977709","format":"2xDVD-V-NTSC + 2xCD-Album + Box-Ltd","rating":"3","label":"Century Media","title":"The Anatomy Of Melancholy","collectionfolder":"Gothic","released":"2008"}
2016-04-11 16:46:12 INFO  CouchBasePersistenceImpl:206 - Document retrieved from view: 17d35117-597c-4933-8e3c-92bccb787caf - {"release_id":"771025","date added":"2011-05-11 11:56:34","artist":"Paradise Lost","catalog#":"CDMFN 222","format":"CD-Album","rating":"4","label":"Music For Nations","title":"One Second","collectionfolder":"Gothic","released":"1997"}
2016-04-11 16:46:12 INFO  CouchBasePersistenceImpl:206 - Document retrieved from view: 17da1ccf-d142-410f-ad81-7c8702c9a550 - {"release_id":"1376885","date added":"2011-05-13 08:27:38","artist":"Danzig","catalog#":"EMA 61011-2-none","collection style":"Hard Rock","format":"CD-Album-RE","rating":"3","label":"E-Magine Entertainment-Evilive","title":"Danzig 5: Blackacidevil","collectionfolder":"Hard Rock","released":"2000"}
2016-04-11 16:46:12 INFO  CouchBasePersistenceImpl:206 - Document retrieved from view: 18686909-9eb9-4ac2-898c-1031f8f6a243 - {"release_id":"261584","date added":"2011-05-26 12:12:58","artist":"Sal Solaris","catalog#":"HR!19","format":"CD-Album","rating":"5","label":"Hau Ruck!","title":"Outerpretation Of Dreams","collectionfolder":"Ambiental","released":"2001"}
2016-04-11 16:46:12 INFO  CouchBasePersistenceImpl:206 - Document retrieved from view: 191af101-e79d-4a53-b1aa-53189d5a8b69 - {"release_id":"1252439","date added":"2011-05-11 14:10:49","artist":"Pantera","catalog#":"7567-92302-4","format":"Cass-Album","rating":"5","label":"EastWest Records America","title":"Far Beyond Driven","collectionfolder":"Sludge Metal","released":"1994"}
2016-04-11 16:46:12 INFO  CouchBasePersistenceImpl:206 - Document retrieved from view: 1987713b-bce0-4ff8-8140-f4c68bcdd66f - {"release_id":"2696050","date added":"2016-02-07 00:18:13","artist":"Novadriver","catalog#":"SS-055","format":"CD-Album","label":"Small Stone Records","title":"Deeper High","collectionfolder":"Stoner Rock","released":"2005"}
2016-04-11 16:46:12 INFO  CouchBasePersistenceImpl:206 - Document retrieved from view: 19907241-e688-4877-b19c-9f4fe3624d55 - {"release_id":"1552902","date added":"2016-01-18 10:23:18","artist":"The Quakes (2)","catalog#":"NERD 037","format":"LP-Album","label":"Nervous Records (2)","title":"The Quakes","collectionfolder":"Psychobilly","released":"1988"}
2016-04-11 16:46:12 INFO  CouchBasePersistenceImpl:206 - Document retrieved from view: 1a13729b-5879-4804-8de6-e63f85ca42f5 - {"release_id":"2395523","date added":"2013-08-21 00:36:17","artist":"Kaiserbund","catalog#":"none","collection style":"Industrial","format":"CD-Album","rating":"3","label":"Bleu Blanc Rock","title":"Euromatrice Type 1.7","collectionfolder":"Electronic","released":"2000"}
2016-04-11 16:46:12 INFO  CouchBasePersistenceImpl:206 - Document retrieved from view: 1aa3dc29-ee94-4c46-b5e1-e407e912872c - {"release_id":"630253","date added":"2011-05-13 09:24:37","artist":"Guns N' Roses","catalog#":"B0000920-09","collection style":"Hard Rock","format":"DVD-Kee","rating":"5","label":"Geffen Records","title":"Use Your Illusion II - World Tour - 1992 In Tokyo","collectionfolder":"Hard Rock","released":"2004"}
2016-04-11 16:46:12 INFO  CouchBasePersistenceImpl:206 - Document retrieved from view: 1af2cd75-005e-4eee-b167-47239565b7ff - {"release_id":"1024001","date added":"2011-05-30 13:35:53","artist":"Nick Cave & The Bad Seeds","catalog#":"LCDStumm233-CDStumm233-0094633430600","format":"2xCD-Album-Dig","rating":"5","label":"Mute Records Ltd.-Mute Records Ltd.-Mute Records Ltd.","title":"Abattoir Blues / The Lyre Of Orpheus","collectionfolder":"Blues Rock","released":"2004"}
2016-04-11 16:46:12 INFO  CouchBasePersistenceImpl:206 - Document retrieved from view: 1b951921-6e93-441a-a3f6-ed7f9b7024db - {"release_id":"2694730","date added":"2011-05-30 13:43:04","artist":"Kraftschlag","catalog#":"Hatefront CD 001","collection style":"R.A.C","format":"CD-Album-RE","rating":"2","label":"Hatefront Records","title":"Trotz Verbot Nicht Tot","collectionfolder":"R.A.C","released":"1999"}
2016-04-11 16:46:12 INFO  CouchBasePersistenceImpl:206 - Document retrieved from view: 1c5c46ff-5278-470e-b02a-ed8ba5c08822 - {"release_id":"1676816","date added":"2011-05-21 07:36:18","artist":"No Fear (2)","catalog#":"MIDCD 009","format":"CD-Album","rating":"4","label":"Midgård Records","title":"Still Got The Power","collectionfolder":"R.A.C","released":"1999"}
2016-04-11 16:46:12 INFO  CouchBasePersistenceImpl:206 - Document retrieved from view: 1c6d5f6c-a841-457d-8562-fe8ee69cfffe - {"release_id":"1594201","date added":"2011-05-15 04:24:55","artist":"Metallica","catalog#":"838 141-2","format":"CD-Album-RE","rating":"5","label":"Vertigo-Phonogram","title":"Master Of Puppets","collectionfolder":"Trash Metal","released":"1989"}
2016-04-11 16:46:12 INFO  CouchBasePersistenceImpl:206 - Document retrieved from view: 1c8337ee-f365-4cd3-896a-4bdfd041d9ed - {"release_id":"1985121","date added":"2011-05-13 08:38:07","artist":"Guns N' Roses","catalog#":"924 198-2","collection style":"Hard Rock","format":"CD-Album","rating":"4","label":"Geffen Records-Uzi Suicide Records","title":"G N' R Lies","collectionfolder":"Hard Rock","released":"1988"}
2016-04-11 16:46:12 INFO  CouchBasePersistenceImpl:206 - Document retrieved from view: 1ce6097d-ab35-4a2c-8886-fa99ad1d9a97 - {"release_id":"368288","date added":"2011-05-15 04:24:04","artist":"Metallica","catalog#":"838 142-2","format":"CD-Album-RE","rating":"4","label":"Vertigo","title":"Kill 'Em All","collectionfolder":"Trash Metal","released":"0"}
2016-04-11 16:46:12 INFO  CouchBasePersistenceImpl:206 - Document retrieved from view: 1cf39f76-aeaf-4945-ab37-7c8eba237120 - {"release_id":"1125013","date added":"2011-05-15 04:27:39","artist":"Metallica","catalog#":"510 022-2","format":"CD-Album","rating":"4","label":"Vertigo","title":"Metallica","collectionfolder":"Trash Metal","released":"1991"}
2016-04-11 16:46:12 INFO  CouchBasePersistenceImpl:206 - Document retrieved from view: 1df048c2-c85d-4339-9555-b81bb7943d8a - {"release_id":"367926","date added":"2011-05-15 04:28:36","artist":"Metallica","catalog#":"536 409-2","format":"CD-Album","rating":"2","label":"Vertigo","title":"Reload","collectionfolder":"Trash Metal","released":"1997"}
2016-04-11 16:46:12 INFO  CouchBasePersistenceImpl:206 - Document retrieved from view: 1f261b15-7386-4ea4-a8f9-219e52c9cd11 - {"release_id":"379234","date added":"2011-05-11 11:56:05","artist":"Paradise Lost","catalog#":"cdmfn 184-CDMFN 184-rtd gas 211.11842","format":"CD-Album","rating":"5","label":"Music For Nations-Music For Nations-Music For Nations","title":"Draconian Times","collectionfolder":"Gothic","released":"1995"}
2016-04-11 16:46:12 INFO  CouchBasePersistenceImpl:206 - Document retrieved from view: 1f37bed6-4774-4325-97ff-e258d117fff5 - {"release_id":"6623658","date added":"2016-01-09 09:37:45","artist":"Nick Cave & The Bad Seeds","catalog#":"LPSEEDS7","format":"LP-Album-RE-RM","label":"Mute-BMG","title":"Henry's Dream","collectionfolder":"Blues Rock","released":"2015"}
2016-04-11 16:46:12 INFO  CouchBasePersistenceImpl:206 - Document retrieved from view: 1f7a7074-d1ff-445a-9d38-8f12a6277677 - {"release_id":"1088321","date added":"2011-05-15 04:31:33","artist":"Metallica","catalog#":"058 632 2","format":"2xDVD-Copy Prot.-PAL + Box","rating":"3","label":"Universal","title":"Cunning Stunts","collectionfolder":"Trash Metal","released":"1998"}
2016-04-11 16:46:12 INFO  CouchBasePersistenceImpl:206 - Document retrieved from view: 1fb0c80b-822a-48d5-bbff-414d98c6e9ec - {"release_id":"2606957","date added":"2011-05-30 13:31:57","artist":"Nick Cave & The Bad Seeds","catalog#":"CDSEEDS7-5099996465226","format":"CD-Album-RM + DVD-V-NTSC-Multichannel","rating":"5","label":"Mute-Mute","title":"Henry's Dream","collectionfolder":"Blues Rock","released":"2010"}
2016-04-11 16:46:12 INFO  CouchBasePersistenceImpl:206 - Document retrieved from view: 200fa3fb-5fa9-4c93-b0cf-a1c6db9a42a7 - {"release_id":"3790194","date added":"2016-02-14 11:11:04","artist":"Luca Turilli","catalog#":"LMP 9909-013 CD","format":"CD-Album-Enh-Ltd-Dig","label":"LMP-Inside Out Music","title":"King Of The Nordic Twilight","collectionfolder":"Power Metal","released":"1999"}
2016-04-11 16:46:12 INFO  CouchBasePersistenceImpl:206 - Document retrieved from view: 20154872-e92f-4675-8847-6097f02c3ede - {"test":"couchbase persistence test"}
2016-04-11 16:46:12 INFO  CouchBasePersistenceImpl:206 - Document retrieved from view: 2130dbd9-92a1-4bcc-acc0-e46a23414840 - {"release_id":"5097565","date added":"2015-10-18 02:35:57","artist":"Slayer","catalog#":"0600753461839","format":"LP-Album-RE","label":"American Recordings-Universal","title":"World Painted Blood","collectionfolder":"Trash Metal","released":"2013"}
2016-04-11 16:46:12 INFO  CouchBasePersistenceImpl:206 - Document retrieved from view: 226f16d0-c514-4cfc-a2b0-a4bf09172636 - {"release_id":"3079531","date added":"2013-01-08 23:28:43","artist":"No Remorse","catalog#":"CNR-002A","format":"CD-Comp","rating":"5","label":"Resistance Records (3)","title":"The Best Of No Remorse","collectionfolder":"R.A.C","released":"1995"}
2016-04-11 16:46:12 INFO  CouchBasePersistenceImpl:206 - Document retrieved from view: 22bd92ca-1b4b-4106-84ae-8f424bef8b1c - {"release_id":"7545164","date added":"2015-10-18 02:31:41","artist":"Monster Magnet","catalog#":"NPR 629 DP","format":"CD-Album-Ltd-Dig","label":"Napalm Records","title":"Cobras And Fire (The Mastermind Redux)","collectionfolder":"Hard Rock","released":"2015"}
2016-04-11 16:46:12 INFO  CouchBasePersistenceImpl:206 - Document retrieved from view: 234dfa7e-4c67-453f-9fd5-1b12b065c8f5 - {"release_id":"2881716","date added":"2011-05-15 09:36:47","artist":"West Wall","catalog#":"none","collection style":"Death Metal","format":"CD-Album","rating":"5","label":"Not On Label (West Wall Self-released)","title":"Conquest Or Death","collectionfolder":"Death Metal","released":"2009"}
2016-04-11 16:46:12 INFO  CouchBasePersistenceImpl:206 - Document retrieved from view: 23e5cba6-7ff8-444b-b981-575bf347a350 - {"release_id":"402034","date added":"2011-05-15 05:56:12","artist":"Satyricon","catalog#":"FOG 022","format":"CD-Album","rating":"5","label":"Moonfog Productions","title":"Rebel Extravaganza","collectionfolder":"Black Metal","released":"1999"}
2016-04-11 16:46:12 INFO  CouchBasePersistenceImpl:206 - Document retrieved from view: 24433f0c-3a4c-49c7-be7a-a7c84cccfbd6 - {"release_id":"3075365","date added":"2011-08-28 08:51:44","artist":"Ravens Wing","catalog#":"DSR0803","format":"CD-Album","rating":"5","label":"Destiny Records (10)","title":"Through The Looking Glass","collectionfolder":"R.A.C","released":"1997"}
2016-04-11 16:46:12 INFO  CouchBasePersistenceImpl:206 - Document retrieved from view: 258a919a-f782-43f7-8c6f-217d84bab4bd - {"release_id":"4140175","date added":"2013-08-20 23:54:38","artist":"Kindred Spirit (6)","catalog#":"88CD 017","collection style":"R.A.C","format":"CD-Album","rating":"2","label":"Nordland","title":"Carry The Flame","collectionfolder":"R.A.C","released":"1997"}
2016-04-11 16:46:12 INFO  CouchBasePersistenceImpl:206 - Document retrieved from view: 25a4e234-77b9-487f-87fb-197ec2852760 - {"release_id":"1141200","date added":"2013-09-03 23:32:16","artist":"Alta Tensión","catalog#":"BULL 70099 CD","collection style":"Oi!","format":"CD-Album","rating":"1","label":"Bronco Bullfrog Records","title":"La Historia Continúa","collectionfolder":"Oi!","released":"1999"}
2016-04-11 16:46:12 INFO  CouchBasePersistenceImpl:206 - Document retrieved from view: 264e6b29-a871-449d-a51b-6e7f6af3e896 - {"release_id":"367301","date added":"2011-05-11 14:09:35","artist":"Pantera","catalog#":"7 91372-2","format":"CD-Album","rating":"5","label":"ATCO Records","title":"Cowboys From Hell","collectionfolder":"Sludge Metal","released":"1990"}
2016-04-11 16:46:12 INFO  CouchBasePersistenceImpl:206 - Document retrieved from view: 267a4e5d-b3eb-4c56-9864-b61733d2a362 - {"release_id":"48944","date added":"2011-05-23 13:01:36","artist":"Death In June","catalog#":"BAD VC CD44","format":"CD-Album","rating":"5","label":"New European Recordings","title":"Operation Hummingbird","collectionfolder":"Ambiental","released":"1999"}
2016-04-11 16:46:12 INFO  CouchBasePersistenceImpl:206 - Document retrieved from view: 26d81fec-d5bb-413f-800c-eb7afae575eb - {"release_id":"1194852","date added":"2011-05-11 11:53:14","artist":"Type O Negative","catalog#":"RRD 8660","format":"CD-Album-Club","rating":"4","label":"Roadrunner Records","title":"World Coming Down","collectionfolder":"Gothic","released":"1999"}
2016-04-11 16:46:12 INFO  CouchBasePersistenceImpl:206 - Document retrieved from view: 27618e3e-cfcd-4349-a53e-3bdfc23acd0a - {"release_id":"676701","date added":"2011-05-11 14:39:34","artist":"Berserkr","catalog#":"CBR-001A","collection style":"R.A.C","format":"CD-Album","rating":"2","label":"Resistance Records (3)","title":"The Voice Of Our Ancestors","collectionfolder":"R.A.C","released":"1994"}
2016-04-11 16:46:12 INFO  CouchBasePersistenceImpl:206 - Document retrieved from view: 27948266-415f-4234-a243-c2524c9748a0 - {"release_id":"1295270","date added":"2011-05-11 12:03:20","artist":"Paradise Lost","catalog#":"77663-3","format":"CD-Single-Enh","rating":"3","label":"Century Media","title":"The Enemy","collectionfolder":"Gothic","released":"2007"}
2016-04-11 16:46:12 INFO  CouchBasePersistenceImpl:206 - Document retrieved from view: 2808ee64-62b3-4f1f-b6ca-ab88c97837ad - {"release_id":"1637407","date added":"2011-05-15 06:33:28","artist":"Plunder & Pillage","catalog#":"none","format":"CD-Album","rating":"4","label":"Panzerfaust Records","title":"Desolate","collectionfolder":"Hardcore","released":"2000"}
2016-04-11 16:46:12 INFO  CouchBasePersistenceImpl:206 - Document retrieved from view: 28cb0aae-bb39-4d6a-af0e-cbfb0b844afb - {"release_id":"6182395","date added":"2016-02-10 12:45:30","artist":"Chant (6)","catalog#":"SOL 032","format":"CD-Album-wit","label":"Solistitium Records","title":"Cynthia's Fire","collectionfolder":"Gothic","released":"0"}
2016-04-11 16:46:12 INFO  CouchBasePersistenceImpl:206 - Document retrieved from view: 28f2beac-8770-47bb-bbf7-e21f249d3486 - {"release_id":"3262566","date added":"2012-02-29 22:59:24","artist":"Paradise Lost","catalog#":"9981159","format":"2xDVD-V-NTSC-Dlx-Ltd + CD-Album","rating":"4","label":"Century Media","title":"Draconian Times MMXI","collectionfolder":"Gothic","released":"2011"}
2016-04-11 16:46:12 INFO  CouchBasePersistenceImpl:206 - Document retrieved from view: 2988a30e-9cb1-4f00-b971-b551624381db - {"release_id":"852625","date added":"2015-04-22 22:10:00","artist":"Van Halen","catalog#":"9362 47737-2","format":"HDCD-Album-RM","label":"Warner Bros. Records","title":"Van Halen","collectionfolder":"Hard Rock","released":"2000"}
2016-04-11 16:46:12 INFO  CouchBasePersistenceImpl:206 - Document retrieved from view: 29b1770c-0393-435a-b776-d42316bc78b3 - {"release_id":"387455","date added":"2015-04-13 12:04:34","artist":"Blind Guardian","catalog#":"0777 7 87886 2 1","format":"CD-Album-RE","label":"Virgin","title":"Battalions Of Fear","collectionfolder":"Heavy Metal","released":"1991"}
2016-04-11 16:46:12 INFO  CouchBasePersistenceImpl:206 - Document retrieved from view: 2a0b09eb-97d8-4274-9e4f-dd4fc0d5d3d3 - {"release_id":"712045","date added":"2011-05-14 06:25:20","artist":"The Hellacopters","catalog#":"JAZZ 004CD","format":"CD-Album","rating":"5","label":"White Jazz Records","title":"Payin' The Dues","collectionfolder":"R´N´R","released":"1997"}
2016-04-11 16:46:12 INFO  CouchBasePersistenceImpl:206 - Document retrieved from view: 2a17837b-c506-4770-a4cd-5ed931ff67d2 - {"release_id":"1715023","date added":"2015-01-25 10:41:01","artist":"Estirpe Imperial","catalog#":"RT-7001","format":"12-Maxi","label":"Rata - Ta Ta Tá...","title":"Estirpe Imperial","collectionfolder":"R.A.C","released":"1993"}
2016-04-11 16:46:12 INFO  CouchBasePersistenceImpl:206 - Document retrieved from view: 2a350f34-67f6-4e2e-840e-1519dfc14342 - {"release_id":"1218128","date added":"2011-05-11 12:06:35","artist":"Triskelon","catalog#":"MIDCD 004","collection style":"R.A.C","format":"CD-Album","rating":"5","label":"Midgård Records","title":"Vrede","collectionfolder":"R.A.C","released":"1998"}
2016-04-11 16:46:12 INFO  CouchBasePersistenceImpl:206 - Document retrieved from view: 2a9f1017-93d9-41a6-a2ae-2daebe8ad3c1 - {"release_id":"3566048","date added":"2013-08-20 23:55:54","artist":"Ken McLellan","catalog#":"MIDCD 026-MIDCD026","collection style":"R.A.C","format":"CD-Album","rating":"1","label":"Midgård Records-Midgård Records","title":"If I Ever Forget","collectionfolder":"R.A.C","released":"2002"}
2016-04-11 16:46:12 INFO  CouchBasePersistenceImpl:206 - Document retrieved from view: 2af67d30-e68a-4787-8ac1-2ee52a857d0d - {"release_id":"678901","date added":"2011-05-11 11:48:25","artist":"Fortress (6)","catalog#":"VICCD 1005","collection style":"R.A.C","format":"CD-Album","rating":"4","label":"Victory Records (5)","title":"Seize The Day","collectionfolder":"R.A.C","released":"1993"}
2016-04-11 16:46:12 INFO  CouchBasePersistenceImpl:206 - Document retrieved from view: 2b88d263-8f20-42b6-af48-adf2e994a50d - {"release_id":"438729","date added":"2011-05-28 06:18:58","artist":"Skinny Puppy","catalog#":"0 6700 30201 2 1","collection style":"Industrial","format":"CD-Album-RP","rating":"3","label":"Nettwerk America","title":"Bites","collectionfolder":"Industrial","released":"2001"}
2016-04-11 16:46:12 INFO  CouchBasePersistenceImpl:206 - Document retrieved from view: 2bc0631f-c582-4b4f-9583-aa5a9b4634e7 - {"test":"couchbase persistence test"}
2016-04-11 16:46:12 INFO  CouchBasePersistenceImpl:206 - Document retrieved from view: 2c27557d-074b-44d5-a45c-462687d86eab - {"release_id":"4742802","date added":"2015-08-08 12:39:06","artist":"The Cramps","catalog#":"WIKAD 46","format":"LP-Album-RE-Sev","label":"Big Beat Records","title":"A Date With Elvis","collectionfolder":"R´N´R","released":"2013"}
2016-04-11 16:46:12 INFO  CouchBasePersistenceImpl:206 - Document retrieved from view: 2ca08b72-1f61-470c-bd64-cb748a56895a - {"release_id":"2214042","date added":"2015-04-14 22:56:33","artist":"Katar (2)","catalog#":"MHP 069-0069","format":"CD-Album","label":"More Hate Productions","title":"Paradigma Digitized","collectionfolder":"Black Metal","released":"2002"}
2016-04-11 16:46:12 INFO  CouchBasePersistenceImpl:206 - Document retrieved from view: 2ca24132-bc2f-44d4-9fdf-7980612645e2 - {"release_id":"1637690","date added":"2013-08-20 23:56:04","artist":"Ken McLellan","catalog#":"DIKOCD021","collection style":"R.A.C","format":"CD-Album","rating":"1","label":"Dieter Koch","title":"Don't Think Twice","collectionfolder":"R.A.C","released":"1999"}
2016-04-11 16:46:12 INFO  CouchBasePersistenceImpl:206 - Document retrieved from view: 2d160331-82e7-4f78-b949-8efb4065992c - {"release_id":"678895","date added":"2011-05-11 11:53:58","artist":"Fortress (6)","catalog#":"RCD 176","collection style":"R.A.C","format":"CD-MiniAlbum","rating":"3","label":"Rock-O-Rama Records","title":"Fortress","collectionfolder":"R.A.C","released":"1992"}
2016-04-11 16:46:12 INFO  CouchBasePersistenceImpl:206 - Document retrieved from view: 2d3fb29c-a5ee-49e3-b8d7-6ea0a616dc93 - {"release_id":"421601","date added":"2011-05-15 04:29:04","artist":"Metallica","catalog#":"62299-2","format":"2xCD-Album-Comp","rating":"3","label":"Elektra","title":"Garage Inc.","collectionfolder":"Trash Metal","released":"1998"}
2016-04-11 16:46:12 INFO  CouchBasePersistenceImpl:206 - Document retrieved from view: 2df57a87-3034-4f91-a818-7ae09bea4741 - {"release_id":"370203","date added":"2016-02-10 23:13:17","artist":"Selbstmord","catalog#":"OLP-CD 02","format":"CD-Album","label":"Old Legend Productions","title":"Some Day The Whole World...","collectionfolder":"Black Metal","released":"2001"}
2016-04-11 16:46:12 INFO  CouchBasePersistenceImpl:206 - Document retrieved from view: 2e1ad940-a840-440f-a9e6-d2caa10d7fcd - {"release_id":"785934","date added":"2015-06-16 10:14:27","artist":"Paradise Lost","catalog#":"MFN 152","format":"2xLP-Album","label":"Music For Nations","title":"Icon","collectionfolder":"Doom Metal","released":"1993"}
2016-04-11 16:46:12 INFO  CouchBasePersistenceImpl:206 - Document retrieved from view: 2e317502-40c9-4304-ba09-ff001a47ba9b - {"release_id":"4290018","date added":"2013-08-20 01:48:34","artist":"Skrewdriver","catalog#":"MIDCD 016","collection style":"R.A.C","format":"CD-Album-Unofficial-Dig","rating":"5","label":"Midgård Records","title":"Rockumentary 1977-1993","collectionfolder":"R.A.C","released":"2000"}
2016-04-11 16:46:12 INFO  CouchBasePersistenceImpl:206 - Document retrieved from view: 2e4f068f-518b-4037-ad5b-962296dfe87c - {"release_id":"1030391","date added":"2011-05-15 04:32:05","artist":"Metallica","catalog#":"0602517144484","format":"DVD-V-PAL-Comp","rating":"5","label":"Vertigo","title":"The Videos 1989 - 2004","collectionfolder":"Trash Metal","released":"2006"}
2016-04-11 16:46:12 INFO  CouchBasePersistenceImpl:206 - Document retrieved from view: 2e9dafb0-2ff4-447b-ae65-6b9111451477 - {"release_id":"1636959","date added":"2011-05-11 14:37:21","artist":"The Klansmen","catalog#":"RCD 157","collection style":"R.A.C","format":"CD-Album-RE","rating":"3","label":"Rock-O-Rama Records","title":"Rock 'N' Roll Patriots","collectionfolder":"R.A.C","released":"1991"}
2016-04-11 16:46:12 INFO  CouchBasePersistenceImpl:206 - Document retrieved from view: 2f79dab7-acb5-4000-ac26-ec6df601e269 - {"release_id":"6630358","date added":"2016-02-07 00:05:55","artist":"Lucifer (37)","catalog#":"RISE7/190","format":"7-Red","label":"Rise Above Records","title":"Anubis / Morning Star","collectionfolder":"Doom Metal","released":"2015"}
2016-04-11 16:46:12 INFO  CouchBasePersistenceImpl:206 - Document retrieved from view: 2f7ed392-1085-4c1e-ab9e-cebd73372ad7 - {"release_id":"1629690","date added":"2011-05-11 11:46:39","artist":"RAHOWA","catalog#":"CRA-001A","collection style":"R.A.C","format":"CD-Album","rating":"1","label":"Resistance Records (3)","title":"Declaration Of War","collectionfolder":"R.A.C","released":"1993"}
2016-04-11 16:46:12 INFO  CouchBasePersistenceImpl:206 - Document retrieved from view: 30b1abcd-7de7-45c1-b06c-29776235d494 - {"release_id":"1152157","date added":"2011-05-17 14:29:56","artist":"Nine Inch Nails","catalog#":"493 185-2","collection style":"Industrial","format":"CD-Album-Dig","rating":"5","label":"Nothing Records-Interscope Records","title":"And All That Could Have Been. Live","collectionfolder":"Industrial","released":"2002"}
2016-04-11 16:46:12 INFO  CouchBasePersistenceImpl:206 - Document retrieved from view: 30bd326a-e7b9-489e-9245-4cd33e4d5fe9 - {"release_id":"1697204","date added":"2011-08-21 06:53:59","artist":"Shellyz Raven","catalog#":"war003cd","collection style":"Gothic","format":"CD-Album","rating":"4","label":"War Is Imminent Productions","title":"Desolation","collectionfolder":"Gothic","released":"2000"}
2016-04-11 16:46:12 INFO  CouchBasePersistenceImpl:206 - Document retrieved from view: 32b194e8-3149-4fff-8019-06109a59b082 - {"release_id":"2881130","date added":"2011-05-15 05:16:09","artist":"Metallica","catalog#":"none","format":"DVD-PAL-Reg","rating":"5","label":"Vertigo","title":"Francais Pour Une Nuit - Live Aux Arènes De Nîmes","collectionfolder":"Trash Metal","released":"2009"}
2016-04-11 16:46:12 INFO  CouchBasePersistenceImpl:206 - Document retrieved from view: 32e31026-6e2c-4e25-b56f-f9d383d1efe4 - {"release_id":"1851262","date added":"2011-05-30 13:35:22","artist":"Nick Cave & The Bad Seeds","catalog#":"74321 35644 2","format":"CD-Album-RE","rating":"5","label":"Mute","title":"Murder Ballads","collectionfolder":"Blues Rock","released":"1996"}
2016-04-11 16:46:12 INFO  CouchBasePersistenceImpl:206 - Document retrieved from view: 34186b70-35bf-4f8c-8a07-d51dc70be39e - {"release_id":"1076310","date added":"2011-05-17 14:25:41","artist":"Nine Inch Nails","catalog#":"IMCD 8041-524 125-2","collection style":"Industrial","format":"CD-EP-Dig","rating":"2","label":"Island Records-Island Records","title":"Further Down The Spiral","collectionfolder":"Industrial","released":"1995"}
2016-04-11 16:46:12 INFO  CouchBasePersistenceImpl:206 - Document retrieved from view: 345647dd-da65-47e5-8dc6-4bd85ac73b5a - {"release_id":"2229315","date added":"2011-05-30 13:24:08","artist":"The Prodigy","catalog#":"MVM 007 CD","format":"CD-Album-RE","rating":"5","label":"MVM Records-XL Recordings","title":"Music For The Jilted Generation","collectionfolder":"Rave","released":"1997"}
2016-04-11 16:46:12 INFO  CouchBasePersistenceImpl:206 - Document retrieved from view: 3460d3e3-5749-4f9f-a200-887ddb774453 - {"release_id":"1050160","date added":"2011-05-15 05:45:25","artist":"Slayer","catalog#":"0731458679622","format":"CD-Album-RE-RM","rating":"5","label":"American Recordings","title":"Reign In Blood","collectionfolder":"Trash Metal","released":"0"}
2016-04-11 16:46:12 INFO  CouchBasePersistenceImpl:206 - Document retrieved from view: 349968bf-964a-45e9-806c-26c27285783f - {"release_id":"3893249","date added":"2015-04-15 22:06:39","artist":"Dirlewanger (2)","catalog#":"PR01","format":"CD-Album-RE","label":"Pitbull Records (2)","title":"Unity Of Honour","collectionfolder":"R.A.C","released":"1995"}
2016-04-11 16:46:12 INFO  CouchBasePersistenceImpl:206 - Document retrieved from view: 34db82a9-afce-4a47-b4dd-5b5400be895b - {"release_id":"1429298","date added":"2015-06-18 23:20:36","artist":"Notre Dame (2)","catalog#":"OPCD 121","format":"CD-EP-RE","label":"Osmose Productions","title":"Coming Soon To A Theatre Near You-The 2nd","collectionfolder":"Gothic","released":"2002"}
2016-04-11 16:46:12 INFO  CouchBasePersistenceImpl:206 - Document retrieved from view: 34dd8554-2cb8-422e-baec-df8ecaa150cd - {"release_id":"469881","date added":"2011-05-11 11:59:47","artist":"Paradise Lost","catalog#":"CDKUT 157","format":"CD-Single","rating":"5","label":"Music For Nations","title":"Seals The Sense","collectionfolder":"Gothic","released":"1994"}
2016-04-11 16:46:12 INFO  CouchBasePersistenceImpl:206 - Document retrieved from view: 3522e3a8-1adb-4eae-b9ce-15ee9f574f33 - {"release_id":"3209278","date added":"2013-08-20 23:39:24","artist":"7 Muelles","catalog#":"GS-0001-CD","collection style":"R.A.C","format":"CD-Album","rating":"3","label":"El Güevo De La Selpiente Records","title":"¡No Te Cortes!","collectionfolder":"R.A.C","released":"2000"}
2016-04-11 16:46:12 INFO  CouchBasePersistenceImpl:206 - Document retrieved from view: 3572014f-b3d6-4118-9d18-c5396ec7e08c - {"release_id":"2526962","date added":"2016-02-12 02:09:32","artist":"White Noise (7)","catalog#":"none","format":"CD-Comp","label":"Panzerfaust Records","title":"The Final Solution!","collectionfolder":"R.A.C","released":"1999"}
2016-04-11 16:46:12 INFO  CouchBasePersistenceImpl:206 - Document retrieved from view: 3596e4f1-695a-425f-bc16-0481113136d2 - {"release_id":"378013","date added":"2011-05-30 13:40:00","artist":"Anathema","catalog#":"CDVILE 52","collection style":"Gothic","format":"CD-Album","rating":"5","label":"Peaceville","title":"The Silent Enigma","collectionfolder":"Gothic","released":"1995"}
2016-04-11 16:46:12 INFO  CouchBasePersistenceImpl:206 - Document retrieved from view: 365a7dc0-9dad-42fa-bb39-2aef99687809 - {"release_id":"1295253","date added":"2011-05-11 12:03:39","artist":"Paradise Lost","catalog#":"GUN 209-82876 67187 2","format":"CD-Single","rating":"4","label":"GUN Records (2)-BMG","title":"Forever After","collectionfolder":"Gothic","released":"2005"}
2016-04-11 16:46:12 INFO  CouchBasePersistenceImpl:206 - Document retrieved from view: 366a87ce-2a50-42eb-be80-0576e4f9da73 - {"release_id":"1135797","date added":"2011-05-28 06:27:49","artist":"Various","catalog#":"BS 003","collection style":"Death Metal","format":"CD-Comp","rating":"5","label":"Black Sun Records","title":"Slatanic Slaughter A Tribute To Slayer","collectionfolder":"Death Metal","released":"1995"}
2016-04-11 16:46:12 INFO  CouchBasePersistenceImpl:206 - Document retrieved from view: 36816721-8952-4bf4-a2b4-349ef9aa6fbc - {"release_id":"673214","date added":"2011-05-11 12:04:34","artist":"Paradise Lost","catalog#":"DVDMFN19","format":"DVD","rating":"5","label":"Music For Nations","title":"Evolve","collectionfolder":"Gothic","released":"2002"}
2016-04-11 16:46:12 INFO  CouchBasePersistenceImpl:206 - Document retrieved from view: 378d6397-cd92-4414-b1e0-600ad0d1cb7d - {"release_id":"618441","date added":"2011-05-11 11:56:13","artist":"Paradise Lost","catalog#":"CDMFNB 184","format":"2xCD-Album-Comp + Box-Ltd","rating":"5","label":"Music For Nations","title":"Draconian Times","collectionfolder":"Gothic","released":"1995"}
2016-04-11 16:46:12 INFO  CouchBasePersistenceImpl:206 - Document retrieved from view: 38224148-aa92-45b5-b701-83312174a6d1 - {"release_id":"1046034","date added":"2011-05-11 11:58:30","artist":"Paradise Lost","catalog#":"77712-1","format":"LP-Album","rating":"3","label":"Century Media","title":"In Requiem","collectionfolder":"Gothic","released":"2007"}
2016-04-11 16:46:12 INFO  CouchBasePersistenceImpl:206 - Document retrieved from view: 38325fca-56ee-414b-b870-5f69ec86cdaf - {"release_id":"367908","date added":"2011-05-11 11:53:25","artist":"Type O Negative","catalog#":"168 618 438-2","format":"CD-Album","rating":"2","label":"Roadrunner Records","title":"Life Is Killing Me","collectionfolder":"Gothic","released":"2003"}
2016-04-11 16:46:12 INFO  CouchBasePersistenceImpl:206 - Document retrieved from view: 38d47506-e9a7-4e30-b3ed-fa5e5d3feb26 - {"release_id":"508392","date added":"2011-05-11 11:57:38","artist":"Paradise Lost","catalog#":"74321 96178 2","format":"CD-Album-Copy Prot.","rating":"3","label":"Supersonic Records (2)","title":"Symbol Of Life","collectionfolder":"Gothic","released":"2002"}
2016-04-11 16:46:12 INFO  CouchBasePersistenceImpl:206 - Document retrieved from view: 38d8ba14-6ba8-4039-83a1-2ab1fcdbea65 - {"release_id":"723635","date added":"2016-02-14 00:43:50","artist":"Nokturnal Mortum","catalog#":"LEP 066","format":"CD-Album","label":"Last Episode","title":"Нехристь","collectionfolder":"Black Metal","released":"2000"}
2016-04-11 16:46:12 INFO  CouchBasePersistenceImpl:206 - Document retrieved from view: 390d1957-c0eb-4b70-a6ec-f75ca885249c - {"release_id":"3179766","date added":"2013-08-20 02:11:34","artist":"Max Resist","catalog#":"88CD 018","collection style":"R.A.C","format":"CD-Album","rating":"2","label":"Nordland","title":"Second Skin","collectionfolder":"R.A.C","released":"1997"}
2016-04-11 16:46:12 INFO  CouchBasePersistenceImpl:206 - Document retrieved from view: 39966dc4-1856-4c1e-bd5e-dce6fa2bc5cf - {"release_id":"1347049","date added":"2011-05-12 10:35:08","artist":"Samhain","catalog#":"EMA 6 1058-2","format":"CD-EP","rating":"5","label":"E-Magine Entertainment","title":"Unholy Passion","collectionfolder":"Punk","released":"2001"}
2016-04-11 16:46:12 INFO  CouchBasePersistenceImpl:206 - Document retrieved from view: 3a2d3907-b435-4b09-aae5-36b859e72171 - {"release_id":"3676512","date added":"2013-08-20 00:57:22","artist":"Before God","catalog#":"TW013","collection style":"R.A.C","format":"CD-Album-RE-RM","rating":"5","label":"Terrorwolfe Productions","title":"Wolves Amongst The Sheep","collectionfolder":"R.A.C","released":"2012"}
2016-04-11 16:46:12 INFO  CouchBasePersistenceImpl:206 - Document retrieved from view: 3a6f0719-ccc2-412f-9668-6906512605ba - {"release_id":"4388832","date added":"2013-08-14 06:05:29","artist":"Skrewdriver","catalog#":"MICD - 8","collection style":"R.A.C","format":"CD-Comp","rating":"4","label":"Mid Records","title":"History - Vol. 7","collectionfolder":"R.A.C","released":"1998"}
2016-04-11 16:46:12 INFO  CouchBasePersistenceImpl:206 - Document retrieved from view: 3b37fdfd-c6a6-4f19-a0e4-5c56ea27868a - {"release_id":"3242556","date added":"2016-02-14 11:28:07","artist":"Primitive Supremacy","catalog#":"ER10","format":"CD-Album","label":"Elegy Records","title":"Melody And Madness","collectionfolder":"Ambiental","released":"2002"}
2016-04-11 16:46:12 INFO  CouchBasePersistenceImpl:206 - Document retrieved from view: 3b501a06-1055-46a3-b241-8f98e9f87d16 - {"release_id":"5493236","date added":"2014-03-20 00:38:28","artist":"Triptykon","catalog#":"CMD9984261","collection style":"Black-Trash Metal","format":"7-Ltd-Red","label":"Century Media-Prowling Death Records","title":"Breathing","collectionfolder":"Doom Metal","released":"2014"}
2016-04-11 16:46:12 INFO  CouchBasePersistenceImpl:206 - Document retrieved from view: 3ba397e6-cc4a-4b27-8bee-449d94443ac8 - {"release_id":"2750793","date added":"2013-08-20 23:40:35","artist":"Batallón De Castigo","catalog#":"RT-7011","collection style":"R.A.C","format":"CD-Album","rating":"4","label":"Rata - Ta Ta Tá...","title":"¡Desperta Ferro!","collectionfolder":"R.A.C","released":"1999"}
2016-04-11 16:46:12 INFO  CouchBasePersistenceImpl:206 - Document retrieved from view: 3bbbb230-37ed-4317-aa27-390add9a26a9 - {"release_id":"3037538","date added":"2011-08-08 06:57:58","artist":"Might Of Rage","catalog#":"ezk01103","collection style":"R.A.C","format":"CD-Album","rating":"4","label":"Endzeit Klänge","title":"Out Of Hand","collectionfolder":"R.A.C","released":"2003"}
2016-04-11 16:46:12 INFO  CouchBasePersistenceImpl:206 - Document retrieved from view: 3c12798b-3fca-4223-a7a3-a1952e5efccc - {"release_id":"1295216","date added":"2011-05-11 12:03:13","artist":"Paradise Lost","catalog#":"SUPERSONIC 114-74321 97791 2","format":"CD-Maxi","rating":"3","label":"Supersonic Records (2)-BMG","title":"Erased","collectionfolder":"Gothic","released":"2002"}
2016-04-11 16:46:12 INFO  CouchBasePersistenceImpl:206 - Document retrieved from view: 3c92c862-9c1b-49ad-b252-059822fc6a9e - {"release_id":"390556","date added":"2011-05-22 13:15:34","artist":"ZZ Top","catalog#":"7599-23774-2","collection style":"Southern Rock","format":"CD-Album-RE","rating":"4","label":"Warner Bros. Records","title":"Eliminator","collectionfolder":"Southern Rock","released":"0"}
2016-04-11 16:46:12 INFO  CouchBasePersistenceImpl:206 - Document retrieved from view: 3cde238b-8cf1-4ac3-bfce-aad31f1e3c73 - {"test":"couchbase persistence test","update":"OK"}
2016-04-11 16:46:12 INFO  CouchBasePersistenceImpl:206 - Document retrieved from view: 3df54624-0e09-4d21-a2fb-b19cfef56598 - {"release_id":"556630","date added":"2011-08-21 06:56:05","artist":"Black Sabbath","catalog#":"07243 5 21299 2 8-07243 521299 2 8","format":"CD-Album-RE","rating":"3","label":"EMI-EMI","title":"Headless Cross","collectionfolder":"Heavy Metal","released":"1999"}
2016-04-11 16:46:12 INFO  CouchBasePersistenceImpl:206 - Document retrieved from view: 3e59c454-3c32-4660-a83b-8f4ed41ea312 - {"release_id":"7064847","date added":"2015-06-03 12:05:48","artist":"Paradise Lost","catalog#":"9985550","format":"CD-Album-Ltd-Med","label":"Century Media","title":"The Plague Within","collectionfolder":"Doom Metal","released":"2015"}
2016-04-11 16:46:12 INFO  CouchBasePersistenceImpl:206 - Document retrieved from view: 3e6675ff-a6c6-4e34-a123-42a1a1ca5dc1 - {"release_id":"1644296","date added":"2011-05-17 14:28:38","artist":"Nine Inch Nails","catalog#":"CIDX 596-854 061-2","collection style":"Industrial","format":"CD-EP-Whi","rating":"5","label":"Island Records-TVT Records","title":"Closer To God","collectionfolder":"Industrial","released":"1994"}
2016-04-11 16:46:12 INFO  CouchBasePersistenceImpl:206 - Document retrieved from view: 3ece8196-72fb-49d3-ba7d-423ef5054fa3 - {"release_id":"636471","date added":"2011-08-21 06:49:53","artist":"The Cramps","catalog#":"7243 4 93836 2 3-493 8362","collection style":"R´N´R","format":"CD-Album-RE","rating":"5","label":"Zonophone-Zonophone","title":"Songs The Lord Taught Us","collectionfolder":"R´N´R","released":"1998"}
2016-04-11 16:46:12 INFO  CouchBasePersistenceImpl:206 - Document retrieved from view: 3ed00a85-e3ff-4679-86b8-176f85987eb8 - {"release_id":"1978506","date added":"2011-05-17 14:24:00","artist":"Nine Inch Nails","catalog#":"HALO TWENTY SIX CD","collection style":"Industrial","format":"2xCD-Album","rating":"5","label":"The Null Corporation","title":"Ghosts I-IV","collectionfolder":"Industrial","released":"2008"}
2016-04-11 16:46:12 INFO  CouchBasePersistenceImpl:206 - Document retrieved from view: 3ed2ab25-51ce-40b1-99e9-6dbe94c7cf8f - {"release_id":"2536387","date added":"2011-05-15 04:24:49","artist":"Metallica","catalog#":"MFN 60","format":"LP-Album","rating":"5","label":"Music For Nations","title":"Master Of Puppets","collectionfolder":"Trash Metal","released":"1986"}
2016-04-11 16:46:12 INFO  CouchBasePersistenceImpl:206 - Document retrieved from view: 3ef92803-b704-474d-a0e7-8c3f3630bb67 - {"release_id":"1081746","date added":"2011-05-12 10:30:50","artist":"Celtic Frost","catalog#":"77500-2","format":"CD-Album","rating":"5","label":"Century Media","title":"Monotheist","collectionfolder":"Black-Trash Metal","released":"2006"}
2016-04-11 16:46:12 INFO  CouchBasePersistenceImpl:206 - Document retrieved from view: 3f22c424-7f8d-4705-b1f3-0cbd44c0dfd2 - {"release_id":"97215","date added":"2011-05-26 11:54:43","artist":"Rammstein","catalog#":"529160-2-529 160-2","collection style":"Industrial","format":"CD-Album","rating":"5","label":"Motor Music-Motor Music","title":"Herzeleid","collectionfolder":"Industrial","released":"1995"}
2016-04-11 16:46:12 INFO  CouchBasePersistenceImpl:206 - Document retrieved from view: 3face1d8-0ee2-40ef-ada6-654903d4b4d4 - {"release_id":"3367952","date added":"2013-08-18 05:25:56","artist":"Various","catalog#":"FND-20DA","collection style":"R.A.C","format":"2xCD-Comp","rating":"4","label":"Resistance Records (3)","title":"A Tribute To Ian Stuart And The Glory Of Skrewdriver: The Flame That Never Dies","collectionfolder":"R.A.C","released":"1996"}
2016-04-11 16:46:12 INFO  CouchBasePersistenceImpl:206 - Document retrieved from view: 4057c994-8432-4b06-aaf5-3ada1d496c58 - {"release_id":"6656220","date added":"2015-08-12 08:41:47","artist":"Nick Cave & The Bad Seeds","catalog#":"LPSEEDS8","format":"LP-Album-RE-RM-180","label":"Mute-BMG","title":"Let Love In","collectionfolder":"Blues Rock","released":"2015"}
2016-04-11 16:46:12 INFO  CouchBasePersistenceImpl:206 - Document retrieved from view: 40cd974a-9db2-411e-b24a-69a38958a498 - {"release_id":"587254","date added":"2016-02-14 01:02:35","artist":"Uruk-Hai (2)","catalog#":"none","format":"CD-MiniAlbum-Ltd","label":"Battlefield Records","title":"In The Side Of Eternal Eclipse","collectionfolder":"Black Metal","released":"2001"}
2016-04-11 16:46:12 INFO  CouchBasePersistenceImpl:206 - Document retrieved from view: 40e5a682-836a-4078-a08f-8b93f4de3f8b - {"release_id":"1615499","date added":"2011-06-07 10:49:20","artist":"Grenadier (3)","catalog#":"HR-CD 888","collection style":"R.A.C","format":"CD-EP","rating":"5","label":"Hanse Records","title":"Commando","collectionfolder":"R.A.C","released":"1997"}
2016-04-11 16:46:12 INFO  CouchBasePersistenceImpl:206 - Document retrieved from view: 410f966c-56ed-4bdc-8bf7-6b640b6ad22d - {"release_id":"240100","date added":"2011-05-30 13:38:53","artist":"The Sisters Of Mercy","catalog#":"4509-93579-2","format":"CD-Comp","rating":"5","label":"eastwest-Merciful Release","title":"Greatest Hits Volume One - A Slight Case Of Overbombing","collectionfolder":"Gothic","released":"1993"}
2016-04-11 16:46:12 INFO  CouchBasePersistenceImpl:206 - Document retrieved from view: 413aaf2d-5780-442e-93c7-32b690539b48 - {"release_id":"7998973","date added":"2016-03-12 23:57:11","artist":"Slayer","catalog#":"3984-14034-1","format":"12-EP-RE-RM-180","label":"Metal Blade Records","title":"Haunting The Chapel","collectionfolder":"Uncategorized","released":"2016"}
2016-04-11 16:46:12 INFO  CouchBasePersistenceImpl:206 - Document retrieved from view: 41dc6f22-7d77-4d44-b7fe-c5859694c665 - {"release_id":"6029095","date added":"2015-10-18 02:32:47","artist":"Mastodon","catalog#":"RR 7215","format":"CD-Album-Dlx-RE-RM","label":"Relapse Records","title":"Remission","collectionfolder":"Sludge Metal","released":"2014"}
2016-04-11 16:46:12 INFO  CouchBasePersistenceImpl:206 - Document retrieved from view: 41ef28cc-35bc-4a78-b745-837045832923 - {"release_id":"1346389","date added":"2013-08-14 05:58:40","artist":"Freikorps","catalog#":"BHCD-41","collection style":"R.A.C","format":"CD-Album","rating":"4","label":"BHCD","title":"Volk Und Vaterland","collectionfolder":"R.A.C","released":"1998"}
2016-04-11 16:46:12 INFO  CouchBasePersistenceImpl:206 - Document retrieved from view: 430e57f0-06cf-4609-8bc5-e7f986ae960d - {"release_id":"719364","date added":"2015-06-18 23:22:58","artist":"The 69 Eyes","catalog#":"RR 8514-2","format":"CD-Album","label":"Roadrunner Records","title":"Blessed Be","collectionfolder":"Gothic","released":"2000"}
2016-04-11 16:46:12 INFO  CouchBasePersistenceImpl:206 - Document retrieved from view: 43438337-683d-4790-8661-82637b8bf8f3 - {"release_id":"1096525","date added":"2011-05-11 14:07:59","artist":"Paradise Lost","catalog#":"74321 96179 2-none","format":"CD-Album-Ltd-Copy Prot.-Dig","rating":"4","label":"BMG Berlin Musik Gmbh-Supersonic Records (2)","title":"Symbol Of Life","collectionfolder":"Gothic","released":"2002"}
2016-04-11 16:46:12 INFO  CouchBasePersistenceImpl:206 - Document retrieved from view: 437d3a05-ac87-4369-89c6-0467ea56753a - {"release_id":"1888739","date added":"2011-05-17 14:28:59","artist":"Nine Inch Nails","catalog#":"CID 592-854 001-2","collection style":"Industrial","format":"CD-Single-1/2","rating":"5","label":"Island Records-PolyGram","title":"March Of The Pigs","collectionfolder":"Industrial","released":"1994"}
2016-04-11 16:46:12 INFO  CouchBasePersistenceImpl:206 - Document retrieved from view: 43a664d4-8118-477e-a3c0-93e1023a2e6d - {"release_id":"1637678","date added":"2013-08-14 06:29:33","artist":"Ken McLellan & Stigger","catalog#":"PÜCD 004","collection style":"R.A.C","format":"CD-Album-RE","rating":"4","label":"Pühses Liste","title":"They Died With Pride","collectionfolder":"R.A.C","released":"1999"}
2016-04-11 16:46:12 INFO  CouchBasePersistenceImpl:206 - Document retrieved from view: 44eabd81-0a4a-487f-b32f-b31affd91949 - {"release_id":"649169","date added":"2013-08-21 00:15:35","artist":"Lost In Tears","catalog#":"LM092","collection style":"Gothic","format":"CD-Album-Sli","rating":"4","label":"Locomotive Music","title":"Dialogue With Mirror And God","collectionfolder":"Gothic","released":"2002"}
2016-04-11 16:46:12 INFO  CouchBasePersistenceImpl:206 - Document retrieved from view: 4605c767-7cba-4730-a67d-7235e3ac9e7e - {"release_id":"3841419","date added":"2013-09-03 23:34:45","artist":"Ultima Thule (2)","catalog#":"PI 037","collection style":"R.A.C","format":"DVD","rating":"3","label":"Pure Impact","title":"Ultima Thule","collectionfolder":"R.A.C","released":"2006"}
2016-04-11 16:46:12 INFO  CouchBasePersistenceImpl:206 - Document retrieved from view: 47862a8b-9098-41a0-a988-c0f44b2bbc06 - {"release_id":"660872","date added":"2011-05-11 11:54:52","artist":"Paradise Lost","catalog#":"CDVILE 17","format":"CD-Album-RP","rating":"2","label":"Peaceville","title":"Lost Paradise","collectionfolder":"Gothic","released":"1995"}
2016-04-11 16:46:12 INFO  CouchBasePersistenceImpl:206 - Document retrieved from view: 478914c2-e856-4701-8201-8bfe99bc5812 - {"release_id":"4102811","date added":"2013-08-21 00:31:09","artist":"Shutdown (4)","catalog#":"none","collection style":"R.A.C","format":"CD-Album-RE","rating":"4","label":"Resistance Records (3)","title":"Pray For War","collectionfolder":"R.A.C","released":"2001"}
2016-04-11 16:46:12 INFO  CouchBasePersistenceImpl:206 - Document retrieved from view: 481d0e03-9be0-46ba-9e75-295c85a686d5 - {"release_id":"612894","date added":"2011-05-13 08:42:57","artist":"Guns N' Roses","catalog#":"B0000918-09","collection style":"Hard Rock","format":"DVD-Kee","rating":"5","label":"Geffen Records","title":"Use Your Illusion I - World Tour - 1992 In Tokyo","collectionfolder":"Hard Rock","released":"2004"}
2016-04-11 16:46:12 INFO  CouchBasePersistenceImpl:206 - Document retrieved from view: 487cbf8a-ecd7-4591-8928-483a526c8a8d - {"release_id":"2373338","date added":"2011-05-22 13:05:09","artist":"Wolfseye","catalog#":"854.742.938","collection style":"R.A.C","format":"CD-Album","rating":"4","label":"Rock Nord","title":"Winter","collectionfolder":"R.A.C","released":"1998"}
2016-04-11 16:46:12 INFO  CouchBasePersistenceImpl:206 - Document retrieved from view: 48851940-8e9d-42b2-9dcf-4f288fa2a6ec - {"release_id":"5311805","date added":"2016-03-19 12:02:22","artist":"Indian (2)","catalog#":"RR7224","format":"CD-Album","label":"Relapse Records","title":"From All Purity","collectionfolder":"Uncategorized","released":"2014"}
2016-04-11 16:46:12 INFO  CouchBasePersistenceImpl:206 - Document retrieved from view: 4893de72-98f2-4e18-9736-4811cb3fd161 - {"release_id":"383003","date added":"2011-05-17 13:49:13","artist":"Manowar","catalog#":"GED 24925","format":"CD-Album","rating":"3","label":"Geffen Records","title":"Louder Than Hell","collectionfolder":"Heavy Metal","released":"1996"}
2016-04-11 16:46:12 INFO  CouchBasePersistenceImpl:206 - Document retrieved from view: 48e53601-9f30-4ba9-a115-3df94925a353 - {"release_id":"3094587","date added":"2013-08-22 22:48:06","artist":"Decibelios","catalog#":"ILLA CD-510","collection style":"Oi!","format":"CD-Album","rating":"3","label":"Decibelios Records","title":"Igual De Borrachos Pero Mucho Más Orgullosos ","collectionfolder":"Oi!","released":"0"}
2016-04-11 16:46:12 INFO  CouchBasePersistenceImpl:206 - Document retrieved from view: 498b73a2-9be2-4d25-893f-fbdc743e45c5 - {"release_id":"2615985","date added":"2011-05-11 12:06:28","artist":"Triskelon","catalog#":"88CD 19","collection style":"R.A.C","format":"CD-Album","rating":"5","label":"Nordland","title":"Endast Mörker","collectionfolder":"R.A.C","released":"1997"}
2016-04-11 16:46:12 INFO  CouchBasePersistenceImpl:206 - Document retrieved from view: 4a20132b-0bd2-44cb-85f4-fffdedf293ce - {"release_id":"2748958","date added":"2012-02-29 23:03:26","artist":"Paradise Lost","catalog#":"cdkut 165-CDKUT 165","format":"CD-Single","rating":"5","label":"Music For Nations-Music For Nations","title":"The Last Time","collectionfolder":"Gothic","released":"1995"}
2016-04-11 16:46:12 INFO  CouchBasePersistenceImpl:206 - Document retrieved from view: 4a67689a-a575-4c15-8365-7af57cafc700 - {"release_id":"421281","date added":"2015-06-18 23:12:04","artist":"Vintersorg","catalog#":"NPR 085","format":"CD-Album","label":"Napalm Records","title":"Cosmic Genesis","collectionfolder":"Black Metal","released":"2000"}
2016-04-11 16:46:12 INFO  CouchBasePersistenceImpl:206 - Document retrieved from view: 4a8a12f0-0b94-4da1-84b5-9c833fdfc1d6 - {"release_id":"1813323","date added":"2011-05-17 14:24:24","artist":"Nine Inch Nails","catalog#":"IMCD 8005-514 321-2","collection style":"Industrial","format":"CD-EP-Dig","rating":"3","label":"TVT Records-Island Records","title":"Fixed","collectionfolder":"Industrial","released":"1992"}
2016-04-11 16:46:12 INFO  CouchBasePersistenceImpl:206 - Document retrieved from view: 4b2dd02e-5e38-436f-9bc9-eb03f2ccc5b9 - {"release_id":"923989","date added":"2011-05-17 14:27:05","artist":"Nine Inch Nails","catalog#":"0602517206816","collection style":"Industrial","format":"DVD-V-NTSC","rating":"5","label":"Interscope Records-Nothing Records","title":"Live: Beside You In Time","collectionfolder":"Industrial","released":"2007"}
2016-04-11 16:46:12 INFO  CouchBasePersistenceImpl:206 - Document retrieved from view: 4b5a9c5b-cfbf-4d8a-a133-6a41aa591557 - {"release_id":"3414133","date added":"2013-08-20 01:49:15","artist":"Frostfödd","catalog#":"MIDCD 21","collection style":"R.A.C","format":"CD-Album","rating":"1","label":"Midgård Records","title":"Det Andra Inseglet","collectionfolder":"R.A.C","released":"2000"}
2016-04-11 16:46:12 INFO  CouchBasePersistenceImpl:206 - Document retrieved from view: 4c140ee7-48af-44d3-8343-44ec0605718c - {"release_id":"2989607","date added":"2016-02-09 23:08:35","artist":"Gesta Bellica","catalog#":"CD 01199","format":"CD-Album","label":"Tuono Records","title":"Iterum Rudit Leo","collectionfolder":"R.A.C","released":"1999"}
2016-04-11 16:46:12 INFO  CouchBasePersistenceImpl:206 - Document retrieved from view: 4c2106eb-4828-49f4-b3e3-c4d821ee1200 - {"release_id":"1158692","date added":"2011-05-13 08:35:45","artist":"Alice In Chains","catalog#":"COL 474913 2","collection style":"Hard Rock","format":"CD-EP","rating":"3","label":"Columbia","title":"SAP","collectionfolder":"Hard Rock","released":"1993"}
2016-04-11 16:46:12 INFO  CouchBasePersistenceImpl:206 - Document retrieved from view: 4d220ec4-7e4f-4003-ae24-d8e6aca9f1fa - {"release_id":"8000296","date added":"2016-02-07 00:05:19","artist":"Slayer","catalog#":"3984-14031-1","format":"LP-Album-RE-RM","label":"Metal Blade Records","title":"Hell Awaits","collectionfolder":"Trash Metal","released":"2016"}
2016-04-11 16:46:12 INFO  CouchBasePersistenceImpl:206 - Document retrieved from view: 4da91568-280b-4f8b-b15c-5a87d3bfe217 - {"release_id":"385957","date added":"2011-05-11 11:53:07","artist":"Type O Negative","catalog#":"RO 9313-2-RO 9313 2","format":"CD-Album","rating":"3","label":"Roadracer Records-Roadracer Records","title":"Slow-Deep And Hard","collectionfolder":"Gothic","released":"1991"}
2016-04-11 16:46:12 INFO  CouchBasePersistenceImpl:206 - Document retrieved from view: 4db7aae4-da6f-404c-a7db-c5ea95cc47a4 - {"release_id":"521736","date added":"2011-05-11 11:58:06","artist":"Paradise Lost","catalog#":"GUN 210-82876 67190 2","format":"CD-Album-Enh-Ltd-Dig","rating":"2","label":"GUN Records (2)-BMG","title":"Paradise Lost","collectionfolder":"Gothic","released":"2005"}
2016-04-11 16:46:12 INFO  CouchBasePersistenceImpl:206 - Document retrieved from view: 4e6e007a-5dc2-4417-9a64-f0aae8227109 - {"release_id":"3574031","date added":"2015-02-04 11:04:27","artist":"Fortress (6)","catalog#":"none","format":"CD-Single","label":"Subzero Records","title":"The Bell Tolls","collectionfolder":"R.A.C","released":"1999"}
2016-04-11 16:46:12 INFO  CouchBasePersistenceImpl:206 - Document retrieved from view: 4f5f16ce-5e0a-4aba-a053-5378405f574d - {"release_id":"733373","date added":"2014-04-03 11:41:25","artist":"Massimo Morsello","catalog#":"RTP CD07","format":"CD-Album-Dig","rating":"4","label":"Rupe Tarpea Produzioni","title":"La Direzione Del Vento","collectionfolder":"R.A.C","released":"1998"}
2016-04-11 16:46:12 INFO  CouchBasePersistenceImpl:206 - Document retrieved from view: 5014ae92-d284-4c86-a3fa-a664254b6130 - {"release_id":"3654614","date added":"2013-08-18 05:25:04","artist":"Bound For Attack","catalog#":"PCD025","collection style":"R.A.C","format":"CD-Album","rating":"4","label":"Panzerfaust Records","title":"Loved By Few -Hated By Many -Feared By All","collectionfolder":"R.A.C","released":"2001"}
2016-04-11 16:46:12 INFO  CouchBasePersistenceImpl:206 - Document retrieved from view: 5030dc3e-1123-42f7-bc3d-9221a61b1724 - {"release_id":"3091938","date added":"2016-03-12 13:05:38","artist":"Motörhead","catalog#":"471723 2-EPC 471723 2","format":"CD-Album","label":"Epic-Epic","title":"March Ör Die","collectionfolder":"Uncategorized","released":"1992"}
2016-04-11 16:46:12 INFO  CouchBasePersistenceImpl:206 - Document retrieved from view: 51058860-487f-4b78-abb4-5cdfa43730ae - {"release_id":"2088276","date added":"2011-05-15 04:30:12","artist":"Metallica","catalog#":"0602498654033","format":"CD-Album + DVD-V-Multichannel-PAL-Copy Prot.","rating":"3","label":"Vertigo","title":"St. Anger","collectionfolder":"Trash Metal","released":"2003"}
2016-04-11 16:46:12 INFO  CouchBasePersistenceImpl:206 - Document retrieved from view: 517dbf5e-b76a-4495-a799-750bbd28a9b4 - {"release_id":"1135807","date added":"2011-05-28 06:28:11","artist":"Various","catalog#":"BS 006-BS006","collection style":"Death Metal","format":"CD-Comp","rating":"5","label":"Black Sun Records-Black Sun Records","title":"Slatanic Slaughter II A Tribute To Slayer","collectionfolder":"Death Metal","released":"1996"}
2016-04-11 16:46:12 INFO  CouchBasePersistenceImpl:206 - Document retrieved from view: 51edf56e-8de1-42b4-963f-8f1e36fca193 - {"release_id":"1070293","date added":"2011-08-21 07:08:05","artist":"Dismal Euphony","catalog#":"NB 501-2","collection style":"Gothic","format":"CD-Album","rating":"2","label":"Nuclear Blast","title":"Python Zero","collectionfolder":"Gothic","released":"2001"}
2016-04-11 16:46:12 INFO  CouchBasePersistenceImpl:206 - Document retrieved from view: 522583c6-648b-4479-b745-d9fc0870b4f7 - {"release_id":"1295218","date added":"2011-05-11 12:03:35","artist":"Paradise Lost","catalog#":"GUN 209-82876 67670 9","format":"Hybrid-DVDplus-PAL-Single-Ltd-Dig","rating":"4","label":"GUN Records (2)-BMG","title":"Forever After","collectionfolder":"Gothic","released":"2005"}
2016-04-11 16:46:12 INFO  CouchBasePersistenceImpl:206 - Document retrieved from view: 522ff2fe-f58f-4657-a6bb-5914923dce51 - {"release_id":"2202013","date added":"2011-05-15 04:29:43","artist":"Metallica With Michael Kamen Conducting The San Francisco Symphony Orchestra","catalog#":"546 797-2","format":"2xCD-Album","rating":"5","label":"Vertigo","title":"S&M","collectionfolder":"Trash Metal","released":"1999"}
2016-04-11 16:46:12 INFO  CouchBasePersistenceImpl:206 - Document retrieved from view: 52784b4a-cf1c-452a-8fba-65feaf7689ca - {"release_id":"1011740","date added":"2011-05-13 08:29:15","artist":"Danzig","catalog#":"DR-4357","collection style":"Hard Rock","format":"DVD-V","rating":"5","label":"Music Video Distributors","title":"Archive De La Morte","collectionfolder":"Hard Rock","released":"2003"}
2016-04-11 16:46:12 INFO  CouchBasePersistenceImpl:206 - Document retrieved from view: 529092ae-7b83-4f0f-8aaf-a51c5986a954 - {"release_id":"395394","date added":"2011-05-30 13:31:24","artist":"Nick Cave & The Bad Seeds","catalog#":"CD STUMM 76-CDSTUMM 76","format":"CD-Album","rating":"5","label":"Mute-Mute","title":"The Good Son","collectionfolder":"Blues Rock","released":"1990"}
2016-04-11 16:46:12 INFO  CouchBasePersistenceImpl:206 - Document retrieved from view: 531df435-371f-45c6-a316-b7fbacdc3b70 - {"release_id":"425250","date added":"2011-05-13 08:37:55","artist":"Guns N' Roses","catalog#":"GED 24148-GEFD 24148","collection style":"Hard Rock","format":"CD-Album","rating":"5","label":"Geffen Records-Geffen Records-Uzi Suicide-Uzi Suicide","title":"Appetite For Destruction","collectionfolder":"Hard Rock","released":"1987"}
2016-04-11 16:46:12 INFO  CouchBasePersistenceImpl:206 - Document retrieved from view: 53516a2f-5547-492e-919f-09c47a8d6d67 - {"release_id":"1958179","date added":"2011-05-13 08:26:37","artist":"Danzig","catalog#":"50-51011-7376-2-6-51011 7376 2","collection style":"Hard Rock","format":"CD-Album-RE","rating":"5","label":"American Recordings-American Recordings","title":"Danzig III: How The Gods Kill","collectionfolder":"Hard Rock","released":"2006"}
2016-04-11 16:46:12 INFO  CouchBasePersistenceImpl:206 - Document retrieved from view: 5364708f-8546-474c-92c1-54c5e0666bca - {"release_id":"2669645","date added":"2011-05-15 04:24:24","artist":"Metallica","catalog#":"838 140-2","format":"CD-Album-RE","rating":"5","label":"Vertigo-Phonogram","title":"Ride The Lightning","collectionfolder":"Trash Metal","released":"1989"}
2016-04-11 16:46:12 INFO  CouchBasePersistenceImpl:206 - Document retrieved from view: 537c9602-62fa-4f0d-a947-411617c04c93 - {"release_id":"7141332","date added":"2016-03-12 13:04:09","artist":"Motörhead","catalog#":"7243 8 54794 2 7","format":"CD-Album-RE-RM","label":"Parlophone","title":"On Parole","collectionfolder":"Uncategorized","released":"2014"}
2016-04-11 16:46:12 INFO  CouchBasePersistenceImpl:206 - Document retrieved from view: 539d26fd-ade0-49e5-9c9d-61446eb2ad4d - {"release_id":"395887","date added":"2013-08-22 23:10:34","artist":"The Last Resort","catalog#":"AHOY CD1","collection style":"Oi!","format":"CD-Album-RE","rating":"3","label":"Captain Oi!","title":"A Way Of Life - Skinhead Anthems","collectionfolder":"Oi!","released":"1993"}
2016-04-11 16:46:12 INFO  CouchBasePersistenceImpl:206 - Document retrieved from view: 53b63a70-6f2a-49ee-a70a-eb0c7d144d61 - {"release_id":"1739641","date added":"2011-05-13 09:33:24","artist":"Fortress (6)","catalog#":"CFT 015A","collection style":"R.A.C","format":"CD-Album","rating":"5","label":"Resistance Records (3)","title":"Into Legend","collectionfolder":"R.A.C","released":"1996"}
2016-04-11 16:46:12 INFO  CouchBasePersistenceImpl:206 - Document retrieved from view: 53c1ad9f-6e7f-4f9e-a3fc-487d44388e6f - {"release_id":"2200930","date added":"2011-05-14 06:28:42","artist":"The Hellacopters & The Flaming Sideburns","catalog#":"AFROCD008","format":"CD-EP","rating":"3","label":"Bad Afro Records","title":"White Trash Soul!","collectionfolder":"R´N´R","released":"2001"}
2016-04-11 16:46:12 INFO  CouchBasePersistenceImpl:206 - Document retrieved from view: 54160e0e-3465-4911-998c-3c1fb6d54115 - {"release_id":"3650569","date added":"2013-07-22 11:42:06","artist":"Avenged Sevenfold","catalog#":"9362-49919-9","format":"CD-Album","rating":"3","label":"Warner Bros. Records","title":"Avenged Sevenfold","collectionfolder":"Heavy Metal","released":"2007"}
2016-04-11 16:46:12 INFO  CouchBasePersistenceImpl:206 - Document retrieved from view: 547a3c95-2079-42ed-9957-de271e241e04 - {"release_id":"372795","date added":"2011-05-15 05:48:30","artist":"Satyricon","catalog#":"FOG 001","format":"CD-Album","rating":"5","label":"Moonfog Productions","title":"Dark Medieval Times","collectionfolder":"Black Metal","released":"1994"}
2016-04-11 16:46:12 INFO  CouchBasePersistenceImpl:206 - Document retrieved from view: 548286d7-a2ab-404a-80fd-0d6d21a97684 - {"release_id":"369756","date added":"2011-06-04 11:16:33","artist":"Iron Youth (3)","catalog#":"none","collection style":"R.A.C","format":"CD-Album","rating":"3","label":"Resistance Records (3)","title":"Respect / Defend / Create","collectionfolder":"R.A.C","released":"2001"}
2016-04-11 16:46:12 INFO  CouchBasePersistenceImpl:206 - Document retrieved from view: 54ba5a3f-15a6-437c-91eb-f1e8b49095ef - {"release_id":"1351768","date added":"2011-05-28 06:20:53","artist":"Skinny Puppy","catalog#":"0 6700 30211 2 8","format":"CD-Album-RE","rating":"5","label":"Nettwerk America","title":"Remission","collectionfolder":"Industrial","released":"2001"}
2016-04-11 16:46:12 INFO  CouchBasePersistenceImpl:206 - Document retrieved from view: 54c871ba-d334-46db-8f3c-89fd9345d325 - {"release_id":"588648","date added":"2016-02-14 11:31:20","artist":"Amorphis","catalog#":"RR 6576-2","format":"CD-Comp + DVD-PAL","label":"Relapse Records","title":"Chapters","collectionfolder":"Gothic","released":"2003"}
2016-04-11 16:46:12 INFO  CouchBasePersistenceImpl:206 - Document retrieved from view: 54deda01-90c2-4bb6-8572-a64882c03d77 - {"release_id":"385056","date added":"2011-05-17 14:14:16","artist":"Böhse Onkelz","catalog#":"7243 8 44708 2 1","format":"2xCD-Album","rating":"3","label":"Onkelz Productions","title":"Live In Dortmund","collectionfolder":"Hard Rock","released":"1997"}
2016-04-11 16:46:12 INFO  CouchBasePersistenceImpl:206 - Document retrieved from view: 55bdebf7-74bb-4018-88ae-9e3fb5973be3 - {"release_id":"2196368","date added":"2011-05-23 13:16:46","artist":"Ultima Thule (2)","catalog#":"DIM 036","format":"CD-EP-Ltd","rating":"5","label":"Dim Records","title":"Skinhead","collectionfolder":"R.A.C","released":"1996"}
2016-04-11 16:46:12 INFO  CouchBasePersistenceImpl:206 - Document retrieved from view: 569a3126-ebd0-4427-ac09-337dc56be868 - {"release_id":"491473","date added":"2011-05-14 06:14:32","artist":"Nekromantix","catalog#":"INTCD 009","format":"CD-Album","rating":"5","label":"Intermusic (Denmark)","title":"Brought Back To Life","collectionfolder":"Psychobilly","released":"1992"}
2016-04-11 16:46:12 INFO  CouchBasePersistenceImpl:206 - Document retrieved from view: 573dae89-9e26-46a2-a1be-458db37906a8 - {"release_id":"4400","date added":"2011-05-17 14:24:56","artist":"Nine Inch Nails","catalog#":"INTD-92213","collection style":"Industrial","format":"CD-EP-Dig","rating":"3","label":"Nothing Records","title":"Broken","collectionfolder":"Industrial","released":"1992"}
2016-04-11 16:46:12 INFO  CouchBasePersistenceImpl:206 - Document retrieved from view: 57b1c7be-051a-4965-a643-0925f082008b - {"release_id":"1992252","date added":"2011-08-21 06:57:18","artist":"Long Winters' Stare","catalog#":"DARK 9","format":"CD-Promo","rating":"5","label":"Dark Symphonies","title":"The Tears Of Odin's Fallen","collectionfolder":"Gothic","released":"2000"}
2016-04-11 16:46:12 INFO  CouchBasePersistenceImpl:206 - Document retrieved from view: 57d39054-92a1-4f01-a3c5-aae3e4ce98a9 - {"release_id":"4435011","date added":"2013-08-14 06:13:02","artist":"Kraft Durch Froide","catalog#":"KDF 001","collection style":"R.A.C","format":"CD-Comp","rating":"5","label":"KDF Records","title":"1982-1986","collectionfolder":"R.A.C","released":"1997"}
2016-04-11 16:46:12 INFO  CouchBasePersistenceImpl:206 - Document retrieved from view: 5822e9e2-c551-4a14-bdb4-2dc952b2a638 - {"release_id":"2647964","date added":"2011-05-30 13:28:26","artist":"Motörhead","catalog#":"0602517855687-1785568","collection style":"R´N´R","format":"CD-Album-RE + CD-Comp + Dlx","rating":"5","label":"Universal Music Group-Universal Music Group","title":"Ace Of Spades","collectionfolder":"R´N´R","released":"2008"}
2016-04-11 16:46:12 INFO  CouchBasePersistenceImpl:206 - Document retrieved from view: 58401022-60e5-4f72-95b9-b118a4680700 - {"release_id":"1678107","date added":"2011-05-11 12:15:52","artist":"Division S (2)","catalog#":"NLCD 009-88CD009","collection style":"R.A.C","format":"CD-Album-RP","rating":"4","label":"Nordland-Nordland","title":"Hate","collectionfolder":"R.A.C","released":"1995"}
2016-04-11 16:46:12 INFO  CouchBasePersistenceImpl:206 - Document retrieved from view: 5946d488-a61e-4a7c-8271-0287c76cd880 - {"release_id":"392019","date added":"2011-05-17 13:57:53","artist":"The Jesus And Mary Chain","catalog#":"2292-46221-2-246 221-2","format":"CD-Album","rating":"3","label":"Blanco Y Negro-Blanco Y Negro","title":"Automatic","collectionfolder":"Gothic","released":"1989"}
2016-04-11 16:46:12 INFO  CouchBasePersistenceImpl:206 - Document retrieved from view: 5961d18d-df1b-4a68-8d37-971274868247 - {"release_id":"1889613","date added":"2015-04-14 22:54:09","artist":"Conqueror (2)","catalog#":"EOR006-EOR006CD","format":"CD-Album-Ltd","label":"Evil Omen Records-Evil Omen Records","title":"War Cult Supremacy","collectionfolder":"Black Metal","released":"1999"}
2016-04-11 16:46:12 INFO  CouchBasePersistenceImpl:206 - Document retrieved from view: 598b84bb-bce1-4446-a656-d902623b0f14 - {"release_id":"767392","date added":"2011-05-30 13:08:27","artist":"The Cramps","catalog#":"7243 4 96504 2 8","collection style":"R´N´R","format":"CD-Album","rating":"5","label":"Capitol Records-Zonophone","title":"Psychedelic Jungle","collectionfolder":"R´N´R","released":"1998"}
2016-04-11 16:46:12 INFO  CouchBasePersistenceImpl:206 - Document retrieved from view: 59915a09-40e3-4a90-837c-616ccc6c5816 - {"release_id":"5080571","date added":"2016-02-14 11:26:17","artist":"Mental Home","catalog#":"CMR7937 2","format":"CD-Album","label":"Century Media","title":"Upon The Shores Of Inner Seas","collectionfolder":"Black Metal","released":"2000"}
2016-04-11 16:46:12 INFO  CouchBasePersistenceImpl:206 - Document retrieved from view: 59b519d1-5ea6-4c43-a7ed-81d06c06aff4 - {"release_id":"382328","date added":"2011-05-15 06:04:07","artist":"Mayhem","catalog#":"Anti-Mosh 006","format":"CD-Album","rating":"5","label":"Deathlike Silence Productions","title":"De Mysteriis Dom Sathanas","collectionfolder":"Black Metal","released":"1994"}
2016-04-11 16:46:12 INFO  CouchBasePersistenceImpl:206 - Document retrieved from view: 5a586129-b714-4bf1-a217-3e877bc09ec0 - {"release_id":"406173","date added":"2011-05-15 05:45:38","artist":"Slayer","catalog#":"846 871-2","format":"CD-Album","rating":"5","label":"Def American Recordings","title":"Seasons In The Abyss","collectionfolder":"Trash Metal","released":"1990"}
2016-04-11 16:46:12 INFO  CouchBasePersistenceImpl:206 - Document retrieved from view: 5a6892b7-1dd1-419c-a0e3-9db9fc82126b - {"release_id":"3509026","date added":"2014-02-26 08:45:29","artist":"Metallica","catalog#":"888 788-1","collection style":"Trash Metal","format":"12-EP","label":"Mercury-Polygram","title":"The $5.98 E.P. - Garage Days Re-Revisited","collectionfolder":"Trash Metal","released":"1987"}
2016-04-11 16:46:12 INFO  CouchBasePersistenceImpl:206 - Document retrieved from view: 5a8f82d0-db16-4596-8404-a56c4a196950 - {"release_id":"6523072","date added":"2015-01-13 10:54:55","artist":"Hispánica","catalog#":"none","format":"CD-Album","rating":"4","label":"NoTanCasual","title":"Hispánica","collectionfolder":"R.A.C","released":"2015"}
2016-04-11 16:46:12 INFO  CouchBasePersistenceImpl:206 - Document retrieved from view: 5be55d58-0125-4394-9723-66661b581673 - {"release_id":"370005","date added":"2011-05-13 08:38:43","artist":"Guns N' Roses","catalog#":"GED 24415-GEFD 24415","collection style":"Hard Rock","format":"CD-Album-RP","rating":"3","label":"Geffen Records-Geffen Records-Uzi Suicide Records","title":"Use Your Illusion I","collectionfolder":"Hard Rock","released":"0"}
2016-04-11 16:46:12 INFO  CouchBasePersistenceImpl:206 - Document retrieved from view: 5c2c9ae9-f68c-4477-8613-181da4eec017 - {"release_id":"379690","date added":"2011-05-30 13:34:21","artist":"Nick Cave & The Bad Seeds","catalog#":"CD STUMM 123","format":"CD-Album-RP","rating":"5","label":"Mute","title":"Let Love In","collectionfolder":"Blues Rock","released":"1994"}
2016-04-11 16:46:12 INFO  CouchBasePersistenceImpl:206 - Document retrieved from view: 5cf24590-b921-4712-ba16-d746577a7ab2 - {"release_id":"785937","date added":"2011-05-11 11:56:41","artist":"Paradise Lost","catalog#":"MFN 222-RTD GAS 211.1222.1","format":"2xLP-Album","rating":"4","label":"Music For Nations-Music For Nations","title":"One Second","collectionfolder":"Gothic","released":"1997"}
2016-04-11 16:46:12 INFO  CouchBasePersistenceImpl:206 - Document retrieved from view: 5db19d41-4c40-4a8c-a1aa-84ca88036f1a - {"release_id":"5073044","date added":"2015-09-14 21:58:42","artist":"Paradise Lost","catalog#":"9983531","format":"10-EP-Ltd + CD-Comp","label":"Century Media","title":"Tragic Illusion 25","collectionfolder":"Doom Metal","released":"2013"}
2016-04-11 16:46:12 INFO  CouchBasePersistenceImpl:206 - Document retrieved from view: 5e6925f6-9721-49d8-b2b1-46adfe04f623 - {"release_id":"759061","date added":"2011-05-11 11:57:50","artist":"Paradise Lost","catalog#":"GUN 210-82876 67189 2","format":"CD-Album","rating":"2","label":"GUN Records (2)-BMG","title":"Paradise Lost","collectionfolder":"Gothic","released":"2005"}
2016-04-11 16:46:12 INFO  CouchBasePersistenceImpl:206 - Document retrieved from view: 5f73afe2-447e-4e1c-af47-672485b9cb7b - {"release_id":"5265936","date added":"2014-03-31 00:47:53","artist":"Gruesome","catalog#":"DIM 081","collection style":"Hardcore","format":"CD-Album-RE","label":"Dim Records","title":"Skin Survive Skin","collectionfolder":"Hard Rock","released":"2000"}
2016-04-11 16:46:12 INFO  CouchBasePersistenceImpl:206 - Document retrieved from view: 5fa0bbc8-b3bd-4420-ac65-b3d07904681d - {"release_id":"749590","date added":"2015-04-13 12:17:36","artist":"Slayer","catalog#":"9362-44300-2","format":"CD-Album","label":"American Recordings","title":"Christ Illusion","collectionfolder":"Trash Metal","released":"2006"}
2016-04-11 16:46:12 INFO  CouchBasePersistenceImpl:206 - Document retrieved from view: 600d4278-bcbd-4677-a218-77244816b479 - {"release_id":"6527570","date added":"2015-02-01 00:19:24","artist":"Foscor","catalog#":"AR053CD","format":"CD-Album-Dig","label":"Alone Records (2)","title":"Those Horrors Wither","collectionfolder":"Black Metal","released":"2014"}
2016-04-11 16:46:12 INFO  CouchBasePersistenceImpl:206 - Document retrieved from view: 604c9da0-b1d0-488f-abc7-29f44c1b988b - {"release_id":"716630","date added":"2011-05-17 13:52:09","artist":"Misfits","catalog#":"PL9-CD06","format":"CD-Album-RE","rating":"5","label":"Plan 9","title":"Legacy Of Brutality","collectionfolder":"Punk","released":"1989"}
2016-04-11 16:46:12 INFO  CouchBasePersistenceImpl:206 - Document retrieved from view: 60bb609c-d58e-469f-862b-41cb14483a3e - {"release_id":"3946946","date added":"2015-04-14 22:24:41","artist":"Nordmacht","catalog#":"Hatesounds 003","format":"CD-Album","label":"Hatesounds Records","title":"Verlorenes Erbe","collectionfolder":"R.A.C","released":"2001"}
2016-04-11 16:46:12 INFO  CouchBasePersistenceImpl:206 - Document retrieved from view: 60dc4d1b-eefb-4951-88f8-77ffbc40d4d7 - {"release_id":"725704","date added":"2011-05-12 10:30:28","artist":"Celtic Frost","catalog#":"N 0327-2","format":"CD-Album-RE-RM","rating":"3","label":"Noise Records","title":"Into The Pandemonium","collectionfolder":"Black-Trash Metal","released":"1999"}
2016-04-11 16:46:12 INFO  CouchBasePersistenceImpl:206 - Document retrieved from view: 613f6ed1-0811-4258-9c5f-48f7b5dfa10d - {"release_id":"1295312","date added":"2011-05-11 12:04:40","artist":"Paradise Lost","catalog#":"77741-9","format":"2xDVD-Ltd","rating":"2","label":"Century Media","title":"Over The Madness","collectionfolder":"Gothic","released":"2007"}
2016-04-11 16:46:12 INFO  CouchBasePersistenceImpl:206 - Document retrieved from view: 61624173-cd5a-406d-919e-a85be727e000 - {"release_id":"373492","date added":"2011-05-15 05:49:15","artist":"Satyricon","catalog#":"FOG 012","format":"CD-Album","rating":"5","label":"Moonfog Productions","title":"Nemesis Divina","collectionfolder":"Black Metal","released":"1996"}
2016-04-11 16:46:12 INFO  CouchBasePersistenceImpl:206 - Document retrieved from view: 6250b78e-35a0-4967-8c8e-9f39f41f4b98 - {"release_id":"554694","date added":"2011-08-21 06:53:37","artist":"Rage (6)","catalog#":"74321 68596 2-GUN 185","collection style":"Power Metal","format":"CD-Album","rating":"5","label":"BMG-GUN Records (2)","title":"Ghosts","collectionfolder":"Power Metal","released":"1999"}
2016-04-11 16:46:12 INFO  CouchBasePersistenceImpl:206 - Document retrieved from view: 6273c9a9-f2a0-4822-990e-a16a7d4efef6 - {"release_id":"7148143","date added":"2015-07-05 10:49:09","artist":"Blackfoot (3)","catalog#":"ATL 50 603 (SD 38-112)","format":"LP-Album","label":"ATCO Records","title":"Strikes","collectionfolder":"Southern Rock","released":"1979"}
2016-04-11 16:46:12 INFO  CouchBasePersistenceImpl:206 - Document retrieved from view: 62bc4cfe-81ec-42bc-bf19-d51e81cdce25 - {"release_id":"1687320","date added":"2011-05-17 14:26:30","artist":"Nine Inch Nails","catalog#":"060 965-9","collection style":"Industrial","format":"2xDVD-PAL-Dig","rating":"5","label":"Nothing Records","title":"And All That Could Have Been: Live","collectionfolder":"Industrial","released":"2002"}
2016-04-11 16:46:12 INFO  CouchBasePersistenceImpl:206 - Document retrieved from view: 62bf2db4-c5d6-4764-90c5-2e6047216be4 - {"release_id":"2257529","date added":"2016-02-14 11:46:41","artist":"Iron Maiden","catalog#":"140 79 9161 1","format":"2xLP-Album-Gat","label":"EMI-Odeon-S.A.","title":"Fear Of The Dark","collectionfolder":"Heavy Metal","released":"1992"}
2016-04-11 16:46:12 INFO  CouchBasePersistenceImpl:206 - Document retrieved from view: 62fbf8cc-aa74-4a3e-bb4c-1571ced55064 - {"release_id":"209941","date added":"2011-05-26 12:14:59","artist":"Janitor","catalog#":"TESCO 051","format":"CD-Album","rating":"5","label":"Tesco Organisation","title":"Receiving A Flower On Mother's Day","collectionfolder":"Ambiental","released":"2002"}
2016-04-11 16:46:12 INFO  CouchBasePersistenceImpl:206 - Document retrieved from view: 63077c82-bdc4-4385-aedc-328297876374 - {"release_id":"2476433","date added":"2013-08-21 00:05:54","artist":"Fraction Hexagone","catalog#":"PIT 004","collection style":"R.A.C","format":"CD-Album","rating":"4","label":"PIT Records","title":"Rejoins Nos Rangs","collectionfolder":"R.A.C","released":"1996"}
2016-04-11 16:46:12 INFO  CouchBasePersistenceImpl:206 - Document retrieved from view: 6345f65c-3eca-49e2-a3b9-a4db4fcd8c80 - {"release_id":"2731156","date added":"2011-05-17 13:53:49","artist":"Misfits","catalog#":"MF 001","format":"CD-Album-Comp-Unofficial","rating":"5","label":"Not On Label (Misfits)","title":"The 12 Inch Compilation","collectionfolder":"Punk","released":"0"}
2016-04-11 16:46:12 INFO  CouchBasePersistenceImpl:206 - Document retrieved from view: 6352b678-1202-47a1-961f-d391acd11619 - {"release_id":"850160","date added":"2011-05-17 13:49:50","artist":"Thyrane","catalog#":"CUT 010-cut 010","format":"CD-Album","rating":"5","label":"Woodcut Records-Woodcut Records","title":"Symphonies Of Infernality","collectionfolder":"Black Metal","released":"1999"}
2016-04-11 16:46:12 INFO  CouchBasePersistenceImpl:206 - Document retrieved from view: 63a243f7-5c34-4586-b1f2-58029f817366 - {"release_id":"3274841","date added":"2013-01-30 22:52:13","artist":"Ovaltinees","catalog#":"none","collection style":"R.A.C","format":"CD-Album","rating":"5","label":"Dreadlord Records","title":"Faith-Folk And Family","collectionfolder":"R.A.C","released":"1997"}
2016-04-11 16:46:12 INFO  CouchBasePersistenceImpl:206 - Document retrieved from view: 64563cde-a2b8-4bc1-bb7d-a01cad36e8dc - {"release_id":"1098647","date added":"2011-05-23 11:20:03","artist":"Mötley Crüe","catalog#":"7559-61204-2","format":"CD-Comp","rating":"5","label":"Elektra","title":"Decade Of Decadence '81-'91","collectionfolder":"Glam","released":"1991"}
2016-04-11 16:46:12 INFO  CouchBasePersistenceImpl:206 - Document retrieved from view: 657a6453-f5dd-4899-a29a-40e6997fefc6 - {"release_id":"3284239","date added":"2013-08-18 05:21:37","artist":"Bound For Glory","catalog#":"SSR046","collection style":"R.A.C","format":"CD-Album-RE","rating":"5","label":"Strong Survive Records","title":"Behold The Iron Cross","collectionfolder":"R.A.C","released":"2008"}
2016-04-11 16:46:12 INFO  CouchBasePersistenceImpl:206 - Document retrieved from view: 65e65e17-1371-4894-9a34-d59ad62df8e5 - {"release_id":"676509","date added":"2013-08-18 05:22:19","artist":"Bound For Glory","catalog#":"CBG-001A","collection style":"R.A.C","format":"CD-Album","rating":"4","label":"Resistance Records (3)","title":"The Fight Goes On","collectionfolder":"R.A.C","released":"1994"}
2016-04-11 16:46:12 INFO  CouchBasePersistenceImpl:206 - Document retrieved from view: 66741993-7e13-4ca9-877b-719ef29d093e - {"release_id":"4126248","date added":"2015-04-14 22:12:28","artist":"Avalon (7)","catalog#":"Movement 007","collection style":"R.A.C","format":"CD-Album","label":"Movement Records (6)","title":"This Is War!","collectionfolder":"R.A.C","released":"1998"}
2016-04-11 16:46:12 INFO  CouchBasePersistenceImpl:206 - Document retrieved from view: 67f034c2-f090-4561-be59-814f498ef140 - {"release_id":"1356848","date added":"2011-05-30 13:08:42","artist":"The Cramps","catalog#":"466723 2","collection style":"R´N´R","format":"CD-Comp-RE","rating":"5","label":"I.R.S. Records","title":"...Off The Bone","collectionfolder":"R´N´R","released":"1990"}
2016-04-11 16:46:12 INFO  CouchBasePersistenceImpl:206 - Document retrieved from view: 681c562a-4048-4822-81c4-cff4f536bf9d - {"release_id":"313346","date added":"2011-05-30 13:26:29","artist":"The Prodigy","catalog#":"XLCD 183","format":"CD-Album","rating":"3","label":"XL Recordings","title":"Always Outnumbered-Never Outgunned","collectionfolder":"Rave","released":"2004"}
2016-04-11 16:46:12 INFO  CouchBasePersistenceImpl:206 - Document retrieved from view: 6895b383-cf70-47e8-a684-bdd4c0ecaa8d - {"release_id":"1404850","date added":"2015-08-18 07:35:44","artist":"Der Blutharsch / Sotto Fascia Semplice","catalog#":"WKN31","format":"7-Ltd","label":"WKN","title":"Untitled","collectionfolder":"R.A.C","released":"2008"}
2016-04-11 16:46:12 INFO  CouchBasePersistenceImpl:206 - Document retrieved from view: 68d69f28-716d-4e0e-911c-4e382bdd30b9 - {"release_id":"2614367","date added":"2011-05-11 12:15:47","artist":"Division S (2)","catalog#":"88CD 001","collection style":"R.A.C","format":"CD-Album","rating":"3","label":"Nordland","title":"Attack","collectionfolder":"R.A.C","released":"1994"}
2016-04-11 16:46:12 INFO  CouchBasePersistenceImpl:206 - Document retrieved from view: 69048b20-f1eb-4d30-9740-ca5c3a724b4f - {"release_id":"368156","date added":"2011-05-15 05:47:06","artist":"Slayer","catalog#":"586 331-2","format":"CD-Album","rating":"4","label":"American Recordings","title":"God Hates Us All","collectionfolder":"Trash Metal","released":"2001"}
2016-04-11 16:46:12 INFO  CouchBasePersistenceImpl:206 - Document retrieved from view: 6a7384a9-1a09-471d-8f17-5369325321b4 - {"release_id":"3369924","date added":"2015-08-01 03:28:00","artist":"The Cramps","catalog#":"SP 70042","format":"LP-Comp-RE-Unofficial","label":"I.R.S. Records","title":"Bad Music For Bad People","collectionfolder":"R´N´R","released":"2010"}
2016-04-11 16:46:12 INFO  CouchBasePersistenceImpl:206 - Document retrieved from view: 6bebc774-15bf-4690-9af6-ba23c3d0c52f - {"release_id":"590308","date added":"2011-05-11 14:10:28","artist":"Pantera","catalog#":"92302-2","format":"CD-Album","rating":"5","label":"EastWest Records America","title":"Far Beyond Driven","collectionfolder":"Sludge Metal","released":"1994"}
2016-04-11 16:46:12 INFO  CouchBasePersistenceImpl:206 - Document retrieved from view: 6c80ebe2-6323-4253-971d-87f0993d0cb9 - {"release_id":"1729723","date added":"2015-04-12 22:08:44","artist":"Rose Tattoo","catalog#":"WTG 19312","format":"LP-Album","label":"Mirage (2)","title":"Assault & Battery","collectionfolder":"Hard Rock","released":"1981"}
2016-04-11 16:46:12 INFO  CouchBasePersistenceImpl:206 - Document retrieved from view: 6c90cda7-9b9b-43ce-bcda-25f3beef2954 - {"release_id":"622038","date added":"2011-05-17 10:19:48","artist":"Sotto Fascia Semplice","catalog#":"PN1009-RTPCD16","collection style":"R.A.C","format":"CD","rating":"5","label":"Paranoise-Rupe Tarpea Produzioni","title":"Crociato","collectionfolder":"R.A.C","released":"2000"}
2016-04-11 16:46:12 INFO  CouchBasePersistenceImpl:206 - Document retrieved from view: 6c99a323-309e-46d1-bef9-9d806bd66217 - {"release_id":"379144","date added":"2011-05-30 13:37:47","artist":"Soundgarden","catalog#":"540 215-2","collection style":"Hard Rock","format":"CD-Album","rating":"4","label":"A&M Records","title":"Superunknown","collectionfolder":"Hard Rock","released":"1994"}
2016-04-11 16:46:12 INFO  CouchBasePersistenceImpl:206 - Document retrieved from view: 6d36cf48-a798-4d2f-ada1-97344fbe471b - {"release_id":"1318080","date added":"2013-08-21 00:18:52","artist":"Voïvod","catalog#":"HYP 1065","collection style":"Trash Metal","format":"CD-Album-Comp","rating":"4","label":"Hypnotic Records","title":"Kronik","collectionfolder":"Trash Metal","released":"1998"}
2016-04-11 16:46:12 INFO  CouchBasePersistenceImpl:206 - Document retrieved from view: 6d5f9e7d-eae4-4576-a3fe-6186b4fb7930 - {"release_id":"853860","date added":"2011-08-21 07:26:23","artist":"Morbid Angel","catalog#":"MOSH 31 CD-MOSH 31CD","collection style":"Death Metal","format":"CD-Album-RE","rating":"4","label":"Earache-Earache","title":"Blessed Are The Sick","collectionfolder":"Death Metal","released":"1995"}
2016-04-11 16:46:12 INFO  CouchBasePersistenceImpl:206 - Document retrieved from view: 6d91119b-7960-44e5-98d4-4176961fbaa7 - {"release_id":"4049884","date added":"2012-11-22 00:10:05","artist":"Malabestia","catalog#":"RTP 012","format":"CD-Album","rating":"5","label":"Rupe Tarpea Produzioni","title":"Cent'anni Da Leone","collectionfolder":"R.A.C","released":"1997"}
2016-04-11 16:46:12 INFO  CouchBasePersistenceImpl:206 - Document retrieved from view: 6df4ae3a-a1b6-4dc8-88e5-6cfddfbca4a2 - {"release_id":"4040268","date added":"2013-03-12 09:38:36","artist":"Exxtrem","catalog#":"V7 Rec. 10","format":"CD-Album","rating":"3","label":"V7 Versand","title":"Tätowiert","collectionfolder":"R.A.C","released":"2003"}
2016-04-11 16:46:12 INFO  CouchBasePersistenceImpl:206 - Document retrieved from view: 6e9c3f9f-7088-4de5-afca-ba3e744fbefb - {"release_id":"7043129","date added":"2016-01-14 09:50:36","artist":"Scorpions","catalog#":"064-1646861","format":"LP-Album","label":"Harvest","title":"Blackout","collectionfolder":"Heavy Metal","released":"1982"}
2016-04-11 16:46:12 INFO  CouchBasePersistenceImpl:206 - Document retrieved from view: 6e9d2bd0-9d60-47a3-b293-58a593171df1 - {"release_id":"2202523","date added":"2011-05-28 07:10:45","artist":"Blue Eyed Devils","catalog#":"h.sounds 004","collection style":"R.A.C","format":"CD-Album","rating":"4","label":"Hatesounds Records","title":"We'll Never Die","collectionfolder":"R.A.C","released":"2001"}
2016-04-11 16:46:12 INFO  CouchBasePersistenceImpl:206 - Document retrieved from view: 6eea4527-ed6f-4972-8746-3f2fc4cb126d - {"release_id":"3664990","date added":"2015-03-28 12:23:23","artist":"Danzig","catalog#":"938.0003.023-PIASREST 003 CD","format":"2xCD-Album","label":"Restless Records-Play It Again Sam [PIAS]","title":"Live On The Black Hand Side","collectionfolder":"Hard Rock","released":"2001"}
2016-04-11 16:46:12 INFO  CouchBasePersistenceImpl:206 - Document retrieved from view: 7030c812-1570-4e9d-9dc2-2adf2bcd4421 - {"release_id":"90028","date added":"2011-05-26 11:55:53","artist":"Rammstein","catalog#":"549 639-2","collection style":"Industrial","format":"CD-Album","rating":"5","label":"Motor-Universal","title":"Mutter","collectionfolder":"Industrial","released":"2001"}
2016-04-11 16:46:12 INFO  CouchBasePersistenceImpl:206 - Document retrieved from view: 707ee60b-eea3-4935-bac5-17f75b916f38 - {"release_id":"900868","date added":"2011-05-14 06:12:08","artist":"Lynyrd Skynyrd","catalog#":"255 082-1","format":"LP-Album","rating":"4","label":"MCA Records","title":"Legend","collectionfolder":"Southern Rock","released":"1987"}
2016-04-11 16:46:12 INFO  CouchBasePersistenceImpl:206 - Document retrieved from view: 70bbafb0-fc86-4971-934d-f6fa19337ac0 - {"release_id":"924842","date added":"2016-02-14 00:47:28","artist":"Satarial","catalog#":"BEY.9909R-BEY.9909","format":"CD-Album","label":"Beyond Productions-Beyond Productions","title":"The Queen Of The Elves' Land","collectionfolder":"Black Metal","released":"1999"}
2016-04-11 16:46:12 INFO  CouchBasePersistenceImpl:206 - Document retrieved from view: 7127ad7b-f7af-44f0-b341-f9c50e84117e - {"release_id":"367640","date added":"2011-05-13 08:35:58","artist":"Alice In Chains","catalog#":"474855 2-COL 474855 2","collection style":"Hard Rock","format":"CD-EP","rating":"5","label":"Columbia-Columbia","title":"Jar Of Flies","collectionfolder":"Hard Rock","released":"1994"}
2016-04-11 16:46:12 INFO  CouchBasePersistenceImpl:206 - Document retrieved from view: 7157ab35-aa0d-4876-8067-99808aeb40d1 - {"release_id":"3415598","date added":"2014-06-03 07:48:24","artist":"Exodus (6)","catalog#":"9962122-9962128","format":"CD-Album-RM","label":"Century Media-Century Media","title":"Bonded By Blood","collectionfolder":"Trash Metal","released":"0"}
2016-04-11 16:46:12 INFO  CouchBasePersistenceImpl:206 - Document retrieved from view: 719f5359-2cc9-420d-b8c4-bef2c00dd6da - {"release_id":"4148733","date added":"2015-04-14 22:23:13","artist":"The Betrayed","catalog#":"GTR/HS 005/2","format":"CD-Album","label":"Hatesounds Records","title":"Just Short Of Glory","collectionfolder":"R.A.C","released":"2001"}
2016-04-11 16:46:12 INFO  CouchBasePersistenceImpl:206 - Document retrieved from view: 7205d9ef-8db9-4a8e-93b8-5397ddf606e7 - {"release_id":"6284928","date added":"2015-04-26 04:55:11","artist":"Danzig","catalog#":"9 45647-1","format":"LP-Album-RE-Unofficial-Gat","label":"American Recordings","title":"Danzig 4P","collectionfolder":"Heavy Metal","released":"2014"}
2016-04-11 16:46:12 INFO  CouchBasePersistenceImpl:206 - Document retrieved from view: 721e1262-02a4-4076-8cf2-0cfdc5f1524b - {"release_id":"3388480","date added":"2012-06-03 01:32:41","artist":"Lou Reed & Metallica","catalog#":"602527863689 (86)","format":"2xCD-Album","rating":"3","label":"Vertigo","title":"Lulu","collectionfolder":"Hard Rock","released":"2011"}
2016-04-11 16:46:12 INFO  CouchBasePersistenceImpl:206 - Document retrieved from view: 73ccd849-86fd-4901-bb0b-e477cb81d3f9 - {"release_id":"3271122","date added":"2013-08-14 06:18:07","artist":"Brutal Attack (2)","catalog#":"Svea cd 13","collection style":"R.A.C","format":"CD-Album","rating":"5","label":"Svea Musik","title":"Keeping The Dream Alive","collectionfolder":"R.A.C","released":"1998"}
2016-04-11 16:46:12 INFO  CouchBasePersistenceImpl:206 - Document retrieved from view: 74b5a3fe-6fc8-4bd2-af3a-fe6f9c8ac462 - {"release_id":"6302052","date added":"2014-12-31 00:25:27","artist":"Monster Magnet","catalog#":"NPR 563 LTD","format":"CD-Album-Ltd","label":"Napalm Records","title":"Milking The Stars (A Re-imagining Of Last Patrol)","collectionfolder":"Stoner Rock","released":"2014"}
2016-04-11 16:46:12 INFO  CouchBasePersistenceImpl:206 - Document retrieved from view: 74d43800-6495-4bd5-a6e6-eb22ee7fe28c - {"release_id":"509965","date added":"2011-05-11 12:04:11","artist":"Paradise Lost","catalog#":"CDMFN 243","format":"CD-Comp","rating":"3","label":"Music For Nations","title":"Reflection","collectionfolder":"Gothic","released":"1998"}
2016-04-11 16:46:12 INFO  CouchBasePersistenceImpl:206 - Document retrieved from view: 75099f91-bf3b-4e07-ae28-ac2b5f53e061 - {"release_id":"2454491","date added":"2011-05-30 13:29:39","artist":"Nick Cave & The Bad Seeds","catalog#":"CDSTUMM 17-5016025610174","format":"CD-Album-RE","rating":"5","label":"Mute-Mute","title":"From Her To Eternity","collectionfolder":"Blues Rock","released":"2004"}
2016-04-11 16:46:12 INFO  CouchBasePersistenceImpl:206 - Document retrieved from view: 75338ef7-bf56-44b9-a8d1-777830bf554a - {"release_id":"390467","date added":"2011-05-11 12:02:23","artist":"Paradise Lost","catalog#":"CDXKUT 174","format":"CD-Single-Ltd","rating":"3","label":"Music For Nations","title":"Say Just Words","collectionfolder":"Gothic","released":"1997"}
2016-04-11 16:46:12 INFO  CouchBasePersistenceImpl:206 - Document retrieved from view: 75567f5e-bd7e-4ac6-ade6-33b8dec30741 - {"release_id":"3667839","date added":"2015-08-12 08:34:23","artist":"Before God","catalog#":"OWTLP004","format":"LP-Album-RE","label":"Ohrwurm Records (2)","title":"Wolves Amongst The Sheep","collectionfolder":"Death Metal","released":"2001"}
2016-04-11 16:46:12 INFO  CouchBasePersistenceImpl:206 - Document retrieved from view: 76179c29-de6f-46b1-9d62-1d66933408f2 - {"release_id":"1283636","date added":"2011-05-14 06:12:18","artist":"Lynyrd Skynyrd","catalog#":"7567-82258-2","format":"CD-Album","rating":"5","label":"Atlantic","title":"1991","collectionfolder":"Southern Rock","released":"1991"}
2016-04-11 16:46:12 INFO  CouchBasePersistenceImpl:206 - Document retrieved from view: 76786f6c-2687-4104-9a65-35fe3bc724d7 - {"release_id":"367272","date added":"2011-08-21 07:25:45","artist":"Voïvod","catalog#":"3984-14049-2","collection style":"Trash Metal","format":"CD-Album-RE","rating":"4","label":"Metal Blade Records","title":"War And Pain","collectionfolder":"Trash Metal","released":"1994"}
2016-04-11 16:46:12 INFO  CouchBasePersistenceImpl:206 - Document retrieved from view: 76847cb9-b307-49d2-90dd-5cfde55771c8 - {"release_id":"384038","date added":"2014-03-06 23:08:04","artist":"Böhse Onkelz","catalog#":"290-09-072 G","format":"CD-Album-Ltd-RE","label":"Bacillus Records","title":"Heilige Lieder","collectionfolder":"Hard Rock","released":"1995"}
2016-04-11 16:46:12 INFO  CouchBasePersistenceImpl:206 - Document retrieved from view: 7689fb3c-4279-4ce8-8a58-154d7410d5d4 - {"release_id":"1020770","date added":"2011-05-11 12:01:32","artist":"Paradise Lost","catalog#":"12KUT 165","format":"12","rating":"5","label":"Music For Nations","title":"The Last Time","collectionfolder":"Gothic","released":"1995"}
2016-04-11 16:46:12 INFO  CouchBasePersistenceImpl:206 - Document retrieved from view: 76cea165-8e7b-49ad-98e1-ee75c4618ff4 - {"release_id":"1473933","date added":"2011-05-17 13:48:34","artist":"Manowar","catalog#":"7567-81930-2","format":"CD-Album-RE","rating":"5","label":"Atlantic","title":"Kings Of Metal","collectionfolder":"Heavy Metal","released":"0"}
2016-04-11 16:46:12 INFO  CouchBasePersistenceImpl:206 - Document retrieved from view: 77c40e83-8f0b-4af5-aa2c-9a38b4547db2 - {"release_id":"8067304","date added":"2016-03-06 23:09:57","artist":"Estirpe Imperial","catalog#":"WP007","format":"12-Maxi-Ltd-Num-RE-Red","label":"Wolf Pact Records","title":"Estirpe Imperial","collectionfolder":"Uncategorized","released":"2016"}
2016-04-11 16:46:12 INFO  CouchBasePersistenceImpl:206 - Document retrieved from view: 77c9ddde-cd62-4f3e-a9f4-0e3b258fa929 - {"release_id":"369378","date added":"2013-08-23 01:33:39","artist":"Nazgul","catalog#":"none","collection style":"Black Metal","format":"CD-Album-Ltd-Num","rating":"3","label":"Drama And Sin Company-Battlefield Records","title":"When The Wolves Return To The Forest","collectionfolder":"Black Metal","released":"2000"}
2016-04-11 16:46:12 INFO  CouchBasePersistenceImpl:206 - Document retrieved from view: 77e385c1-b68d-49ad-8c11-5a8d46d4d2cf - {"release_id":"5707873","date added":"2015-08-01 03:31:13","artist":"Supertramp","catalog#":"AMLK 64634","format":"LP-Album","label":"A&M Records","title":"Even In The Quietest Moments...","collectionfolder":"Uncategorized","released":"1977"}
2016-04-11 16:46:12 INFO  CouchBasePersistenceImpl:206 - Document retrieved from view: 787a8a2e-2b57-4d8e-915d-efa998c2cad1 - {"release_id":"378023","date added":"2011-05-30 13:40:28","artist":"Anathema","catalog#":"CDVILE 73","collection style":"Gothic","format":"CD-Album","rating":"5","label":"Peaceville","title":"Alternative 4","collectionfolder":"Gothic","released":"1998"}
2016-04-11 16:46:12 INFO  CouchBasePersistenceImpl:206 - Document retrieved from view: 796dfe8f-1f99-42cb-bd62-49ee73f5eb81 - {"release_id":"1782856","date added":"2013-01-08 01:04:21","artist":"Mastodon","catalog#":"9362-49872-2-459132-2-9362498722","format":"CD-Album","rating":"5","label":"Reprise Records-Reprise Records-Reprise Records-Sire-Sire-Sire-Relapse Records-Relapse Records-Relapse Records","title":"Crack The Skye","collectionfolder":"Sludge Metal","released":"2009"}
2016-04-11 16:46:12 INFO  CouchBasePersistenceImpl:206 - Document retrieved from view: 79a6e97d-2cad-40a2-ba5c-16f8bbd6b7d3 - {"release_id":"861755","date added":"2011-05-29 04:44:56","artist":"Mad Season","catalog#":"478507 2-COL 478507 2-01-478507-10","format":"CD-Album","rating":"5","label":"Columbia-Columbia-Columbia","title":"Above","collectionfolder":"Blues","released":"1995"}
2016-04-11 16:46:12 INFO  CouchBasePersistenceImpl:206 - Document retrieved from view: 79d9c0f3-a911-44be-b59b-bbaf2e57edb0 - {"release_id":"392134","date added":"2015-06-18 23:19:19","artist":"Marduk","catalog#":"OPCD 080","format":"CD-Album","label":"Osmose Productions","title":"Panzer Division Marduk","collectionfolder":"Black Metal","released":"1999"}
2016-04-11 16:46:12 INFO  CouchBasePersistenceImpl:206 - Document retrieved from view: 79dbf55f-c3c3-4dd1-a575-6cdd35b5370f - {"release_id":"597168","date added":"2015-04-14 22:52:00","artist":"Finntroll","catalog#":"Naula 014","format":"CD-Album","label":"Spikefarm Records","title":"Jaktens Tid","collectionfolder":"Black Metal","released":"2001"}
2016-04-11 16:46:12 INFO  CouchBasePersistenceImpl:206 - Document retrieved from view: 79ff4648-df48-4d9e-9df4-232654d1778d - {"release_id":"2401519","date added":"2013-08-21 00:05:22","artist":"Zetazeroalfa","catalog#":"RTP CD47 PR74","collection style":"R.A.C","format":"CD-Album","rating":"4","label":"Rupe Tarpea Produzioni","title":"Disperato Amore","collectionfolder":"R.A.C","released":"2010"}
2016-04-11 16:46:12 INFO  CouchBasePersistenceImpl:206 - Document retrieved from view: 7a8b8648-f1da-45e0-9d7a-5219b0115672 - {"release_id":"372799","date added":"2011-05-15 05:48:45","artist":"Satyricon","catalog#":"Fog 003","format":"CD-Album-RP","rating":"5","label":"Moonfog Productions","title":"The Shadowthrone","collectionfolder":"Black Metal","released":"0"}
2016-04-11 16:46:12 INFO  CouchBasePersistenceImpl:206 - Document retrieved from view: 7b474202-93e0-4037-9734-f06ded270fa4 - {"release_id":"6228397","date added":"2016-02-14 11:45:14","artist":"Iron Maiden","catalog#":"2564624869","format":"LP-Album-RE-RM-180","label":"Parlophone","title":"Powerslave","collectionfolder":"Heavy Metal","released":"2014"}
2016-04-11 16:46:12 INFO  CouchBasePersistenceImpl:206 - Document retrieved from view: 7bf3cd2b-9f55-48ff-9eca-22faf6d70822 - {"release_id":"1143494","date added":"2011-08-21 07:04:30","artist":"Entwine","catalog#":"Naula 028 sp","collection style":"Gothic","format":"CD-Album-Ltd","rating":"2","label":"Spikefarm Records","title":"Time Of Despair","collectionfolder":"Gothic","released":"2002"}
2016-04-11 16:46:12 INFO  CouchBasePersistenceImpl:206 - Document retrieved from view: 7d272c96-6153-4f79-9958-e512a45b0eb7 - {"release_id":"848357","date added":"2011-05-14 06:13:59","artist":"Nekromantix","catalog#":"TOMB-CD 2001","format":"CD-Album-RP","rating":"3","label":"Tombstone Records (4)","title":"Hellbound","collectionfolder":"Psychobilly","released":"2001"}
2016-04-11 16:46:12 INFO  CouchBasePersistenceImpl:206 - Document retrieved from view: 7d5b1ff7-5d31-4f89-8c29-429cf86d7c0c - {"release_id":"1567889","date added":"2011-05-12 10:29:42","artist":"Celtic Frost","catalog#":"N 0325-2","collection style":"Black-Trash Metal","format":"CD-Album-RE-RM","rating":"5","label":"Noise Records","title":"Morbid Tales","collectionfolder":"Black-Trash Metal","released":"1999"}
2016-04-11 16:46:12 INFO  CouchBasePersistenceImpl:206 - Document retrieved from view: 7defa72d-ee3f-4a23-8e18-186fb907c65d - {"release_id":"4427565","date added":"2015-07-30 23:25:22","artist":"The Black Angels","catalog#":"BHV-16790-1","format":"LP-Album","label":"Blue Horizon (3)","title":"Indigo Meadow","collectionfolder":"Stoner Rock","released":"2013"}
2016-04-11 16:46:12 INFO  CouchBasePersistenceImpl:206 - Document retrieved from view: 7e631632-8e6e-43e0-b0c8-8403cb17ee1c - {"release_id":"3028144","date added":"2011-08-03 07:52:28","artist":"Fortress (6)","catalog#":"Micetrap 018","collection style":"R.A.C","format":"CD-Album","rating":"5","label":"Micetrap Records","title":"Live At Bar '33 - Helsinki-Finland","collectionfolder":"R.A.C","released":"2005"}
2016-04-11 16:46:12 INFO  CouchBasePersistenceImpl:206 - Document retrieved from view: 7f605fc9-dc15-4fa3-80f2-800b8f3a015b - {"release_id":"3284323","date added":"2013-08-18 05:23:27","artist":"Bound For Glory","catalog#":"none","collection style":"R.A.C","format":"CD-Album","rating":"3","label":"PC Records (2)","title":"Feed The Machine","collectionfolder":"R.A.C","released":"2011"}
2016-04-11 16:46:12 INFO  CouchBasePersistenceImpl:206 - Document retrieved from view: 7f898e24-ada8-4cbf-a8ad-cfff2b485ef6 - {"release_id":"1445109","date added":"2011-05-17 10:19:36","artist":"Sotto Fascia Semplice","catalog#":"RTP CD09 PR19","collection style":"R.A.C","format":"CD","rating":"3","label":"Rupe Tarpea Produzioni","title":"Perseo","collectionfolder":"R.A.C","released":"1999"}
2016-04-11 16:46:12 INFO  CouchBasePersistenceImpl:206 - Document retrieved from view: 801ae10b-5552-411c-a244-5116da092c0d - {"release_id":"771962","date added":"2011-05-11 11:55:38","artist":"Paradise Lost","catalog#":"CDMFN 152","format":"CD-Album-RP","rating":"5","label":"Music For Nations","title":"Icon","collectionfolder":"Gothic","released":"0"}
2016-04-11 16:46:12 INFO  CouchBasePersistenceImpl:206 - Document retrieved from view: 80eafddb-a91b-4cc3-ae69-1a6ce9ed1b1b - {"release_id":"3787825","date added":"2013-08-20 02:10:32","artist":"Deaths Head","catalog#":"PCD0026","collection style":"R.A.C","format":"CD-Album","rating":"2","label":"Panzerfaust Records","title":"Onslaught","collectionfolder":"R.A.C","released":"2001"}
2016-04-11 16:46:12 INFO  CouchBasePersistenceImpl:206 - Document retrieved from view: 8126a905-6b2d-4869-8f70-1497c8917d2c - {"release_id":"385967","date added":"2011-05-17 14:13:02","artist":"Böhse Onkelz","catalog#":"ME 530 CD","format":"CD-MiniAlbum","rating":"5","label":"Metal Enterprises","title":"Lügenmarsch","collectionfolder":"Hard Rock","released":"1989"}
2016-04-11 16:46:12 INFO  CouchBasePersistenceImpl:206 - Document retrieved from view: 81e3b55d-a27b-451d-8b99-f73ff988d768 - {"release_id":"107838","date added":"2011-05-26 11:55:24","artist":"Rammstein","catalog#":"537 304-2","collection style":"Industrial","format":"CD-Album-RE","rating":"4","label":"Motor Music","title":"Sehnsucht","collectionfolder":"Industrial","released":"1997"}
2016-04-11 16:46:12 INFO  CouchBasePersistenceImpl:206 - Document retrieved from view: 8208983b-425e-4e0b-8be5-9f1bc2c3b354 - {"release_id":"4326610","date added":"2016-02-11 22:53:23","artist":"Strike Back (3)","catalog#":"HAGAL011 -none","format":"CD-Album","label":"Hagal Records-Hate Records","title":"Gelobt Sei... Was Hart Macht","collectionfolder":"R.A.C","released":"1999"}
2016-04-11 16:46:12 INFO  CouchBasePersistenceImpl:206 - Document retrieved from view: 82402c7f-4303-4d78-a42e-d9e50fae85e3 - {"release_id":"2869206","date added":"2011-09-11 05:47:05","artist":"Konkwista 88","catalog#":"none","collection style":"R.A.C","format":"CDr-Album-Ltd-RE","rating":"4","label":"Celtic Sounds","title":"What Have You Done To The Cause?","collectionfolder":"R.A.C","released":"2003"}
2016-04-11 16:46:12 INFO  CouchBasePersistenceImpl:206 - Document retrieved from view: 833c8b9e-b1ea-48b6-9438-beb65b59dfd8 - {"release_id":"1722923","date added":"2011-05-23 12:58:35","artist":"Dead Can Dance","catalog#":"21091","format":"CD-Album","rating":"5","label":"Lyricon-Sonifolk-Beggars Banquet","title":"Spiritchaser","collectionfolder":"Ambiental","released":"1996"}
2016-04-11 16:46:12 INFO  CouchBasePersistenceImpl:206 - Document retrieved from view: 833ce7d3-ea5d-40e2-9153-b6ce5da9b2a6 - {"release_id":"596090","date added":"2011-05-13 08:36:41","artist":"Alice In Chains","catalog#":"50148 9","collection style":"Hard Rock","format":"DVD-V-PAL","rating":"5","label":"Columbia Music Video","title":"MTV Unplugged","collectionfolder":"Hard Rock","released":"1996"}
2016-04-11 16:46:12 INFO  CouchBasePersistenceImpl:206 - Document retrieved from view: 8437ffd3-4a6e-4aef-a1ea-fb544fd66db0 - {"release_id":"928086","date added":"2011-05-13 08:27:51","artist":"Danzig","catalog#":"NB 449-2-27361 6449-2","collection style":"Hard Rock","format":"CD-Album","rating":"3","label":"Nuclear Blast-Nuclear Blast","title":"Danzig 6:66 Satans Child","collectionfolder":"Hard Rock","released":"1999"}
2016-04-11 16:46:12 INFO  CouchBasePersistenceImpl:206 - Document retrieved from view: 85468947-7f88-4e76-a3cc-db3eef72232f - {"release_id":"197899","date added":"2011-05-28 06:22:09","artist":"Skinny Puppy","catalog#":"SPV 561-62797 DVD","collection style":"Industrial","format":"DVD-V-NTSC","rating":"3","label":"Synthetic Symphony","title":"Video Collection (1984-1992)","collectionfolder":"Industrial","released":"2001"}
2016-04-11 16:46:12 INFO  CouchBasePersistenceImpl:206 - Document retrieved from view: 8581329d-1339-48b2-834b-0c90ab31e71f - {"release_id":"3211375","date added":"2016-02-14 11:36:32","artist":"Necromantia","catalog#":"BLR/CD 027","format":"2xCD-Comp","label":"Black Lotus Records","title":"Covering Evil (12 Years Doing The Devil's Work)","collectionfolder":"Black Metal","released":"2001"}
2016-04-11 16:46:12 INFO  CouchBasePersistenceImpl:206 - Document retrieved from view: 85b19408-50aa-44ad-a671-f160bff480d0 - {"release_id":"379251","date added":"2011-05-11 11:59:34","artist":"Paradise Lost","catalog#":"CDKUT 150","format":"CD-Single","rating":"4","label":"Music For Nations","title":"As I Die","collectionfolder":"Gothic","released":"1992"}
2016-04-11 16:46:12 INFO  CouchBasePersistenceImpl:206 - Document retrieved from view: 864e8a66-4cd9-41cd-8967-2823ee9b1194 - {"release_id":"370214","date added":"2015-04-14 22:29:11","artist":"Grom (3)","catalog#":"Haken 005-VWR002","format":"CD-MiniAlbum","label":"Hakenkreuz Productions-Vinland Winds Records","title":"Pagan War Machine","collectionfolder":"Black Metal","released":"2001"}
2016-04-11 16:46:12 INFO  CouchBasePersistenceImpl:206 - Document retrieved from view: 87195d00-b82b-4182-9dbc-45f8a1de6b17 - {"release_id":"2274354","date added":"2011-05-11 14:34:42","artist":"Skrewdriver","catalog#":"ICD 88","collection style":"R.A.C","format":"CD-Comp","rating":"3","label":"ISD Records","title":"Land On Fire","collectionfolder":"R.A.C","released":"1994"}
2016-04-11 16:46:12 INFO  CouchBasePersistenceImpl:206 - Document retrieved from view: 87564db6-ae97-4462-a468-acd5e40ce71b - {"release_id":"951224","date added":"2011-05-17 14:23:11","artist":"Nine Inch Nails","catalog#":"0602517324237","collection style":"Industrial","format":"CD-Album-Dig","rating":"3","label":"Interscope Records","title":"Year Zero","collectionfolder":"Industrial","released":"2007"}
2016-04-11 16:46:12 INFO  CouchBasePersistenceImpl:206 - Document retrieved from view: 8783cdba-c148-4128-bebf-eaacbd53a4e8 - {"release_id":"399561","date added":"2011-05-17 13:41:40","artist":"The Gathering","catalog#":"PSYN0004CD","format":"CD-Album","rating":"5","label":"Psychonaut Records","title":"Souvenirs","collectionfolder":"Gothic","released":"2003"}
2016-04-11 16:46:12 INFO  CouchBasePersistenceImpl:206 - Document retrieved from view: 88a61217-4915-4d14-a1c0-cd398ace12c4 - {"release_id":"1515787","date added":"2015-04-14 22:50:26","artist":"Dark Tranquillity","catalog#":"77285-2D-77285-2LE","format":"CD-Album-Ltd-Dig","label":"Century Media-Century Media","title":"Projector","collectionfolder":"Doom Metal","released":"1999"}
2016-04-11 16:46:12 INFO  CouchBasePersistenceImpl:206 - Document retrieved from view: 89da1381-6886-449b-b33b-1afade95bc39 - {"release_id":"2772663","date added":"2013-08-14 06:17:49","artist":"Brutal Attack (2)","catalog#":"Svea 008","collection style":"R.A.C","format":"CD-Album","rating":"5","label":"Svea Musik","title":"Battle Anthem","collectionfolder":"R.A.C","released":"1996"}
2016-04-11 16:46:12 INFO  CouchBasePersistenceImpl:206 - Document retrieved from view: 8a590eea-2c7b-4b0a-98de-e936e5ee0300 - {"release_id":"1503010","date added":"2016-02-10 13:49:29","artist":"Ironweed","catalog#":"SS-085","format":"CD-Album","label":"Small Stone Records","title":"Indian Ladder","collectionfolder":"Stoner Rock","released":"2008"}
2016-04-11 16:46:12 INFO  CouchBasePersistenceImpl:206 - Document retrieved from view: 8b106e03-5f76-45c8-8772-fbc3c61a11aa - {"release_id":"2919148","date added":"2011-06-05 11:01:41","artist":"Might Of Rage","catalog#":"MCD EK003099","collection style":"R.A.C","format":"CD-EP","rating":"5","label":"Endzeit Klänge","title":"When The Storm Comes Down","collectionfolder":"R.A.C","released":"1999"}
2016-04-11 16:46:12 INFO  CouchBasePersistenceImpl:206 - Document retrieved from view: 8b529659-20b6-4cbd-9bfa-6d3f5cd5fcbb - {"release_id":"466367","date added":"2011-05-11 12:02:35","artist":"Paradise Lost","catalog#":"CDKUT 174","format":"CD-Single","rating":"3","label":"Music For Nations","title":"Say Just Words","collectionfolder":"Gothic","released":"1997"}
2016-04-11 16:46:12 INFO  CouchBasePersistenceImpl:206 - Document retrieved from view: 8c70ff5f-0b34-4caf-8486-fa66f7abdc48 - {"release_id":"448222","date added":"2011-05-17 14:22:53","artist":"Nine Inch Nails","catalog#":"0602498814390","collection style":"Industrial","format":"CD-Album-Dig","rating":"5","label":"Nothing Records","title":"With Teeth","collectionfolder":"Industrial","released":"2005"}
2016-04-11 16:46:12 INFO  CouchBasePersistenceImpl:206 - Document retrieved from view: 8d69e596-2579-4874-a3b0-8975544fed67 - {"release_id":"7399203","date added":"2015-12-25 10:52:37","artist":"Iron Maiden","catalog#":"0825646089208","format":"3xLP-Album-Ltd","label":"Parlophone","title":"The Book Of Souls","collectionfolder":"Heavy Metal","released":"2015"}
2016-04-11 16:46:12 INFO  CouchBasePersistenceImpl:206 - Document retrieved from view: 8da0c6b8-eda7-4727-adef-af4acaf1b76c - {"release_id":"1724322","date added":"2016-02-10 13:48:50","artist":"Brain Police (2)","catalog#":"SS-077","format":"CD-Album","label":"Small Stone Records","title":"Beyond The Wasteland","collectionfolder":"Stoner Rock","released":"2008"}
2016-04-11 16:46:12 INFO  CouchBasePersistenceImpl:206 - Document retrieved from view: 8f31f95e-ca66-4a3c-9aa7-e197c0a8c173 - {"release_id":"2489423","date added":"2011-05-17 14:21:28","artist":"Nine Inch Nails","catalog#":"261 314","collection style":"Industrial","format":"CD-Album","rating":"3","label":"Island Records-TVT Records","title":"Pretty Hate Machine","collectionfolder":"Industrial","released":"1989"}
2016-04-11 16:46:12 INFO  CouchBasePersistenceImpl:206 - Document retrieved from view: 90033b02-7f17-4f03-bd63-5b9cfeacc122 - {"release_id":"397102","date added":"2011-05-14 06:05:17","artist":"Monster Magnet","catalog#":"490 773-2","format":"CD-Album","rating":"5","label":"A&M Records","title":"God Says No","collectionfolder":"Stoner Rock","released":"2000"}
2016-04-11 16:46:12 INFO  CouchBasePersistenceImpl:206 - Document retrieved from view: 902f7560-592b-4c5d-a745-49da2b236bed - {"release_id":"2450341","date added":"2013-08-20 23:37:50","artist":"Estirpe Imperial","catalog#":"RT-7015","collection style":"R.A.C","format":"CD-Album","rating":"4","label":"Rata - Ta Ta Tá...","title":"Seguimos Vivos","collectionfolder":"R.A.C","released":"2000"}
2016-04-11 16:46:12 INFO  CouchBasePersistenceImpl:206 - Document retrieved from view: 909334ca-8371-425c-a06a-bc2a7074551a - {"release_id":"1611575","date added":"2011-06-04 05:54:07","artist":"George Thorogood & The Destroyers","catalog#":"0777 97718 2 0","format":"CD-Comp","rating":"5","label":"EMI Records USA","title":"The Baddest Of George Thorogood And The Destroyers","collectionfolder":"Blues Rock","released":"1992"}
2016-04-11 16:46:12 INFO  CouchBasePersistenceImpl:206 - Document retrieved from view: 91077c4a-dab5-4a8c-8057-3350633f6342 - {"release_id":"399689","date added":"2011-05-26 11:58:35","artist":"Rammstein","catalog#":"986 604-0","collection style":"Industrial","format":"DVD-V-PAL","rating":"5","label":"Motor Music","title":"Lichtspielhaus","collectionfolder":"Industrial","released":"2003"}
2016-04-11 16:46:12 INFO  CouchBasePersistenceImpl:206 - Document retrieved from view: 9115134f-75b0-458f-ba27-43f2c29db10c - {"release_id":"6317585","date added":"2016-02-14 11:49:07","artist":"Foscor","catalog#":"AR053LPS","format":"7-EP","label":"Alone Records (2)","title":"Graceful Pandora","collectionfolder":"Black Metal","released":"2014"}
2016-04-11 16:46:12 INFO  CouchBasePersistenceImpl:206 - Document retrieved from view: 912c8478-acdf-46fd-8eff-4528a4177686 - {"release_id":"228988","date added":"2011-05-17 13:58:36","artist":"Burzum","catalog#":"AMAZON 021-EYE 006","format":"CD-Album-Dig","rating":"3","label":"Misanthropy Records-Cymophane Productions","title":"Hliðskjálf","collectionfolder":"Ambiental","released":"1999"}
2016-04-11 16:46:12 INFO  CouchBasePersistenceImpl:206 - Document retrieved from view: 91703625-b50b-4713-98dd-9af33f461ddf - {"release_id":"1045102","date added":"2011-05-14 05:49:02","artist":"Glenn Danzig","catalog#":"EMA 61013-2","format":"CD-Album-RE","rating":"4","label":"E-Magine Entertainment","title":"Black Aria","collectionfolder":"Gothic","released":"2000"}
2016-04-11 16:46:12 INFO  CouchBasePersistenceImpl:206 - Document retrieved from view: 91a5ca85-19ba-488f-af5d-b1131b70f354 - {"release_id":"555836","date added":"2011-05-29 04:44:21","artist":"Sugar Ray (2)","catalog#":"7567-83006-2","collection style":"Hardcore","format":"CD-Album","rating":"4","label":"Lava-Atlantic","title":"Floored","collectionfolder":"Hardcore","released":"1997"}
2016-04-11 16:46:12 INFO  CouchBasePersistenceImpl:206 - Document retrieved from view: 92f12c25-3758-4676-828b-b6e29e3b028a - {"release_id":"2917516","date added":"2011-06-04 11:46:45","artist":"Squadron","catalog#":"88CD 011","collection style":"R.A.C","format":"CD-Comp","rating":"4","label":"Nordland","title":"Decade Of Defiance 1985 - 1995","collectionfolder":"R.A.C","released":"1995"}
2016-04-11 16:46:12 INFO  CouchBasePersistenceImpl:206 - Document retrieved from view: 931ae8b6-fed7-49bc-a361-e84469c348b2 - {"release_id":"1666774","date added":"2011-05-14 06:27:37","artist":"The Hellacopters","catalog#":"JAZZ023LCD","format":"CD-Maxi-Enh","rating":"3","label":"White Jazz Records","title":"Move Right Out Of Here","collectionfolder":"R´N´R","released":"1999"}
2016-04-11 16:46:12 INFO  CouchBasePersistenceImpl:206 - Document retrieved from view: 936624ff-120d-4806-8692-ae2984f147d9 - {"release_id":"1503026","date added":"2016-02-10 13:48:20","artist":"Roadsaw","catalog#":"SS-082","format":"CD-Album","label":"Small Stone Records","title":"See You In Hell!","collectionfolder":"Stoner Rock","released":"2008"}
2016-04-11 16:46:12 INFO  CouchBasePersistenceImpl:206 - Document retrieved from view: 9376d839-cfc3-4c2a-bf27-6f88d37ad88d - {"release_id":"1619820","date added":"2015-04-14 22:46:10","artist":"Various","catalog#":"none","format":"CD-Comp","label":"Panzerfaust Records","title":"Rock Against Communism Volume 1","collectionfolder":"R.A.C","released":"1999"}
2016-04-11 16:46:12 INFO  CouchBasePersistenceImpl:206 - Document retrieved from view: 947559e6-3126-432f-9b69-3e3621721a6c - {"release_id":"951984","date added":"2011-05-11 12:01:06","artist":"Paradise Lost","catalog#":"TMFN 152","format":"Cass-Album","rating":"5","label":"Music For Nations","title":"Icon","collectionfolder":"Gothic","released":"1993"}
2016-04-11 16:46:12 INFO  CouchBasePersistenceImpl:206 - Document retrieved from view: 94b3a514-58c6-49a6-aba6-24ca6bb1139d - {"release_id":"2614089","date added":"2013-08-20 01:47:54","artist":"Ledung","catalog#":"MIDCD 007","collection style":"R.A.C","format":"CD-Album","rating":"2","label":"Midgård Records","title":"Loyalty","collectionfolder":"R.A.C","released":"1998"}
2016-04-11 16:46:12 INFO  CouchBasePersistenceImpl:206 - Document retrieved from view: 951ecf07-c026-4a13-8e2d-3802a0c376c5 - {"release_id":"1945048","date added":"2013-01-08 23:27:22","artist":"A.D.L.122","catalog#":"CD00595","format":"CD-Album","rating":"1","label":"Tuono Records","title":"L'angelo Della Morte","collectionfolder":"R.A.C","released":"1996"}
2016-04-11 16:46:12 INFO  CouchBasePersistenceImpl:206 - Document retrieved from view: 95a2e90a-8910-435c-a25d-d094d83444c7 - {"release_id":"2055300","date added":"2011-05-26 11:58:16","artist":"Rammstein","catalog#":"061 071-2","collection style":"Industrial","format":"DVD","rating":"5","label":"Motor","title":"Live Aus Berlin","collectionfolder":"Industrial","released":"1999"}
2016-04-11 16:46:12 INFO  CouchBasePersistenceImpl:206 - Document retrieved from view: 95d2192b-c0e3-4562-a4c8-0dbdc56930be - {"release_id":"6327398","date added":"2016-02-14 11:46:02","artist":"Iron Maiden","catalog#":"2564624849","format":"LP-Album-RE-RM-180","label":"Parlophone","title":"Seventh Son Of A Seventh Son","collectionfolder":"Heavy Metal","released":"2014"}
2016-04-11 16:46:12 INFO  CouchBasePersistenceImpl:206 - Document retrieved from view: 95e52b20-9041-44b4-a9f6-fd519215805f - {"release_id":"385921","date added":"2011-05-17 14:14:33","artist":"Böhse Onkelz","catalog#":"7243 846524 2 5","format":"CD-Album-Dig","rating":"3","label":"Onkelz Productions","title":"Viva Los Tioz","collectionfolder":"Hard Rock","released":"1998"}
2016-04-11 16:46:12 INFO  CouchBasePersistenceImpl:206 - Document retrieved from view: 98615bbc-5d0b-445a-85bc-dcdd5747355c - {"release_id":"382245","date added":"2011-05-13 08:34:50","artist":"Alice In Chains","catalog#":"481114 2-COL 481114 2","collection style":"Hard Rock","format":"CD-Album","rating":"3","label":"Columbia-Columbia","title":"Alice In Chains","collectionfolder":"Hard Rock","released":"1995"}
2016-04-11 16:46:12 INFO  CouchBasePersistenceImpl:206 - Document retrieved from view: 98c9fe02-78a6-461d-8d09-68f5b7323379 - {"release_id":"2008555","date added":"2014-06-03 07:37:01","artist":"Bruce Dickinson","catalog#":"SMEDD197","format":"2xCD-Album-RE-RM","label":"Sanctuary Midline","title":"Accident Of Birth","collectionfolder":"Heavy Metal","released":"2005"}
2016-04-11 16:46:12 INFO  CouchBasePersistenceImpl:206 - Document retrieved from view: 98e46629-87c5-4b64-a6e0-8bc6409427af - {"release_id":"486527","date added":"2011-05-15 06:29:19","artist":"Down (3)","catalog#":"61830-2","format":"CD-Album","rating":"5","label":"EastWest","title":"NOLA","collectionfolder":"Southern Rock","released":"1995"}
2016-04-11 16:46:12 INFO  CouchBasePersistenceImpl:206 - Document retrieved from view: 9943f687-438e-4a66-afd8-423488cc938b - {"release_id":"392018","date added":"2011-05-17 13:58:05","artist":"The Jesus And Mary Chain","catalog#":"9031-76554-2","format":"CD-Album","rating":"5","label":"Blanco Y Negro","title":"Honey's Dead","collectionfolder":"Gothic","released":"1992"}
2016-04-11 16:46:12 INFO  CouchBasePersistenceImpl:206 - Document retrieved from view: 99683942-d54c-4c97-8076-d0c270807857 - {"release_id":"982536","date added":"2011-05-13 08:34:33","artist":"Alice In Chains","catalog#":"472330 2-COL 472330 2-01-472330-10","collection style":"Hard Rock","format":"CD-Album","rating":"3","label":"Columbia-Columbia-Columbia","title":"Dirt","collectionfolder":"Hard Rock","released":"1992"}
2016-04-11 16:46:12 INFO  CouchBasePersistenceImpl:206 - Document retrieved from view: 99b1aed3-ee4e-4269-bd0a-0e39ce569b38 - {"release_id":"562404","date added":"2011-08-21 07:28:17","artist":"Depeche Mode","catalog#":"74321 17574 2-74321 175742","format":"CD-Album","rating":"5","label":"Mute-RCA-BMG","title":"Songs Of Faith And Devotion (Live)","collectionfolder":"Electronic","released":"1993"}
2016-04-11 16:46:12 INFO  CouchBasePersistenceImpl:206 - Document retrieved from view: 9aa7727d-abca-4c00-a7b5-dae49ce50960 - {"release_id":"3046971","date added":"2011-08-17 02:12:03","artist":"Fortress (6)","catalog#":"G.W.P. 002","collection style":"R.A.C","format":"CD-Album","rating":"5","label":"Great White Productions","title":"The Fires Of Our Rage","collectionfolder":"R.A.C","released":"1999"}
2016-04-11 16:46:12 INFO  CouchBasePersistenceImpl:206 - Document retrieved from view: 9b0f3fbc-04d4-473b-bac2-74da352e4554 - {"release_id":"1137792","date added":"2011-05-17 13:45:46","artist":"Theatre Of Tragedy","catalog#":"MAS CD0159","format":"CD-Album","rating":"5","label":"Swanlake Records","title":"Aégis","collectionfolder":"Gothic","released":"1998"}
2016-04-11 16:46:12 INFO  CouchBasePersistenceImpl:206 - Document retrieved from view: 9b213a1d-9951-4680-b1b9-2308b3d0e491 - {"release_id":"1404071","date added":"2011-05-17 14:23:36","artist":"Nine Inch Nails","catalog#":"Halo 27 CD-LE","collection style":"Industrial","format":"CD-Album + DVD-V-NTSC + Ltd-Num","rating":"5","label":"The Null Corporation","title":"The Slip","collectionfolder":"Industrial","released":"2008"}
2016-04-11 16:46:12 INFO  CouchBasePersistenceImpl:206 - Document retrieved from view: 9b7ffc2f-a74e-480b-9f2b-9d46a1785904 - {"release_id":"2929633","date added":"2016-02-14 00:51:44","artist":"Warhead (6)","catalog#":"UR CD 002","format":"CD-Album","label":"Ultima Records","title":"Defenders Of The Blood","collectionfolder":"Black Metal","released":"2001"}
2016-04-11 16:46:12 INFO  CouchBasePersistenceImpl:206 - Document retrieved from view: 9b845b6b-0aac-45b0-b937-4b29960630a3 - {"release_id":"253284","date added":"2011-05-28 06:20:09","artist":"Skinny Puppy","catalog#":"SPV 085-63722 CD","collection style":"Industrial","format":"CD-Album-Dig","rating":"5","label":"Synthetic Symphony-Hell-O Deathday Records","title":"The Greater Wrong Of The Right","collectionfolder":"Industrial","released":"2004"}
2016-04-11 16:46:12 INFO  CouchBasePersistenceImpl:206 - Document retrieved from view: 9b9fc51a-e34d-4430-990c-cc940c808e9b - {"release_id":"490949","date added":"2011-05-28 07:07:58","artist":"Spearhead (2)","catalog#":"RAM-4","collection style":"R.A.C","format":"CD","rating":"3","label":"Rampage Productions","title":"Stand Your Ground","collectionfolder":"R.A.C","released":"2000"}
2016-04-11 16:46:12 INFO  CouchBasePersistenceImpl:206 - Document retrieved from view: 9be2a48d-8f22-4bfe-baf2-00d88c273fca - {"release_id":"906382","date added":"2011-05-14 06:07:00","artist":"Monster Magnet","catalog#":"SPV 99642 CD","format":"CD-Album-RE","rating":"5","label":"Steamhammer","title":"Spine Of God","collectionfolder":"Stoner Rock","released":"2006"}
2016-04-11 16:46:12 INFO  CouchBasePersistenceImpl:206 - Document retrieved from view: 9c9d46ec-bbae-4bef-a667-81fe689f3ca4 - {"release_id":"2505192","date added":"2013-08-20 23:43:15","artist":"Céltica","catalog#":"RT-7010","collection style":"R.A.C","format":"CD-Album","rating":"5","label":"Rata - Ta Ta Tá...","title":"Céltica","collectionfolder":"R.A.C","released":"1998"}
2016-04-11 16:46:12 INFO  CouchBasePersistenceImpl:206 - Document retrieved from view: 9d7f8c89-3d4b-4d71-a737-d7c2ad0241e8 - {"release_id":"173256","date added":"2011-05-17 13:37:05","artist":"Laibach","catalog#":"CDStumm136","format":"CD-Album","rating":"5","label":"Mute","title":"Jesus Christ Superstars","collectionfolder":"Industrial","released":"1996"}
2016-04-11 16:46:12 INFO  CouchBasePersistenceImpl:206 - Document retrieved from view: 9ecc9612-c4b7-4788-af5e-dc5d46deb723 - {"release_id":"2706856","date added":"2016-02-14 11:24:54","artist":"Rabauken","catalog#":"DIM 031","format":"CD-Album","label":"Dim Records","title":"All' Die Jahre ...","collectionfolder":"R.A.C","released":"1996"}
2016-04-11 16:46:12 INFO  CouchBasePersistenceImpl:206 - Document retrieved from view: 9f02d31e-d084-4ec1-ae6e-6209bd2d77db - {"release_id":"3277800","date added":"2015-02-19 23:54:04","artist":"Eye Of Odin","catalog#":"OC1","format":"CD-Album","label":"Odin's Chosen Production","title":"Odin's Chosen","collectionfolder":"R.A.C","released":"0"}
2016-04-11 16:46:12 INFO  CouchBasePersistenceImpl:206 - Document retrieved from view: 9f02f9cb-2a8b-4f4a-8395-36cd0db7fca3 - {"release_id":"8112114","date added":"2016-03-02 06:52:58","artist":"Monster Magnet","catalog#":"SPINE363784","format":"2xLP-Album-RE-RM","label":"Spinefarm Records","title":"God Says No","collectionfolder":"Uncategorized","released":"2016"}
2016-04-11 16:46:12 INFO  CouchBasePersistenceImpl:206 - Document retrieved from view: 9f71b691-35fd-46e4-bf37-0fc6d394ad38 - {"release_id":"148315","date added":"2011-05-23 13:03:32","artist":"Der Blutharsch","catalog#":"WKN 15","format":"CD-Album","rating":"5","label":"WKN","title":"When All Else Fails!","collectionfolder":"Ambiental","released":"2001"}
2016-04-11 16:46:12 INFO  CouchBasePersistenceImpl:206 - Document retrieved from view: a05778a7-6fc4-46f1-9f39-7061f1957c83 - {"release_id":"538495","date added":"2011-05-15 06:29:50","artist":"Down (3)","catalog#":"62745-2","format":"CD-Album","rating":"5","label":"Elektra","title":"Down II (A Bustle In Your Hedgerow...)","collectionfolder":"Southern Rock","released":"2002"}
2016-04-11 16:46:12 INFO  CouchBasePersistenceImpl:206 - Document retrieved from view: a08fe038-90f9-4e0f-be89-28b6bdd1b4ca - {"release_id":"725102","date added":"2011-05-17 13:34:57","artist":"Laibach","catalog#":"CD MRED 67","format":"CD-Album","rating":"5","label":"Cherry Red","title":"Nova Akropola","collectionfolder":"Industrial","released":"1988"}
2016-04-11 16:46:12 INFO  CouchBasePersistenceImpl:206 - Document retrieved from view: a0b082b8-b441-4809-be71-8f08bfd59bd3 - {"release_id":"1883118","date added":"2016-02-14 11:19:17","artist":"Ancient Rites (2)","catalog#":"HHR074","format":"CD-Album-Ltd-Dig","label":"Hammerheart Records","title":"Dim Carcosa","collectionfolder":"Gothic","released":"2001"}
2016-04-11 16:46:12 INFO  CouchBasePersistenceImpl:206 - Document retrieved from view: a15ba8f8-b1c6-408e-9401-adc759d5a8f6 - {"release_id":"2905299","date added":"2011-05-28 08:11:23","artist":"Excalibur (6)","catalog#":"MOVEMENT 023","collection style":"R.A.C","format":"CD-Album","rating":"4","label":"Movement Records (6)","title":"The Water-The Soil & The Sand","collectionfolder":"R.A.C","released":"2001"}
2016-04-11 16:46:12 INFO  CouchBasePersistenceImpl:206 - Document retrieved from view: a173d0d5-b249-4579-8f8e-1b7cde218c12 - {"release_id":"4277192","date added":"2013-08-18 05:25:46","artist":"Various","catalog#":"EK002099","collection style":"R.A.C","format":"CD-Comp","rating":"3","label":"Endzeit Klänge","title":"Endzeit - Was Gut Ist-Kommt Wieder!","collectionfolder":"R.A.C","released":"2002"}
2016-04-11 16:46:12 INFO  CouchBasePersistenceImpl:206 - Document retrieved from view: a1a2e2db-5383-48ac-9475-ecce0f0333f1 - {"test":"couchbase persistence test"}
2016-04-11 16:46:12 INFO  CouchBasePersistenceImpl:206 - Document retrieved from view: a2094286-eff5-46a3-8266-3111ee540610 - {"release_id":"6226812","date added":"2016-02-14 11:44:07","artist":"Iron Maiden","catalog#":"2564624882-EMA800","format":"LP-Album-RE-Gat","label":"Parlophone-Parlophone","title":"Piece Of Mind","collectionfolder":"Heavy Metal","released":"2014"}
2016-04-11 16:46:12 INFO  CouchBasePersistenceImpl:206 - Document retrieved from view: a22e9c52-c055-4cc5-bc0e-4e5ca037ffc8 - {"release_id":"3418834","date added":"2012-10-07 07:07:17","artist":"Vallenfyre","catalog#":"8764-2","collection style":"Death Metal","format":"CD-Album","rating":"5","label":"Century Media","title":"A Fragile King","collectionfolder":"Death Metal","released":"2011"}
2016-04-11 16:46:12 INFO  CouchBasePersistenceImpl:206 - Document retrieved from view: a230229c-1b61-494b-b393-5bb43469e7aa - {"release_id":"382990","date added":"2011-05-13 08:39:18","artist":"Guns N' Roses","catalog#":"GES 19039","collection style":"Hard Rock","format":"7-Single","rating":"5","label":"Geffen Records","title":"You Could Be Mine","collectionfolder":"Hard Rock","released":"1991"}
2016-04-11 16:46:12 INFO  CouchBasePersistenceImpl:206 - Document retrieved from view: a2ddab75-6bbe-4e17-a32a-9c42f1916894 - {"release_id":"3988088","date added":"2013-08-21 00:04:38","artist":"Various","catalog#":"RTP CD03 PR 10","collection style":"R.A.C","format":"CD-Comp","rating":"5","label":"Rupe Tarpea Produzioni","title":"Tributo A Janus","collectionfolder":"R.A.C","released":"1996"}
2016-04-11 16:46:12 INFO  CouchBasePersistenceImpl:206 - Document retrieved from view: a300ef92-c42e-442a-85c6-4c26344a5d33 - {"release_id":"887553","date added":"2011-05-11 12:04:17","artist":"Paradise Lost","catalog#":"SFRSCD114","format":"CD-Comp","rating":"4","label":"Strange Fruit","title":"At The BBC","collectionfolder":"Gothic","released":"2003"}
2016-04-11 16:46:12 INFO  CouchBasePersistenceImpl:206 - Document retrieved from view: a3f5ca74-8e3c-46ee-884e-780ad1691f5b - {"release_id":"1621587","date added":"2011-05-23 12:13:35","artist":"Ravenous (2)","catalog#":"MIDCD027","collection style":"R.A.C","format":"CD-Album","rating":"4","label":"Midgård Records","title":"Blind Faith","collectionfolder":"R.A.C","released":"2001"}
2016-04-11 16:46:12 INFO  CouchBasePersistenceImpl:206 - Document retrieved from view: a608d2b5-ef48-44c5-b67e-ab43fca4c409 - {"release_id":"4365901","date added":"2014-02-10 23:04:12","artist":"Nick Cave & The Bad Seeds","catalog#":"BS001CD","format":"CD-Album","label":"Bad Seed Ltd.","title":"Push The Sky Away","collectionfolder":"Blues Rock","released":"2013"}
2016-04-11 16:46:12 INFO  CouchBasePersistenceImpl:206 - Document retrieved from view: a61a2a01-a680-4e38-96ee-582f59814739 - {"release_id":"385971","date added":"2011-05-17 14:13:19","artist":"Böhse Onkelz","catalog#":"ME 555 CD","format":"CD-Album","rating":"5","label":"Metal Enterprises","title":"Es Ist Soweit","collectionfolder":"Hard Rock","released":"1990"}
2016-04-11 16:46:12 INFO  CouchBasePersistenceImpl:206 - Document retrieved from view: a61d6533-e0b1-4d49-b9c3-33771b74d122 - {"release_id":"2878496","date added":"2015-04-19 22:00:53","artist":"Sin City Six","catalog#":"LM-063","format":"LP-Album","label":"Locomotive Music","title":"Sin City Six","collectionfolder":"Hard Rock","released":"2000"}
2016-04-11 16:46:12 INFO  CouchBasePersistenceImpl:206 - Document retrieved from view: a658ae54-9473-4526-8ea0-2683a1d590c8 - {"release_id":"3911830","date added":"2015-04-15 22:12:59","artist":"Fight","catalog#":"ET 66649","format":"Cass-Album","label":"Epic","title":"A Small Deadly Space","collectionfolder":"Sludge Metal","released":"1995"}
2016-04-11 16:46:12 INFO  CouchBasePersistenceImpl:206 - Document retrieved from view: a6de3df0-509f-40b2-847a-22f5f24a1f85 - {"release_id":"2559333","date added":"2011-05-28 06:26:35","artist":"Various","catalog#":"RED TK 107","collection style":"Oi!","format":"3xCD-Comp + Box","rating":"5","label":"Dressed To Kill","title":"Lords Of Oi!","collectionfolder":"Oi!","released":"1997"}
2016-04-11 16:46:12 INFO  CouchBasePersistenceImpl:206 - Document retrieved from view: a72186bf-86db-450a-8251-3fe72fe56379 - {"release_id":"1289716","date added":"2016-02-14 11:21:05","artist":"Nude (4)","catalog#":"RAR 004-2-SC 039-2","format":"CD-Album","label":"Radar Records (4)-Scarlet","title":"Cities And Faces","collectionfolder":"Electronic","released":"2001"}
2016-04-11 16:46:12 INFO  CouchBasePersistenceImpl:206 - Document retrieved from view: a7306d9d-f9ad-405f-bd3f-2f293b7824eb - {"release_id":"7066288","date added":"2015-06-03 11:51:59","artist":"Paradise Lost","catalog#":"9985551","format":"LP + LP-S/Sided-Etch + Album-180","label":"Century Media","title":"The Plague Within","collectionfolder":"Doom Metal","released":"2015"}
2016-04-11 16:46:12 INFO  CouchBasePersistenceImpl:206 - Document retrieved from view: a7ad6509-4717-4274-ac7b-74e8c474dd6c - {"release_id":"4154064","date added":"2013-01-08 00:57:49","artist":"Kreuzfeuer","catalog#":"FF 006","collection style":"R.A.C","format":"CD-Album","rating":"2","label":"Foier Frei","title":"Zurück-Um Zu Verletzen","collectionfolder":"R.A.C","released":"1998"}
2016-04-11 16:46:12 INFO  CouchBasePersistenceImpl:206 - Document retrieved from view: a8006d6d-9a64-480a-b412-a6979c8540e0 - {"release_id":"681459","date added":"2011-05-17 13:43:45","artist":"Nightwish","catalog#":"064 525-2","format":"CD-Album-RP","rating":"5","label":"Spinefarm Records","title":"Wishmaster","collectionfolder":"Gothic","released":"0"}
2016-04-11 16:46:12 INFO  CouchBasePersistenceImpl:206 - Document retrieved from view: a85c71c4-46b4-4e97-a681-c11128deb8c4 - {"release_id":"1118429","date added":"2011-05-13 08:28:24","artist":"Danzig","catalog#":"RR 046","collection style":"Hard Rock","format":"CD-Album","rating":"3","label":"Regain Records","title":"Circle Of Snakes","collectionfolder":"Hard Rock","released":"2004"}
2016-04-11 16:46:12 INFO  CouchBasePersistenceImpl:206 - Document retrieved from view: a87e90b1-de5e-4cf9-978b-eef553eb0b6d - {"release_id":"2203826","date added":"2015-08-01 03:29:56","artist":"ZZ Top","catalog#":"56603","format":"LP-Album-RE","label":"Warner Bros. Records","title":"Tres Hombres","collectionfolder":"Southern Rock","released":"1984"}
2016-04-11 16:46:12 INFO  CouchBasePersistenceImpl:206 - Document retrieved from view: aa4bc24c-8a9f-4450-908d-d849b9af8b0a - {"release_id":"4141240","date added":"2013-08-14 06:21:57","artist":"Metallica","catalog#":"BLCKND002","collection style":"Trash Metal","format":"Blu-ray-Multichannel","rating":"4","label":"Blackened Recordings","title":"Quebec Magnetic","collectionfolder":"Trash Metal","released":"2012"}
2016-04-11 16:46:12 INFO  CouchBasePersistenceImpl:206 - Document retrieved from view: aacf39b9-bad2-4093-ba58-b51a28d5a163 - {"release_id":"7461543","date added":"2015-09-14 11:17:18","artist":"Slayer","catalog#":"NB 3359-1-27361 33591","format":"LP-Album","label":"Nuclear Blast-Nuclear Blast","title":"Repentless","collectionfolder":"Trash Metal","released":"2015"}
2016-04-11 16:46:12 INFO  CouchBasePersistenceImpl:206 - Document retrieved from view: ab19a693-83d7-4972-b77f-26b9e4b4822b - {"release_id":"385962","date added":"2011-05-17 14:12:30","artist":"Böhse Onkelz","catalog#":"ME 519 CD","format":"CD-Album","rating":"5","label":"Metal Enterprises","title":"Kneipenterroristen","collectionfolder":"Hard Rock","released":"1988"}
2016-04-11 16:46:12 INFO  CouchBasePersistenceImpl:206 - Document retrieved from view: abccd0a8-651a-4d1b-9983-d4fbbc3493ec - {"release_id":"48932","date added":"2011-05-23 13:02:30","artist":"Der Blutharsch","catalog#":"WKN 14","format":"CD-Album-RE","rating":"5","label":"WKN","title":"Der Blutharsch","collectionfolder":"Ambiental","released":"2001"}
2016-04-11 16:46:12 INFO  CouchBasePersistenceImpl:206 - Document retrieved from view: ac44ff05-a3c2-4d62-829e-faa32f858399 - {"release_id":"682735","date added":"2011-05-12 10:34:47","artist":"Samhain","catalog#":"PL9-CD10-PL9-CD 10","format":"CD-Album","rating":"5","label":"Plan 9-Plan 9","title":"Final Descent","collectionfolder":"Punk","released":"1990"}
2016-04-11 16:46:12 INFO  CouchBasePersistenceImpl:206 - Document retrieved from view: ad280d02-1c74-4818-acc3-9eaa10f2eca5 - {"release_id":"511451","date added":"2011-05-17 13:50:57","artist":"Insomnium","catalog#":"CDL 0030 CD","format":"CD-Album","rating":"2","label":"Candlelight Records USA","title":"In The Halls Of Awaiting","collectionfolder":"Gothic","released":"2004"}
2016-04-11 16:46:12 INFO  CouchBasePersistenceImpl:206 - Document retrieved from view: ad9f76c4-2ac7-4d0b-9a7f-fbfd6435f954 - {"release_id":"370488","date added":"2011-05-14 06:06:12","artist":"Monster Magnet","catalog#":"540 315-2","format":"CD-Album","rating":"5","label":"A&M Records","title":"Dopes To Infinity","collectionfolder":"Stoner Rock","released":"1995"}
2016-04-11 16:46:12 INFO  CouchBasePersistenceImpl:206 - Document retrieved from view: ae52b9c3-1571-4024-8374-9346ce509448 - {"release_id":"3847612","date added":"2013-08-21 05:49:00","artist":"Holsteiner Jungs","catalog#":"WALCD 115","collection style":"R.A.C","format":"CD-Album","rating":"3","label":"Walhalla Records (3)","title":"Hass Im Gesicht","collectionfolder":"R.A.C","released":"1997"}
2016-04-11 16:46:12 INFO  CouchBasePersistenceImpl:206 - Document retrieved from view: ae55f1c0-1a68-493d-ae9c-b32167818ef7 - {"release_id":"390036","date added":"2011-05-17 14:13:53","artist":"Böhse Onkelz","catalog#":"7243 8409012 8","format":"CD-Album","rating":"2","label":"Onkelz Productions-Virgin","title":"Hier Sind Die Onkelz","collectionfolder":"Hard Rock","released":"1995"}
2016-04-11 16:46:12 INFO  CouchBasePersistenceImpl:206 - Document retrieved from view: ae6ab5b3-4ac1-446a-a202-2ad85bb20e7d - {"release_id":"490641","date added":"2011-05-12 10:30:08","artist":"Celtic Frost","catalog#":"N 0031-3","collection style":"Black-Trash Metal","format":"CD-Album","rating":"4","label":"Noise International","title":"To Mega Therion","collectionfolder":"Black-Trash Metal","released":"1988"}
2016-04-11 16:46:12 INFO  CouchBasePersistenceImpl:206 - Document retrieved from view: aebe91ef-6f36-4b97-96b0-6211187d5393 - {"release_id":"1808215","date added":"2011-05-17 13:42:32","artist":"Lacuna Coil","catalog#":"77460-2","format":"CD-Album-Enh","rating":"3","label":"Century Media","title":"Comalies","collectionfolder":"Gothic","released":"2002"}
2016-04-11 16:46:12 INFO  CouchBasePersistenceImpl:206 - Document retrieved from view: b0653f2a-75b6-4322-b6b2-c1a00f81fce7 - {"release_id":"1660691","date added":"2011-05-11 12:09:32","artist":"Bound For Glory","catalog#":"BFG 0077-2","collection style":"R.A.C","format":"CD-Album","rating":"5","label":"BFG Productions","title":"Behold The Iron Cross","collectionfolder":"R.A.C","released":"1996"}
2016-04-11 16:46:12 INFO  CouchBasePersistenceImpl:206 - Document retrieved from view: b0926a55-f5fd-4bd9-9a4f-154399d6334b - {"release_id":"2831468","date added":"2013-08-22 22:47:28","artist":"Decibelios","catalog#":"06301561402","collection style":"Oi!","format":"CD-Album-RE","rating":"5","label":"DRO","title":"Caldo De Pollo","collectionfolder":"Oi!","released":"1996"}
2016-04-11 16:46:12 INFO  CouchBasePersistenceImpl:206 - Document retrieved from view: b092cfc3-c88a-4a2a-a9f3-fac7f7e5e709 - {"release_id":"49001","date added":"2011-05-26 12:12:08","artist":"Apoptose","catalog#":"TESCO 052","format":"CD-Album-Ltd-1st","rating":"5","label":"Tesco Organisation","title":"Blutopfer","collectionfolder":"Ambiental","released":"2002"}
2016-04-11 16:46:12 INFO  CouchBasePersistenceImpl:206 - Document retrieved from view: b0b050e4-755a-45e9-8900-ac5d0617f2ff - {"release_id":"48945","date added":"2011-05-23 13:02:49","artist":"Der Blutharsch","catalog#":"WKN 8","format":"CD-Album-1st","rating":"5","label":"WKN","title":"The Pleasures Received In Pain","collectionfolder":"Ambiental","released":"1999"}
2016-04-11 16:46:12 INFO  CouchBasePersistenceImpl:206 - Document retrieved from view: b1043994-467c-4918-a8f9-7f3bb8615805 - {"release_id":"4942141","date added":"2015-04-22 23:18:33","artist":"Konkwista 88","catalog#":"PIT 026","format":"CD-Album","label":"PIT Records","title":"Break The Chains","collectionfolder":"R.A.C","released":"2002"}
2016-04-11 16:46:12 INFO  CouchBasePersistenceImpl:206 - Document retrieved from view: b117c3fe-a2b9-40c3-b1fe-738e9196354e - {"release_id":"1605589","date added":"2011-05-15 04:26:01","artist":"Metallica","catalog#":"836062-2-none","format":"CD-Album","rating":"5","label":"Vertigo-Phonogram","title":"...And Justice For All","collectionfolder":"Trash Metal","released":"1988"}
2016-04-11 16:46:12 INFO  CouchBasePersistenceImpl:206 - Document retrieved from view: b12bb451-8437-4cdd-942b-7a2e7f99ed6e - {"release_id":"1616948","date added":"2013-08-14 06:04:59","artist":"Skrewdriver","catalog#":"ALCD 4","collection style":"R.A.C","format":"CD-Album","rating":"3","label":"ALCD","title":"Hail Victory","collectionfolder":"R.A.C","released":"1994"}
2016-04-11 16:46:12 INFO  CouchBasePersistenceImpl:206 - Document retrieved from view: b24a5550-5d04-4a34-b207-8f91bbb42c4d - {"release_id":"367113","date added":"2011-05-11 14:09:17","artist":"Pantera","catalog#":"91758-2","format":"CD-Album","rating":"5","label":"ATCO Records","title":"Vulgar Display Of Power","collectionfolder":"Sludge Metal","released":"1992"}
2016-04-11 16:46:12 INFO  CouchBasePersistenceImpl:206 - Document retrieved from view: b28c8a3d-4e96-4b7c-8949-0f2ef37e62e5 - {"release_id":"3559959","date added":"2012-04-25 23:24:25","artist":"Paradise Lost","catalog#":"9981590","collection style":"Gothic","format":"CD-Album-Dig + CD-EP + Box-Ltd","rating":"5","label":"Century Media","title":"Tragic Idol","collectionfolder":"Gothic","released":"2012"}
2016-04-11 16:46:12 INFO  CouchBasePersistenceImpl:206 - Document retrieved from view: b2b5f059-d5db-4edd-86bd-b238f6f13ca6 - {"release_id":"581314","date added":"2013-08-21 00:34:27","artist":"Thunderbolt (2) / Kataxu","catalog#":"AR 001CD","collection style":"Black Metal","format":"CD-Comp","rating":"2","label":"Ancestral Research Records","title":"Black Clouds Over Dark Majesty / Roots Thunder","collectionfolder":"Black Metal","released":"2000"}
2016-04-11 16:46:12 INFO  CouchBasePersistenceImpl:206 - Document retrieved from view: b3734cd8-9cc4-4851-aa9a-f6a0754ae091 - {"release_id":"1516668","date added":"2011-05-13 08:27:04","artist":"Danzig","catalog#":"50-51011-7378-2-4","collection style":"Hard Rock","format":"CD-Album-RE","rating":"5","label":"American Recordings","title":"Danzig 4P","collectionfolder":"Hard Rock","released":"2006"}
2016-04-11 16:46:12 INFO  CouchBasePersistenceImpl:206 - Document retrieved from view: b3b82ee1-e900-4931-b38c-90369595b1e2 - {"release_id":"2076092","date added":"2011-05-15 04:30:47","artist":"Metallica","catalog#":"00602517840201","format":"CD-Album","rating":"5","label":"Vertigo","title":"Death Magnetic","collectionfolder":"Trash Metal","released":"2008"}
2016-04-11 16:46:12 INFO  CouchBasePersistenceImpl:206 - Document retrieved from view: b3e6ea92-c697-4c71-8047-30b4660d7c36 - {"release_id":"369742","date added":"2013-08-21 00:31:48","artist":"Graveland","catalog#":"ED-1","collection style":"Black Metal","format":"CD-Album","rating":"3","label":"Eternal Devils","title":"Carpathian Wolves","collectionfolder":"Black Metal","released":"1994"}
2016-04-11 16:46:12 INFO  CouchBasePersistenceImpl:206 - Document retrieved from view: b3ef0cbb-8044-43f7-985b-ef3c7f339342 - {"release_id":"724736","date added":"2011-08-21 07:07:25","artist":"Profanum","catalog#":"MOON CD 026","collection style":"Black Metal","format":"CD-Album","rating":"4","label":"Pagan Records","title":"Musaeum Esotericum","collectionfolder":"Ambiental","released":"2001"}
2016-04-11 16:46:12 INFO  CouchBasePersistenceImpl:206 - Document retrieved from view: b41cb14b-eaa7-4005-ad91-2e3dcecfeca3 - {"release_id":"1932050","date added":"2015-03-22 08:47:30","artist":"Skid Row","catalog#":"7567-82242-2","format":"CD-Album","label":"Atlantic","title":"Slave To The Grind","collectionfolder":"Heavy Metal","released":"1991"}
2016-04-11 16:46:12 INFO  CouchBasePersistenceImpl:206 - Document retrieved from view: b464b788-12ae-45ed-a5e9-1e4b6d2e88b0 - {"release_id":"378077","date added":"2011-05-11 11:55:01","artist":"Paradise Lost","catalog#":"VILE 26CD-VILE 26 CD-RTD 344 40812","format":"CD-Album","rating":"3","label":"Peaceville-Peaceville-Peaceville","title":"Gothic","collectionfolder":"Gothic","released":"1991"}
2016-04-11 16:46:12 INFO  CouchBasePersistenceImpl:206 - Document retrieved from view: b5242a45-74c8-452d-b9fb-b569d8cdcd25 - {"release_id":"4087111","date added":"2013-08-20 23:39:10","artist":"Various","catalog#":"CD18/PR32","collection style":"R.A.C","format":"CD-Comp","rating":"4","label":"Rupe Tarpea Produzioni","title":"Vox Europa II","collectionfolder":"R.A.C","released":"2001"}
2016-04-11 16:46:12 INFO  CouchBasePersistenceImpl:206 - Document retrieved from view: b586c901-f93b-4b98-94f7-49e1cf0842cd - {"release_id":"6390095","date added":"2015-07-05 10:47:30","artist":"Foscor","catalog#":"AR053LP","format":"LP-Album-Whi","label":"Alone Records (2)","title":"Those Horrors Wither","collectionfolder":"Black Metal","released":"2014"}
2016-04-11 16:46:12 INFO  CouchBasePersistenceImpl:206 - Document retrieved from view: b59686c9-ec3d-494b-82d3-6099d4783174 - {"release_id":"371100","date added":"2011-05-15 05:46:46","artist":"Slayer","catalog#":"491302 2-COL 491302 2-01-491302-10","format":"CD-Album","rating":"5","label":"American Recordings-Columbia-Columbia","title":"Diabolus In Musica","collectionfolder":"Trash Metal","released":"1998"}
2016-04-11 16:46:12 INFO  CouchBasePersistenceImpl:206 - Document retrieved from view: b60ba7d9-0af2-4679-a575-13ff98386daa - {"release_id":"1295199","date added":"2011-05-11 12:03:07","artist":"Paradise Lost","catalog#":"SUPERSONIC 114-74321 97790 2","format":"CD-Single-Enh-Ltd-Dig","rating":"3","label":"Supersonic Records (2)-BMG Berlin Musik","title":"Erased","collectionfolder":"Gothic","released":"2002"}
2016-04-11 16:46:12 INFO  CouchBasePersistenceImpl:206 - Document retrieved from view: b6443b7e-5642-4ffd-8026-b4c23f9d964d - {"release_id":"896945","date added":"2011-05-11 14:17:33","artist":"Carnivore","catalog#":"RR 8746-2","format":"CD-Album-RE-RM","rating":"5","label":"Roadrunner Records","title":"Retaliation","collectionfolder":"Trash Metal","released":"2001"}
2016-04-11 16:46:12 INFO  CouchBasePersistenceImpl:206 - Document retrieved from view: b68f3e7a-50cb-4fa0-890c-e0087c26ba56 - {"release_id":"1250163","date added":"2011-05-11 12:02:54","artist":"Paradise Lost","catalog#":"7243 8 89714 2 3","format":"CD-Maxi","rating":"4","label":"EMI","title":"Fader","collectionfolder":"Gothic","released":"2001"}
2016-04-11 16:46:12 INFO  CouchBasePersistenceImpl:206 - Document retrieved from view: b708dd9f-85f0-46ca-b327-2a3aa15baace - {"test":"couchbase persistence test","update":"OK"}
2016-04-11 16:46:12 INFO  CouchBasePersistenceImpl:206 - Document retrieved from view: b75cab23-9861-4cd5-b2d0-9d6446f76977 - {"release_id":"1358924","date added":"2011-06-04 12:11:05","artist":"Black Sabbath","catalog#":"60 59 002","format":"7-Single","rating":"5","label":"Vertigo","title":"Evil Woman = Mujer Perversa","collectionfolder":"Heavy Metal","released":"1970"}
2016-04-11 16:46:12 INFO  CouchBasePersistenceImpl:206 - Document retrieved from view: b875d6a2-ed5d-413b-8514-f207b50b340f - {"release_id":"5679885","date added":"2014-06-03 07:49:30","artist":"Down (3)","catalog#":"RR 7575-2-01686-1757526","format":"CD-EP","label":"Roadrunner Records-Roadrunner Records","title":"EP II Of IV","collectionfolder":"Doom Metal","released":"2014"}
2016-04-11 16:46:12 INFO  CouchBasePersistenceImpl:206 - Document retrieved from view: b8b0c8ce-aca0-4a9d-813f-ede751b48adf - {"release_id":"3680886","date added":"2013-08-14 05:57:49","artist":"Freikorps","catalog#":"none","collection style":"R.A.C","format":"CD-Album","rating":"5","label":"Not On Label (Freikorps Self-released)","title":"Raritäten (Es Lebe Deutschland!)","collectionfolder":"R.A.C","released":"1997"}
2016-04-11 16:46:12 INFO  CouchBasePersistenceImpl:206 - Document retrieved from view: b947638a-3963-4712-a772-926655801f90 - {"release_id":"R.A.C","artist":"Territory (6)-The Time Machine","catalog#":"blood rec. 002","rating":"2002","label":"CD-Album","title":"Blood Records (6)","collectionfolder":"2016-02-11 22:51:26","released":"5056679"}
2016-04-11 16:46:12 INFO  CouchBasePersistenceImpl:206 - Document retrieved from view: b970f705-d8c6-44ae-a8d6-cf899468726b - {"release_id":"1149734","date added":"2011-05-14 06:14:21","artist":"Nekromantix","catalog#":"NERCD 063","format":"CD-Album","rating":"5","label":"Nervous Records (2)","title":"Curse Of The Coffin","collectionfolder":"Psychobilly","released":"1991"}
2016-04-11 16:46:13 INFO  CouchBasePersistenceImpl:206 - Document retrieved from view: ba2cb629-6900-4d7c-a7e6-99533ec9fe4a - {"release_id":"2719633","date added":"2011-05-13 08:33:48","artist":"Venom (8)","catalog#":"SPV 088-18812 DCD","format":"2xCD-Album","rating":"4","label":"Steamhammer-SPV GmbH","title":"Cast In Stone","collectionfolder":"Black Metal","released":"1997"}
2016-04-11 16:46:13 INFO  CouchBasePersistenceImpl:206 - Document retrieved from view: ba5065e6-8753-4272-a603-ede21d3e2b51 - {"release_id":"2437233","date added":"2011-05-30 13:45:04","artist":"Arresting Officers","catalog#":"RCD 125","collection style":"R.A.C","format":"CD-Album-RE","rating":"4","label":"Rock-O-Rama Records","title":"Land And Heritage","collectionfolder":"R.A.C","released":"1991"}
2016-04-11 16:46:13 INFO  CouchBasePersistenceImpl:206 - Document retrieved from view: bc06ca51-5dff-4dfe-bf4c-d172f87e73ac - {"release_id":"1231710","date added":"2011-05-11 14:11:42","artist":"Pantera","catalog#":"7559-62451-2","format":"CD-Album","rating":"4","label":"Elektra","title":"Reinventing The Steel","collectionfolder":"Sludge Metal","released":"2000"}
2016-04-11 16:46:13 INFO  CouchBasePersistenceImpl:206 - Document retrieved from view: bc528710-4b92-48ca-bb1f-e1a23e3ad556 - {"release_id":"1033020","date added":"2013-08-21 06:09:05","artist":"The Tea Party","catalog#":"7243 8 55308 2 1","collection style":"Industrial","format":"CD-Album","rating":"5","label":"EMI Music Canada","title":"Transmission","collectionfolder":"Industrial","released":"1997"}
2016-04-11 16:46:13 INFO  CouchBasePersistenceImpl:206 - Document retrieved from view: bc79b2a5-fe9d-43db-8ead-774558d566af - {"release_id":"544419","date added":"2011-05-17 13:47:50","artist":"Madrigal","catalog#":"NB 655-2-27361 66552","format":"CD-Album","rating":"2","label":"Nuclear Blast-Nuclear Blast","title":"I Die-You Soar","collectionfolder":"Gothic","released":"2001"}
2016-04-11 16:46:13 INFO  CouchBasePersistenceImpl:206 - Document retrieved from view: bc84efb8-025a-4ec7-82be-f03fa1ad9751 - {"release_id":"3037476","date added":"2011-08-08 06:28:31","artist":"Might Of Rage","catalog#":"none","collection style":"R.A.C","format":"CD-Album","rating":"4","label":"Not On Label","title":"Reborn","collectionfolder":"R.A.C","released":"2001"}
2016-04-11 16:46:13 INFO  CouchBasePersistenceImpl:206 - Document retrieved from view: bcc68eff-a33b-4f01-992f-93dfcd557ccf - {"release_id":"1461847","date added":"2011-05-17 10:19:58","artist":"Sotto Fascia Semplice","catalog#":"PN3009-RTPCD31","collection style":"R.A.C","format":"CD","rating":"4","label":"Paranoise-Rupe Tarpea Produzioni","title":"Idrovolante","collectionfolder":"R.A.C","released":"2006"}
2016-04-11 16:46:13 INFO  CouchBasePersistenceImpl:206 - Document retrieved from view: bd06091e-8275-4509-9c17-141142bb2fc8 - {"release_id":"4071777","date added":"2013-08-20 23:42:42","artist":"Various","catalog#":"CD14/PRO24","collection style":"R.A.C","format":"CD-Comp","rating":"5","label":"Rupe Tarpea Produzioni","title":"Vox Europa","collectionfolder":"R.A.C","released":"1999"}
2016-04-11 16:46:13 INFO  CouchBasePersistenceImpl:206 - Document retrieved from view: bdb015f4-4b65-4c3c-a6d7-79db0ad6b955 - {"release_id":"885772","date added":"2011-05-15 04:31:50","artist":"Metallica","catalog#":"EREDV 162","format":"DVD-PAL-DVD","rating":"3","label":"Eagle Vision","title":"Metallica","collectionfolder":"Trash Metal","released":"2001"}
2016-04-11 16:46:13 INFO  CouchBasePersistenceImpl:206 - Document retrieved from view: bf7320c1-a195-44c9-b219-cf95e929fcfb - {"release_id":"678150","date added":"2011-05-11 14:26:14","artist":"Skrewdriver","catalog#":"RCD 136","collection style":"R.A.C","format":"CD-Album-RE","rating":"4","label":"Rock-O-Rama Records","title":"White Rider","collectionfolder":"R.A.C","released":"1991"}
2016-04-11 16:46:13 INFO  CouchBasePersistenceImpl:206 - Document retrieved from view: c04c45db-856c-48e1-a75f-404c3c8d48b3 - {"release_id":"5677173","date added":"2014-06-03 07:52:01","artist":"Vallenfyre","catalog#":"9983928","collection style":"Death Metal","format":"CD-Album-Ltd-Dig","label":"Century Media","title":"Splinters","collectionfolder":"Doom Metal","released":"2014"}
2016-04-11 16:46:13 INFO  CouchBasePersistenceImpl:206 - Document retrieved from view: c2376d33-23a6-4ac4-b666-8ba7ece719e0 - {"release_id":"3025683","date added":"2011-08-02 06:39:51","artist":"Dissident (2)","catalog#":"none","collection style":"R.A.C","format":"CD-Album","rating":"4","label":"Old Guard Records (2)","title":"Unity Drum","collectionfolder":"R.A.C","released":"2005"}
2016-04-11 16:46:13 INFO  CouchBasePersistenceImpl:206 - Document retrieved from view: c278f80b-7eb3-4cf7-b0a1-3620565c6f5e - {"release_id":"74862","date added":"2011-05-17 13:35:43","artist":"Laibach","catalog#":"CD STUMM 44","format":"CD-Album","rating":"5","label":"Mute","title":"Opus Dei","collectionfolder":"Industrial","released":"1987"}
2016-04-11 16:46:13 INFO  CouchBasePersistenceImpl:206 - Document retrieved from view: c2798897-3519-4ac9-92e8-f58a93a82245 - {"release_id":"5286776","date added":"2016-02-10 13:49:20","artist":"Shame Club","catalog#":"SS-080","format":"CD","label":"Small Stone Records","title":"Come On","collectionfolder":"Stoner Rock","released":"2008"}
2016-04-11 16:46:13 INFO  CouchBasePersistenceImpl:206 - Document retrieved from view: c2c77609-d95a-4ae3-a79b-42ec51112be8 - {"release_id":"3028106","date added":"2011-08-03 07:31:12","artist":"Axis (44)","catalog#":"GBF 007","collection style":"R.A.C","format":"CD-Album","rating":"4","label":"G.B.F. Records","title":"Agitate","collectionfolder":"R.A.C","released":"2001"}
2016-04-11 16:46:13 INFO  CouchBasePersistenceImpl:206 - Document retrieved from view: c306d387-d22a-43ed-9ed1-c27e5ac0acd9 - {"release_id":"1987956","date added":"2016-02-14 00:54:24","artist":"Lux Divina","catalog#":"none","format":"CD-Album","label":"Noctiflorous Productions Music","title":"Occasus Caeremonia","collectionfolder":"Black Metal","released":"2000"}
2016-04-11 16:46:13 INFO  CouchBasePersistenceImpl:206 - Document retrieved from view: c3a22089-2d90-4410-8d32-65d82cb59b69 - {"release_id":"1120783","date added":"2011-05-17 13:40:35","artist":"The Gathering","catalog#":"7968-2","format":"2xCD-Album","rating":"5","label":"Century Media","title":"How To Measure A Planet?","collectionfolder":"Gothic","released":"1999"}
2016-04-11 16:46:13 INFO  CouchBasePersistenceImpl:206 - Document retrieved from view: c3a78d4d-c0d1-46cf-a04c-ddf9c2db3b91 - {"release_id":"779795","date added":"2011-05-17 14:22:12","artist":"Nine Inch Nails","catalog#":"490 473-2","collection style":"Industrial","format":"2xCD-Album-Dig","rating":"5","label":"Nothing Records","title":"The Fragile","collectionfolder":"Industrial","released":"1999"}
2016-04-11 16:46:13 INFO  CouchBasePersistenceImpl:206 - Document retrieved from view: c3cb26e7-eaa1-43aa-a87a-63d5e0204419 - {"release_id":"4639979","date added":"2013-08-16 00:04:48","artist":"Various","catalog#":"GWP-003","collection style":"R.A.C","format":"CD-Comp","rating":"5","label":"Great White Productions","title":"Southern Thunder","collectionfolder":"R.A.C","released":"2000"}
2016-04-11 16:46:13 INFO  CouchBasePersistenceImpl:206 - Document retrieved from view: c4157bdd-3c08-4073-8f88-5fd3d4a74dcf - {"release_id":"1629461","date added":"2011-05-11 14:50:50","artist":"Midgårds Söner","catalog#":"DIM 032","format":"CD-Album-RE","rating":"1","label":"Dim Records","title":"Nordens Kall","collectionfolder":"Oi!","released":"2002"}
2016-04-11 16:46:13 INFO  CouchBasePersistenceImpl:206 - Document retrieved from view: c48e24cb-e8f2-4684-8eb9-bb61700363d5 - {"release_id":"2724528","date added":"2011-05-17 14:21:52","artist":"Nine Inch Nails","catalog#":"CID 8012-522 126-2","collection style":"Industrial","format":"CD-Album-Sli","rating":"5","label":"Island Records-Island Records-TVT Records-Nothing Records","title":"The Downward Spiral","collectionfolder":"Industrial","released":"1994"}
2016-04-11 16:46:13 INFO  CouchBasePersistenceImpl:206 - Document retrieved from view: c4e5cf52-3a47-49d1-8bb4-c33526a97239 - {"release_id":"1355910","date added":"2011-05-30 13:09:54","artist":"The Cult","catalog#":"BEGA 2026 CD","collection style":"R´N´R","format":"CD-Comp-RM","rating":"3","label":"Beggars Banquet","title":"Pure Cult - The Singles 1984 - 1995","collectionfolder":"R´N´R","released":"2000"}
2016-04-11 16:46:13 INFO  CouchBasePersistenceImpl:206 - Document retrieved from view: c4f06f22-5006-4336-9600-44611f4bfcac - {"release_id":"5343973","date added":"2016-01-29 12:01:22","artist":"Iota (10)","catalog#":"SS-081","format":"CD-Album","label":"Small Stone Records","title":"Tales","collectionfolder":"Stoner Rock","released":"2008"}
2016-04-11 16:46:13 INFO  CouchBasePersistenceImpl:206 - Document retrieved from view: c62ca2ed-f9c5-4a0f-b867-31e349d2432d - {"release_id":"2694730","date added":"2015-04-15 22:20:28","artist":"Kraftschlag","catalog#":"Hatefront CD 001","format":"CD-Album-RE","rating":"2","label":"Hatefront Records","title":"Trotz Verbot Nicht Tot","collectionfolder":"R.A.C","released":"1999"}
2016-04-11 16:46:13 INFO  CouchBasePersistenceImpl:206 - Document retrieved from view: c6894d0d-84d4-4137-a8a5-28746671f033 - {"release_id":"1602041","date added":"2011-05-11 11:58:23","artist":"Paradise Lost","catalog#":"77637-2","format":"CD-Album","rating":"3","label":"Century Media","title":"In Requiem","collectionfolder":"Gothic","released":"2007"}
2016-04-11 16:46:13 INFO  CouchBasePersistenceImpl:206 - Document retrieved from view: c6de4ffb-137d-4286-bbe7-4148ae8bb412 - {"release_id":"1704508","date added":"2013-08-21 06:07:35","artist":"Tool (2)","catalog#":"828765364720","collection style":"Industrial","format":"CD-Album-RE","rating":"4","label":"Volcano (2)-Tool Dissectional","title":"Undertow","collectionfolder":"Industrial","released":"2003"}
2016-04-11 16:46:13 INFO  CouchBasePersistenceImpl:206 - Document retrieved from view: c6f8896d-9c23-4adf-8803-e6b4c5d2e97f - {"release_id":"1445089","date added":"2011-05-17 10:19:23","artist":"Sotto Fascia Semplice","catalog#":"RTP CD06 PR 13","collection style":"R.A.C","format":"CD-Album","rating":"3","label":"Rupe Tarpea Produzioni","title":"Gambadilegno","collectionfolder":"R.A.C","released":"1998"}
2016-04-11 16:46:13 INFO  CouchBasePersistenceImpl:206 - Document retrieved from view: c6fe806d-adda-4908-90d3-0dd2ddd57453 - {"release_id":"1760932","date added":"2011-05-26 11:54:12","artist":"Brick (9)","catalog#":"none","collection style":"Death Metal","format":"CD-Album","rating":"3","label":"Aggressive Records","title":"Secured In Darkness","collectionfolder":"Death Metal","released":"1997"}
2016-04-11 16:46:13 INFO  CouchBasePersistenceImpl:206 - Document retrieved from view: c70a9284-c796-4cce-af1a-21be2ba9707d - {"release_id":"448710","date added":"2013-08-14 06:18:22","artist":"Brutal Attack (2)","catalog#":"none","collection style":"R.A.C","format":"CD-Album","rating":"3","label":"Panzerfaust Records","title":"20 Years - Always Outnumbered-Never Outgunned","collectionfolder":"R.A.C","released":"2000"}
2016-04-11 16:46:13 INFO  CouchBasePersistenceImpl:206 - Document retrieved from view: c71229c4-a1f5-4061-87be-5c14e43a337d - {"release_id":"836643","date added":"2011-08-21 07:06:41","artist":"Love Like Blood","catalog#":"SPV 085-61862 CD-CD 085-61862","collection style":"Gothic","format":"CD-Comp","rating":"4","label":"Oblivion (2)-Oblivion (2)","title":"Swordlilies - The Decade Of Love Like Blood","collectionfolder":"Gothic","released":"1997"}
2016-04-11 16:46:13 INFO  CouchBasePersistenceImpl:206 - Document retrieved from view: c717d077-80f4-4d26-a6c9-c08f807af3e3 - {"release_id":"1024172","date added":"2011-05-30 13:10:41","artist":"Amy Winehouse","catalog#":"171 421 1","format":"CD-Album","rating":"5","label":"Universal Records-Island Records Group","title":"Back To Black","collectionfolder":"Blues","released":"2006"}
2016-04-11 16:46:13 INFO  CouchBasePersistenceImpl:206 - Document retrieved from view: c7a4d1c5-266f-4f98-905e-068e1ceabec2 - {"release_id":"2530934","date added":"2011-05-15 05:46:05","artist":"Slayer","catalog#":"88697131072","format":"CD-Album-RE","rating":"3","label":"American Recordings","title":"Undisputed Attitude","collectionfolder":"Trash Metal","released":"2009"}
2016-04-11 16:46:13 INFO  CouchBasePersistenceImpl:206 - Document retrieved from view: c7df8312-1c98-4385-9aa1-88e053ae94ab - {"release_id":"513109","date added":"2015-01-28 07:50:29","artist":"Hawkwind","catalog#":"7243 5 30031 2 8","format":"CD-Album-RE-RM","label":"EMI","title":"Doremi Fasol Latido","collectionfolder":"Stoner Rock","released":"2001"}
2016-04-11 16:46:13 INFO  CouchBasePersistenceImpl:206 - Document retrieved from view: c7e952f2-7ec7-438b-b2a9-8c50c63f8cc6 - {"release_id":"1219252","date added":"2015-04-15 22:50:10","artist":"Saga (6)","catalog#":"MID CD 018","format":"CD-Album","label":"Midgård Records","title":"My Tribute To Skrewdriver Volume 2","collectionfolder":"R.A.C","released":"2000"}
2016-04-11 16:46:13 INFO  CouchBasePersistenceImpl:206 - Document retrieved from view: c84f9f8e-8bf3-4fd9-80dc-ce1e9bd930e3 - {"release_id":"1209221","date added":"2015-04-15 22:50:35","artist":"Various","catalog#":"MIDCD 023","format":"CD","rating":"4","label":"Midgård Records","title":"White Pride World Wide V","collectionfolder":"R.A.C","released":"2001"}
2016-04-11 16:46:13 INFO  CouchBasePersistenceImpl:206 - Document retrieved from view: c8c73626-236d-4d6a-a760-b845e99805e6 - {"release_id":"386710","date added":"2011-05-14 06:17:46","artist":"Social Distortion","catalog#":"471343 2-EPC 471343 2","format":"CD-Album","rating":"4","label":"Epic-Epic","title":"Somewhere Between Heaven And Hell","collectionfolder":"Punk Rock","released":"1992"}
2016-04-11 16:46:13 INFO  CouchBasePersistenceImpl:206 - Document retrieved from view: c8df60ee-2806-4983-8d6c-2bd1dfb23e28 - {"release_id":"7777848","date added":"2016-01-06 10:21:52","artist":"Danzig","catalog#":"AFM 554-1","format":"LP-Album","label":"AFM Records-Evilive","title":"Skeletons","collectionfolder":"Hard Rock","released":"2015"}
2016-04-11 16:46:13 INFO  CouchBasePersistenceImpl:206 - Document retrieved from view: c90a7f74-0659-411d-b083-19961aa2ff7d - {"release_id":"1883395","date added":"2015-01-28 07:36:43","artist":"Grinderman","catalog#":"CDSTUMM272-0094638680222","format":"CD-Album","label":"Mute-Mute","title":"Grinderman","collectionfolder":"R´N´R","released":"2007"}
2016-04-11 16:46:13 INFO  CouchBasePersistenceImpl:206 - Document retrieved from view: c910cec1-cb25-4223-b600-e1ca8431662d - {"release_id":"383832","date added":"2011-05-29 04:43:57","artist":"Sugar Ray (2)","catalog#":"7567-82743-2","collection style":"Hardcore","format":"CD-Album","rating":"4","label":"Atlantic","title":"Lemonade & Brownies","collectionfolder":"Hardcore","released":"1995"}
2016-04-11 16:46:13 INFO  CouchBasePersistenceImpl:206 - Document retrieved from view: c9312f31-1545-49d1-b9c1-7e9d84b9f0da - {"release_id":"147905","date added":"2011-10-03 23:23:51","artist":"Puissance","catalog#":"CMI.63","format":"CD-Album-Ltd","rating":"5","label":"Cold Meat Industry","title":"Back In Control","collectionfolder":"Ambiental","released":"1998"}
2016-04-11 16:46:13 INFO  CouchBasePersistenceImpl:206 - Document retrieved from view: c9478f9f-3a54-4f7b-93a6-05dc3ff6925c - {"release_id":"2618051","date added":"2011-05-11 11:52:29","artist":"Type O Negative","catalog#":"RR 9100-2","format":"CD-Album-RP","rating":"5","label":"Roadrunner Records","title":"Bloody Kisses","collectionfolder":"Gothic","released":"0"}
2016-04-11 16:46:13 INFO  CouchBasePersistenceImpl:206 - Document retrieved from view: c9a342c9-01d1-4cbf-b48f-8e768dadcd4c - {"release_id":"1819310","date added":"2011-05-17 13:38:46","artist":"Moonspell","catalog#":"7797-2","format":"CD-Album","rating":"5","label":"Century Media","title":"Wolfheart","collectionfolder":"Gothic","released":"1995"}
2016-04-11 16:46:13 INFO  CouchBasePersistenceImpl:206 - Document retrieved from view: c9d38baa-ec3c-42c8-b0e1-9b8041b047a6 - {"release_id":"260390","date added":"2011-05-23 13:00:59","artist":"Death In June","catalog#":"BAD VCCD9","format":"CD-Album","rating":"5","label":"New European Recordings","title":"The Wörld Thät Sümmer","collectionfolder":"Ambiental","released":"2000"}
2016-04-11 16:46:13 INFO  CouchBasePersistenceImpl:206 - Document retrieved from view: ca2b02f0-599e-4cfa-8444-5dc577345827 - {"release_id":"2195444","date added":"2011-05-23 13:18:41","artist":"Ultima Thule (2)","catalog#":"DIM 084","format":"CD-Album-RE","rating":"4","label":"Dim Records","title":"Once Upon A Time (A Collection Of Raven Tales)","collectionfolder":"R.A.C","released":"2000"}
2016-04-11 16:46:13 INFO  CouchBasePersistenceImpl:206 - Document retrieved from view: ca3a7902-5566-4abf-a1ef-108be6ce30ad - {"release_id":"4578532","date added":"2016-02-10 12:44:30","artist":"Sabaoth (2)","catalog#":"ICARUS 05","format":"CD-Album","label":"Icarus Music","title":"Windjourney","collectionfolder":"Gothic","released":"1999"}
2016-04-11 16:46:13 INFO  CouchBasePersistenceImpl:206 - Document retrieved from view: ca73669d-396c-4363-abb0-d83c788cff34 - {"release_id":"693687","date added":"2014-09-05 06:29:12","artist":"The Black Angels","catalog#":"LITA 018","format":"CD-Album","label":"Light In The Attic","title":"Passover","collectionfolder":"Stoner Rock","released":"2006"}
2016-04-11 16:46:13 INFO  CouchBasePersistenceImpl:206 - Document retrieved from view: cb060eb8-280a-45dd-9882-5ebe5c44ee1a - {"release_id":"3640922","date added":"2013-08-20 23:43:32","artist":"Londinium SPQR","catalog#":"RTP CD04 PR11","collection style":"R.A.C","format":"CD-Album","rating":"5","label":"Rupe Tarpea Produzioni","title":"Fare Quadrato","collectionfolder":"R.A.C","released":"1997"}
2016-04-11 16:46:13 INFO  CouchBasePersistenceImpl:206 - Document retrieved from view: ce05ebfc-7413-4ef5-9ebe-216196dce42c - {"release_id":"3561007","date added":"2013-08-20 23:37:14","artist":"Estirpe Imperial","catalog#":"RT 7005","collection style":"R.A.C","format":"CD-Album","rating":"5","label":"Rata - Ta Ta Tá...","title":"Himnos De Gloria","collectionfolder":"R.A.C","released":"1997"}
2016-04-11 16:46:13 INFO  CouchBasePersistenceImpl:206 - Document retrieved from view: cf1f8c0b-688a-4774-984c-7fd9f6e030e4 - {"release_id":"1554391","date added":"2011-05-15 06:30:26","artist":"Down (3)","catalog#":"RR 7956-2","format":"CD-Album","rating":"4","label":"Roadrunner Records","title":"Over The Under","collectionfolder":"Southern Rock","released":"2007"}
2016-04-11 16:46:13 INFO  CouchBasePersistenceImpl:206 - Document retrieved from view: cf763dc4-18ef-4f34-a094-4a1abe24c969 - {"release_id":"2868579","date added":"2011-05-11 12:11:51","artist":"Type O Negative","catalog#":"RRV 0974-9","format":"DVD-V","rating":"4","label":"Roadrunner Records","title":"After Dark","collectionfolder":"Gothic","released":"2000"}
2016-04-11 16:46:13 INFO  CouchBasePersistenceImpl:206 - Document retrieved from view: d003adeb-cb0a-428c-b62c-fc6d6580cc37 - {"release_id":"2450319","date added":"2013-08-20 23:37:02","artist":"Estirpe Imperial","catalog#":"RT-7006","collection style":"R.A.C","format":"CD-Comp","rating":"5","label":"Rata - Ta Ta Tá...","title":"Disco De Presentación / Herederos De Una Historia","collectionfolder":"R.A.C","released":"1998"}
2016-04-11 16:46:13 INFO  CouchBasePersistenceImpl:206 - Document retrieved from view: d01750c9-755b-48b9-8f2e-d4eb215858bc - {"release_id":"928089","date added":"2011-05-13 08:27:20","artist":"Danzig","catalog#":"162 084-2","collection style":"Hard Rock","format":"CD-Album","rating":"3","label":"Hollywood Records","title":"Danzig 5: Blackacidevil","collectionfolder":"Hard Rock","released":"1996"}
2016-04-11 16:46:13 INFO  CouchBasePersistenceImpl:206 - Document retrieved from view: d16005d6-f153-4162-a150-7cc3029a6d5f - {"release_id":"380382","date added":"2011-08-21 07:01:02","artist":"Various","catalog#":"NB 256-2-27361 62562","collection style":"Gothic","format":"CD-Comp-Dig","rating":"2","label":"Nuclear Blast-Nuclear Blast","title":"Beauty In Darkness Vol. 2","collectionfolder":"Gothic","released":"1997"}
2016-04-11 16:46:13 INFO  CouchBasePersistenceImpl:206 - Document retrieved from view: d1e9556a-0177-41f9-a571-d320ed36c590 - {"release_id":"8071969","date added":"2016-03-20 01:55:40","artist":"Motörhead","catalog#":"BMGRM022LP","format":"LP-Album-RE-180","label":"Bronze-BMG-Sanctuary Records","title":"Overkill","collectionfolder":"Uncategorized","released":"2015"}
2016-04-11 16:46:13 INFO  CouchBasePersistenceImpl:206 - Document retrieved from view: d1f535d1-d412-4f61-b2c1-f7eced7b8428 - {"release_id":"3791972","date added":"2014-02-09 11:54:12","artist":"Dead Can Dance","catalog#":"PIASR311CDX-945.U311.022","format":"CD-Album-Dig","rating":"5","label":"[PIAS] Recordings-[PIAS] Recordings","title":"Anastasis","collectionfolder":"Ambiental","released":"2012"}
2016-04-11 16:46:13 INFO  CouchBasePersistenceImpl:206 - Document retrieved from view: d2159d79-bdd2-4e7c-aa8b-3b577f084137 - {"release_id":"1027658","date added":"2011-05-13 08:28:42","artist":"Danzig","catalog#":"EVIL99","collection style":"Hard Rock","format":"2xCD-Comp","rating":"4","label":"Evilive-Megaforce Records","title":"The Lost Tracks Of Danzig","collectionfolder":"Hard Rock","released":"2007"}
2016-04-11 16:46:13 INFO  CouchBasePersistenceImpl:206 - Document retrieved from view: d2a3f854-5be6-4e3c-943b-dbe30c189c4c - {"release_id":"1629478","date added":"2011-06-04 11:18:37","artist":"Squadron","catalog#":"MOVEMENT 025-none","collection style":"R.A.C","format":"CD-Album","rating":"3","label":"Movement Records (6)-Rampage Productions","title":"Age Of Conspiracy","collectionfolder":"R.A.C","released":"1999"}
2016-04-11 16:46:13 INFO  CouchBasePersistenceImpl:206 - Document retrieved from view: d3011915-1083-4754-8637-4fca5ef7cec2 - {"release_id":"2054800","date added":"2011-05-12 10:33:32","artist":"Samhain","catalog#":"PL9-CD07","format":"CD-Album-RP","rating":"5","label":"Plan 9-Caroline Records","title":"November-Coming-Fire","collectionfolder":"Punk","released":"1994"}
2016-04-11 16:46:13 INFO  CouchBasePersistenceImpl:206 - Document retrieved from view: d359a0dd-082f-4106-87e4-ff97c11b46eb - {"release_id":"1209221","date added":"2013-08-20 01:49:58","artist":"Various","catalog#":"MIDCD 023","collection style":"R.A.C","format":"CD","rating":"4","label":"Midgård Records","title":"White Pride World Wide V","collectionfolder":"R.A.C","released":"2001"}
2016-04-11 16:46:13 INFO  CouchBasePersistenceImpl:206 - Document retrieved from view: d39e6541-346b-464c-bec3-f852753fdfea - {"release_id":"2916210","date added":"2011-06-03 13:51:21","artist":"Dismal","catalog#":"DHCD002","collection style":"Death Metal","format":"CD-Album-Inc","rating":"4","label":"Division House","title":"The New Bomb","collectionfolder":"Death Metal","released":"1998"}
2016-04-11 16:46:13 INFO  CouchBasePersistenceImpl:206 - Document retrieved from view: d4e45125-fd68-46ff-ad1c-5173930b2e4f - {"release_id":"7276020","date added":"2015-08-22 00:56:51","artist":"Metallica","catalog#":"BLCKND011-1","format":"2xLP-Album-RE","label":"Blackened Recordings","title":"Load","collectionfolder":"Trash Metal","released":"2015"}
2016-04-11 16:46:13 INFO  CouchBasePersistenceImpl:206 - Document retrieved from view: d57f2fef-b524-4b91-8e17-d0329332e5f6 - {"release_id":"3109854","date added":"2013-08-20 01:06:45","artist":"Konkwista 88","catalog#":"RT-7017","collection style":"R.A.C","format":"CD-Comp","rating":"4","label":"Rata - Ta Ta Tá...","title":"10 Years On The Front Line","collectionfolder":"R.A.C","released":"2001"}
2016-04-11 16:46:13 INFO  CouchBasePersistenceImpl:206 - Document retrieved from view: d626969c-1583-4487-9def-10e1f1902403 - {"release_id":"2750829","date added":"2013-08-20 23:41:08","artist":"Batallón De Castigo","catalog#":"RT-7021","collection style":"R.A.C","format":"CD-Album","rating":"4","label":"Rata - Ta Ta Tá...","title":"Akelarre","collectionfolder":"R.A.C","released":"2004"}
2016-04-11 16:46:13 INFO  CouchBasePersistenceImpl:206 - Document retrieved from view: d67c35be-9ba2-4a4f-8be3-075146b767cd - {"release_id":"459622","date added":"2011-05-11 11:57:10","artist":"Paradise Lost","catalog#":"7243 4 99947 2 0-0 7243 4 999 47 2 0-0-7243-4 99","format":"CD-Album","rating":"5","label":"EMI-EMI-EMI-EMI","title":"Host","collectionfolder":"Gothic","released":"1999"}
2016-04-11 16:46:13 INFO  CouchBasePersistenceImpl:206 - Document retrieved from view: d7191e60-21f5-402f-94ba-cd2abde922b7 - {"release_id":"1014125","date added":"2011-05-17 13:44:23","artist":"Therion","catalog#":"NB 216-2","format":"CD-Album-Dig","rating":"4","label":"Nuclear Blast","title":"Lepaca Kliffoth","collectionfolder":"Death Metal","released":"1996"}
2016-04-11 16:46:13 INFO  CouchBasePersistenceImpl:206 - Document retrieved from view: d72d37d7-925e-4abf-8a51-689101a7c471 - {"release_id":"2196730","date added":"2013-08-21 06:04:42","artist":"Triptykon","catalog#":"9979928-013","collection style":"R.A.C","format":"CD-Album-Dig","rating":"5","label":"Century Media-Prowling Death Records","title":"Eparistera Daimones","collectionfolder":"Doom Metal","released":"2010"}
2016-04-11 16:46:13 INFO  CouchBasePersistenceImpl:206 - Document retrieved from view: d7c36f68-c958-411d-9f40-cb3aa44cde96 - {"release_id":"1479934","date added":"2011-05-28 07:11:08","artist":"Blue Eyed Devils","catalog#":"NTR04","collection style":"R.A.C","format":"CD-Album","rating":"5","label":"Tri-State Terror","title":"Murder Squad","collectionfolder":"R.A.C","released":"1996"}
2016-04-11 16:46:13 INFO  CouchBasePersistenceImpl:206 - Document retrieved from view: d7c37ea5-6a25-4191-ada8-b573e1581fc3 - {"release_id":"490955","date added":"2011-05-28 07:09:10","artist":"Spearhead (2)","catalog#":"PÜCD 035","collection style":"R.A.C","format":"CD-Album","rating":"3","label":"Pühses Liste","title":"Into Battle We Ride","collectionfolder":"R.A.C","released":"2002"}
2016-04-11 16:46:13 INFO  CouchBasePersistenceImpl:206 - Document retrieved from view: d7ed4f7a-7d05-4b0e-bc2f-833361805f81 - {"release_id":"4924177","date added":"2015-04-21 22:35:44","artist":"Division S (2)","catalog#":"88CD 009","format":"CD-Album","label":"Nordland","title":"Hate","collectionfolder":"Doom Metal","released":"1995"}
2016-04-11 16:46:13 INFO  CouchBasePersistenceImpl:206 - Document retrieved from view: d801f9e3-07a7-4648-a1f1-0ad1729765fa - {"release_id":"676706","date added":"2011-11-16 23:42:30","artist":"Berserkr","catalog#":"CBR-20BA","collection style":"R.A.C","format":"CD","rating":"3","label":"Resistance Records (3)","title":"Crush The Weak","collectionfolder":"R.A.C","released":"1996"}
2016-04-11 16:46:13 INFO  CouchBasePersistenceImpl:206 - Document retrieved from view: d8557b33-c6e4-49cd-9d4a-c3021391db59 - {"release_id":"3550786","date added":"2012-04-25 23:24:09","artist":"Paradise Lost","catalog#":"998159-9981591","collection style":"Gothic","format":"LP-Album","rating":"5","label":"Century Media-Century Media","title":"Tragic Idol","collectionfolder":"Gothic","released":"2012"}
2016-04-11 16:46:13 INFO  CouchBasePersistenceImpl:206 - Document retrieved from view: d884dbb4-3914-4d08-bda3-82e37c61c710 - {"release_id":"4105958","date added":"2013-08-20 01:01:04","artist":"Black Sabbath","catalog#":"SMRCD033","format":"CD-Album-RE-RM","rating":"5","label":"Sanctuary Midline","title":"Master Of Reality","collectionfolder":"Doom Metal","released":"2004"}
2016-04-11 16:46:13 INFO  CouchBasePersistenceImpl:206 - Document retrieved from view: d92c7076-7545-4ae2-8a1b-83eeabd6b22d - {"release_id":"372082","date added":"2013-08-22 23:44:08","artist":"Emperor (2)","catalog#":"CANDLE035CD","collection style":"Black Metal","format":"CD-Album","rating":"5","label":"Candlelight Records","title":"IX Equilibrium","collectionfolder":"Black Metal","released":"1999"}
2016-04-11 16:46:13 INFO  CouchBasePersistenceImpl:206 - Document retrieved from view: d930ad7f-0e8d-4eee-b1ad-a08ff317ddb1 - {"release_id":"831895","date added":"2011-05-29 04:08:50","artist":"King Kurt","catalog#":"MAYO CD 124","collection style":"Psychobilly","format":"CD-Album-Comp","rating":"4","label":"Harry May Record Company","title":"Alcoholic Rat","collectionfolder":"Psychobilly","released":"2001"}
2016-04-11 16:46:13 INFO  CouchBasePersistenceImpl:206 - Document retrieved from view: d9c20541-f513-426d-8732-a2debbdeb1ab - {"release_id":"2910234","date added":"2013-08-21 00:26:18","artist":"Aryan","catalog#":"CAR-016A","collection style":"R.A.C","format":"CD-Album","rating":"3","label":"Resistance Records (3)","title":"Where Iron Eagles Fly","collectionfolder":"R.A.C","released":"1997"}
2016-04-11 16:46:13 INFO  CouchBasePersistenceImpl:206 - Document retrieved from view: d9df222e-ebb5-4ff9-94f9-46cd63bca0a0 - {"release_id":"334207","date added":"2011-05-26 11:57:14","artist":"Rammstein","catalog#":"9868150-06024 9868150-06024 9868150(3)","collection style":"Industrial","format":"CD-Album-RP","rating":"4","label":"Universal Music-Universal Music-Universal Music","title":"Reise-Reise","collectionfolder":"Industrial","released":"2005"}
2016-04-11 16:46:13 INFO  CouchBasePersistenceImpl:206 - Document retrieved from view: db64c06e-2488-4df4-8bb6-48563163dbd0 - {"release_id":"3051342","date added":"2013-12-16 23:07:55","artist":"Estirpe Imperial","catalog#":"RT-7003","collection style":"R.A.C","format":"CD-Album","label":"Rata - Ta Ta Tá...","title":"Herederos De Una Historia","collectionfolder":"R.A.C","released":"1995"}
2016-04-11 16:46:13 INFO  CouchBasePersistenceImpl:206 - Document retrieved from view: dd6f816a-1fef-4e81-9494-ee06b1ff467e - {"release_id":"389536","date added":"2016-02-14 11:30:38","artist":"Amorphis","catalog#":"NB 535-2-27361 65352","format":"CD-Album-Dig","label":"Nuclear Blast-Nuclear Blast","title":"Am Universum","collectionfolder":"Gothic","released":"2001"}
2016-04-11 16:46:13 INFO  CouchBasePersistenceImpl:206 - Document retrieved from view: de06c025-4f44-44b5-a99d-4e8104e30ddc - {"release_id":"379566","date added":"2011-05-15 05:45:53","artist":"Slayer","catalog#":"491802 2","format":"CD-Album","rating":"5","label":"American Recordings","title":"Divine Intervention","collectionfolder":"Trash Metal","released":"1994"}
2016-04-11 16:46:13 INFO  CouchBasePersistenceImpl:206 - Document retrieved from view: de35d81b-b0b2-43a3-a60e-8d512a5b9748 - {"release_id":"713035","date added":"2013-08-18 05:22:33","artist":"Bound For Glory","catalog#":"V7 Rec. 33","collection style":"R.A.C","format":"CD-Album-RE","rating":"4","label":"V7 Versand","title":"Hate Train Rolling","collectionfolder":"R.A.C","released":"2005"}
2016-04-11 16:46:13 INFO  CouchBasePersistenceImpl:206 - Document retrieved from view: de8271d9-c969-4e4d-a7c2-fd21b6449f77 - {"release_id":"2881164","date added":"2011-05-15 05:30:24","artist":"Metallica","catalog#":"none","format":"DVD-PAL-Reg","rating":"5","label":"Vertigo","title":"Orgullo-Passion-Y Gloria - Tres Noches En La Ciudad De México","collectionfolder":"Trash Metal","released":"2009"}
2016-04-11 16:46:13 INFO  CouchBasePersistenceImpl:206 - Document retrieved from view: de91517a-cc3b-47d8-a8d9-bcd958447e60 - {"release_id":"2027559","date added":"2012-06-03 01:33:46","artist":"Slayer","catalog#":"88697128872","collection style":"Trash Metal","format":"2xCD","rating":"5","label":"American Recordings-Sony Music","title":"Decade Of Aggression Live","collectionfolder":"Trash Metal","released":"2009"}
2016-04-11 16:46:13 INFO  CouchBasePersistenceImpl:206 - Document retrieved from view: debf7c53-f450-456b-8e8a-d45f8aacc6bc - {"release_id":"1745845","date added":"2011-10-03 23:24:53","artist":"Eric Owens","catalog#":"NLCD 024","collection style":"R.A.C","format":"CD-Album","rating":"5","label":"Nordland","title":"Res Gestae","collectionfolder":"R.A.C","released":"1998"}
2016-04-11 16:46:13 INFO  CouchBasePersistenceImpl:206 - Document retrieved from view: df2367b8-e3e1-406f-add3-6a5ded941101 - {"release_id":"2462696","date added":"2011-05-13 08:25:46","artist":"Danzig","catalog#":"491904 2-01-491904-10","collection style":"Hard Rock","format":"CD-Album-RE","rating":"4","label":"American Recordings-American Recordings","title":"Danzig","collectionfolder":"Hard Rock","released":"2001"}
2016-04-11 16:46:13 INFO  CouchBasePersistenceImpl:206 - Document retrieved from view: df2ef697-5c09-4913-b402-77d6d69c9c58 - {"release_id":"2875438","date added":"2011-05-11 15:06:52","artist":"Dissident (2)","catalog#":"NLCD 030","collection style":"R.A.C","format":"CD-Album","rating":"5","label":"Nordland","title":"A Cog In The Wheel","collectionfolder":"R.A.C","released":"2000"}
2016-04-11 16:46:13 INFO  CouchBasePersistenceImpl:206 - Document retrieved from view: dfb8817b-59fa-49ee-8d50-7f11f94c0d9f - {"release_id":"1961154","date added":"2011-05-14 06:15:44","artist":"Long Tall Texans","catalog#":"PIP CD 050","format":"CD-Album-RE","rating":"5","label":"Great Expectations","title":"Saturnalia","collectionfolder":"Psychobilly","released":"1993"}
2016-04-11 16:46:13 INFO  CouchBasePersistenceImpl:206 - Document retrieved from view: e0148565-d4cd-43ae-9653-3dacbf7d0bf2 - {"release_id":"4298976","date added":"2013-08-20 23:16:24","artist":"Buldok","catalog#":"RT-7013","collection style":"R.A.C","format":"CD-Album","rating":"3","label":"Rata - Ta Ta Tá...","title":"Blood And Soil","collectionfolder":"R.A.C","released":"1999"}
2016-04-11 16:46:13 INFO  CouchBasePersistenceImpl:206 - Document retrieved from view: e03714ac-1f55-4794-aeb9-4d73aeb07839 - {"release_id":"650616","date added":"2011-10-07 14:17:21","artist":"Bound For Glory","catalog#":"V7 Rec. 30","collection style":"R.A.C","format":"CD-Album-RE","rating":"3","label":"V7 Versand","title":"Warrior's Glory","collectionfolder":"R.A.C","released":"2004"}
2016-04-11 16:46:13 INFO  CouchBasePersistenceImpl:206 - Document retrieved from view: e03d93df-f8f3-40f6-9f0e-832dc5ea3d59 - {"release_id":"5004917","date added":"2014-02-10 23:02:27","artist":"Monster Magnet","catalog#":"NPR 490 LP","format":"2xLP-Mul","rating":"5","label":"Napalm Records","title":"Last Patrol","collectionfolder":"Stoner Rock","released":"2013"}
2016-04-11 16:46:13 INFO  CouchBasePersistenceImpl:206 - Document retrieved from view: e054f6b8-a383-4b8c-b78b-3b9d72b60688 - {"release_id":"680739","date added":"2016-02-14 11:27:59","artist":"Sturmführer","catalog#":"ER10","format":"CD-Album-Ltd","label":"Elegy Records","title":"Ich Kämpfe","collectionfolder":"Ambiental","released":"2002"}
2016-04-11 16:46:13 INFO  CouchBasePersistenceImpl:206 - Document retrieved from view: e1394cd8-b273-4921-8602-9b16cd403991 - {"release_id":"2450322","date added":"2013-08-20 23:38:32","artist":"Estirpe Imperial","catalog#":"RT 7006-R","collection style":"R.A.C","format":"CD-Comp","rating":"5","label":"Rata - Ta Ta Tá...","title":"Una - Grande - Fuerte","collectionfolder":"R.A.C","released":"1999"}
2016-04-11 16:46:13 INFO  CouchBasePersistenceImpl:206 - Document retrieved from view: e159398b-584b-4a7e-93a6-2b957b1b70b9 - {"release_id":"931234","date added":"2013-07-22 11:42:54","artist":"ZZ Top","catalog#":"7599-26846-2","format":"CD-Comp","rating":"5","label":"Warner Bros. Records","title":"Greatest Hits","collectionfolder":"Southern Rock","released":"1992"}
2016-04-11 16:46:13 INFO  CouchBasePersistenceImpl:206 - Document retrieved from view: e1878ce0-540a-4642-9c8d-8bea8aa16a6e - {"release_id":"5441290","date added":"2016-01-14 09:53:00","artist":"Scorpions","catalog#":"056-1459331","format":"LP-Album-RE","label":"Harvest-Fama (4)","title":"Animal Magnetism / Magnetismo Animal","collectionfolder":"Heavy Metal","released":"1985"}
2016-04-11 16:46:13 INFO  CouchBasePersistenceImpl:206 - Document retrieved from view: e195dc97-232f-4dbb-ab9a-0787fc78b4dd - {"release_id":"452520","date added":"2016-02-14 11:22:37","artist":"MC5","catalog#":"7559-74042-2","format":"CD-Album-RE","label":"Elektra","title":"Kick Out The Jams","collectionfolder":"Punk Rock","released":"1992"}
2016-04-11 16:46:13 INFO  CouchBasePersistenceImpl:206 - Document retrieved from view: e202952a-4f22-4556-9754-292e9c86e041 - {"release_id":"2975807","date added":"2015-03-22 08:42:43","artist":"Skid Row","catalog#":"7567-82730-2","format":"CD-Album","label":"Atlantic","title":"Subhuman Race","collectionfolder":"Heavy Metal","released":"1995"}
2016-04-11 16:46:13 INFO  CouchBasePersistenceImpl:206 - Document retrieved from view: e35bce1c-20e8-46f8-9337-80cb2e52b5a3 - {"release_id":"1572183","date added":"2011-05-29 04:47:32","artist":"Candlemass","catalog#":"PLRCD003","format":"CD-Album-RE-RM + CD-Comp-Enh","rating":"4","label":"Powerline Records","title":"Nightfall","collectionfolder":"Doom Metal","released":"2001"}
2016-04-11 16:46:13 INFO  CouchBasePersistenceImpl:206 - Document retrieved from view: e3ae7fd5-b1aa-4551-84a1-dfbab1682098 - {"release_id":"371162","date added":"2011-05-15 04:25:50","artist":"Metallica","catalog#":"836062-1","format":"2xLP-Album","rating":"5","label":"Vertigo","title":"...And Justice For All","collectionfolder":"Trash Metal","released":"1988"}
2016-04-11 16:46:13 INFO  CouchBasePersistenceImpl:206 - Document retrieved from view: e3eef517-e894-41cc-82c3-7a3d75ba73ee - {"release_id":"5008824","date added":"2016-02-14 01:00:49","artist":"Retaliation (5)","catalog#":"POPCD666","format":"CD-Album","label":"Popgrom","title":"Pro Patria","collectionfolder":"Black Metal","released":"2004"}
2016-04-11 16:46:13 INFO  CouchBasePersistenceImpl:206 - Document retrieved from view: e4357029-66be-4b6c-9507-5263363a07f4 - {"release_id":"4360648","date added":"2016-02-09 23:02:55","artist":"D.D.T. (17)","catalog#":"CD27 PR45","format":"CD-Album","label":"Rupe Tarpea Produzioni","title":"... Skaglia!!! ... Skaglia!!! ... Skaglia!!!","collectionfolder":"R.A.C","released":"2005"}
2016-04-11 16:46:13 INFO  CouchBasePersistenceImpl:206 - Document retrieved from view: e5ea50b6-6f60-40bd-aebb-f6e20d218570 - {"release_id":"1456956","date added":"2011-05-17 10:20:18","artist":"Sotto Fascia Semplice","catalog#":"PN4007-RTPCD40-65","collection style":"R.A.C","format":"CD-Album","rating":"4","label":"Paranoise-Rupe Tarpea Produzioni","title":"Filospinato","collectionfolder":"R.A.C","released":"2007"}
2016-04-11 16:46:13 INFO  CouchBasePersistenceImpl:206 - Document retrieved from view: e6659056-874f-4c28-9a77-c361a67123a2 - {"release_id":"888496","date added":"2011-05-28 06:24:03","artist":"Autumn Tears","catalog#":"DARK  2","format":"CD-Album-Sli","rating":"3","label":"Dark Symphonies","title":"Love Poems For Dying Children... Act II: The Garden Of Crystalline Dreams","collectionfolder":"Ambiental","released":"1997"}
2016-04-11 16:46:13 INFO  CouchBasePersistenceImpl:206 - Document retrieved from view: e68d53d8-8654-4c95-86e1-881ab237f10c - {"release_id":"555383","date added":"2011-05-14 06:05:01","artist":"Monster Magnet","catalog#":"SPV 085-69432 CD","format":"CD-Album","rating":"5","label":"Steamhammer","title":"Monolithic Baby!","collectionfolder":"Stoner Rock","released":"2004"}
2016-04-11 16:46:13 INFO  CouchBasePersistenceImpl:206 - Document retrieved from view: e6d56a35-23cd-4435-b9ae-45c338543264 - {"release_id":"2470697","date added":"2011-05-23 11:26:43","artist":"Saxon","catalog#":"SPV 085-21502 CD","format":"CD-Album","rating":"3","label":"Steamhammer","title":"Metalhead","collectionfolder":"Heavy Metal","released":"1999"}
2016-04-11 16:46:13 INFO  CouchBasePersistenceImpl:206 - Document retrieved from view: e71ef4d6-0600-46f8-8883-bef59bfe5980 - {"release_id":"367905","date added":"2011-08-21 07:10:25","artist":"Necromantia","catalog#":"BLR/CD 015-BLR CD015","collection style":"Black Metal","format":"CD-Album","rating":"5","label":"Black Lotus Records-Black Lotus Records","title":"IV: Malice","collectionfolder":"Black Metal","released":"2000"}
2016-04-11 16:46:13 INFO  CouchBasePersistenceImpl:206 - Document retrieved from view: e7b2cef2-0342-4f38-8c74-1b584440f1ba - {"release_id":"1516678","date added":"2011-05-13 08:28:10","artist":"Danzig","catalog#":"SPITCD204-GAS 0000204 SPR","collection style":"Hard Rock","format":"CD-Album","rating":"2","label":"Spitfire Records-Eagle Rock Entertainment","title":"Danzig 777: I Luciferi","collectionfolder":"Hard Rock","released":"2002"}
2016-04-11 16:46:13 INFO  CouchBasePersistenceImpl:206 - Document retrieved from view: e7ece405-4c3f-41c8-aca2-7e8c42b41fc0 - {"release_id":"982546","date added":"2011-05-13 08:34:16","artist":"Alice In Chains","catalog#":"467201 2-COL 467201 2-01-467201-10","collection style":"Hard Rock","format":"CD-Album-RE","rating":"4","label":"Columbia-Columbia-Columbia","title":"Facelift","collectionfolder":"Hard Rock","released":"0"}
2016-04-11 16:46:13 INFO  CouchBasePersistenceImpl:206 - Document retrieved from view: e7fd37af-6be3-4984-9175-851d8501ffe6 - {"release_id":"367628","date added":"2011-05-11 11:52:48","artist":"Type O Negative","catalog#":"RR 8874-2","format":"CD-Album","rating":"5","label":"Roadrunner Records","title":"October Rust","collectionfolder":"Gothic","released":"1996"}
2016-04-11 16:46:13 INFO  CouchBasePersistenceImpl:206 - Document retrieved from view: e80beca0-63a2-4ec0-9721-af9e01ebc807 - {"release_id":"1153165","date added":"2011-05-15 04:29:40","artist":"Metallica With Michael Kamen Conducting The San Francisco Symphony Orchestra","catalog#":"8536-40218-2","format":"2xDVD-PAL-Multichannel","rating":"5","label":"Elektra-Warner Music Vision","title":"S&M","collectionfolder":"Trash Metal","released":"2000"}
2016-04-11 16:46:13 INFO  CouchBasePersistenceImpl:206 - Document retrieved from view: e8251564-893e-4ef8-a7b0-cf7e5749729b - {"release_id":"780035","date added":"2013-01-08 01:04:11","artist":"Mastodon","catalog#":"9362-44364-2-936244364-2","format":"CD-Album","rating":"5","label":"Reprise Records-Relapse Records-Reprise Records-Relapse Records","title":"Blood Mountain","collectionfolder":"Sludge Metal","released":"2006"}
2016-04-11 16:46:13 INFO  CouchBasePersistenceImpl:206 - Document retrieved from view: e89683ef-94da-4f6e-a5e0-3b764b42866e - {"release_id":"368311","date added":"2011-05-15 04:28:18","artist":"Metallica","catalog#":"532 618-2","format":"CD-Album","rating":"5","label":"Vertigo","title":"Load","collectionfolder":"Trash Metal","released":"1996"}
2016-04-11 16:46:13 INFO  CouchBasePersistenceImpl:206 - Document retrieved from view: e8c6ccf3-745a-4fd9-85ae-3f352520b6d4 - {"release_id":"1124912","date added":"2011-05-17 14:15:50","artist":"Böhse Onkelz","catalog#":"SPV 390272 CD","format":"CD-Album-Dig","rating":"3","label":"rule23 recordings","title":"Onkelz Wie Wir","collectionfolder":"Hard Rock","released":"2007"}
2016-04-11 16:46:13 INFO  CouchBasePersistenceImpl:206 - Document retrieved from view: e948908f-5d2a-4825-adaa-ac2da42c8ed6 - {"release_id":"782233","date added":"2011-05-17 14:26:04","artist":"Nine Inch Nails","catalog#":"490 744-2","collection style":"Industrial","format":"CD-EP","rating":"2","label":"Nothing Records","title":"Things Falling Apart","collectionfolder":"Industrial","released":"2000"}
2016-04-11 16:46:13 INFO  CouchBasePersistenceImpl:206 - Document retrieved from view: e981d755-4795-4cda-addd-a66f8d594db5 - {"release_id":"683134","date added":"2013-08-20 23:58:32","artist":"The Smiths","catalog#":"4509-91155-2","format":"DVD-V-Comp-PAL-Copy Prot.","rating":"5","label":"Warner Music Vision","title":"The Complete Picture","collectionfolder":"Brit Pop","released":"2000"}
2016-04-11 16:46:13 INFO  CouchBasePersistenceImpl:206 - Document retrieved from view: ea572fa4-4aca-44c6-9b9e-71df3d2587a3 - {"release_id":"2565338","date added":"2011-05-14 06:04:44","artist":"Monster Magnet","catalog#":"NPR 336","format":"CD-Album-Ltd-Dig","rating":"3","label":"Napalm Records","title":"Mastermind","collectionfolder":"Stoner Rock","released":"2010"}
2016-04-11 16:46:13 INFO  CouchBasePersistenceImpl:206 - Document retrieved from view: eb09ca10-5e40-42cb-b965-3bb90524ba49 - {"release_id":"685820","date added":"2011-05-14 06:12:49","artist":"The Quakes (2)","catalog#":"NERCD 037","format":"CD","rating":"5","label":"Nervous Records (2)","title":"The Quakes","collectionfolder":"Psychobilly","released":"1992"}
2016-04-11 16:46:13 INFO  CouchBasePersistenceImpl:206 - Document retrieved from view: eb9b5d6b-f880-4876-9655-d43c94ba0826 - {"release_id":"587629","date added":"2011-05-11 11:55:12","artist":"Paradise Lost","catalog#":"3984-14001-2-14001-2","format":"CD-Album","rating":"4","label":"Metal Blade Records-Metal Blade Records","title":"Shades Of God","collectionfolder":"Gothic","released":"1992"}
2016-04-11 16:46:13 INFO  CouchBasePersistenceImpl:206 - Document retrieved from view: edf67bf1-acf0-4acf-ae77-6fa27814b4c6 - {"release_id":"5862778","date added":"2015-08-01 05:46:27","artist":"Intolleranza","catalog#":"PR 89 V12","format":"7-Ltd-Num","label":"Rupe Tarpea Produzioni","title":"Come Il Vento / Werwolf","collectionfolder":"R.A.C","released":"2014"}
2016-04-11 16:46:13 INFO  CouchBasePersistenceImpl:206 - Document retrieved from view: edfbac51-2374-4cd0-98d3-fe6b524d8752 - {"release_id":"1927315","date added":"2013-08-14 06:11:41","artist":"Störkraft","catalog#":"RCD 117","collection style":"R.A.C","format":"CD-Album","rating":"3","label":"Rock-O-Rama Records","title":"Mann Für Mann","collectionfolder":"R.A.C","released":"1991"}
2016-04-11 16:46:13 INFO  CouchBasePersistenceImpl:206 - Document retrieved from view: ee0db93b-5c6a-4cdc-adb1-7be5c4f73207 - {"release_id":"370013","date added":"2011-05-13 08:38:23","artist":"Guns N' Roses","catalog#":"GED 24420-GEFD 24420-none","collection style":"Hard Rock","format":"CD-Album","rating":"5","label":"Geffen Records-Geffen Records-Uzi Suicide Records","title":"Use Your Illusion II","collectionfolder":"Hard Rock","released":"1991"}
2016-04-11 16:46:13 INFO  CouchBasePersistenceImpl:206 - Document retrieved from view: ef1200f3-7d7a-41c4-803b-a46ddb4f10c7 - {"release_id":"5337632","date added":"2015-08-12 08:33:55","artist":"Ravens Wing","catalog#":"RRR 1012","format":"LP-Album-RE-RM-Ltd-Cle","label":"Rock-O-Rama Records","title":"Through The Looking Glass","collectionfolder":"R.A.C","released":"2008"}
2016-04-11 16:46:13 INFO  CouchBasePersistenceImpl:206 - Document retrieved from view: efc1d846-9c49-46de-8a5a-a237b552d0aa - {"release_id":"511776","date added":"2011-05-11 11:57:22","artist":"Paradise Lost","catalog#":"7243 5 30707 2 4-530 7072","format":"CD-Album","rating":"3","label":"EMI-EMI","title":"Believe In Nothing","collectionfolder":"Gothic","released":"2001"}
2016-04-11 16:46:13 INFO  CouchBasePersistenceImpl:206 - Document retrieved from view: f0090ca6-7f7f-4b33-82ae-e8a997b9075b - {"release_id":"1292597","date added":"2011-05-29 04:46:21","artist":"Candlemass","catalog#":"CDL 0258 CD","format":"CD-Album-RE-RM + CD-RM","rating":"5","label":"Candlelight Records USA","title":"Epicus Doomicus Metallicus","collectionfolder":"Doom Metal","released":"2006"}
2016-04-11 16:46:13 INFO  CouchBasePersistenceImpl:206 - Document retrieved from view: f0f41e35-7630-44f3-8ba3-b75b3a9a0014 - {"release_id":"2163584","date added":"2011-05-14 06:15:02","artist":"Nekromantix","catalog#":"0445-2","format":"CD-Album-Dig","rating":"4","label":"Hellcat Records","title":"Return Of The Loving Dead","collectionfolder":"Psychobilly","released":"2002"}
2016-04-11 16:46:13 INFO  CouchBasePersistenceImpl:206 - Document retrieved from view: f0f62018-af5a-4868-b592-02fedac02c56 - {"release_id":"49006","date added":"2011-05-26 12:15:28","artist":"I-C-K","catalog#":"HR!25","format":"CD-Album","rating":"4","label":"Hau Ruck!","title":"Les Hémorragies Nihilistes","collectionfolder":"Ambiental","released":"2001"}
2016-04-11 16:46:13 INFO  CouchBasePersistenceImpl:206 - Document retrieved from view: f175b10c-f131-4f23-956f-6afa06527aec - {"release_id":"4436855","date added":"2013-08-21 00:00:06","artist":"Coldplay","catalog#":"7243 5 40504 2 8-540 5042","format":"CD-Album","rating":"4","label":"Parlophone-Parlophone","title":"A Rush Of Blood To The Head","collectionfolder":"Brit Pop","released":"2002"}
2016-04-11 16:46:13 INFO  CouchBasePersistenceImpl:206 - Document retrieved from view: f19ad45b-de3b-4962-87ae-ea9b9bdedcc9 - {"release_id":"6099880","date added":"2016-02-14 11:11:46","artist":"Betrayed Blood","catalog#":"BSN 005-1","format":"CD-MiniAlbum-Ltd-Num","label":"Backstreetnoise Music","title":"Pure And Inflamed Nature","collectionfolder":"R.A.C","released":"2001"}
2016-04-11 16:46:13 INFO  CouchBasePersistenceImpl:206 - Document retrieved from view: f1a34be8-0cb4-4f1b-b1ce-6773851426d3 - {"release_id":"580982","date added":"2011-05-11 12:07:35","artist":"Before God","catalog#":"none","collection style":"R.A.C","format":"CD-Album","rating":"5","label":"Subzero Records","title":"Wolves Amongst The Sheep","collectionfolder":"R.A.C","released":"1998"}
2016-04-11 16:46:13 INFO  CouchBasePersistenceImpl:206 - Document retrieved from view: f1d0a842-dc49-4db3-b00a-995371056ac3 - {"release_id":"3274816","date added":"2015-04-14 22:31:21","artist":"No Alibi (2)","catalog#":"none","format":"CD-Album","label":"Subzero Records","title":"Back For Blood And Soil","collectionfolder":"R.A.C","released":"1998"}
2016-04-11 16:46:13 INFO  CouchBasePersistenceImpl:206 - Document retrieved from view: f2965a76-df91-44b2-b413-675c9b2ab0e8 - {"release_id":"1933945","date added":"2011-05-15 04:26:33","artist":"Metallica","catalog#":"METAL 512-874 067-1","format":"12-Single","rating":"5","label":"Vertigo-Phonogram","title":"One","collectionfolder":"Trash Metal","released":"1988"}
2016-04-11 16:46:13 INFO  CouchBasePersistenceImpl:206 - Document retrieved from view: f2e63f9a-03df-4a5e-975b-f60f3f85bb45 - {"release_id":"2607583","date added":"2015-03-28 12:44:14","artist":"Mötley Crüe","catalog#":"038 660-2","format":"CD-Album-Enh-RE","label":"Masters 2000-Mötley Records","title":"Dr. Feelgood","collectionfolder":"Glam","released":"2003"}
2016-04-11 16:46:13 INFO  CouchBasePersistenceImpl:206 - Document retrieved from view: f2e92784-783a-4098-bfd4-52bbde522d43 - {"release_id":"606945","date added":"2011-05-15 04:28:04","artist":"Metallica","catalog#":"0770970","format":"3xCD-Album + 2xDVD-V + Box","rating":"5","label":"Universal","title":"Live Sh*t: Binge & Purge","collectionfolder":"Trash Metal","released":"2003"}
2016-04-11 16:46:13 INFO  CouchBasePersistenceImpl:206 - Document retrieved from view: f30723c2-18ec-4f7e-853d-12c31342897f - {"release_id":"128830","date added":"2011-05-17 13:36:32","artist":"Laibach","catalog#":"CD STUMM 82","format":"CD-Album","rating":"5","label":"Mute","title":"Kapital","collectionfolder":"Industrial","released":"1992"}
2016-04-11 16:46:13 INFO  CouchBasePersistenceImpl:206 - Document retrieved from view: f31dcaf9-5990-46b5-9d2d-f6a3ffb24bd6 - {"release_id":"1295291","date added":"2011-05-11 12:04:23","artist":"Paradise Lost","catalog#":"VFN 13X","format":"VHS","rating":"5","label":"Music For Nations","title":"Harmony Breaks","collectionfolder":"Gothic","released":"1994"}
2016-04-11 16:46:13 INFO  CouchBasePersistenceImpl:206 - Document retrieved from view: f3594e97-72da-4a84-bf29-f4c4f0fefcc0 - {"release_id":"2750745","date added":"2013-08-20 23:40:27","artist":"Batallón De Castigo","catalog#":"RT-7009","collection style":"R.A.C","format":"CD-Album","rating":"5","label":"Rata - Ta Ta Tá...","title":"¡Caña De España!","collectionfolder":"R.A.C","released":"1998"}
2016-04-11 16:46:13 INFO  CouchBasePersistenceImpl:206 - Document retrieved from view: f3b9bfed-40d4-4f6e-9f74-2d724bfc3911 - {"release_id":"883913","date added":"2011-05-11 14:11:17","artist":"Pantera","catalog#":"7559-61908-2","format":"CD-Album","rating":"5","label":"EastWest","title":"The Great Southern Trendkill","collectionfolder":"Sludge Metal","released":"1996"}
2016-04-11 16:46:13 INFO  CouchBasePersistenceImpl:206 - Document retrieved from view: f3f82714-543a-4434-b596-5099bb6685a4 - {"release_id":"701596","date added":"2011-05-14 05:59:25","artist":"Fortress (6)","catalog#":"none","collection style":"R.A.C","format":"CD-Comp-RE","rating":"5","label":"Great White Productions","title":"Victory Or Valhalla: Seize The Day / Fortress I","collectionfolder":"R.A.C","released":"0"}
2016-04-11 16:46:13 INFO  CouchBasePersistenceImpl:206 - Document retrieved from view: f46ef140-e3ed-4688-ab7f-64e1286835ff - {"release_id":"3727423","date added":"2016-02-11 12:46:03","artist":"Honor","catalog#":"none","format":"CD-Album","label":"Resistance Records (3)","title":"In Flames Of The Rising Power","collectionfolder":"R.A.C","released":"2001"}
2016-04-11 16:46:13 INFO  CouchBasePersistenceImpl:206 - Document retrieved from view: f491be25-d578-4dc8-8663-d89b1d2fc44b - {"release_id":"1031887","date added":"2011-05-13 08:29:21","artist":"Danzig","catalog#":"RR 060","collection style":"Hard Rock","format":"DVD","rating":"5","label":"Regain Records","title":"Il Demonio Nera","collectionfolder":"Hard Rock","released":"2005"}
2016-04-11 16:46:13 INFO  CouchBasePersistenceImpl:206 - Document retrieved from view: f4c0bc3b-15bd-4395-be8d-f3b05cfd647d - {"release_id":"6759126","date added":"2015-05-28 22:47:10","artist":"Nile (2)","catalog#":"RR 6983-2","format":"CD-Album","label":"Relapse Records","title":"Amongst The Catacombs Of Nephren-Ka","collectionfolder":"Death Metal","released":"1998"}
2016-04-11 16:46:13 INFO  CouchBasePersistenceImpl:206 - Document retrieved from view: f673c21a-9f4e-4606-a496-8be353c58bc2 - {"release_id":"2905281","date added":"2011-05-28 07:59:16","artist":"Excalibur (6)","catalog#":"MOVEMENT 019","collection style":"R.A.C","format":"CD-Album","rating":"4","label":"Movement Records (6)","title":"Thurisaz","collectionfolder":"R.A.C","released":"1999"}
2016-04-11 16:46:13 INFO  CouchBasePersistenceImpl:206 - Document retrieved from view: f71ce52e-b9d6-4c02-a6c5-0ac7506d0963 - {"release_id":"2169898","date added":"2015-02-20 00:09:22","artist":"Endupdead","catalog#":"none","format":"CD-Album","label":"Ainaskin","title":"... And The Hell Followed Them","collectionfolder":"R.A.C","released":"1999"}
2016-04-11 16:46:13 INFO  CouchBasePersistenceImpl:206 - Document retrieved from view: f75f5c48-7e5c-49af-8cfc-c1c034905cbf - {"release_id":"699840","date added":"2011-05-23 12:01:24","artist":"The Jam","catalog#":"537 423-2","format":"CD-Comp","rating":"5","label":"Polydor","title":"The Very Best Of The Jam","collectionfolder":"Brit Pop","released":"1997"}
2016-04-11 16:46:13 INFO  CouchBasePersistenceImpl:206 - Document retrieved from view: f773cf87-3f24-4671-967f-82db72ef1ccf - {"release_id":"654456","date added":"2011-05-14 06:05:46","artist":"Monster Magnet","catalog#":"31454 0908 2","format":"CD-Album","rating":"5","label":"A&M Records","title":"Powertrip","collectionfolder":"Stoner Rock","released":"1998"}
2016-04-11 16:46:13 INFO  CouchBasePersistenceImpl:206 - Document retrieved from view: f7df7978-6e81-4f0b-b0ea-6d1a39b68962 - {"release_id":"1503848","date added":"2013-08-22 23:09:03","artist":"4 Skins","catalog#":"STEP CD 016","collection style":"Oi!","format":"CD-Comp-RE","rating":"5","label":"Step-1 Music","title":"From Chaos To 1984 / Rarities","collectionfolder":"Oi!","released":"1993"}
2016-04-11 16:46:13 INFO  CouchBasePersistenceImpl:206 - Document retrieved from view: f845b7af-b422-45a1-b292-90e2635702a3 - {"release_id":"800154","date added":"2011-05-17 13:52:26","artist":"Misfits","catalog#":"RR 8658-5-8086585RR","format":"CD-Album-Dig","rating":"5","label":"Roadrunner Records-Roadrunner Records","title":"Famous Monsters","collectionfolder":"Punk","released":"1999"}
2016-04-11 16:46:13 INFO  CouchBasePersistenceImpl:206 - Document retrieved from view: f8541c0c-7841-405e-a66a-659d5fa3a886 - {"release_id":"2894811","date added":"2011-05-22 12:31:02","artist":"Exxtrem","catalog#":"WWR004","collection style":"R.A.C","format":"CD-Album","rating":"3","label":"Wehrwolf Records","title":"Unsere Götter Leben Weiter","collectionfolder":"R.A.C","released":"2002"}
2016-04-11 16:46:13 INFO  CouchBasePersistenceImpl:206 - Document retrieved from view: f88401aa-ea15-4c40-b914-acd28cc8e8b3 - {"release_id":"2569357","date added":"2011-08-21 07:27:05","artist":"Overkill","catalog#":"SPV 076-18442 CD","collection style":"Trash Metal","format":"CD-Album-RE","rating":"4","label":"Steamhammer","title":"Feel The Fire","collectionfolder":"Trash Metal","released":"1998"}
2016-04-11 16:46:13 INFO  CouchBasePersistenceImpl:206 - Document retrieved from view: f8d376b1-f87f-43d6-b88f-b14461791e79 - {"release_id":"712049","date added":"2011-05-14 06:25:51","artist":"The Hellacopters","catalog#":"JAZZ 016CD","format":"CD-Album","rating":"5","label":"White Jazz Records","title":"Grande Rock","collectionfolder":"R´N´R","released":"1999"}
2016-04-11 16:46:13 INFO  CouchBasePersistenceImpl:206 - Document retrieved from view: f9eab833-d079-4a36-9693-e1fec6abc6fe - {"release_id":"469287","date added":"2011-05-17 13:39:09","artist":"Moonspell","catalog#":"77190-2","format":"CD-Album","rating":"4","label":"Century Media","title":"Sin / Pecado","collectionfolder":"Gothic","released":"1998"}
2016-04-11 16:46:13 INFO  CouchBasePersistenceImpl:206 - Document retrieved from view: fa514933-d6fa-48c3-b3dd-e124aa18d341 - {"release_id":"891780","date added":"2011-05-11 14:08:26","artist":"Paradise Lost","catalog#":"CDMFNX 222","format":"CD-Album-Ltd-Dig","rating":"3","label":"Music For Nations","title":"One Second","collectionfolder":"Gothic","released":"1997"}
2016-04-11 16:46:13 INFO  CouchBasePersistenceImpl:206 - Document retrieved from view: fa834013-74d1-4675-93e7-1c8fe6eda22d - {"release_id":"367860","date added":"2016-02-14 11:17:08","artist":"A Perfect Circle","catalog#":"7243 8 49253 2 1","format":"CD-Album","label":"Virgin","title":"Mer De Noms","collectionfolder":"Uncategorized","released":"2000"}
2016-04-11 16:46:13 INFO  CouchBasePersistenceImpl:206 - Document retrieved from view: faf1aa51-f15d-4bb8-8ef2-ee27e9e2c6f0 - {"release_id":"5324045","date added":"2015-04-14 22:55:02","artist":"Opeth","catalog#":"cdmfn291-CDMFN291","format":"CD-Album","label":"Music For Nations-Music For Nations","title":"Deliverance","collectionfolder":"Death Metal","released":"2002"}
2016-04-11 16:46:13 INFO  CouchBasePersistenceImpl:206 - Document retrieved from view: fc27232f-d8bf-4f49-9d6f-cba5740f170c - {"release_id":"780431","date added":"2015-04-13 12:37:19","artist":"Black Sabbath","catalog#":"ESM CD 330-GAS 0000330ESM","format":"CD-Album-RE-RM","label":"Essential-Essential","title":"Heaven And Hell","collectionfolder":"Heavy Metal","released":"1996"}
2016-04-11 16:46:13 INFO  CouchBasePersistenceImpl:206 - Document retrieved from view: fcd4689f-1dff-42c9-9c2f-cebb396fef6e - {"release_id":"3072362","date added":"2013-01-08 01:13:04","artist":"West Wall","catalog#":"none","format":"CD-Album","rating":"5","label":"Not On Label (West Wall Self-released)","title":"On My Shield","collectionfolder":"Death Metal","released":"2011"}
2016-04-11 16:46:13 INFO  CouchBasePersistenceImpl:206 - Document retrieved from view: fda583d2-01e8-418f-8847-b231d840f432 - {"release_id":"369290","date added":"2011-05-11 11:45:52","artist":"RAHOWA","catalog#":"CRA-201A","collection style":"R.A.C","format":"CD-Album","rating":"5","label":"Resistance Records (3)","title":"Cult Of The Holy War","collectionfolder":"Gothic","released":"1995"}
2016-04-11 16:46:13 INFO  CouchBasePersistenceImpl:206 - Document retrieved from view: fde0b0c2-a53e-42b8-98d2-59884b5b1793 - {"release_id":"1664081","date added":"2011-05-30 13:26:53","artist":"The Prodigy","catalog#":"MXCD 1843 (CS) CTV","format":"CD-Album + DVD-V-NTSC","rating":"4","label":"Blanco Y Negro (2)","title":"Invaders Must Die","collectionfolder":"Rave","released":"2009"}
2016-04-11 16:46:13 INFO  CouchBasePersistenceImpl:206 - Document retrieved from view: fe900f24-0096-43b5-b3dd-a72612b30156 - {"release_id":"950131","date added":"2011-08-21 06:58:39","artist":"Atrocity","catalog#":"549 314-2","collection style":"Industrial","format":"CD-Album-blu","rating":"4","label":"Motor Music","title":"Gemini","collectionfolder":"Industrial","released":"2000"}
2016-04-11 16:46:13 INFO  CouchBasePersistenceImpl:206 - Document retrieved from view: fec507c4-70e1-4144-8660-4454d910171e - {"release_id":"4088900","date added":"2016-02-09 23:07:11","artist":"Hobbit (4)","catalog#":"RTP CD44 PR71","format":"CD-Album","label":"Rupe Tarpea Produzioni","title":"L'impero Contrattacca","collectionfolder":"R.A.C","released":"2010"}
2016-04-11 16:46:13 INFO  CouchBasePersistenceImpl:206 - Document retrieved from view: fef1dfae-2252-4d5c-a778-a438e6922407 - {"release_id":"369077","date added":"2011-05-17 13:40:58","artist":"The Gathering","catalog#":"77298-2","format":"CD-Album-Dig","rating":"5","label":"Century Media","title":"If_then_else","collectionfolder":"Gothic","released":"2000"}
2016-04-11 16:46:13 INFO  CouchBasePersistenceImpl:206 - Document retrieved from view: ff730c2c-de61-4afa-af9b-0d6703dc2c17 - {"release_id":"3885762","date added":"2014-09-14 11:20:30","artist":"Down (3)","catalog#":"RR 7627-2 1686-17627-2","format":"CD-EP-Dig","label":"Roadrunner Records","title":"EP I Of IV","collectionfolder":"Doom Metal","released":"2012"}
2016-04-11 16:46:13 INFO  CouchBasePersistenceImpl:206 - Document retrieved from view: ffec4374-cdf5-4004-80b6-a51a964403f6 - {"release_id":"3665962","date added":"2016-03-12 23:56:15","artist":"Slayer","catalog#":"924203-1","format":"LP-Album","label":"Def Jam Recordings-Geffen Records","title":"South Of Heaven","collectionfolder":"Uncategorized","released":"1988"}
2016-04-11 16:46:13 INFO  TestCouchBasePersistenceImpl:124 - Number of documents retrieve from bucket: 588
2016-04-11 16:46:13 INFO  TestCouchBasePersistenceImpl:106 - Document sucessfully inserted in bucket with id: 2c405c19-acee-4980-a059-a791d692759e
2016-04-11 16:46:13 INFO  TestCouchBasePersistenceImpl:71 - Document sucessfully inserted in bucket with id: f293b932-840a-475c-8036-30a9e9cd5a31
2016-04-11 16:46:13 INFO  TestCouchBasePersistenceImpl:56 - Document sucessfully inserted in bucket with id: 26e915f1-f44f-40b1-9220-f032692085d0
2016-04-11 16:46:13 INFO  TestCouchBasePersistenceImpl:88 - Document sucessfully inserted in bucket with id: 6ba2b293-d5d4-4c36-ae0c-777373a0692c
2016-04-11 16:46:13 INFO  Node:145 - Disconnected from Node localhost
2016-04-11 16:46:13 INFO  ConfigurationProvider:300 - Closed bucket default
2016-04-11 16:46:13 INFO  CoreEnvironment:446 - Shutdown Core Scheduler: success 
2016-04-11 16:46:13 INFO  CoreEnvironment:446 - Shutdown Runtime Metrics Collector: success 
2016-04-11 16:46:13 INFO  CoreEnvironment:446 - Shutdown Latency Metrics Collector: success 
2016-04-11 16:46:13 INFO  CoreEnvironment:446 - Shutdown IoPool: success 
2016-04-11 16:46:15 INFO  CoreEnvironment:446 - Shutdown Netty: success 
2016-04-11 16:46:15 INFO  TestCouchBasePersistenceImpl:43 - Couchbase database sucessfully disconnected: true
]]></system-out>
  <system-err><![CDATA[]]></system-err>
</testsuite>
