<?xml version="1.0" encoding="UTF-8"?>
<testsuite name="es.arq.persistence.provider.tests.TestLoadCSV" tests="1" skipped="0" failures="0" errors="0" timestamp="2016-04-11T14:46:15" hostname="mmoran" time="3.032">
  <properties/>
  <testcase name="testLoadCSV" classname="es.arq.persistence.provider.tests.TestLoadCSV" time="3.032"/>
  <system-out><![CDATA[2016-04-11 16:46:15 WARN  CoreEnvironment:208 - More than 1 Couchbase Environments found (2), this can have severe impact on performance and stability. Reuse environments!
2016-04-11 16:46:15 INFO  CouchbaseCore:141 - CouchbaseEnvironment: {sslEnabled=false, sslKeystoreFile='null', sslKeystorePassword='null', queryEnabled=false, queryPort=8093, bootstrapHttpEnabled=true, bootstrapCarrierEnabled=true, bootstrapHttpDirectPort=8091, bootstrapHttpSslPort=18091, bootstrapCarrierDirectPort=11210, bootstrapCarrierSslPort=11207, ioPoolSize=4, computationPoolSize=4, responseBufferSize=16384, requestBufferSize=16384, kvServiceEndpoints=1, viewServiceEndpoints=1, queryServiceEndpoints=1, ioPool=NioEventLoopGroup, coreScheduler=CoreScheduler, eventBus=DefaultEventBus, packageNameAndVersion=couchbase-jvm-core/1.2.3 (git: 1.2.3), dcpEnabled=false, retryStrategy=BestEffort, maxRequestLifetime=75000, retryDelay=ExponentialDelay{growBy 1.0 MICROSECONDS; lower=100, upper=100000}, reconnectDelay=ExponentialDelay{growBy 1.0 MILLISECONDS; lower=32, upper=4096}, observeIntervalDelay=ExponentialDelay{growBy 1.0 MICROSECONDS; lower=10, upper=100000}, keepAliveInterval=30000, autoreleaseAfter=2000, bufferPoolingEnabled=true, tcpNodelayEnabled=true, mutationTokensEnabled=false, socketConnectTimeout=1000, dcpConnectionBufferSize=20971520, dcpConnectionBufferAckThreshold=0.2, queryTimeout=75000, viewTimeout=75000, kvTimeout=2500, connectTimeout=5000, disconnectTimeout=25000, dnsSrvEnabled=false}
2016-04-11 16:46:15 INFO  Node:135 - Connected to Node localhost
2016-04-11 16:46:15 INFO  ConfigurationProvider:272 - Opened bucket default
2016-04-11 16:46:15 INFO  CouchBasePersistenceImpl:87 - Connection to bucket: default on host has been stablished
2016-04-11 16:46:15 INFO  TestLoadCSV:38 - File /music-collection.csv succesfully loaded
2016-04-11 16:46:15 INFO  TestLoadCSV:78 - Document succesfully formatted: {"catalog#":"PIASR311CDX-945.U311.022","artist":"Dead Can Dance","title":"Anastasis","label":"[PIAS] Recordings-[PIAS] Recordings","format":"CD-Album-Dig","rating":"5","released":"2012","release_id":"3791972","collectionfolder":"Ambiental","date added":"2014-02-09 11:54:12"} an inserted into database with id: 89d33034-8d0c-410f-9cc8-bd10aba3311e
2016-04-11 16:46:15 INFO  TestLoadCSV:78 - Document succesfully formatted: {"catalog#":"31454 0908 2","artist":"Monster Magnet","title":"Powertrip","label":"A&M Records","format":"CD-Album","rating":"5","released":"1998","release_id":"654456","collectionfolder":"Stoner Rock","date added":"2011-05-14 06:05:46"} an inserted into database with id: 339d6441-6b68-4048-a51f-52f03361c568
2016-04-11 16:46:15 INFO  TestLoadCSV:78 - Document succesfully formatted: {"catalog#":"490 773-2","artist":"Monster Magnet","title":"God Says No","label":"A&M Records","format":"CD-Album","rating":"5","released":"2000","release_id":"397102","collectionfolder":"Stoner Rock","date added":"2011-05-14 06:05:17"} an inserted into database with id: 06da6ea1-c4c6-4cc0-85e4-5acda6e7bbd2
2016-04-11 16:46:15 INFO  TestLoadCSV:78 - Document succesfully formatted: {"catalog#":"540 215-2","artist":"Soundgarden","title":"Superunknown","label":"A&M Records","format":"CD-Album","rating":"4","released":"1994","release_id":"379144","collectionfolder":"Hard Rock","date added":"2011-05-30 13:37:47","collection style":"Hard Rock"} an inserted into database with id: 49fd6a67-7b79-4262-bcd6-811f4f5beb57
2016-04-11 16:46:15 INFO  TestLoadCSV:78 - Document succesfully formatted: {"catalog#":"540 315-2","artist":"Monster Magnet","title":"Dopes To Infinity","label":"A&M Records","format":"CD-Album","rating":"5","released":"1995","release_id":"370488","collectionfolder":"Stoner Rock","date added":"2011-05-14 06:06:12"} an inserted into database with id: 2cda834d-2c65-4c43-bc47-0f84e6549c99
2016-04-11 16:46:15 INFO  TestLoadCSV:78 - Document succesfully formatted: {"catalog#":"AMLK 64634","artist":"Supertramp","title":"Even In The Quietest Moments...","label":"A&M Records","format":"LP-Album","released":"1977","release_id":"5707873","collectionfolder":"Uncategorized","date added":"2015-08-01 03:31:13"} an inserted into database with id: e4bae04d-1d4f-4b6f-9fe8-9077d1a032bc
2016-04-11 16:46:15 INFO  TestLoadCSV:78 - Document succesfully formatted: {"catalog#":"AFM 554-1","artist":"Danzig","title":"Skeletons","label":"AFM Records-Evilive","format":"LP-Album","released":"2015","release_id":"7777848","collectionfolder":"Hard Rock","date added":"2016-01-06 10:21:52"} an inserted into database with id: 8f2f2961-3b64-44ea-8533-7d9e198dabf8
2016-04-11 16:46:15 INFO  TestLoadCSV:78 - Document succesfully formatted: {"catalog#":"none","artist":"Brick (9)","title":"Secured In Darkness","label":"Aggressive Records","format":"CD-Album","rating":"3","released":"1997","release_id":"1760932","collectionfolder":"Death Metal","date added":"2011-05-26 11:54:12","collection style":"Death Metal"} an inserted into database with id: 1049c75b-3240-40f0-a374-f5d537e9a270
2016-04-11 16:46:15 INFO  TestLoadCSV:78 - Document succesfully formatted: {"catalog#":"none","artist":"Endupdead","title":"... And The Hell Followed Them","label":"Ainaskin","format":"CD-Album","released":"1999","release_id":"2169898","collectionfolder":"R.A.C","date added":"2015-02-20 00:09:22"} an inserted into database with id: f74991ad-7621-478f-b8c3-b70ddf90473c
2016-04-11 16:46:15 INFO  TestLoadCSV:78 - Document succesfully formatted: {"catalog#":"ALCD 4","artist":"Skrewdriver","title":"Hail Victory","label":"ALCD","format":"CD-Album","rating":"3","released":"1994","release_id":"1616948","collectionfolder":"R.A.C","date added":"2013-08-14 06:04:59","collection style":"R.A.C"} an inserted into database with id: 28438770-4eb9-4e81-b713-09f25766177b
2016-04-11 16:46:15 INFO  TestLoadCSV:78 - Document succesfully formatted: {"catalog#":"AR053CD","artist":"Foscor","title":"Those Horrors Wither","label":"Alone Records (2)","format":"CD-Album-Dig","released":"2014","release_id":"6527570","collectionfolder":"Black Metal","date added":"2015-02-01 00:19:24"} an inserted into database with id: c4de199e-43f4-417f-b188-377428c8a2d4
2016-04-11 16:46:15 INFO  TestLoadCSV:78 - Document succesfully formatted: {"catalog#":"AR053LP","artist":"Foscor","title":"Those Horrors Wither","label":"Alone Records (2)","format":"LP-Album-Whi","released":"2014","release_id":"6390095","collectionfolder":"Black Metal","date added":"2015-07-05 10:47:30"} an inserted into database with id: f9b37818-bf6f-4f35-95a6-1ddfe7791636
2016-04-11 16:46:15 INFO  TestLoadCSV:78 - Document succesfully formatted: {"catalog#":"AR053LPS","artist":"Foscor","title":"Graceful Pandora","label":"Alone Records (2)","format":"7-EP","released":"2014","release_id":"6317585","collectionfolder":"Black Metal","date added":"2016-02-14 11:49:07"} an inserted into database with id: adddc01a-29aa-4dce-ac43-a81fa04089de
2016-04-11 16:46:15 INFO  TestLoadCSV:78 - Document succesfully formatted: {"catalog#":"0731458679622","artist":"Slayer","title":"Reign In Blood","label":"American Recordings","format":"CD-Album-RE-RM","rating":"5","released":"0","release_id":"1050160","collectionfolder":"Trash Metal","date added":"2011-05-15 05:45:25"} an inserted into database with id: 7d094324-7a6f-4034-8704-dcc28b9e8d0b
2016-04-11 16:46:15 INFO  TestLoadCSV:78 - Document succesfully formatted: {"catalog#":"491802 2","artist":"Slayer","title":"Divine Intervention","label":"American Recordings","format":"CD-Album","rating":"5","released":"1994","release_id":"379566","collectionfolder":"Trash Metal","date added":"2011-05-15 05:45:53"} an inserted into database with id: ee6574aa-128e-4ee3-abee-5829eda8c429
2016-04-11 16:46:15 INFO  TestLoadCSV:78 - Document succesfully formatted: {"catalog#":"50-51011-7378-2-4","artist":"Danzig","title":"Danzig 4P","label":"American Recordings","format":"CD-Album-RE","rating":"5","released":"2006","release_id":"1516668","collectionfolder":"Hard Rock","date added":"2011-05-13 08:27:04","collection style":"Hard Rock"} an inserted into database with id: e8efc396-8b31-468c-b733-2383017a89b8
2016-04-11 16:46:15 INFO  TestLoadCSV:78 - Document succesfully formatted: {"catalog#":"586 331-2","artist":"Slayer","title":"God Hates Us All","label":"American Recordings","format":"CD-Album","rating":"4","released":"2001","release_id":"368156","collectionfolder":"Trash Metal","date added":"2011-05-15 05:47:06"} an inserted into database with id: c604080c-234b-4397-a154-61c8a47a5dd1
2016-04-11 16:46:15 INFO  TestLoadCSV:78 - Document succesfully formatted: {"catalog#":"88697131072","artist":"Slayer","title":"Undisputed Attitude","label":"American Recordings","format":"CD-Album-RE","rating":"3","released":"2009","release_id":"2530934","collectionfolder":"Trash Metal","date added":"2011-05-15 05:46:05"} an inserted into database with id: 6ca452ee-3dcb-4e82-ad74-a8fed78c0fd1
2016-04-11 16:46:15 INFO  TestLoadCSV:78 - Document succesfully formatted: {"catalog#":"9 45647-1","artist":"Danzig","title":"Danzig 4P","label":"American Recordings","format":"LP-Album-RE-Unofficial-Gat","released":"2014","release_id":"6284928","collectionfolder":"Heavy Metal","date added":"2015-04-26 04:55:11"} an inserted into database with id: 4d5ca0ba-b301-4ab7-96a4-494a0aafd4fa
2016-04-11 16:46:15 INFO  TestLoadCSV:78 - Document succesfully formatted: {"catalog#":"9362-44300-2","artist":"Slayer","title":"Christ Illusion","label":"American Recordings","format":"CD-Album","released":"2006","release_id":"749590","collectionfolder":"Trash Metal","date added":"2015-04-13 12:17:36"} an inserted into database with id: c1fbadeb-814f-4ad0-8d78-dd95fa4dae12
2016-04-11 16:46:15 INFO  TestLoadCSV:78 - Document succesfully formatted: {"catalog#":"491904 2-01-491904-10","artist":"Danzig","title":"Danzig","label":"American Recordings-American Recordings","format":"CD-Album-RE","rating":"4","released":"2001","release_id":"2462696","collectionfolder":"Hard Rock","date added":"2011-05-13 08:25:46","collection style":"Hard Rock"} an inserted into database with id: ba996f10-24cc-4155-b726-77242ec08766
2016-04-11 16:46:15 INFO  TestLoadCSV:78 - Document succesfully formatted: {"catalog#":"50-51011-7376-2-6-51011 7376 2","artist":"Danzig","title":"Danzig III: How The Gods Kill","label":"American Recordings-American Recordings","format":"CD-Album-RE","rating":"5","released":"2006","release_id":"1958179","collectionfolder":"Hard Rock","date added":"2011-05-13 08:26:37","collection style":"Hard Rock"} an inserted into database with id: a0686653-e6b6-4982-8b2f-85abfc2985fb
2016-04-11 16:46:15 INFO  TestLoadCSV:78 - Document succesfully formatted: {"catalog#":"491302 2-COL 491302 2-01-491302-10","artist":"Slayer","title":"Diabolus In Musica","label":"American Recordings-Columbia-Columbia","format":"CD-Album","rating":"5","released":"1998","release_id":"371100","collectionfolder":"Trash Metal","date added":"2011-05-15 05:46:46"} an inserted into database with id: 9f0f3780-b7fc-4a0b-a234-ffbfdbeae8d9
2016-04-11 16:46:15 INFO  TestLoadCSV:78 - Document succesfully formatted: {"catalog#":"88697128872","artist":"Slayer","title":"Decade Of Aggression Live","label":"American Recordings-Sony Music","format":"2xCD","rating":"5","released":"2009","release_id":"2027559","collectionfolder":"Trash Metal","date added":"2012-06-03 01:33:46","collection style":"Trash Metal"} an inserted into database with id: b522673c-ccc5-4ff7-9a25-44f71acb948a
2016-04-11 16:46:15 INFO  TestLoadCSV:78 - Document succesfully formatted: {"catalog#":"0600753461839","artist":"Slayer","title":"World Painted Blood","label":"American Recordings-Universal","format":"LP-Album-RE","released":"2013","release_id":"5097565","collectionfolder":"Trash Metal","date added":"2015-10-18 02:35:57"} an inserted into database with id: 55224074-f513-48e7-b3c1-8e01c3fc4775
2016-04-11 16:46:15 INFO  TestLoadCSV:78 - Document succesfully formatted: {"catalog#":"AR 001CD","artist":"Thunderbolt (2) / Kataxu","title":"Black Clouds Over Dark Majesty / Roots Thunder","label":"Ancestral Research Records","format":"CD-Comp","rating":"2","released":"2000","release_id":"581314","collectionfolder":"Black Metal","date added":"2013-08-21 00:34:27","collection style":"Black Metal"} an inserted into database with id: 27aa9c1e-3782-44de-a3a8-9920c605523f
2016-04-11 16:46:15 INFO  TestLoadCSV:78 - Document succesfully formatted: {"catalog#":"7 91372-2","artist":"Pantera","title":"Cowboys From Hell","label":"ATCO Records","format":"CD-Album","rating":"5","released":"1990","release_id":"367301","collectionfolder":"Sludge Metal","date added":"2011-05-11 14:09:35"} an inserted into database with id: 2dca0ed5-9887-4d51-9d64-8854312dffc6
2016-04-11 16:46:15 INFO  TestLoadCSV:78 - Document succesfully formatted: {"catalog#":"91758-2","artist":"Pantera","title":"Vulgar Display Of Power","label":"ATCO Records","format":"CD-Album","rating":"5","released":"1992","release_id":"367113","collectionfolder":"Sludge Metal","date added":"2011-05-11 14:09:17"} an inserted into database with id: 02a2ae4e-7634-424b-85db-fa256b17ba35
2016-04-11 16:46:15 INFO  TestLoadCSV:78 - Document succesfully formatted: {"catalog#":"ATL 50 603 (SD 38-112)","artist":"Blackfoot (3)","title":"Strikes","label":"ATCO Records","format":"LP-Album","released":"1979","release_id":"7148143","collectionfolder":"Southern Rock","date added":"2015-07-05 10:49:09"} an inserted into database with id: 66c857fb-8956-44da-bc3b-943f2ec8e33d
2016-04-11 16:46:15 INFO  TestLoadCSV:78 - Document succesfully formatted: {"catalog#":"7567-81930-2","artist":"Manowar","title":"Kings Of Metal","label":"Atlantic","format":"CD-Album-RE","rating":"5","released":"0","release_id":"1473933","collectionfolder":"Heavy Metal","date added":"2011-05-17 13:48:34"} an inserted into database with id: 8c2d32fb-75e0-472b-b60f-ee92ff087c3e
2016-04-11 16:46:15 INFO  TestLoadCSV:78 - Document succesfully formatted: {"catalog#":"7567-81936-2","artist":"Skid Row","title":"Skid Row","label":"Atlantic","format":"CD-Album","released":"1989","release_id":"1191223","collectionfolder":"Heavy Metal","date added":"2015-03-22 09:05:40"} an inserted into database with id: 1d5e711f-eb05-4c2d-8087-42b9f8324b28
2016-04-11 16:46:15 INFO  TestLoadCSV:78 - Document succesfully formatted: {"catalog#":"7567-82242-1","artist":"Skid Row","title":"Slave To The Grind","label":"Atlantic","format":"LP-Album","released":"1991","release_id":"1279521","collectionfolder":"Heavy Metal","date added":"2015-03-22 08:52:51"} an inserted into database with id: f8fbc539-2813-41a9-bf79-bc4180675e3b
2016-04-11 16:46:15 INFO  TestLoadCSV:78 - Document succesfully formatted: {"catalog#":"7567-82242-2","artist":"Skid Row","title":"Slave To The Grind","label":"Atlantic","format":"CD-Album","released":"1991","release_id":"1932050","collectionfolder":"Heavy Metal","date added":"2015-03-22 08:47:30"} an inserted into database with id: 1ab23846-3ae1-47b3-bb07-3b888596bd85
2016-04-11 16:46:15 INFO  TestLoadCSV:78 - Document succesfully formatted: {"catalog#":"7567-82258-2","artist":"Lynyrd Skynyrd","title":"1991","label":"Atlantic","format":"CD-Album","rating":"5","released":"1991","release_id":"1283636","collectionfolder":"Southern Rock","date added":"2011-05-14 06:12:18"} an inserted into database with id: 416b7d53-c21e-419e-a85e-7d6fda44d4dd
2016-04-11 16:46:15 INFO  TestLoadCSV:78 - Document succesfully formatted: {"catalog#":"7567-82730-2","artist":"Skid Row","title":"Subhuman Race","label":"Atlantic","format":"CD-Album","released":"1995","release_id":"2975807","collectionfolder":"Heavy Metal","date added":"2015-03-22 08:42:43"} an inserted into database with id: e852dd88-1a53-4882-8311-4b4d627c8bbb
2016-04-11 16:46:15 INFO  TestLoadCSV:78 - Document succesfully formatted: {"catalog#":"7567-82743-2","artist":"Sugar Ray (2)","title":"Lemonade & Brownies","label":"Atlantic","format":"CD-Album","rating":"4","released":"1995","release_id":"383832","collectionfolder":"Hardcore","date added":"2011-05-29 04:43:57","collection style":"Hardcore"} an inserted into database with id: d560ae3c-c01a-4907-9f1e-1fc3a8a53f43
2016-04-11 16:46:15 INFO  TestLoadCSV:78 - Document succesfully formatted: {"catalog#":"amcd03","artist":"Heathen Dawn","title":"Wasted Land","label":"Aura Mystique Productions","format":"CD-MiniAlbum","released":"2002","release_id":"3527491","collectionfolder":"Black Metal","date added":"2016-02-14 01:00:02"} an inserted into database with id: e0280266-c7b3-4dee-b3b2-cb9497d87558
2016-04-11 16:46:15 INFO  TestLoadCSV:78 - Document succesfully formatted: {"catalog#":"290-09-072 G","artist":"Böhse Onkelz","title":"Heilige Lieder","label":"Bacillus Records","format":"CD-Album-Ltd-RE","released":"1995","release_id":"384038","collectionfolder":"Hard Rock","date added":"2014-03-06 23:08:04"} an inserted into database with id: 37b79f70-5578-4445-a0dc-e37b8b1ed87f
2016-04-11 16:46:15 INFO  TestLoadCSV:78 - Document succesfully formatted: {"catalog#":"BSN 005-1","artist":"Betrayed Blood","title":"Pure And Inflamed Nature","label":"Backstreetnoise Music","format":"CD-MiniAlbum-Ltd-Num","released":"2001","release_id":"6099880","collectionfolder":"R.A.C","date added":"2016-02-14 11:11:46"} an inserted into database with id: 0052c3c9-16f0-45f2-8b3e-7ed593d6636e
2016-04-11 16:46:15 INFO  TestLoadCSV:78 - Document succesfully formatted: {"catalog#":"AFROCD008","artist":"The Hellacopters & The Flaming Sideburns","title":"White Trash Soul!","label":"Bad Afro Records","format":"CD-EP","rating":"3","released":"2001","release_id":"2200930","collectionfolder":"R´N´R","date added":"2011-05-14 06:28:42"} an inserted into database with id: 0f8867d1-a44a-4dbb-b0fd-816fdf8216e2
2016-04-11 16:46:15 INFO  TestLoadCSV:78 - Document succesfully formatted: {"catalog#":"BS001CD","artist":"Nick Cave & The Bad Seeds","title":"Push The Sky Away","label":"Bad Seed Ltd.","format":"CD-Album","released":"2013","release_id":"4365901","collectionfolder":"Blues Rock","date added":"2014-02-10 23:04:12"} an inserted into database with id: f3f7ae72-2f34-4832-9efc-a29e4598f81b
2016-04-11 16:46:15 INFO  TestLoadCSV:78 - Document succesfully formatted: {"catalog#":"none","artist":"Uruk-Hai (2)","title":"In The Side Of Eternal Eclipse","label":"Battlefield Records","format":"CD-MiniAlbum-Ltd","released":"2001","release_id":"587254","collectionfolder":"Black Metal","date added":"2016-02-14 01:02:35"} an inserted into database with id: 629952c4-6e13-45c9-a5df-9a3d13b82500
2016-04-11 16:46:15 INFO  TestLoadCSV:78 - Document succesfully formatted: {"catalog#":"BEGA 2026 CD","artist":"The Cult","title":"Pure Cult - The Singles 1984 - 1995","label":"Beggars Banquet","format":"CD-Comp-RM","rating":"3","released":"2000","release_id":"1355910","collectionfolder":"R´N´R","date added":"2011-05-30 13:09:54","collection style":"R´N´R"} an inserted into database with id: 5eaa4ad7-8510-41f0-82f9-7435545b11ac
2016-04-11 16:46:15 INFO  TestLoadCSV:78 - Document succesfully formatted: {"catalog#":"BEY.9909R-BEY.9909","artist":"Satarial","title":"The Queen Of The Elves' Land","label":"Beyond Productions-Beyond Productions","format":"CD-Album","released":"1999","release_id":"924842","collectionfolder":"Black Metal","date added":"2016-02-14 00:47:28"} an inserted into database with id: 8c1d87d9-8cdc-4162-886c-d4ebbb741044
2016-04-11 16:46:15 INFO  TestLoadCSV:78 - Document succesfully formatted: {"catalog#":"BFG 0077-2","artist":"Bound For Glory","title":"Behold The Iron Cross","label":"BFG Productions","format":"CD-Album","rating":"5","released":"1996","release_id":"1660691","collectionfolder":"R.A.C","date added":"2011-05-11 12:09:32","collection style":"R.A.C"} an inserted into database with id: fffa189d-4176-4848-ba30-8b33f7b27ac0
2016-04-11 16:46:15 INFO  TestLoadCSV:78 - Document succesfully formatted: {"catalog#":"BHCD-41","artist":"Freikorps","title":"Volk Und Vaterland","label":"BHCD","format":"CD-Album","rating":"4","released":"1998","release_id":"1346389","collectionfolder":"R.A.C","date added":"2013-08-14 05:58:40","collection style":"R.A.C"} an inserted into database with id: 22ffbccf-0717-4aeb-9bbb-cd018fcfa408
2016-04-11 16:46:15 INFO  TestLoadCSV:78 - Document succesfully formatted: {"catalog#":"WIKAD 46","artist":"The Cramps","title":"A Date With Elvis","label":"Big Beat Records","format":"LP-Album-RE-Sev","released":"2013","release_id":"4742802","collectionfolder":"R´N´R","date added":"2015-08-08 12:39:06"} an inserted into database with id: 7da8a221-b737-4604-a6ad-5add9985daab
2016-04-11 16:46:15 INFO  TestLoadCSV:78 - Document succesfully formatted: {"catalog#":"BLR/CD 027","artist":"Necromantia","title":"Covering Evil (12 Years Doing The Devil's Work)","label":"Black Lotus Records","format":"2xCD-Comp","released":"2001","release_id":"3211375","collectionfolder":"Black Metal","date added":"2016-02-14 11:36:32"} an inserted into database with id: 19919476-6d94-4d10-a854-1413e70f8f18
2016-04-11 16:46:15 INFO  TestLoadCSV:78 - Document succesfully formatted: {"catalog#":"BLR/CD 015-BLR CD015","artist":"Necromantia","title":"IV: Malice","label":"Black Lotus Records-Black Lotus Records","format":"CD-Album","rating":"5","released":"2000","release_id":"367905","collectionfolder":"Black Metal","date added":"2011-08-21 07:10:25","collection style":"Black Metal"} an inserted into database with id: da28884a-d209-4538-8315-8e58c51013e1
2016-04-11 16:46:15 INFO  TestLoadCSV:78 - Document succesfully formatted: {"catalog#":"none","artist":"Intolleranza","title":"Tutti All' Inferno","label":"Black Shirts Records","format":"LP-Album-Ltd-Num-RE-Whi","released":"2015","release_id":"8027794","collectionfolder":"R.A.C","date added":"2016-02-09 10:46:36"} an inserted into database with id: a07df179-9ed3-46d1-ae36-74906c9c35be
2016-04-11 16:46:15 INFO  TestLoadCSV:78 - Document succesfully formatted: {"catalog#":"BS 003","artist":"Various","title":"Slatanic Slaughter A Tribute To Slayer","label":"Black Sun Records","format":"CD-Comp","rating":"5","released":"1995","release_id":"1135797","collectionfolder":"Death Metal","date added":"2011-05-28 06:27:49","collection style":"Death Metal"} an inserted into database with id: 6c8614ef-ed04-47b5-97f2-69b8e26d772d
2016-04-11 16:46:15 INFO  TestLoadCSV:78 - Document succesfully formatted: {"catalog#":"BS 006-BS006","artist":"Various","title":"Slatanic Slaughter II A Tribute To Slayer","label":"Black Sun Records-Black Sun Records","format":"CD-Comp","rating":"5","released":"1996","release_id":"1135807","collectionfolder":"Death Metal","date added":"2011-05-28 06:28:11","collection style":"Death Metal"} an inserted into database with id: 78318559-6bb4-4256-9989-184df498c0fb
2016-04-11 16:46:15 INFO  TestLoadCSV:78 - Document succesfully formatted: {"catalog#":"BLCKND002","artist":"Metallica","title":"Quebec Magnetic","label":"Blackened Recordings","format":"Blu-ray-Multichannel","rating":"4","released":"2012","release_id":"4141240","collectionfolder":"Trash Metal","date added":"2013-08-14 06:21:57","collection style":"Trash Metal"} an inserted into database with id: 9d4756d5-b888-47be-98f7-1934a0920d52
2016-04-11 16:46:15 INFO  TestLoadCSV:78 - Document succesfully formatted: {"catalog#":"BLCKND011-1","artist":"Metallica","title":"Load","label":"Blackened Recordings","format":"2xLP-Album-RE","released":"2015","release_id":"7276020","collectionfolder":"Trash Metal","date added":"2015-08-22 00:56:51"} an inserted into database with id: 3796c1d9-5e30-44bc-bd9d-38c8d94a7be9
2016-04-11 16:46:15 INFO  TestLoadCSV:78 - Document succesfully formatted: {"catalog#":"9031-76554-2","artist":"The Jesus And Mary Chain","title":"Honey's Dead","label":"Blanco Y Negro","format":"CD-Album","rating":"5","released":"1992","release_id":"392018","collectionfolder":"Gothic","date added":"2011-05-17 13:58:05"} an inserted into database with id: db89afc1-a283-4a71-83aa-53b340712765
2016-04-11 16:46:15 INFO  TestLoadCSV:78 - Document succesfully formatted: {"catalog#":"MXCD 1843 (CS) CTV","artist":"The Prodigy","title":"Invaders Must Die","label":"Blanco Y Negro (2)","format":"CD-Album + DVD-V-NTSC","rating":"4","released":"2009","release_id":"1664081","collectionfolder":"Rave","date added":"2011-05-30 13:26:53"} an inserted into database with id: 2ed24c24-d6f3-48a4-bfc5-8968946c7a6a
2016-04-11 16:46:15 INFO  TestLoadCSV:78 - Document succesfully formatted: {"catalog#":"2292-46221-2-246 221-2","artist":"The Jesus And Mary Chain","title":"Automatic","label":"Blanco Y Negro-Blanco Y Negro","format":"CD-Album","rating":"3","released":"1989","release_id":"392019","collectionfolder":"Gothic","date added":"2011-05-17 13:57:53"} an inserted into database with id: 1470ed25-2123-4bbf-b36a-806b19afaa8d
2016-04-11 16:46:15 INFO  TestLoadCSV:78 - Document succesfully formatted: {"catalog#":"none","artist":"Kaiserbund","title":"Euromatrice Type 1.7","label":"Bleu Blanc Rock","format":"CD-Album","rating":"3","released":"2000","release_id":"2395523","collectionfolder":"Electronic","date added":"2013-08-21 00:36:17","collection style":"Industrial"} an inserted into database with id: e7f27558-cae7-41de-9af9-4667ba1968aa
2016-04-11 16:46:15 INFO  TestLoadCSV:78 - Document succesfully formatted: {"catalog#":"blood rec. 002","artist":"Territory (6)-The Time Machine","title":"Blood Records (6)","label":"CD-Album","rating":"2002","released":"5056679","release_id":"R.A.C","collectionfolder":"2016-02-11 22:51:26"} an inserted into database with id: b7df93c4-346b-42bc-8539-77529c51c1b4
2016-04-11 16:46:15 INFO  TestLoadCSV:78 - Document succesfully formatted: {"catalog#":"BHV-16790-1","artist":"The Black Angels","title":"Indigo Meadow","label":"Blue Horizon (3)","format":"LP-Album","released":"2013","release_id":"4427565","collectionfolder":"Stoner Rock","date added":"2015-07-30 23:25:22"} an inserted into database with id: 0ef80622-b190-47dd-a56d-3a8396dabc08
2016-04-11 16:46:15 INFO  TestLoadCSV:78 - Document succesfully formatted: {"catalog#":"74321 96179 2-none","artist":"Paradise Lost","title":"Symbol Of Life","label":"BMG Berlin Musik Gmbh-Supersonic Records (2)","format":"CD-Album-Ltd-Copy Prot.-Dig","rating":"4","released":"2002","release_id":"1096525","collectionfolder":"Gothic","date added":"2011-05-11 14:07:59"} an inserted into database with id: 5672321f-8af7-4e68-9a67-68861a4f797f
2016-04-11 16:46:15 INFO  TestLoadCSV:78 - Document succesfully formatted: {"catalog#":"74321 68596 2-GUN 185","artist":"Rage (6)","title":"Ghosts","label":"BMG-GUN Records (2)","format":"CD-Album","rating":"5","released":"1999","release_id":"554694","collectionfolder":"Power Metal","date added":"2011-08-21 06:53:37","collection style":"Power Metal"} an inserted into database with id: d0552358-a682-46d7-9ef4-e9c8c06f99d3
2016-04-11 16:46:15 INFO  TestLoadCSV:78 - Document succesfully formatted: {"catalog#":"BULL 70099 CD","artist":"Alta Tensión","title":"La Historia Continúa","label":"Bronco Bullfrog Records","format":"CD-Album","rating":"1","released":"1999","release_id":"1141200","collectionfolder":"Oi!","date added":"2013-09-03 23:32:16","collection style":"Oi!"} an inserted into database with id: e346e3cf-500f-41b3-a3cf-0579d4a2843f
2016-04-11 16:46:15 INFO  TestLoadCSV:78 - Document succesfully formatted: {"catalog#":"BMGRM022LP","artist":"Motörhead","title":"Overkill","label":"Bronze-BMG-Sanctuary Records","format":"LP-Album-RE-180","released":"2015","release_id":"8071969","collectionfolder":"Uncategorized","date added":"2016-03-20 01:55:40"} an inserted into database with id: 8089baf9-b6ca-4952-9b3b-f78ab0ee535e
2016-04-11 16:46:15 INFO  TestLoadCSV:78 - Document succesfully formatted: {"catalog#":"CANDLE035CD","artist":"Emperor (2)","title":"IX Equilibrium","label":"Candlelight Records","format":"CD-Album","rating":"5","released":"1999","release_id":"372082","collectionfolder":"Black Metal","date added":"2013-08-22 23:44:08","collection style":"Black Metal"} an inserted into database with id: fb25fb43-4629-4bb2-a3e5-2c078546ab9d
2016-04-11 16:46:15 INFO  TestLoadCSV:78 - Document succesfully formatted: {"catalog#":"CDL 0030 CD","artist":"Insomnium","title":"In The Halls Of Awaiting","label":"Candlelight Records USA","format":"CD-Album","rating":"2","released":"2004","release_id":"511451","collectionfolder":"Gothic","date added":"2011-05-17 13:50:57"} an inserted into database with id: c77d0f23-1739-4683-86e1-4e672dfc156d
2016-04-11 16:46:15 INFO  TestLoadCSV:78 - Document succesfully formatted: {"catalog#":"CDL 0258 CD","artist":"Candlemass","title":"Epicus Doomicus Metallicus","label":"Candlelight Records USA","format":"CD-Album-RE-RM + CD-RM","rating":"5","released":"2006","release_id":"1292597","collectionfolder":"Doom Metal","date added":"2011-05-29 04:46:21"} an inserted into database with id: 335eeb60-fbcc-4253-918e-2f526b4ca08d
2016-04-11 16:46:15 INFO  TestLoadCSV:78 - Document succesfully formatted: {"catalog#":"7243 4 96504 2 8","artist":"The Cramps","title":"Psychedelic Jungle","label":"Capitol Records-Zonophone","format":"CD-Album","rating":"5","released":"1998","release_id":"767392","collectionfolder":"R´N´R","date added":"2011-05-30 13:08:27","collection style":"R´N´R"} an inserted into database with id: 5bc9f1e0-cae2-4f30-a42e-8cbeb0460762
2016-04-11 16:46:15 INFO  TestLoadCSV:78 - Document succesfully formatted: {"catalog#":"AHOY CD1","artist":"The Last Resort","title":"A Way Of Life - Skinhead Anthems","label":"Captain Oi!","format":"CD-Album-RE","rating":"3","released":"1993","release_id":"395887","collectionfolder":"Oi!","date added":"2013-08-22 23:10:34","collection style":"Oi!"} an inserted into database with id: 954179eb-aefe-487f-a02a-54db85e4bf65
2016-04-11 16:46:15 INFO  TestLoadCSV:78 - Document succesfully formatted: {"catalog#":"none","artist":"Konkwista 88","title":"What Have You Done To The Cause?","label":"Celtic Sounds","format":"CDr-Album-Ltd-RE","rating":"4","released":"2003","release_id":"2869206","collectionfolder":"R.A.C","date added":"2011-09-11 05:47:05","collection style":"R.A.C"} an inserted into database with id: 61e0aad2-f507-4b30-9e90-339b82926c64
2016-04-11 16:46:15 INFO  TestLoadCSV:78 - Document succesfully formatted: {"catalog#":"77180-2","artist":"Tiamat","title":"A Deeper Kind Of Slumber","label":"Century Media","format":"CD-Album-Ltd-Dig","released":"1997","release_id":"422069","collectionfolder":"Doom Metal","date added":"2015-04-14 22:48:43"} an inserted into database with id: 9acdeb4b-f54b-44b3-8553-5f6ebb876526
2016-04-11 16:46:15 INFO  TestLoadCSV:78 - Document succesfully formatted: {"catalog#":"77190-2","artist":"Moonspell","title":"Sin / Pecado","label":"Century Media","format":"CD-Album","rating":"4","released":"1998","release_id":"469287","collectionfolder":"Gothic","date added":"2011-05-17 13:39:09"} an inserted into database with id: eb98bfe5-ad84-4475-b1a7-132a392a49dd
2016-04-11 16:46:15 INFO  TestLoadCSV:78 - Document succesfully formatted: {"catalog#":"77298-2","artist":"The Gathering","title":"If_then_else","label":"Century Media","format":"CD-Album-Dig","rating":"5","released":"2000","release_id":"369077","collectionfolder":"Gothic","date added":"2011-05-17 13:40:58"} an inserted into database with id: af4222cc-6e69-43b1-81d5-212e183ca28e
2016-04-11 16:46:15 INFO  TestLoadCSV:78 - Document succesfully formatted: {"catalog#":"77460-2","artist":"Lacuna Coil","title":"Comalies","label":"Century Media","format":"CD-Album-Enh","rating":"3","released":"2002","release_id":"1808215","collectionfolder":"Gothic","date added":"2011-05-17 13:42:32"} an inserted into database with id: d6a616ac-3b53-4d7d-a031-672c9a57850e
2016-04-11 16:46:15 INFO  TestLoadCSV:78 - Document succesfully formatted: {"catalog#":"77490-2","artist":"Moonspell","title":"The Antidote","label":"Century Media","format":"CD-Album-Enh","rating":"4","released":"2003","release_id":"549222","collectionfolder":"Gothic","date added":"2011-05-17 13:39:32"} an inserted into database with id: 05211ac6-9a27-4a11-acf3-897f362a760d
2016-04-11 16:46:15 INFO  TestLoadCSV:78 - Document succesfully formatted: {"catalog#":"77500-2","artist":"Celtic Frost","title":"Monotheist","label":"Century Media","format":"CD-Album","rating":"5","released":"2006","release_id":"1081746","collectionfolder":"Black-Trash Metal","date added":"2011-05-12 10:30:50"} an inserted into database with id: f2094e87-c5e8-42ce-a1a3-74537f1085d5
2016-04-11 16:46:15 INFO  TestLoadCSV:78 - Document succesfully formatted: {"catalog#":"77637-2","artist":"Paradise Lost","title":"In Requiem","label":"Century Media","format":"CD-Album","rating":"3","released":"2007","release_id":"1602041","collectionfolder":"Gothic","date added":"2011-05-11 11:58:23"} an inserted into database with id: 7d9a4356-0fa7-448a-a7db-6eb6affc5efe
2016-04-11 16:46:15 INFO  TestLoadCSV:78 - Document succesfully formatted: {"catalog#":"77663-3","artist":"Paradise Lost","title":"The Enemy","label":"Century Media","format":"CD-Single-Enh","rating":"3","released":"2007","release_id":"1295270","collectionfolder":"Gothic","date added":"2011-05-11 12:03:20"} an inserted into database with id: 389203dd-c292-448e-9ffb-8cb30c9bbe83
2016-04-11 16:46:15 INFO  TestLoadCSV:78 - Document succesfully formatted: {"catalog#":"77712-1","artist":"Paradise Lost","title":"In Requiem","label":"Century Media","format":"LP-Album","rating":"3","released":"2007","release_id":"1046034","collectionfolder":"Gothic","date added":"2011-05-11 11:58:30"} an inserted into database with id: 2916161d-1108-433a-b294-986fd9f556e9
2016-04-11 16:46:15 INFO  TestLoadCSV:78 - Document succesfully formatted: {"catalog#":"77741-9","artist":"Paradise Lost","title":"Over The Madness","label":"Century Media","format":"2xDVD-Ltd","rating":"2","released":"2007","release_id":"1295312","collectionfolder":"Gothic","date added":"2011-05-11 12:04:40"} an inserted into database with id: 41071632-5ea0-4b30-ade4-d9e264517d93
2016-04-11 16:46:15 INFO  TestLoadCSV:78 - Document succesfully formatted: {"catalog#":"7797-2","artist":"Moonspell","title":"Wolfheart","label":"Century Media","format":"CD-Album","rating":"5","released":"1995","release_id":"1819310","collectionfolder":"Gothic","date added":"2011-05-17 13:38:46"} an inserted into database with id: 7a5713c7-3786-4095-a56a-4354a5b062c9
2016-04-11 16:46:15 INFO  TestLoadCSV:78 - Document succesfully formatted: {"catalog#":"7968-2","artist":"The Gathering","title":"How To Measure A Planet?","label":"Century Media","format":"2xCD-Album","rating":"5","released":"1999","release_id":"1120783","collectionfolder":"Gothic","date added":"2011-05-17 13:40:35"} an inserted into database with id: 8cd2e444-e41d-466d-b438-ace85528107f
2016-04-11 16:46:15 INFO  TestLoadCSV:78 - Document succesfully formatted: {"catalog#":"8764-2","artist":"Vallenfyre","title":"A Fragile King","label":"Century Media","format":"CD-Album","rating":"5","released":"2011","release_id":"3418834","collectionfolder":"Death Metal","date added":"2012-10-07 07:07:17","collection style":"Death Metal"} an inserted into database with id: 44c8d1ae-f8d2-486a-a75b-c35f95a5ee6b
2016-04-11 16:46:15 INFO  TestLoadCSV:78 - Document succesfully formatted: {"catalog#":"9977709","artist":"Paradise Lost","title":"The Anatomy Of Melancholy","label":"Century Media","format":"2xDVD-V-NTSC + 2xCD-Album + Box-Ltd","rating":"3","released":"2008","release_id":"1346639","collectionfolder":"Gothic","date added":"2011-05-11 11:59:02"} an inserted into database with id: f2d97b49-7e05-4bc3-a4f8-ab4e44de3cd6
2016-04-11 16:46:15 INFO  TestLoadCSV:78 - Document succesfully formatted: {"catalog#":"9981159","artist":"Paradise Lost","title":"Draconian Times MMXI","label":"Century Media","format":"2xDVD-V-NTSC-Dlx-Ltd + CD-Album","rating":"4","released":"2011","release_id":"3262566","collectionfolder":"Gothic","date added":"2012-02-29 22:59:24"} an inserted into database with id: ad078ed4-e571-48a2-a2ed-b49163a37ab0
2016-04-11 16:46:15 INFO  TestLoadCSV:78 - Document succesfully formatted: {"catalog#":"9981590","artist":"Paradise Lost","title":"Tragic Idol","label":"Century Media","format":"CD-Album-Dig + CD-EP + Box-Ltd","rating":"5","released":"2012","release_id":"3559959","collectionfolder":"Gothic","date added":"2012-04-25 23:24:25","collection style":"Gothic"} an inserted into database with id: fa2ce99d-f198-4d5c-917f-5b473e6987be
2016-04-11 16:46:15 INFO  TestLoadCSV:78 - Document succesfully formatted: {"catalog#":"9983531","artist":"Paradise Lost","title":"Tragic Illusion 25","label":"Century Media","format":"10-EP-Ltd + CD-Comp","released":"2013","release_id":"5073044","collectionfolder":"Doom Metal","date added":"2015-09-14 21:58:42"} an inserted into database with id: a9619f52-da35-4cc5-9d4b-7af8516921d4
2016-04-11 16:46:15 INFO  TestLoadCSV:78 - Document succesfully formatted: {"catalog#":"9983928","artist":"Vallenfyre","title":"Splinters","label":"Century Media","format":"CD-Album-Ltd-Dig","released":"2014","release_id":"5677173","collectionfolder":"Doom Metal","date added":"2014-06-03 07:52:01","collection style":"Death Metal"} an inserted into database with id: 2315882b-f6bd-4d1a-8e4f-30f831d3784f
2016-04-11 16:46:15 INFO  TestLoadCSV:78 - Document succesfully formatted: {"catalog#":"9985550","artist":"Paradise Lost","title":"The Plague Within","label":"Century Media","format":"CD-Album-Ltd-Med","released":"2015","release_id":"7064847","collectionfolder":"Doom Metal","date added":"2015-06-03 12:05:48"} an inserted into database with id: a4aaf180-8d46-4f07-937a-8c1af7a04057
2016-04-11 16:46:15 INFO  TestLoadCSV:78 - Document succesfully formatted: {"catalog#":"9985551","artist":"Paradise Lost","title":"The Plague Within","label":"Century Media","format":"LP + LP-S/Sided-Etch + Album-180","released":"2015","release_id":"7066288","collectionfolder":"Doom Metal","date added":"2015-06-03 11:51:59"} an inserted into database with id: 5fa8626f-0b2e-419b-81af-30b30d5613d2
2016-04-11 16:46:15 INFO  TestLoadCSV:78 - Document succesfully formatted: {"catalog#":"CMR7937 2","artist":"Mental Home","title":"Upon The Shores Of Inner Seas","label":"Century Media","format":"CD-Album","released":"2000","release_id":"5080571","collectionfolder":"Black Metal","date added":"2016-02-14 11:26:17"} an inserted into database with id: 03f09a23-ae1e-445a-8837-b4651c94ea7f
2016-04-11 16:46:15 INFO  TestLoadCSV:78 - Document succesfully formatted: {"catalog#":"77285-2D-77285-2LE","artist":"Dark Tranquillity","title":"Projector","label":"Century Media-Century Media","format":"CD-Album-Ltd-Dig","released":"1999","release_id":"1515787","collectionfolder":"Doom Metal","date added":"2015-04-14 22:50:26"} an inserted into database with id: 064e4277-06e2-48b3-9caa-3182ee766b15
2016-04-11 16:46:15 INFO  TestLoadCSV:78 - Document succesfully formatted: {"catalog#":"9962122-9962128","artist":"Exodus (6)","title":"Bonded By Blood","label":"Century Media-Century Media","format":"CD-Album-RM","released":"0","release_id":"3415598","collectionfolder":"Trash Metal","date added":"2014-06-03 07:48:24"} an inserted into database with id: 0c52c4ad-e700-4b0c-ae53-45f726ba560d
2016-04-11 16:46:15 INFO  TestLoadCSV:78 - Document succesfully formatted: {"catalog#":"998159-9981591","artist":"Paradise Lost","title":"Tragic Idol","label":"Century Media-Century Media","format":"LP-Album","rating":"5","released":"2012","release_id":"3550786","collectionfolder":"Gothic","date added":"2012-04-25 23:24:09","collection style":"Gothic"} an inserted into database with id: 56f7266a-86cb-4be3-8575-1bca7b1de387
2016-04-11 16:46:15 INFO  TestLoadCSV:78 - Document succesfully formatted: {"catalog#":"9979928-013","artist":"Triptykon","title":"Eparistera Daimones","label":"Century Media-Prowling Death Records","format":"CD-Album-Dig","rating":"5","released":"2010","release_id":"2196730","collectionfolder":"Doom Metal","date added":"2013-08-21 06:04:42","collection style":"R.A.C"} an inserted into database with id: fbf10145-769d-48d7-9261-f90335c8d17a
2016-04-11 16:46:15 INFO  TestLoadCSV:78 - Document succesfully formatted: {"catalog#":"9984200-016","artist":"Triptykon","title":"Melana Chasmata","label":"Century Media-Prowling Death Records","format":"CD-Album-Dlx-Med","released":"2014","release_id":"5630307","collectionfolder":"Doom Metal","date added":"2014-07-15 13:43:58"} an inserted into database with id: d2b472a7-eec2-4f77-9804-679d028e1bdc
2016-04-11 16:46:15 INFO  TestLoadCSV:78 - Document succesfully formatted: {"catalog#":"CMD9984261","artist":"Triptykon","title":"Breathing","label":"Century Media-Prowling Death Records","format":"7-Ltd-Red","released":"2014","release_id":"5493236","collectionfolder":"Doom Metal","date added":"2014-03-20 00:38:28","collection style":"Black-Trash Metal"} an inserted into database with id: 74d3dbba-8431-40e1-b826-a22c7d553663
2016-04-11 16:46:15 INFO  TestLoadCSV:78 - Document succesfully formatted: {"catalog#":"CD MRED 67","artist":"Laibach","title":"Nova Akropola","label":"Cherry Red","format":"CD-Album","rating":"5","released":"1988","release_id":"725102","collectionfolder":"Industrial","date added":"2011-05-17 13:34:57"} an inserted into database with id: dfcb523c-a919-43a7-b322-1405c755ad57
2016-04-11 16:46:15 INFO  TestLoadCSV:78 - Document succesfully formatted: {"catalog#":"CLP 0617-2","artist":"Christian Death","title":"Sex And Drugs And Jesus Christ","label":"Cleopatra","format":"CD-Album-RE","rating":"3","released":"1999","release_id":"543654","collectionfolder":"Gothic","date added":"2011-08-21 07:21:30","collection style":"Gothic"} an inserted into database with id: a0e30661-dbed-4057-9f72-4ee54be7254e
2016-04-11 16:46:15 INFO  TestLoadCSV:78 - Document succesfully formatted: {"catalog#":"CMI.63","artist":"Puissance","title":"Back In Control","label":"Cold Meat Industry","format":"CD-Album-Ltd","rating":"5","released":"1998","release_id":"147905","collectionfolder":"Ambiental","date added":"2011-10-03 23:23:51"} an inserted into database with id: 1599d5b9-ec42-4856-aa46-1206185d3d11
2016-04-11 16:46:15 INFO  TestLoadCSV:78 - Document succesfully formatted: {"catalog#":"COL 474913 2","artist":"Alice In Chains","title":"SAP","label":"Columbia","format":"CD-EP","rating":"3","released":"1993","release_id":"1158692","collectionfolder":"Hard Rock","date added":"2011-05-13 08:35:45","collection style":"Hard Rock"} an inserted into database with id: e7fb326f-4596-4621-830b-3ac7c0f260f3
2016-04-11 16:46:15 INFO  TestLoadCSV:78 - Document succesfully formatted: {"catalog#":"50148 9","artist":"Alice In Chains","title":"MTV Unplugged","label":"Columbia Music Video","format":"DVD-V-PAL","rating":"5","released":"1996","release_id":"596090","collectionfolder":"Hard Rock","date added":"2011-05-13 08:36:41","collection style":"Hard Rock"} an inserted into database with id: 7511d7cc-5455-4165-824a-840ac2f5c6f6
2016-04-11 16:46:15 INFO  TestLoadCSV:78 - Document succesfully formatted: {"catalog#":"COL 491784 2-491784 2-02-491784-10","artist":"Danzig","title":"Danzig II: Lucifuge","label":"Columbia-American Recordings-American Recordings","format":"CD-Album-RE- ","rating":"5","released":"1999","release_id":"917855","collectionfolder":"Hard Rock","date added":"2011-05-13 08:26:17","collection style":"Hard Rock"} an inserted into database with id: 8bfe5d3d-0c3b-4fb6-a979-ff5b8e7af972
2016-04-11 16:46:15 INFO  TestLoadCSV:78 - Document succesfully formatted: {"catalog#":"474855 2-COL 474855 2","artist":"Alice In Chains","title":"Jar Of Flies","label":"Columbia-Columbia","format":"CD-EP","rating":"5","released":"1994","release_id":"367640","collectionfolder":"Hard Rock","date added":"2011-05-13 08:35:58","collection style":"Hard Rock"} an inserted into database with id: e6771a21-af0c-4b4f-8167-68800bc6934c
2016-04-11 16:46:15 INFO  TestLoadCSV:78 - Document succesfully formatted: {"catalog#":"481114 2-COL 481114 2","artist":"Alice In Chains","title":"Alice In Chains","label":"Columbia-Columbia","format":"CD-Album","rating":"3","released":"1995","release_id":"382245","collectionfolder":"Hard Rock","date added":"2011-05-13 08:34:50","collection style":"Hard Rock"} an inserted into database with id: 4e6146a1-d27f-4688-a93a-7aeb7f86a86b
2016-04-11 16:46:15 INFO  TestLoadCSV:78 - Document succesfully formatted: {"catalog#":"467201 2-COL 467201 2-01-467201-10","artist":"Alice In Chains","title":"Facelift","label":"Columbia-Columbia-Columbia","format":"CD-Album-RE","rating":"4","released":"0","release_id":"982546","collectionfolder":"Hard Rock","date added":"2011-05-13 08:34:16","collection style":"Hard Rock"} an inserted into database with id: fe9e059c-fbf0-4abe-8b38-aeb222ff125c
2016-04-11 16:46:15 INFO  TestLoadCSV:78 - Document succesfully formatted: {"catalog#":"472330 2-COL 472330 2-01-472330-10","artist":"Alice In Chains","title":"Dirt","label":"Columbia-Columbia-Columbia","format":"CD-Album","rating":"3","released":"1992","release_id":"982536","collectionfolder":"Hard Rock","date added":"2011-05-13 08:34:33","collection style":"Hard Rock"} an inserted into database with id: c0b091bf-3e14-4f73-a616-e74d72a95460
2016-04-11 16:46:15 INFO  TestLoadCSV:78 - Document succesfully formatted: {"catalog#":"478507 2-COL 478507 2-01-478507-10","artist":"Mad Season","title":"Above","label":"Columbia-Columbia-Columbia","format":"CD-Album","rating":"5","released":"1995","release_id":"861755","collectionfolder":"Blues","date added":"2011-05-29 04:44:56"} an inserted into database with id: c605a118-4e9a-4063-8f49-059d1440762a
2016-04-11 16:46:15 INFO  TestLoadCSV:78 - Document succesfully formatted: {"catalog#":"MX 8020-MBR 1040","artist":"Slayer","title":"Hell Awaits","label":"Combat-Metal Blade Records","format":"LP-Album","rating":"4","released":"1985","release_id":"1026713","collectionfolder":"Trash Metal","date added":"2011-05-15 05:45:06"} an inserted into database with id: be3abcdf-9b22-4537-a6e0-1779534c09ce
2016-04-11 16:46:15 INFO  TestLoadCSV:78 - Document succesfully formatted: {"catalog#":"DARK  2","artist":"Autumn Tears","title":"Love Poems For Dying Children... Act II: The Garden Of Crystalline Dreams","label":"Dark Symphonies","format":"CD-Album-Sli","rating":"3","released":"1997","release_id":"888496","collectionfolder":"Ambiental","date added":"2011-05-28 06:24:03"} an inserted into database with id: 882f73db-e214-4875-aaca-d19f25e5c643
2016-04-11 16:46:15 INFO  TestLoadCSV:78 - Document succesfully formatted: {"catalog#":"DARK 9","artist":"Long Winters' Stare","title":"The Tears Of Odin's Fallen","label":"Dark Symphonies","format":"CD-Promo","rating":"5","released":"2000","release_id":"1992252","collectionfolder":"Gothic","date added":"2011-08-21 06:57:18"} an inserted into database with id: 95d2c915-b62b-415f-9db0-49174dd10577
2016-04-11 16:46:15 INFO  TestLoadCSV:78 - Document succesfully formatted: {"catalog#":"Anti-Mosh 006","artist":"Mayhem","title":"De Mysteriis Dom Sathanas","label":"Deathlike Silence Productions","format":"CD-Album","rating":"5","released":"1994","release_id":"382328","collectionfolder":"Black Metal","date added":"2011-05-15 06:04:07"} an inserted into database with id: ddd5a0c4-4bbb-4dae-9f97-4941118694e2
2016-04-11 16:46:15 INFO  TestLoadCSV:78 - Document succesfully formatted: {"catalog#":"ILLA CD-510","artist":"Decibelios","title":"Igual De Borrachos Pero Mucho Más Orgullosos ","label":"Decibelios Records","format":"CD-Album","rating":"3","released":"0","release_id":"3094587","collectionfolder":"Oi!","date added":"2013-08-22 22:48:06","collection style":"Oi!"} an inserted into database with id: 6e23f419-5635-4383-9f6f-b8a522171ccc
2016-04-11 16:46:15 INFO  TestLoadCSV:78 - Document succesfully formatted: {"catalog#":"846 871-2","artist":"Slayer","title":"Seasons In The Abyss","label":"Def American Recordings","format":"CD-Album","rating":"5","released":"1990","release_id":"406173","collectionfolder":"Trash Metal","date added":"2011-05-15 05:45:38"} an inserted into database with id: d7c2d145-de77-4fc0-b2c5-52d378945af1
2016-04-11 16:46:15 INFO  TestLoadCSV:78 - Document succesfully formatted: {"catalog#":"924203-1","artist":"Slayer","title":"South Of Heaven","label":"Def Jam Recordings-Geffen Records","format":"LP-Album","released":"1988","release_id":"3665962","collectionfolder":"Uncategorized","date added":"2016-03-12 23:56:15"} an inserted into database with id: 23784329-5b00-4da6-81bf-00e7b2a74608
2016-04-11 16:46:15 INFO  TestLoadCSV:78 - Document succesfully formatted: {"catalog#":"DSR0803","artist":"Ravens Wing","title":"Through The Looking Glass","label":"Destiny Records (10)","format":"CD-Album","rating":"5","released":"1997","release_id":"3075365","collectionfolder":"R.A.C","date added":"2011-08-28 08:51:44"} an inserted into database with id: 7f5ada08-5df1-4c3a-97c9-092507388b92
2016-04-11 16:46:15 INFO  TestLoadCSV:78 - Document succesfully formatted: {"catalog#":"DIKOCD021","artist":"Ken McLellan","title":"Don't Think Twice","label":"Dieter Koch","format":"CD-Album","rating":"1","released":"1999","release_id":"1637690","collectionfolder":"R.A.C","date added":"2013-08-20 23:56:04","collection style":"R.A.C"} an inserted into database with id: e999e430-b4e1-44a9-b8b4-2cbe38b65bc3
2016-04-11 16:46:15 INFO  TestLoadCSV:78 - Document succesfully formatted: {"catalog#":"DIM 031","artist":"Rabauken","title":"All' Die Jahre ...","label":"Dim Records","format":"CD-Album","released":"1996","release_id":"2706856","collectionfolder":"R.A.C","date added":"2016-02-14 11:24:54"} an inserted into database with id: 09a6dad4-96d1-470e-9ac2-211a09f1cbd4
2016-04-11 16:46:15 INFO  TestLoadCSV:78 - Document succesfully formatted: {"catalog#":"DIM 032","artist":"Midgårds Söner","title":"Nordens Kall","label":"Dim Records","format":"CD-Album-RE","rating":"1","released":"2002","release_id":"1629461","collectionfolder":"Oi!","date added":"2011-05-11 14:50:50"} an inserted into database with id: 1df0c37c-cd98-4fa5-b4a2-9db01136af1c
2016-04-11 16:46:15 INFO  TestLoadCSV:78 - Document succesfully formatted: {"catalog#":"DIM 036","artist":"Ultima Thule (2)","title":"Skinhead","label":"Dim Records","format":"CD-EP-Ltd","rating":"5","released":"1996","release_id":"2196368","collectionfolder":"R.A.C","date added":"2011-05-23 13:16:46"} an inserted into database with id: 73e66f2b-c4f1-4053-b789-d9685ec5c1e5
2016-04-11 16:46:15 INFO  TestLoadCSV:78 - Document succesfully formatted: {"catalog#":"DIM 081","artist":"Gruesome","title":"Skin Survive Skin","label":"Dim Records","format":"CD-Album-RE","released":"2000","release_id":"5265936","collectionfolder":"Hard Rock","date added":"2014-03-31 00:47:53","collection style":"Hardcore"} an inserted into database with id: 9f62d124-5e08-48b6-ba49-94ab896f619d
2016-04-11 16:46:15 INFO  TestLoadCSV:78 - Document succesfully formatted: {"catalog#":"DIM 084","artist":"Ultima Thule (2)","title":"Once Upon A Time (A Collection Of Raven Tales)","label":"Dim Records","format":"CD-Album-RE","rating":"4","released":"2000","release_id":"2195444","collectionfolder":"R.A.C","date added":"2011-05-23 13:18:41"} an inserted into database with id: 76c5a50d-ca29-4c33-b248-69f8c9ddf9e4
2016-04-11 16:46:15 INFO  TestLoadCSV:78 - Document succesfully formatted: {"catalog#":"DHCD002","artist":"Dismal","title":"The New Bomb","label":"Division House","format":"CD-Album-Inc","rating":"4","released":"1998","release_id":"2916210","collectionfolder":"Death Metal","date added":"2011-06-03 13:51:21","collection style":"Death Metal"} an inserted into database with id: fe59129b-d6f6-48f7-ace7-b25692ff0c1e
2016-04-11 16:46:15 INFO  TestLoadCSV:78 - Document succesfully formatted: {"catalog#":"none","artist":"Nazgul","title":"When The Wolves Return To The Forest","label":"Drama And Sin Company-Battlefield Records","format":"CD-Album-Ltd-Num","rating":"3","released":"2000","release_id":"369378","collectionfolder":"Black Metal","date added":"2013-08-23 01:33:39","collection style":"Black Metal"} an inserted into database with id: d6f59186-6975-492e-919f-e2b54a24082b
2016-04-11 16:46:15 INFO  TestLoadCSV:78 - Document succesfully formatted: {"catalog#":"none","artist":"Ovaltinees","title":"Faith-Folk And Family","label":"Dreadlord Records","format":"CD-Album","rating":"5","released":"1997","release_id":"3274841","collectionfolder":"R.A.C","date added":"2013-01-30 22:52:13","collection style":"R.A.C"} an inserted into database with id: b3b9a980-5466-4b7f-a536-a7fe9433ecd7
2016-04-11 16:46:15 INFO  TestLoadCSV:78 - Document succesfully formatted: {"catalog#":"RED TK 107","artist":"Various","title":"Lords Of Oi!","label":"Dressed To Kill","format":"3xCD-Comp + Box","rating":"5","released":"1997","release_id":"2559333","collectionfolder":"Oi!","date added":"2011-05-28 06:26:35","collection style":"Oi!"} an inserted into database with id: edf64d71-5971-4988-b72b-befef35d75cc
2016-04-11 16:46:15 INFO  TestLoadCSV:78 - Document succesfully formatted: {"catalog#":"06301561402","artist":"Decibelios","title":"Caldo De Pollo","label":"DRO","format":"CD-Album-RE","rating":"5","released":"1996","release_id":"2831468","collectionfolder":"Oi!","date added":"2013-08-22 22:47:28","collection style":"Oi!"} an inserted into database with id: d436c15b-bd5b-4328-8c26-60ea2e5cf9f4
2016-04-11 16:46:15 INFO  TestLoadCSV:78 - Document succesfully formatted: {"catalog#":"EMA 6 1058-2","artist":"Samhain","title":"Unholy Passion","label":"E-Magine Entertainment","format":"CD-EP","rating":"5","released":"2001","release_id":"1347049","collectionfolder":"Punk","date added":"2011-05-12 10:35:08"} an inserted into database with id: ce2527e1-e6d3-43d2-afea-ba3a340eee60
2016-04-11 16:46:15 INFO  TestLoadCSV:78 - Document succesfully formatted: {"catalog#":"EMA 61013-2","artist":"Glenn Danzig","title":"Black Aria","label":"E-Magine Entertainment","format":"CD-Album-RE","rating":"4","released":"2000","release_id":"1045102","collectionfolder":"Gothic","date added":"2011-05-14 05:49:02"} an inserted into database with id: 53aa20ad-8f73-4069-af2f-331ead7a586b
2016-04-11 16:46:15 INFO  TestLoadCSV:78 - Document succesfully formatted: {"catalog#":"EMA 61011-2-none","artist":"Danzig","title":"Danzig 5: Blackacidevil","label":"E-Magine Entertainment-Evilive","format":"CD-Album-RE","rating":"3","released":"2000","release_id":"1376885","collectionfolder":"Hard Rock","date added":"2011-05-13 08:27:38","collection style":"Hard Rock"} an inserted into database with id: dabf9111-6cac-40a1-9c8a-e9e7df24156c
2016-04-11 16:46:15 INFO  TestLoadCSV:78 - Document succesfully formatted: {"catalog#":"EREDV 162","artist":"Metallica","title":"Metallica","label":"Eagle Vision","format":"DVD-PAL-DVD","rating":"3","released":"2001","release_id":"885772","collectionfolder":"Trash Metal","date added":"2011-05-15 04:31:50"} an inserted into database with id: 2225efcf-c29b-4cd2-8982-f60148d951d4
2016-04-11 16:46:15 INFO  TestLoadCSV:78 - Document succesfully formatted: {"catalog#":"MOSH 31 CD-MOSH 31CD","artist":"Morbid Angel","title":"Blessed Are The Sick","label":"Earache-Earache","format":"CD-Album-RE","rating":"4","released":"1995","release_id":"853860","collectionfolder":"Death Metal","date added":"2011-08-21 07:26:23","collection style":"Death Metal"} an inserted into database with id: b7f9adb6-110c-40df-b503-4232a14fcfb3
2016-04-11 16:46:15 INFO  TestLoadCSV:78 - Document succesfully formatted: {"catalog#":"61830-2","artist":"Down (3)","title":"NOLA","label":"EastWest","format":"CD-Album","rating":"5","released":"1995","release_id":"486527","collectionfolder":"Southern Rock","date added":"2011-05-15 06:29:19"} an inserted into database with id: acd1ea59-9d1d-4cb3-be93-659634c26824
2016-04-11 16:46:15 INFO  TestLoadCSV:78 - Document succesfully formatted: {"catalog#":"7559-61908-2","artist":"Pantera","title":"The Great Southern Trendkill","label":"EastWest","format":"CD-Album","rating":"5","released":"1996","release_id":"883913","collectionfolder":"Sludge Metal","date added":"2011-05-11 14:11:17"} an inserted into database with id: 9791e0bf-4cfe-4ff7-a915-e7f1c8818060
2016-04-11 16:46:15 INFO  TestLoadCSV:78 - Document succesfully formatted: {"catalog#":"7567-92302-4","artist":"Pantera","title":"Far Beyond Driven","label":"EastWest Records America","format":"Cass-Album","rating":"5","released":"1994","release_id":"1252439","collectionfolder":"Sludge Metal","date added":"2011-05-11 14:10:49"} an inserted into database with id: efe35010-6a01-4c0b-8f0f-e6ae9889a11c
2016-04-11 16:46:15 INFO  TestLoadCSV:78 - Document succesfully formatted: {"catalog#":"92302-2","artist":"Pantera","title":"Far Beyond Driven","label":"EastWest Records America","format":"CD-Album","rating":"5","released":"1994","release_id":"590308","collectionfolder":"Sludge Metal","date added":"2011-05-11 14:10:28"} an inserted into database with id: 39d06c14-e941-4c16-8ced-5fba439f2eda
2016-04-11 16:46:15 INFO  TestLoadCSV:78 - Document succesfully formatted: {"catalog#":"4509-93579-2","artist":"The Sisters Of Mercy","title":"Greatest Hits Volume One - A Slight Case Of Overbombing","label":"eastwest-Merciful Release","format":"CD-Comp","rating":"5","released":"1993","release_id":"240100","collectionfolder":"Gothic","date added":"2011-05-30 13:38:53"} an inserted into database with id: ba7964fd-d1ef-4257-a1a6-f171821d5bbf
2016-04-11 16:46:15 INFO  TestLoadCSV:78 - Document succesfully formatted: {"catalog#":"GS-0001-CD","artist":"7 Muelles","title":"¡No Te Cortes!","label":"El Güevo De La Selpiente Records","format":"CD-Album","rating":"3","released":"2000","release_id":"3209278","collectionfolder":"R.A.C","date added":"2013-08-20 23:39:24","collection style":"R.A.C"} an inserted into database with id: e0cfe51b-1090-4513-8b6e-d86b2233a8ad
2016-04-11 16:46:15 INFO  TestLoadCSV:78 - Document succesfully formatted: {"catalog#":"ER10","artist":"Sturmführer","title":"Ich Kämpfe","label":"Elegy Records","format":"CD-Album-Ltd","released":"2002","release_id":"680739","collectionfolder":"Ambiental","date added":"2016-02-14 11:27:59"} an inserted into database with id: 2e2f1da8-816f-4500-94b3-e9633d94843f
2016-04-11 16:46:15 INFO  TestLoadCSV:78 - Document succesfully formatted: {"catalog#":"ER10","artist":"Primitive Supremacy","title":"Melody And Madness","label":"Elegy Records","format":"CD-Album","released":"2002","release_id":"3242556","collectionfolder":"Ambiental","date added":"2016-02-14 11:28:07"} an inserted into database with id: 398b8ce8-fa07-422c-94d2-356417a2761e
2016-04-11 16:46:15 INFO  TestLoadCSV:78 - Document succesfully formatted: {"catalog#":"62299-2","artist":"Metallica","title":"Garage Inc.","label":"Elektra","format":"2xCD-Album-Comp","rating":"3","released":"1998","release_id":"421601","collectionfolder":"Trash Metal","date added":"2011-05-15 04:29:04"} an inserted into database with id: 2fdae63b-6bea-4057-bc26-5f67272af617
2016-04-11 16:46:15 INFO  TestLoadCSV:78 - Document succesfully formatted: {"catalog#":"62745-2","artist":"Down (3)","title":"Down II (A Bustle In Your Hedgerow...)","label":"Elektra","format":"CD-Album","rating":"5","released":"2002","release_id":"538495","collectionfolder":"Southern Rock","date added":"2011-05-15 06:29:50"} an inserted into database with id: 07b45bc2-0c84-4f28-8062-c0be7b9daf65
2016-04-11 16:46:15 INFO  TestLoadCSV:78 - Document succesfully formatted: {"catalog#":"7559-61204-2","artist":"Mötley Crüe","title":"Decade Of Decadence '81-'91","label":"Elektra","format":"CD-Comp","rating":"5","released":"1991","release_id":"1098647","collectionfolder":"Glam","date added":"2011-05-23 11:20:03"} an inserted into database with id: cd0f0fe7-19ef-45a9-a4d0-9739dc1e65b0
2016-04-11 16:46:15 INFO  TestLoadCSV:78 - Document succesfully formatted: {"catalog#":"7559-62451-2","artist":"Pantera","title":"Reinventing The Steel","label":"Elektra","format":"CD-Album","rating":"4","released":"2000","release_id":"1231710","collectionfolder":"Sludge Metal","date added":"2011-05-11 14:11:42"} an inserted into database with id: 6a2b3bec-579c-4b16-9be2-ba4eb366e183
2016-04-11 16:46:15 INFO  TestLoadCSV:78 - Document succesfully formatted: {"catalog#":"7559-74042-2","artist":"MC5","title":"Kick Out The Jams","label":"Elektra","format":"CD-Album-RE","released":"1992","release_id":"452520","collectionfolder":"Punk Rock","date added":"2016-02-14 11:22:37"} an inserted into database with id: 97ff0afb-79ac-45dc-92b1-6323bf6a0883
2016-04-11 16:46:15 INFO  TestLoadCSV:78 - Document succesfully formatted: {"catalog#":"960 725-2-60725-2","artist":"Mötley Crüe","title":"Girls-Girls-Girls","label":"Elektra-Elektra","format":"CD-Album","rating":"5","released":"1987","release_id":"1549759","collectionfolder":"Glam","date added":"2011-05-23 11:18:55"} an inserted into database with id: fee2c6c2-4ad0-4e5d-ad60-467d7728d618
2016-04-11 16:46:15 INFO  TestLoadCSV:78 - Document succesfully formatted: {"catalog#":"8536-40218-2","artist":"Metallica With Michael Kamen Conducting The San Francisco Symphony Orchestra","title":"S&M","label":"Elektra-Warner Music Vision","format":"2xDVD-PAL-Multichannel","rating":"5","released":"2000","release_id":"1153165","collectionfolder":"Trash Metal","date added":"2011-05-15 04:29:40"} an inserted into database with id: 137fb2af-4db8-454c-a76d-805a52e5f746
2016-04-11 16:46:15 INFO  TestLoadCSV:78 - Document succesfully formatted: {"catalog#":"7243 5 30031 2 8","artist":"Hawkwind","title":"Doremi Fasol Latido","label":"EMI","format":"CD-Album-RE-RM","released":"2001","release_id":"513109","collectionfolder":"Stoner Rock","date added":"2015-01-28 07:50:29"} an inserted into database with id: 59b7dcdf-5855-43fb-9f45-03966cd9ffe7
2016-04-11 16:46:15 INFO  TestLoadCSV:78 - Document succesfully formatted: {"catalog#":"7243 8 89714 2 3","artist":"Paradise Lost","title":"Fader","label":"EMI","format":"CD-Maxi","rating":"4","released":"2001","release_id":"1250163","collectionfolder":"Gothic","date added":"2011-05-11 12:02:54"} an inserted into database with id: 50513d47-c077-4a49-9721-bd62dd467f6f
2016-04-11 16:46:15 INFO  TestLoadCSV:78 - Document succesfully formatted: {"catalog#":"7243 8 55308 2 1","artist":"The Tea Party","title":"Transmission","label":"EMI Music Canada","format":"CD-Album","rating":"5","released":"1997","release_id":"1033020","collectionfolder":"Industrial","date added":"2013-08-21 06:09:05","collection style":"Industrial"} an inserted into database with id: 0abe1485-bf4a-49b7-90e5-5b7deec4ce06
2016-04-11 16:46:15 INFO  TestLoadCSV:78 - Document succesfully formatted: {"catalog#":"0777 97718 2 0","artist":"George Thorogood & The Destroyers","title":"The Baddest Of George Thorogood And The Destroyers","label":"EMI Records USA","format":"CD-Comp","rating":"5","released":"1992","release_id":"1611575","collectionfolder":"Blues Rock","date added":"2011-06-04 05:54:07"} an inserted into database with id: ed23da36-2acf-4f0f-bb4c-5d3b32c16dc2
2016-04-11 16:46:15 INFO  TestLoadCSV:78 - Document succesfully formatted: {"catalog#":"140 79 9161 1","artist":"Iron Maiden","title":"Fear Of The Dark","label":"EMI-Odeon-S.A.","format":"2xLP-Album-Gat","released":"1992","release_id":"2257529","collectionfolder":"Heavy Metal","date added":"2016-02-14 11:46:41"} an inserted into database with id: d203c629-c951-41a4-9b43-a757abf5c5bb
2016-04-11 16:46:15 INFO  TestLoadCSV:78 - Document succesfully formatted: {"catalog#":"07243 5 21299 2 8-07243 521299 2 8","artist":"Black Sabbath","title":"Headless Cross","label":"EMI-EMI","format":"CD-Album-RE","rating":"3","released":"1999","release_id":"556630","collectionfolder":"Heavy Metal","date added":"2011-08-21 06:56:05"} an inserted into database with id: f7e894ae-b954-493b-82a7-99174caa8d7e
2016-04-11 16:46:15 INFO  TestLoadCSV:78 - Document succesfully formatted: {"catalog#":"7243 5 30707 2 4-530 7072","artist":"Paradise Lost","title":"Believe In Nothing","label":"EMI-EMI","format":"CD-Album","rating":"3","released":"2001","release_id":"511776","collectionfolder":"Gothic","date added":"2011-05-11 11:57:22"} an inserted into database with id: 8122bd4e-d2cb-4129-a235-6fb19a1fbc30
2016-04-11 16:46:15 INFO  TestLoadCSV:78 - Document succesfully formatted: {"catalog#":"7243 4 99947 2 0-0 7243 4 999 47 2 0-0-7243-4 99","artist":"Paradise Lost","title":"Host","label":"EMI-EMI-EMI-EMI","format":"CD-Album","rating":"5","released":"1999","release_id":"459622","collectionfolder":"Gothic","date added":"2011-05-11 11:57:10"} an inserted into database with id: 33abad18-2685-41a6-859f-4ebbb49548d8
2016-04-11 16:46:15 INFO  TestLoadCSV:78 - Document succesfully formatted: {"catalog#":"004099","artist":"Kreuzfeuer","title":"Blut Für Blut","label":"Endzeit Klänge","format":"CD-Album","rating":"3","released":"2000","release_id":"2407239","collectionfolder":"R.A.C","date added":"2011-05-17 14:16:17"} an inserted into database with id: 466b337d-f2c1-40e5-8dc6-a11565abedb5
2016-04-11 16:46:15 INFO  TestLoadCSV:78 - Document succesfully formatted: {"catalog#":"EK002099","artist":"Various","title":"Endzeit - Was Gut Ist-Kommt Wieder!","label":"Endzeit Klänge","format":"CD-Comp","rating":"3","released":"2002","release_id":"4277192","collectionfolder":"R.A.C","date added":"2013-08-18 05:25:46","collection style":"R.A.C"} an inserted into database with id: a763a1c9-3d4b-4764-89e1-a3b29fc7e315
2016-04-11 16:46:15 INFO  TestLoadCSV:78 - Document succesfully formatted: {"catalog#":"ezk01103","artist":"Might Of Rage","title":"Out Of Hand","label":"Endzeit Klänge","format":"CD-Album","rating":"4","released":"2003","release_id":"3037538","collectionfolder":"R.A.C","date added":"2011-08-08 06:57:58","collection style":"R.A.C"} an inserted into database with id: eaf56f9b-294a-4662-89ad-c3e9fd99d899
2016-04-11 16:46:15 INFO  TestLoadCSV:78 - Document succesfully formatted: {"catalog#":"MCD EK003099","artist":"Might Of Rage","title":"When The Storm Comes Down","label":"Endzeit Klänge","format":"CD-EP","rating":"5","released":"1999","release_id":"2919148","collectionfolder":"R.A.C","date added":"2011-06-05 11:01:41","collection style":"R.A.C"} an inserted into database with id: d715d80c-c25e-48a9-b417-59bbb6979102
2016-04-11 16:46:15 INFO  TestLoadCSV:78 - Document succesfully formatted: {"catalog#":"CD EK006000-none","artist":"Before God","title":"Under The Blood Banner","label":"Endzeit Klänge-BFG Productions","format":"CD-Album-DIG","rating":"4","released":"2000","release_id":"584961","collectionfolder":"R.A.C","date added":"2011-05-11 12:07:46","collection style":"R.A.C"} an inserted into database with id: 337bd6ec-2017-4844-9ee2-2615b55ac4c8
2016-04-11 16:46:15 INFO  TestLoadCSV:78 - Document succesfully formatted: {"catalog#":"ET 66649","artist":"Fight","title":"A Small Deadly Space","label":"Epic","format":"Cass-Album","released":"1995","release_id":"3911830","collectionfolder":"Sludge Metal","date added":"2015-04-15 22:12:59"} an inserted into database with id: 6f4e09cf-bc62-4a35-92fd-e083bd7f31cd
2016-04-11 16:46:15 INFO  TestLoadCSV:78 - Document succesfully formatted: {"catalog#":"471343 2-EPC 471343 2","artist":"Social Distortion","title":"Somewhere Between Heaven And Hell","label":"Epic-Epic","format":"CD-Album","rating":"4","released":"1992","release_id":"386710","collectionfolder":"Punk Rock","date added":"2011-05-14 06:17:46"} an inserted into database with id: 9f34606a-5410-40a3-bd89-77065d3d07bb
2016-04-11 16:46:15 INFO  TestLoadCSV:78 - Document succesfully formatted: {"catalog#":"471723 2-EPC 471723 2","artist":"Motörhead","title":"March Ör Die","label":"Epic-Epic","format":"CD-Album","released":"1992","release_id":"3091938","collectionfolder":"Uncategorized","date added":"2016-03-12 13:05:38"} an inserted into database with id: b3fa0d6f-285b-47ed-8fa3-a13fee034780
2016-04-11 16:46:15 INFO  TestLoadCSV:78 - Document succesfully formatted: {"catalog#":"EPC 510130 2-510 130 2","artist":"Audioslave","title":"Audioslave","label":"Epic-Interscope Records","format":"CD-Album","released":"2002","release_id":"403095","collectionfolder":"Hard Rock","date added":"2016-02-14 11:13:36"} an inserted into database with id: d4f7883e-abb0-4626-bb08-bba8bd1271e9
2016-04-11 16:46:15 INFO  TestLoadCSV:78 - Document succesfully formatted: {"catalog#":"ESM CD 330-GAS 0000330ESM","artist":"Black Sabbath","title":"Heaven And Hell","label":"Essential-Essential","format":"CD-Album-RE-RM","released":"1996","release_id":"780431","collectionfolder":"Heavy Metal","date added":"2015-04-13 12:37:19"} an inserted into database with id: e6b938ec-96ff-4dbd-ad4d-893c13be30a6
2016-04-11 16:46:15 INFO  TestLoadCSV:78 - Document succesfully formatted: {"catalog#":"ED-1","artist":"Graveland","title":"Carpathian Wolves","label":"Eternal Devils","format":"CD-Album","rating":"3","released":"1994","release_id":"369742","collectionfolder":"Black Metal","date added":"2013-08-21 00:31:48","collection style":"Black Metal"} an inserted into database with id: 46b29e8f-7caa-4d99-a80a-ad57214c204d
2016-04-11 16:46:15 INFO  TestLoadCSV:78 - Document succesfully formatted: {"catalog#":"EVERCD 039","artist":"The Prodigy","title":"The Fat Of The Land","label":"Everlasting Records (2)","format":"CD-Album","rating":"5","released":"1997","release_id":"332597","collectionfolder":"Rave","date added":"2011-05-30 13:24:48"} an inserted into database with id: 416cfc35-c7c1-4596-89d6-1f36bf1c9597
2016-04-11 16:46:15 INFO  TestLoadCSV:78 - Document succesfully formatted: {"catalog#":"EOR006-EOR006CD","artist":"Conqueror (2)","title":"War Cult Supremacy","label":"Evil Omen Records-Evil Omen Records","format":"CD-Album-Ltd","released":"1999","release_id":"1889613","collectionfolder":"Black Metal","date added":"2015-04-14 22:54:09"} an inserted into database with id: e8de33f7-a837-405c-a987-1ab2aaa8e4d3
2016-04-11 16:46:15 INFO  TestLoadCSV:78 - Document succesfully formatted: {"catalog#":"EVIL99","artist":"Danzig","title":"The Lost Tracks Of Danzig","label":"Evilive-Megaforce Records","format":"2xCD-Comp","rating":"4","released":"2007","release_id":"1027658","collectionfolder":"Hard Rock","date added":"2011-05-13 08:28:42","collection style":"Hard Rock"} an inserted into database with id: ccd177d0-baa3-4410-ad59-e598a3ac0725
2016-04-11 16:46:15 INFO  TestLoadCSV:78 - Document succesfully formatted: {"catalog#":"CD-FA 3220-CDM 7 92025 2 ·","artist":"Hawkwind","title":"Masters Of The Universe","label":"Fame-EMI","format":"CD-Comp","released":"1989","release_id":"2576982","collectionfolder":"Stoner Rock","date added":"2014-09-14 11:29:32"} an inserted into database with id: dd0f5066-6e36-4bac-9533-c4e8686a39ba
2016-04-11 16:46:15 INFO  TestLoadCSV:78 - Document succesfully formatted: {"catalog#":"FF 006","artist":"Kreuzfeuer","title":"Zurück-Um Zu Verletzen","label":"Foier Frei","format":"CD-Album","rating":"2","released":"1998","release_id":"4154064","collectionfolder":"R.A.C","date added":"2013-01-08 00:57:49","collection style":"R.A.C"} an inserted into database with id: 8522815b-68c5-4a34-9e22-502ece5bac82
2016-04-11 16:46:15 INFO  TestLoadCSV:78 - Document succesfully formatted: {"catalog#":"GBF 007","artist":"Axis (44)","title":"Agitate","label":"G.B.F. Records","format":"CD-Album","rating":"4","released":"2001","release_id":"3028106","collectionfolder":"R.A.C","date added":"2011-08-03 07:31:12","collection style":"R.A.C"} an inserted into database with id: 31cb237c-c3ab-430d-b6e1-b59170de78a0
2016-04-11 16:46:15 INFO  TestLoadCSV:78 - Document succesfully formatted: {"catalog#":"B0000918-09","artist":"Guns N' Roses","title":"Use Your Illusion I - World Tour - 1992 In Tokyo","label":"Geffen Records","format":"DVD-Kee","rating":"5","released":"2004","release_id":"612894","collectionfolder":"Hard Rock","date added":"2011-05-13 08:42:57","collection style":"Hard Rock"} an inserted into database with id: 7b80a548-669a-4b39-a899-710039435b53
2016-04-11 16:46:15 INFO  TestLoadCSV:78 - Document succesfully formatted: {"catalog#":"B0000920-09","artist":"Guns N' Roses","title":"Use Your Illusion II - World Tour - 1992 In Tokyo","label":"Geffen Records","format":"DVD-Kee","rating":"5","released":"2004","release_id":"630253","collectionfolder":"Hard Rock","date added":"2011-05-13 09:24:37","collection style":"Hard Rock"} an inserted into database with id: dacaf25f-3749-4e15-a9da-3672143033d0
2016-04-11 16:46:15 INFO  TestLoadCSV:78 - Document succesfully formatted: {"catalog#":"GED 24925","artist":"Manowar","title":"Louder Than Hell","label":"Geffen Records","format":"CD-Album","rating":"3","released":"1996","release_id":"383003","collectionfolder":"Heavy Metal","date added":"2011-05-17 13:49:13"} an inserted into database with id: 175ef32d-c950-48c5-89c5-8dcad3f4fd4c
2016-04-11 16:46:15 INFO  TestLoadCSV:78 - Document succesfully formatted: {"catalog#":"GES 19039","artist":"Guns N' Roses","title":"You Could Be Mine","label":"Geffen Records","format":"7-Single","rating":"5","released":"1991","release_id":"382990","collectionfolder":"Hard Rock","date added":"2011-05-13 08:39:18","collection style":"Hard Rock"} an inserted into database with id: 0bd9534f-03b9-49ef-b239-dfd319791ed9
2016-04-11 16:46:15 INFO  TestLoadCSV:78 - Document succesfully formatted: {"catalog#":"GED 24415-GEFD 24415","artist":"Guns N' Roses","title":"Use Your Illusion I","label":"Geffen Records-Geffen Records-Uzi Suicide Records","format":"CD-Album-RP","rating":"3","released":"0","release_id":"370005","collectionfolder":"Hard Rock","date added":"2011-05-13 08:38:43","collection style":"Hard Rock"} an inserted into database with id: 6607616e-8e06-4799-98bd-5a3dce704971
2016-04-11 16:46:15 INFO  TestLoadCSV:78 - Document succesfully formatted: {"catalog#":"GED 24420-GEFD 24420-none","artist":"Guns N' Roses","title":"Use Your Illusion II","label":"Geffen Records-Geffen Records-Uzi Suicide Records","format":"CD-Album","rating":"5","released":"1991","release_id":"370013","collectionfolder":"Hard Rock","date added":"2011-05-13 08:38:23","collection style":"Hard Rock"} an inserted into database with id: 012f2531-e6bf-4e37-9516-b48672b5ecf6
2016-04-11 16:46:15 INFO  TestLoadCSV:78 - Document succesfully formatted: {"catalog#":"GED 24148-GEFD 24148","artist":"Guns N' Roses","title":"Appetite For Destruction","label":"Geffen Records-Geffen Records-Uzi Suicide-Uzi Suicide","format":"CD-Album","rating":"5","released":"1987","release_id":"425250","collectionfolder":"Hard Rock","date added":"2011-05-13 08:37:55","collection style":"Hard Rock"} an inserted into database with id: 3e39eef2-da3e-4344-9fc5-988a039087f3
2016-04-11 16:46:15 INFO  TestLoadCSV:78 - Document succesfully formatted: {"catalog#":"924 198-2","artist":"Guns N' Roses","title":"G N' R Lies","label":"Geffen Records-Uzi Suicide Records","format":"CD-Album","rating":"4","released":"1988","release_id":"1985121","collectionfolder":"Hard Rock","date added":"2011-05-13 08:38:07","collection style":"Hard Rock"} an inserted into database with id: 05d3bf85-bc77-447f-a5a4-1c8cc8a925d6
2016-04-11 16:46:15 INFO  TestLoadCSV:78 - Document succesfully formatted: {"catalog#":"PIP CD 050","artist":"Long Tall Texans","title":"Saturnalia","label":"Great Expectations","format":"CD-Album-RE","rating":"5","released":"1993","release_id":"1961154","collectionfolder":"Psychobilly","date added":"2011-05-14 06:15:44"} an inserted into database with id: bd843cae-a1af-4e6e-b613-b03d3e890569
2016-04-11 16:46:15 INFO  TestLoadCSV:78 - Document succesfully formatted: {"catalog#":"G.W.P. 002","artist":"Fortress (6)","title":"The Fires Of Our Rage","label":"Great White Productions","format":"CD-Album","rating":"5","released":"1999","release_id":"3046971","collectionfolder":"R.A.C","date added":"2011-08-17 02:12:03","collection style":"R.A.C"} an inserted into database with id: e7f785ae-a825-45b1-ac4f-62bfe9ef2025
2016-04-11 16:46:15 INFO  TestLoadCSV:78 - Document succesfully formatted: {"catalog#":"GWP-003","artist":"Various","title":"Southern Thunder","label":"Great White Productions","format":"CD-Comp","rating":"5","released":"2000","release_id":"4639979","collectionfolder":"R.A.C","date added":"2013-08-16 00:04:48","collection style":"R.A.C"} an inserted into database with id: 510992ef-6df4-4433-8937-9d67f21b7414
2016-04-11 16:46:15 INFO  TestLoadCSV:78 - Document succesfully formatted: {"catalog#":"none","artist":"Fortress (6)","title":"Victory Or Valhalla: Seize The Day / Fortress I","label":"Great White Productions","format":"CD-Comp-RE","rating":"5","released":"0","release_id":"701596","collectionfolder":"R.A.C","date added":"2011-05-14 05:59:25","collection style":"R.A.C"} an inserted into database with id: a8b1c5c8-9e93-40a8-946a-ac9e1df66024
2016-04-11 16:46:15 INFO  TestLoadCSV:78 - Document succesfully formatted: {"catalog#":"GUN 209-82876 67187 2","artist":"Paradise Lost","title":"Forever After","label":"GUN Records (2)-BMG","format":"CD-Single","rating":"4","released":"2005","release_id":"1295253","collectionfolder":"Gothic","date added":"2011-05-11 12:03:39"} an inserted into database with id: 32a709db-2c3b-4d0f-b6f7-ee49be86aec6
2016-04-11 16:46:15 INFO  TestLoadCSV:78 - Document succesfully formatted: {"catalog#":"GUN 209-82876 67670 9","artist":"Paradise Lost","title":"Forever After","label":"GUN Records (2)-BMG","format":"Hybrid-DVDplus-PAL-Single-Ltd-Dig","rating":"4","released":"2005","release_id":"1295218","collectionfolder":"Gothic","date added":"2011-05-11 12:03:35"} an inserted into database with id: f2ac1705-3b03-4c59-8717-45e22d40d1cc
2016-04-11 16:46:15 INFO  TestLoadCSV:78 - Document succesfully formatted: {"catalog#":"GUN 210-82876 67189 2","artist":"Paradise Lost","title":"Paradise Lost","label":"GUN Records (2)-BMG","format":"CD-Album","rating":"2","released":"2005","release_id":"759061","collectionfolder":"Gothic","date added":"2011-05-11 11:57:50"} an inserted into database with id: a81958ce-f613-48d3-916b-e98137ebb121
2016-04-11 16:46:15 INFO  TestLoadCSV:78 - Document succesfully formatted: {"catalog#":"GUN 210-82876 67190 2","artist":"Paradise Lost","title":"Paradise Lost","label":"GUN Records (2)-BMG","format":"CD-Album-Enh-Ltd-Dig","rating":"2","released":"2005","release_id":"521736","collectionfolder":"Gothic","date added":"2011-05-11 11:58:06"} an inserted into database with id: 3fb6ddac-48b1-4c19-857b-c24fc46d6ea9
2016-04-11 16:46:15 INFO  TestLoadCSV:78 - Document succesfully formatted: {"catalog#":"HAGAL011 -none","artist":"Strike Back (3)","title":"Gelobt Sei... Was Hart Macht","label":"Hagal Records-Hate Records","format":"CD-Album","released":"1999","release_id":"4326610","collectionfolder":"R.A.C","date added":"2016-02-11 22:53:23"} an inserted into database with id: b6f6c439-ebe7-4589-a3f8-d5a59e358e0f
2016-04-11 16:46:15 INFO  TestLoadCSV:78 - Document succesfully formatted: {"catalog#":"Haken 005-VWR002","artist":"Grom (3)","title":"Pagan War Machine","label":"Hakenkreuz Productions-Vinland Winds Records","format":"CD-MiniAlbum","released":"2001","release_id":"370214","collectionfolder":"Black Metal","date added":"2015-04-14 22:29:11"} an inserted into database with id: 16eb07fa-e014-4b32-b528-e9a92756bdf9
2016-04-11 16:46:15 INFO  TestLoadCSV:78 - Document succesfully formatted: {"catalog#":"HHR074","artist":"Ancient Rites (2)","title":"Dim Carcosa","label":"Hammerheart Records","format":"CD-Album-Ltd-Dig","released":"2001","release_id":"1883118","collectionfolder":"Gothic","date added":"2016-02-14 11:19:17"} an inserted into database with id: 4dd21054-d79e-4bbe-b7c3-439d7f44c02d
2016-04-11 16:46:15 INFO  TestLoadCSV:78 - Document succesfully formatted: {"catalog#":"HR-CD 888","artist":"Grenadier (3)","title":"Commando","label":"Hanse Records","format":"CD-EP","rating":"5","released":"1997","release_id":"1615499","collectionfolder":"R.A.C","date added":"2011-06-07 10:49:20","collection style":"R.A.C"} an inserted into database with id: 74f8417f-c23f-4182-a2ba-dcb687faeaf8
2016-04-11 16:46:15 INFO  TestLoadCSV:78 - Document succesfully formatted: {"catalog#":"MAYO CD 124","artist":"King Kurt","title":"Alcoholic Rat","label":"Harry May Record Company","format":"CD-Album-Comp","rating":"4","released":"2001","release_id":"831895","collectionfolder":"Psychobilly","date added":"2011-05-29 04:08:50","collection style":"Psychobilly"} an inserted into database with id: 8a500955-49b7-4985-84a2-25eaf730aceb
2016-04-11 16:46:15 INFO  TestLoadCSV:78 - Document succesfully formatted: {"catalog#":"064-1646861","artist":"Scorpions","title":"Blackout","label":"Harvest","format":"LP-Album","released":"1982","release_id":"7043129","collectionfolder":"Heavy Metal","date added":"2016-01-14 09:50:36"} an inserted into database with id: d8bb2df2-b468-4b17-ae92-b697bd5de182
2016-04-11 16:46:15 INFO  TestLoadCSV:78 - Document succesfully formatted: {"catalog#":"056-1459331","artist":"Scorpions","title":"Animal Magnetism / Magnetismo Animal","label":"Harvest-Fama (4)","format":"LP-Album-RE","released":"1985","release_id":"5441290","collectionfolder":"Heavy Metal","date added":"2016-01-14 09:53:00"} an inserted into database with id: 932d6f26-e9cb-435d-a10e-3621816ce318
2016-04-11 16:46:15 INFO  TestLoadCSV:78 - Document succesfully formatted: {"catalog#":"Hatefront CD 001","artist":"Kraftschlag","title":"Trotz Verbot Nicht Tot","label":"Hatefront Records","format":"CD-Album-RE","rating":"2","released":"1999","release_id":"2694730","collectionfolder":"R.A.C","date added":"2011-05-30 13:43:04","collection style":"R.A.C"} an inserted into database with id: c2da8995-03fb-48ea-bfe9-af8cf9cc0526
2016-04-11 16:46:15 INFO  TestLoadCSV:78 - Document succesfully formatted: {"catalog#":"Hatefront CD 001","artist":"Kraftschlag","title":"Trotz Verbot Nicht Tot","label":"Hatefront Records","format":"CD-Album-RE","rating":"2","released":"1999","release_id":"2694730","collectionfolder":"R.A.C","date added":"2015-04-15 22:20:28"} an inserted into database with id: 40bc4ae2-37bb-4def-bb80-72209be1bd5a
2016-04-11 16:46:15 INFO  TestLoadCSV:78 - Document succesfully formatted: {"catalog#":"GTR/HS 005/2","artist":"The Betrayed","title":"Just Short Of Glory","label":"Hatesounds Records","format":"CD-Album","released":"2001","release_id":"4148733","collectionfolder":"R.A.C","date added":"2015-04-14 22:23:13"} an inserted into database with id: aa5cdeff-2178-4523-9769-277b06bf1185
2016-04-11 16:46:15 INFO  TestLoadCSV:78 - Document succesfully formatted: {"catalog#":"h.sounds 004","artist":"Blue Eyed Devils","title":"We'll Never Die","label":"Hatesounds Records","format":"CD-Album","rating":"4","released":"2001","release_id":"2202523","collectionfolder":"R.A.C","date added":"2011-05-28 07:10:45","collection style":"R.A.C"} an inserted into database with id: 2d71f251-a264-4ea3-ba26-0eecefc4a458
2016-04-11 16:46:15 INFO  TestLoadCSV:78 - Document succesfully formatted: {"catalog#":"Hatesounds 003","artist":"Nordmacht","title":"Verlorenes Erbe","label":"Hatesounds Records","format":"CD-Album","released":"2001","release_id":"3946946","collectionfolder":"R.A.C","date added":"2015-04-14 22:24:41"} an inserted into database with id: a4770c5f-853b-4622-97e3-87b98c79d7ef
2016-04-11 16:46:15 INFO  TestLoadCSV:78 - Document succesfully formatted: {"catalog#":"HR!19","artist":"Sal Solaris","title":"Outerpretation Of Dreams","label":"Hau Ruck!","format":"CD-Album","rating":"5","released":"2001","release_id":"261584","collectionfolder":"Ambiental","date added":"2011-05-26 12:12:58"} an inserted into database with id: f403166b-5fdb-4185-a89c-a98c46453ca8
2016-04-11 16:46:15 INFO  TestLoadCSV:78 - Document succesfully formatted: {"catalog#":"HR!25","artist":"I-C-K","title":"Les Hémorragies Nihilistes","label":"Hau Ruck!","format":"CD-Album","rating":"4","released":"2001","release_id":"49006","collectionfolder":"Ambiental","date added":"2011-05-26 12:15:28"} an inserted into database with id: 5d49af7b-cc00-4662-8799-fa0c46dac036
2016-04-11 16:46:15 INFO  TestLoadCSV:78 - Document succesfully formatted: {"catalog#":"0445-2","artist":"Nekromantix","title":"Return Of The Loving Dead","label":"Hellcat Records","format":"CD-Album-Dig","rating":"4","released":"2002","release_id":"2163584","collectionfolder":"Psychobilly","date added":"2011-05-14 06:15:02"} an inserted into database with id: 4cbf1d7c-8481-426e-8aef-8ffc52ce9e5c
2016-04-11 16:46:15 INFO  TestLoadCSV:78 - Document succesfully formatted: {"catalog#":"0110225HWR","artist":"Metallica","title":"I Disappear","label":"Hollywood Records","format":"CD-Single-Ltd-Bla","rating":"5","released":"2000","release_id":"1727290","collectionfolder":"Trash Metal","date added":"2011-05-15 05:43:01"} an inserted into database with id: b25301f7-c5a9-4429-807b-e2599cb5c921
2016-04-11 16:46:15 INFO  TestLoadCSV:78 - Document succesfully formatted: {"catalog#":"162 084-2","artist":"Danzig","title":"Danzig 5: Blackacidevil","label":"Hollywood Records","format":"CD-Album","rating":"3","released":"1996","release_id":"928089","collectionfolder":"Hard Rock","date added":"2011-05-13 08:27:20","collection style":"Hard Rock"} an inserted into database with id: 2d81b8b0-4e16-4378-a8c5-a618d3ca0eda
2016-04-11 16:46:15 INFO  TestLoadCSV:78 - Document succesfully formatted: {"catalog#":"HR-66006-2","artist":"Danzig","title":"Sacrifice","label":"Hollywood Records","format":"CD-Maxi","rating":"3","released":"1996","release_id":"383931","collectionfolder":"Hard Rock","date added":"2011-05-13 08:28:58","collection style":"Hard Rock"} an inserted into database with id: 4e5ddf73-2c1f-415d-939e-b0d0c9e0d415
2016-04-11 16:46:15 INFO  TestLoadCSV:78 - Document succesfully formatted: {"catalog#":"HYP 1065","artist":"Voïvod","title":"Kronik","label":"Hypnotic Records","format":"CD-Album-Comp","rating":"4","released":"1998","release_id":"1318080","collectionfolder":"Trash Metal","date added":"2013-08-21 00:18:52","collection style":"Trash Metal"} an inserted into database with id: 5eba1b45-5fad-40e8-a0b3-d5112f65df75
2016-04-11 16:46:15 INFO  TestLoadCSV:78 - Document succesfully formatted: {"catalog#":"466723 2","artist":"The Cramps","title":"...Off The Bone","label":"I.R.S. Records","format":"CD-Comp-RE","rating":"5","released":"1990","release_id":"1356848","collectionfolder":"R´N´R","date added":"2011-05-30 13:08:42","collection style":"R´N´R"} an inserted into database with id: 3e9d6108-4f9f-4107-974e-6d19a6417455
2016-04-11 16:46:15 INFO  TestLoadCSV:78 - Document succesfully formatted: {"catalog#":"SP 70042","artist":"The Cramps","title":"Bad Music For Bad People","label":"I.R.S. Records","format":"LP-Comp-RE-Unofficial","released":"2010","release_id":"3369924","collectionfolder":"R´N´R","date added":"2015-08-01 03:28:00"} an inserted into database with id: c9afb722-6afc-4e13-8e66-00a1e214acda
2016-04-11 16:46:15 INFO  TestLoadCSV:78 - Document succesfully formatted: {"catalog#":"ICARUS 05","artist":"Sabaoth (2)","title":"Windjourney","label":"Icarus Music","format":"CD-Album","released":"1999","release_id":"4578532","collectionfolder":"Gothic","date added":"2016-02-10 12:44:30"} an inserted into database with id: 5f7213fa-1193-41ec-9380-a1b54ca5e77a
2016-04-11 16:46:15 INFO  TestLoadCSV:78 - Document succesfully formatted: {"catalog#":"INTCD 009","artist":"Nekromantix","title":"Brought Back To Life","label":"Intermusic (Denmark)","format":"CD-Album","rating":"5","released":"1992","release_id":"491473","collectionfolder":"Psychobilly","date added":"2011-05-14 06:14:32"} an inserted into database with id: 2f6dd044-e67b-462c-90f0-9ddd6621c782
2016-04-11 16:46:15 INFO  TestLoadCSV:78 - Document succesfully formatted: {"catalog#":"0602517324237","artist":"Nine Inch Nails","title":"Year Zero","label":"Interscope Records","format":"CD-Album-Dig","rating":"3","released":"2007","release_id":"951224","collectionfolder":"Industrial","date added":"2011-05-17 14:23:11","collection style":"Industrial"} an inserted into database with id: 26cd82ba-1e6c-4168-a48d-0d195b5c9739
2016-04-11 16:46:15 INFO  TestLoadCSV:78 - Document succesfully formatted: {"catalog#":"0602517206816","artist":"Nine Inch Nails","title":"Live: Beside You In Time","label":"Interscope Records-Nothing Records","format":"DVD-V-NTSC","rating":"5","released":"2007","release_id":"923989","collectionfolder":"Industrial","date added":"2011-05-17 14:27:05","collection style":"Industrial"} an inserted into database with id: d1735a73-7739-4e2c-9b76-6e9643421e59
2016-04-11 16:46:15 INFO  TestLoadCSV:78 - Document succesfully formatted: {"catalog#":"ICD 88","artist":"Skrewdriver","title":"Land On Fire","label":"ISD Records","format":"CD-Comp","rating":"3","released":"1994","release_id":"2274354","collectionfolder":"R.A.C","date added":"2011-05-11 14:34:42","collection style":"R.A.C"} an inserted into database with id: bec8ec70-6487-4730-9d99-68f5d445fb60
2016-04-11 16:46:15 INFO  TestLoadCSV:78 - Document succesfully formatted: {"catalog#":"IMCD 8041-524 125-2","artist":"Nine Inch Nails","title":"Further Down The Spiral","label":"Island Records-Island Records","format":"CD-EP-Dig","rating":"2","released":"1995","release_id":"1076310","collectionfolder":"Industrial","date added":"2011-05-17 14:25:41","collection style":"Industrial"} an inserted into database with id: 02cf2d3b-d527-4793-b46c-badb4bce1aa8
2016-04-11 16:46:15 INFO  TestLoadCSV:78 - Document succesfully formatted: {"catalog#":"CID 8012-522 126-2","artist":"Nine Inch Nails","title":"The Downward Spiral","label":"Island Records-Island Records-TVT Records-Nothing Records","format":"CD-Album-Sli","rating":"5","released":"1994","release_id":"2724528","collectionfolder":"Industrial","date added":"2011-05-17 14:21:52","collection style":"Industrial"} an inserted into database with id: 5896e3b0-3ff7-4df5-b523-ebc638496698
2016-04-11 16:46:15 INFO  TestLoadCSV:78 - Document succesfully formatted: {"catalog#":"CID 592-854 001-2","artist":"Nine Inch Nails","title":"March Of The Pigs","label":"Island Records-PolyGram","format":"CD-Single-1/2","rating":"5","released":"1994","release_id":"1888739","collectionfolder":"Industrial","date added":"2011-05-17 14:28:59","collection style":"Industrial"} an inserted into database with id: 46cb9402-8563-4ec2-9415-120ea97682b4
2016-04-11 16:46:15 INFO  TestLoadCSV:78 - Document succesfully formatted: {"catalog#":"261 314","artist":"Nine Inch Nails","title":"Pretty Hate Machine","label":"Island Records-TVT Records","format":"CD-Album","rating":"3","released":"1989","release_id":"2489423","collectionfolder":"Industrial","date added":"2011-05-17 14:21:28","collection style":"Industrial"} an inserted into database with id: be1f5e90-1d7f-40d1-bb97-fcdf55c2d37a
2016-04-11 16:46:15 INFO  TestLoadCSV:78 - Document succesfully formatted: {"catalog#":"CIDX 596-854 061-2","artist":"Nine Inch Nails","title":"Closer To God","label":"Island Records-TVT Records","format":"CD-EP-Whi","rating":"5","released":"1994","release_id":"1644296","collectionfolder":"Industrial","date added":"2011-05-17 14:28:38","collection style":"Industrial"} an inserted into database with id: cdf08d68-c4b9-401f-8e40-f31895e6015b
2016-04-11 16:46:15 INFO  TestLoadCSV:78 - Document succesfully formatted: {"catalog#":"KDF 001","artist":"Kraft Durch Froide","title":"1982-1986","label":"KDF Records","format":"CD-Comp","rating":"5","released":"1997","release_id":"4435011","collectionfolder":"R.A.C","date added":"2013-08-14 06:13:02","collection style":"R.A.C"} an inserted into database with id: a52a3bc1-8927-44ba-b14e-04e9c2fd85ca
2016-04-11 16:46:15 INFO  TestLoadCSV:78 - Document succesfully formatted: {"catalog#":"LEP 066","artist":"Nokturnal Mortum","title":"Нехристь","label":"Last Episode","format":"CD-Album","released":"2000","release_id":"723635","collectionfolder":"Black Metal","date added":"2016-02-14 00:43:50"} an inserted into database with id: e718014b-1e58-4f78-849b-2c7015acb34c
2016-04-11 16:46:15 INFO  TestLoadCSV:78 - Document succesfully formatted: {"catalog#":"7567-83006-2","artist":"Sugar Ray (2)","title":"Floored","label":"Lava-Atlantic","format":"CD-Album","rating":"4","released":"1997","release_id":"555836","collectionfolder":"Hardcore","date added":"2011-05-29 04:44:21","collection style":"Hardcore"} an inserted into database with id: 9dc6f75b-b133-421e-8350-323e3d5aeb64
2016-04-11 16:46:15 INFO  TestLoadCSV:78 - Document succesfully formatted: {"catalog#":"LITA 018","artist":"The Black Angels","title":"Passover","label":"Light In The Attic","format":"CD-Album","released":"2006","release_id":"693687","collectionfolder":"Stoner Rock","date added":"2014-09-05 06:29:12"} an inserted into database with id: 4ac4a349-c086-4eb1-a015-224e9561cc79
2016-04-11 16:46:15 INFO  TestLoadCSV:78 - Document succesfully formatted: {"catalog#":"LMP 9909-013 CD","artist":"Luca Turilli","title":"King Of The Nordic Twilight","label":"LMP-Inside Out Music","format":"CD-Album-Enh-Ltd-Dig","released":"1999","release_id":"3790194","collectionfolder":"Power Metal","date added":"2016-02-14 11:11:04"} an inserted into database with id: 50380dbf-ddf5-4e90-ab5b-2c6f1a7f956b
2016-04-11 16:46:15 INFO  TestLoadCSV:78 - Document succesfully formatted: {"catalog#":"LM-063","artist":"Sin City Six","title":"Sin City Six","label":"Locomotive Music","format":"LP-Album","released":"2000","release_id":"2878496","collectionfolder":"Hard Rock","date added":"2015-04-19 22:00:53"} an inserted into database with id: d56cc8eb-c2f9-43a9-9095-784c34014c93
2016-04-11 16:46:15 INFO  TestLoadCSV:78 - Document succesfully formatted: {"catalog#":"LM092","artist":"Lost In Tears","title":"Dialogue With Mirror And God","label":"Locomotive Music","format":"CD-Album-Sli","rating":"4","released":"2002","release_id":"649169","collectionfolder":"Gothic","date added":"2013-08-21 00:15:35","collection style":"Gothic"} an inserted into database with id: f7d8f0b6-e67f-4e87-80bd-5a2d062c7481
2016-04-11 16:46:15 INFO  TestLoadCSV:78 - Document succesfully formatted: {"catalog#":"21091","artist":"Dead Can Dance","title":"Spiritchaser","label":"Lyricon-Sonifolk-Beggars Banquet","format":"CD-Album","rating":"5","released":"1996","release_id":"1722923","collectionfolder":"Ambiental","date added":"2011-05-23 12:58:35"} an inserted into database with id: 8e388138-9802-4f51-8627-9cc3170318ad
2016-04-11 16:46:15 INFO  TestLoadCSV:78 - Document succesfully formatted: {"catalog#":"038 660-2","artist":"Mötley Crüe","title":"Dr. Feelgood","label":"Masters 2000-Mötley Records","format":"CD-Album-Enh-RE","released":"2003","release_id":"2607583","collectionfolder":"Glam","date added":"2015-03-28 12:44:14"} an inserted into database with id: 34399650-ecb4-4ecb-8ec4-75f82c1e4965
2016-04-11 16:46:15 INFO  TestLoadCSV:78 - Document succesfully formatted: {"catalog#":"255 082-1","artist":"Lynyrd Skynyrd","title":"Legend","label":"MCA Records","format":"LP-Album","rating":"4","released":"1987","release_id":"900868","collectionfolder":"Southern Rock","date added":"2011-05-14 06:12:08"} an inserted into database with id: 9687ef33-0970-4ad0-b3d0-0760a70352c8
2016-04-11 16:46:15 INFO  TestLoadCSV:78 - Document succesfully formatted: {"catalog#":"534 315-2","artist":"Texas","title":"White On Blonde","label":"Mercury","format":"CD-Album","rating":"4","released":"1997","release_id":"383727","collectionfolder":"Brit Pop","date added":"2013-08-21 00:01:03"} an inserted into database with id: 2c31e5f7-cd7c-411e-8d5c-d5d18642dd9c
2016-04-11 16:46:15 INFO  TestLoadCSV:78 - Document succesfully formatted: {"catalog#":"538 456-2","artist":"Nashville Pussy","title":"Let Them Eat Pussy","label":"Mercury","format":"CD-Album + CD + Ltd","rating":"5","released":"1998","release_id":"899230","collectionfolder":"Punk Rock","date added":"2011-05-14 06:18:24"} an inserted into database with id: b3afe889-f631-45ae-8199-adb53a841f76
2016-04-11 16:46:15 INFO  TestLoadCSV:78 - Document succesfully formatted: {"catalog#":"848 578-2","artist":"Texas","title":"Mothers Heaven","label":"Mercury","format":"CD-Album","rating":"4","released":"1991","release_id":"383713","collectionfolder":"Brit Pop","date added":"2013-08-21 00:01:55"} an inserted into database with id: 285ad397-6771-41be-bfe2-19bb06c502ca
2016-04-11 16:46:15 INFO  TestLoadCSV:78 - Document succesfully formatted: {"catalog#":"888 788-1","artist":"Metallica","title":"The $5.98 E.P. - Garage Days Re-Revisited","label":"Mercury-Polygram","format":"12-EP","released":"1987","release_id":"3509026","collectionfolder":"Trash Metal","date added":"2014-02-26 08:45:29","collection style":"Trash Metal"} an inserted into database with id: 0855cd2b-95a8-4d6e-9811-3eecd2c6e8f5
2016-04-11 16:46:15 INFO  TestLoadCSV:78 - Document succesfully formatted: {"catalog#":"3984-14031-1","artist":"Slayer","title":"Hell Awaits","label":"Metal Blade Records","format":"LP-Album-RE-RM","released":"2016","release_id":"8000296","collectionfolder":"Trash Metal","date added":"2016-02-07 00:05:19"} an inserted into database with id: ba9aa3e9-69fc-4c7d-9f88-c98b64c7ff48
2016-04-11 16:46:15 INFO  TestLoadCSV:78 - Document succesfully formatted: {"catalog#":"3984-14034-1","artist":"Slayer","title":"Haunting The Chapel","label":"Metal Blade Records","format":"12-EP-RE-RM-180","released":"2016","release_id":"7998973","collectionfolder":"Uncategorized","date added":"2016-03-12 23:57:11"} an inserted into database with id: a3aac539-16fe-456c-9841-b23c32ce9d0b
2016-04-11 16:46:15 INFO  TestLoadCSV:78 - Document succesfully formatted: {"catalog#":"3984-14049-2","artist":"Voïvod","title":"War And Pain","label":"Metal Blade Records","format":"CD-Album-RE","rating":"4","released":"1994","release_id":"367272","collectionfolder":"Trash Metal","date added":"2011-08-21 07:25:45","collection style":"Trash Metal"} an inserted into database with id: 60173744-fd60-49e4-9117-e1c47796f52c
2016-04-11 16:46:15 INFO  TestLoadCSV:78 - Document succesfully formatted: {"catalog#":"CD ZORRO 7","artist":"Slayer","title":"Show No Mercy","label":"Metal Blade Records","format":"CD-Album-RE","rating":"4","released":"1990","release_id":"418523","collectionfolder":"Trash Metal","date added":"2011-05-15 05:44:49"} an inserted into database with id: dbe8540b-a099-49dd-8706-194da7d58d39
2016-04-11 16:46:15 INFO  TestLoadCSV:78 - Document succesfully formatted: {"catalog#":"3984-14001-2-14001-2","artist":"Paradise Lost","title":"Shades Of God","label":"Metal Blade Records-Metal Blade Records","format":"CD-Album","rating":"4","released":"1992","release_id":"587629","collectionfolder":"Gothic","date added":"2011-05-11 11:55:12"} an inserted into database with id: 00947d4f-8e20-436d-825a-8fc791ab0f5f
2016-04-11 16:46:15 INFO  TestLoadCSV:78 - Document succesfully formatted: {"catalog#":"ME 519 CD","artist":"Böhse Onkelz","title":"Kneipenterroristen","label":"Metal Enterprises","format":"CD-Album","rating":"5","released":"1988","release_id":"385962","collectionfolder":"Hard Rock","date added":"2011-05-17 14:12:30"} an inserted into database with id: 1bfa8f17-586a-4daa-bd74-93fd4761adc3
2016-04-11 16:46:15 INFO  TestLoadCSV:78 - Document succesfully formatted: {"catalog#":"ME 530 CD","artist":"Böhse Onkelz","title":"Lügenmarsch","label":"Metal Enterprises","format":"CD-MiniAlbum","rating":"5","released":"1989","release_id":"385967","collectionfolder":"Hard Rock","date added":"2011-05-17 14:13:02"} an inserted into database with id: 11d5c8ab-74d7-47d6-a8cd-baaa392b74d0
2016-04-11 16:46:15 INFO  TestLoadCSV:78 - Document succesfully formatted: {"catalog#":"ME 555 CD","artist":"Böhse Onkelz","title":"Es Ist Soweit","label":"Metal Enterprises","format":"CD-Album","rating":"5","released":"1990","release_id":"385971","collectionfolder":"Hard Rock","date added":"2011-05-17 14:13:19"} an inserted into database with id: 5f12aade-a548-4cdf-bb96-c20336787376
2016-04-11 16:46:15 INFO  TestLoadCSV:78 - Document succesfully formatted: {"catalog#":"Micetrap 018","artist":"Fortress (6)","title":"Live At Bar '33 - Helsinki-Finland","label":"Micetrap Records","format":"CD-Album","rating":"5","released":"2005","release_id":"3028144","collectionfolder":"R.A.C","date added":"2011-08-03 07:52:28","collection style":"R.A.C"} an inserted into database with id: 4bacb1da-8079-48ad-9a60-87936624d94a
2016-04-11 16:46:15 INFO  TestLoadCSV:78 - Document succesfully formatted: {"catalog#":"MICD - 8","artist":"Skrewdriver","title":"History - Vol. 7","label":"Mid Records","format":"CD-Comp","rating":"4","released":"1998","release_id":"4388832","collectionfolder":"R.A.C","date added":"2013-08-14 06:05:29","collection style":"R.A.C"} an inserted into database with id: 03f735f8-b3d4-47ea-8476-7fba440528d9
2016-04-11 16:46:15 INFO  TestLoadCSV:78 - Document succesfully formatted: {"catalog#":"88CD016","artist":"Fortress (6) & Brutal Attack (2)","title":"The Garrison C.D.","label":"Midgård Records","format":"CD-EP-RE","released":"2006","release_id":"3786295","collectionfolder":"R.A.C","date added":"2015-03-28 00:17:55"} an inserted into database with id: 7cce81ce-48ed-428f-a3cd-ed5f230d09cb
2016-04-11 16:46:15 INFO  TestLoadCSV:78 - Document succesfully formatted: {"catalog#":"MID CD 018","artist":"Saga (6)","title":"My Tribute To Skrewdriver Volume 2","label":"Midgård Records","format":"CD-Album","released":"2000","release_id":"1219252","collectionfolder":"R.A.C","date added":"2015-04-15 22:50:10"} an inserted into database with id: 09c2d03c-0885-4f7b-9d88-cf8b61463350
2016-04-11 16:46:15 INFO  TestLoadCSV:78 - Document succesfully formatted: {"catalog#":"MIDCD 004","artist":"Triskelon","title":"Vrede","label":"Midgård Records","format":"CD-Album","rating":"5","released":"1998","release_id":"1218128","collectionfolder":"R.A.C","date added":"2011-05-11 12:06:35","collection style":"R.A.C"} an inserted into database with id: 516579b4-475d-47d3-a90d-5098dfe8f93c
2016-04-11 16:46:15 INFO  TestLoadCSV:78 - Document succesfully formatted: {"catalog#":"MIDCD 007","artist":"Ledung","title":"Loyalty","label":"Midgård Records","format":"CD-Album","rating":"2","released":"1998","release_id":"2614089","collectionfolder":"R.A.C","date added":"2013-08-20 01:47:54","collection style":"R.A.C"} an inserted into database with id: f348b503-2e96-41dc-8cb7-4df444642cf4
2016-04-11 16:46:15 INFO  TestLoadCSV:78 - Document succesfully formatted: {"catalog#":"MIDCD 009","artist":"No Fear (2)","title":"Still Got The Power","label":"Midgård Records","format":"CD-Album","rating":"4","released":"1999","release_id":"1676816","collectionfolder":"R.A.C","date added":"2011-05-21 07:36:18"} an inserted into database with id: e665eef8-444f-48e5-bb6c-2e80116df82e
2016-04-11 16:46:15 INFO  TestLoadCSV:78 - Document succesfully formatted: {"catalog#":"MIDCD 016","artist":"Skrewdriver","title":"Rockumentary 1977-1993","label":"Midgård Records","format":"CD-Album-Unofficial-Dig","rating":"5","released":"2000","release_id":"4290018","collectionfolder":"R.A.C","date added":"2013-08-20 01:48:34","collection style":"R.A.C"} an inserted into database with id: d86657d6-1c02-4639-88a2-9463591a207b
2016-04-11 16:46:15 INFO  TestLoadCSV:78 - Document succesfully formatted: {"catalog#":"MIDCD 023","artist":"Various","title":"White Pride World Wide V","label":"Midgård Records","format":"CD","rating":"4","released":"2001","release_id":"1209221","collectionfolder":"R.A.C","date added":"2013-08-20 01:49:58","collection style":"R.A.C"} an inserted into database with id: fd2f94a6-29be-4052-9f9e-dd71f2efba22
2016-04-11 16:46:15 INFO  TestLoadCSV:78 - Document succesfully formatted: {"catalog#":"MIDCD 023","artist":"Various","title":"White Pride World Wide V","label":"Midgård Records","format":"CD","rating":"4","released":"2001","release_id":"1209221","collectionfolder":"R.A.C","date added":"2015-04-15 22:50:35"} an inserted into database with id: 7896749b-1dd1-4a1b-9d18-ff749b737298
2016-04-11 16:46:15 INFO  TestLoadCSV:78 - Document succesfully formatted: {"catalog#":"MIDCD 21","artist":"Frostfödd","title":"Det Andra Inseglet","label":"Midgård Records","format":"CD-Album","rating":"1","released":"2000","release_id":"3414133","collectionfolder":"R.A.C","date added":"2013-08-20 01:49:15","collection style":"R.A.C"} an inserted into database with id: 7ea48716-4b95-4519-a027-91d7fd7c7379
2016-04-11 16:46:15 INFO  TestLoadCSV:78 - Document succesfully formatted: {"catalog#":"MIDCD027","artist":"Ravenous (2)","title":"Blind Faith","label":"Midgård Records","format":"CD-Album","rating":"4","released":"2001","release_id":"1621587","collectionfolder":"R.A.C","date added":"2011-05-23 12:13:35","collection style":"R.A.C"} an inserted into database with id: 9b140c34-9914-4ed5-929b-b30d277db897
2016-04-11 16:46:15 INFO  TestLoadCSV:78 - Document succesfully formatted: {"catalog#":"MIDCD 026-MIDCD026","artist":"Ken McLellan","title":"If I Ever Forget","label":"Midgård Records-Midgård Records","format":"CD-Album","rating":"1","released":"2002","release_id":"3566048","collectionfolder":"R.A.C","date added":"2013-08-20 23:55:54","collection style":"R.A.C"} an inserted into database with id: e33f9046-7111-45be-afa2-0ef89f0ef492
2016-04-11 16:46:15 INFO  TestLoadCSV:78 - Document succesfully formatted: {"catalog#":"WTG 19312","artist":"Rose Tattoo","title":"Assault & Battery","label":"Mirage (2)","format":"LP-Album","released":"1981","release_id":"1729723","collectionfolder":"Hard Rock","date added":"2015-04-12 22:08:44"} an inserted into database with id: 59b931fd-bc5b-48e1-8de3-2dc33301a757
2016-04-11 16:46:15 INFO  TestLoadCSV:78 - Document succesfully formatted: {"catalog#":"AMAZON 021-EYE 006","artist":"Burzum","title":"Hliðskjálf","label":"Misanthropy Records-Cymophane Productions","format":"CD-Album-Dig","rating":"3","released":"1999","release_id":"228988","collectionfolder":"Ambiental","date added":"2011-05-17 13:58:36"} an inserted into database with id: 4a02b4f3-6e33-4d4b-8686-2c59dee92096
2016-04-11 16:46:15 INFO  TestLoadCSV:78 - Document succesfully formatted: {"catalog#":"FOG 001","artist":"Satyricon","title":"Dark Medieval Times","label":"Moonfog Productions","format":"CD-Album","rating":"5","released":"1994","release_id":"372795","collectionfolder":"Black Metal","date added":"2011-05-15 05:48:30"} an inserted into database with id: 9f88055a-83b7-4b87-952c-57d8ef5e1388
2016-04-11 16:46:15 INFO  TestLoadCSV:78 - Document succesfully formatted: {"catalog#":"Fog 003","artist":"Satyricon","title":"The Shadowthrone","label":"Moonfog Productions","format":"CD-Album-RP","rating":"5","released":"0","release_id":"372799","collectionfolder":"Black Metal","date added":"2011-05-15 05:48:45"} an inserted into database with id: 3c072c62-53fc-4dec-8678-449161d0cdc3
2016-04-11 16:46:15 INFO  TestLoadCSV:78 - Document succesfully formatted: {"catalog#":"FOG 012","artist":"Satyricon","title":"Nemesis Divina","label":"Moonfog Productions","format":"CD-Album","rating":"5","released":"1996","release_id":"373492","collectionfolder":"Black Metal","date added":"2011-05-15 05:49:15"} an inserted into database with id: b8ca9c09-26fb-42ef-b7a3-62f2c59ff92c
2016-04-11 16:46:15 INFO  TestLoadCSV:78 - Document succesfully formatted: {"catalog#":"FOG 022","artist":"Satyricon","title":"Rebel Extravaganza","label":"Moonfog Productions","format":"CD-Album","rating":"5","released":"1999","release_id":"402034","collectionfolder":"Black Metal","date added":"2011-05-15 05:56:12"} an inserted into database with id: e3a66df6-013c-4f3e-a8fd-6296a818b15d
2016-04-11 16:46:15 INFO  TestLoadCSV:78 - Document succesfully formatted: {"catalog#":"MHP 069-0069","artist":"Katar (2)","title":"Paradigma Digitized","label":"More Hate Productions","format":"CD-Album","released":"2002","release_id":"2214042","collectionfolder":"Black Metal","date added":"2015-04-14 22:56:33"} an inserted into database with id: 92924c3f-ae63-476e-b48f-578db257ee5e
2016-04-11 16:46:15 INFO  TestLoadCSV:78 - Document succesfully formatted: {"catalog#":"061 071-2","artist":"Rammstein","title":"Live Aus Berlin","label":"Motor","format":"DVD","rating":"5","released":"1999","release_id":"2055300","collectionfolder":"Industrial","date added":"2011-05-26 11:58:16","collection style":"Industrial"} an inserted into database with id: 41922632-8dc6-49f7-8d0b-67eea6e07f4a
2016-04-11 16:46:15 INFO  TestLoadCSV:78 - Document succesfully formatted: {"catalog#":"537 304-2","artist":"Rammstein","title":"Sehnsucht","label":"Motor Music","format":"CD-Album-RE","rating":"4","released":"1997","release_id":"107838","collectionfolder":"Industrial","date added":"2011-05-26 11:55:24","collection style":"Industrial"} an inserted into database with id: a67e3830-06ad-42ec-a392-042e6fa07a36
2016-04-11 16:46:15 INFO  TestLoadCSV:78 - Document succesfully formatted: {"catalog#":"549 314-2","artist":"Atrocity","title":"Gemini","label":"Motor Music","format":"CD-Album-blu","rating":"4","released":"2000","release_id":"950131","collectionfolder":"Industrial","date added":"2011-08-21 06:58:39","collection style":"Industrial"} an inserted into database with id: 19400676-f8c9-4943-b215-84b7bda82e16
2016-04-11 16:46:15 INFO  TestLoadCSV:78 - Document succesfully formatted: {"catalog#":"986 604-0","artist":"Rammstein","title":"Lichtspielhaus","label":"Motor Music","format":"DVD-V-PAL","rating":"5","released":"2003","release_id":"399689","collectionfolder":"Industrial","date added":"2011-05-26 11:58:35","collection style":"Industrial"} an inserted into database with id: 40f6cb63-0e83-402d-805e-f050f754d452
2016-04-11 16:46:15 INFO  TestLoadCSV:78 - Document succesfully formatted: {"catalog#":"529160-2-529 160-2","artist":"Rammstein","title":"Herzeleid","label":"Motor Music-Motor Music","format":"CD-Album","rating":"5","released":"1995","release_id":"97215","collectionfolder":"Industrial","date added":"2011-05-26 11:54:43","collection style":"Industrial"} an inserted into database with id: d5aa1958-b91a-49d1-aa86-b90f6745aa0d
2016-04-11 16:46:15 INFO  TestLoadCSV:78 - Document succesfully formatted: {"catalog#":"549 639-2","artist":"Rammstein","title":"Mutter","label":"Motor-Universal","format":"CD-Album","rating":"5","released":"2001","release_id":"90028","collectionfolder":"Industrial","date added":"2011-05-26 11:55:53","collection style":"Industrial"} an inserted into database with id: 2f485893-1eeb-49d3-85ad-a6d6d7af54c9
2016-04-11 16:46:15 INFO  TestLoadCSV:78 - Document succesfully formatted: {"catalog#":"Movement 007","artist":"Avalon (7)","title":"This Is War!","label":"Movement Records (6)","format":"CD-Album","released":"1998","release_id":"4126248","collectionfolder":"R.A.C","date added":"2015-04-14 22:12:28","collection style":"R.A.C"} an inserted into database with id: 7ec0d695-76f0-46f4-a07e-edbae7e5c165
2016-04-11 16:46:15 INFO  TestLoadCSV:78 - Document succesfully formatted: {"catalog#":"MOVEMENT 019","artist":"Excalibur (6)","title":"Thurisaz","label":"Movement Records (6)","format":"CD-Album","rating":"4","released":"1999","release_id":"2905281","collectionfolder":"R.A.C","date added":"2011-05-28 07:59:16","collection style":"R.A.C"} an inserted into database with id: 4d6310c8-d2d4-4e7f-bc95-e974780680c5
2016-04-11 16:46:15 INFO  TestLoadCSV:78 - Document succesfully formatted: {"catalog#":"MOVEMENT 023","artist":"Excalibur (6)","title":"The Water-The Soil & The Sand","label":"Movement Records (6)","format":"CD-Album","rating":"4","released":"2001","release_id":"2905299","collectionfolder":"R.A.C","date added":"2011-05-28 08:11:23","collection style":"R.A.C"} an inserted into database with id: 53f2f0e0-bb61-4b9a-b83c-4e0045605d1e
2016-04-11 16:46:15 INFO  TestLoadCSV:78 - Document succesfully formatted: {"catalog#":"MOVEMENT 025-none","artist":"Squadron","title":"Age Of Conspiracy","label":"Movement Records (6)-Rampage Productions","format":"CD-Album","rating":"3","released":"1999","release_id":"1629478","collectionfolder":"R.A.C","date added":"2011-06-04 11:18:37","collection style":"R.A.C"} an inserted into database with id: 55911b01-4cc8-411e-b742-70e61f4240a1
2016-04-11 16:46:15 INFO  TestLoadCSV:78 - Document succesfully formatted: {"catalog#":"12KUT 165","artist":"Paradise Lost","title":"The Last Time","label":"Music For Nations","format":"12","rating":"5","released":"1995","release_id":"1020770","collectionfolder":"Gothic","date added":"2011-05-11 12:01:32"} an inserted into database with id: 9d8616bb-4c87-431f-aa99-ba0853eaba1e
2016-04-11 16:46:15 INFO  TestLoadCSV:78 - Document succesfully formatted: {"catalog#":"CDKUT 150","artist":"Paradise Lost","title":"As I Die","label":"Music For Nations","format":"CD-Single","rating":"4","released":"1992","release_id":"379251","collectionfolder":"Gothic","date added":"2011-05-11 11:59:34"} an inserted into database with id: 5fed959e-7fe2-4062-85bb-190d1cc079ee
2016-04-11 16:46:15 INFO  TestLoadCSV:78 - Document succesfully formatted: {"catalog#":"CDKUT 157","artist":"Paradise Lost","title":"Seals The Sense","label":"Music For Nations","format":"CD-Single","rating":"5","released":"1994","release_id":"469881","collectionfolder":"Gothic","date added":"2011-05-11 11:59:47"} an inserted into database with id: 7cbd7315-7688-4d9f-8dfd-e428b394f6fb
2016-04-11 16:46:15 INFO  TestLoadCSV:78 - Document succesfully formatted: {"catalog#":"CDKUT 174","artist":"Paradise Lost","title":"Say Just Words","label":"Music For Nations","format":"CD-Single","rating":"3","released":"1997","release_id":"466367","collectionfolder":"Gothic","date added":"2011-05-11 12:02:35"} an inserted into database with id: 7165a646-07bf-491f-9d4e-8f299360252d
2016-04-11 16:46:15 INFO  TestLoadCSV:78 - Document succesfully formatted: {"catalog#":"CDMFN 152","artist":"Paradise Lost","title":"Icon","label":"Music For Nations","format":"CD-Album-RP","rating":"5","released":"0","release_id":"771962","collectionfolder":"Gothic","date added":"2011-05-11 11:55:38"} an inserted into database with id: 3822611b-d6f7-4d73-9e80-d838a32b83a2
2016-04-11 16:46:15 INFO  TestLoadCSV:78 - Document succesfully formatted: {"catalog#":"CDMFN 222","artist":"Paradise Lost","title":"One Second","label":"Music For Nations","format":"CD-Album","rating":"4","released":"1997","release_id":"771025","collectionfolder":"Gothic","date added":"2011-05-11 11:56:34"} an inserted into database with id: c52d88df-86b2-4aa3-a0ff-63cd50756b3c
2016-04-11 16:46:15 INFO  TestLoadCSV:78 - Document succesfully formatted: {"catalog#":"CDMFN 243","artist":"Paradise Lost","title":"Reflection","label":"Music For Nations","format":"CD-Comp","rating":"3","released":"1998","release_id":"509965","collectionfolder":"Gothic","date added":"2011-05-11 12:04:11"} an inserted into database with id: b6478034-8466-4f20-938a-84d682cce3c1
2016-04-11 16:46:15 INFO  TestLoadCSV:78 - Document succesfully formatted: {"catalog#":"CDMFNB 184","artist":"Paradise Lost","title":"Draconian Times","label":"Music For Nations","format":"2xCD-Album-Comp + Box-Ltd","rating":"5","released":"1995","release_id":"618441","collectionfolder":"Gothic","date added":"2011-05-11 11:56:13"} an inserted into database with id: 0268605d-35e0-4a4b-b3bc-f1d6af4de6da
2016-04-11 16:46:15 INFO  TestLoadCSV:78 - Document succesfully formatted: {"catalog#":"CDMFNX 222","artist":"Paradise Lost","title":"One Second","label":"Music For Nations","format":"CD-Album-Ltd-Dig","rating":"3","released":"1997","release_id":"891780","collectionfolder":"Gothic","date added":"2011-05-11 14:08:26"} an inserted into database with id: 41761ff1-3e1e-430a-8951-822f8a402100
2016-04-11 16:46:15 INFO  TestLoadCSV:78 - Document succesfully formatted: {"catalog#":"CDXKUT 174","artist":"Paradise Lost","title":"Say Just Words","label":"Music For Nations","format":"CD-Single-Ltd","rating":"3","released":"1997","release_id":"390467","collectionfolder":"Gothic","date added":"2011-05-11 12:02:23"} an inserted into database with id: b1b87ce6-3c97-40a8-b4d3-716008acef7b
2016-04-11 16:46:15 INFO  TestLoadCSV:78 - Document succesfully formatted: {"catalog#":"DVDMFN19","artist":"Paradise Lost","title":"Evolve","label":"Music For Nations","format":"DVD","rating":"5","released":"2002","release_id":"673214","collectionfolder":"Gothic","date added":"2011-05-11 12:04:34"} an inserted into database with id: daeaaf54-64c7-4fbe-bd30-9a3a8f49f75e
2016-04-11 16:46:15 INFO  TestLoadCSV:78 - Document succesfully formatted: {"catalog#":"MFN 152","artist":"Paradise Lost","title":"Icon","label":"Music For Nations","format":"2xLP-Album","released":"1993","release_id":"785934","collectionfolder":"Doom Metal","date added":"2015-06-16 10:14:27"} an inserted into database with id: e9a86028-6dce-4acf-949c-c174a516e267
2016-04-11 16:46:15 INFO  TestLoadCSV:78 - Document succesfully formatted: {"catalog#":"MFN 60","artist":"Metallica","title":"Master Of Puppets","label":"Music For Nations","format":"LP-Album","rating":"5","released":"1986","release_id":"2536387","collectionfolder":"Trash Metal","date added":"2011-05-15 04:24:49"} an inserted into database with id: 11b9db96-a9e0-47d9-b8c3-1204a32bf7bf
2016-04-11 16:46:15 INFO  TestLoadCSV:78 - Document succesfully formatted: {"catalog#":"TMFN 152","artist":"Paradise Lost","title":"Icon","label":"Music For Nations","format":"Cass-Album","rating":"5","released":"1993","release_id":"951984","collectionfolder":"Gothic","date added":"2011-05-11 12:01:06"} an inserted into database with id: 5ec0111f-c6b9-4549-84ce-855a9cbab755
2016-04-11 16:46:15 INFO  TestLoadCSV:78 - Document succesfully formatted: {"catalog#":"VFN 13X","artist":"Paradise Lost","title":"Harmony Breaks","label":"Music For Nations","format":"VHS","rating":"5","released":"1994","release_id":"1295291","collectionfolder":"Gothic","date added":"2011-05-11 12:04:23"} an inserted into database with id: 2384423c-ed4d-4909-a182-f3ec3bdffa2f
2016-04-11 16:46:15 INFO  TestLoadCSV:78 - Document succesfully formatted: {"catalog#":"cdkut 165-CDKUT 165","artist":"Paradise Lost","title":"The Last Time","label":"Music For Nations-Music For Nations","format":"CD-Single","rating":"5","released":"1995","release_id":"2748958","collectionfolder":"Gothic","date added":"2012-02-29 23:03:26"} an inserted into database with id: 4f885663-9c52-4998-907a-008dea0c0cdc
2016-04-11 16:46:15 INFO  TestLoadCSV:78 - Document succesfully formatted: {"catalog#":"cdkut 169-CDKUT 169","artist":"Paradise Lost","title":"Forever Failure","label":"Music For Nations-Music For Nations","format":"CD-Single-Dig","rating":"5","released":"1995","release_id":"886977","collectionfolder":"Gothic","date added":"2011-05-11 12:00:46"} an inserted into database with id: 1e897cb1-c8e9-40da-a496-4b2238f3ddea
2016-04-11 16:46:15 INFO  TestLoadCSV:78 - Document succesfully formatted: {"catalog#":"CDMFN 152DG-CD MFN 152 DG","artist":"Paradise Lost","title":"Icon","label":"Music For Nations-Music For Nations","format":"CD-Album-Ltd-Dig","rating":"5","released":"1993","release_id":"379149","collectionfolder":"Gothic","date added":"2012-02-29 22:55:15"} an inserted into database with id: 4065446a-6f06-4f9b-8bf0-bceb285a4195
2016-04-11 16:46:15 INFO  TestLoadCSV:78 - Document succesfully formatted: {"catalog#":"cdmfn291-CDMFN291","artist":"Opeth","title":"Deliverance","label":"Music For Nations-Music For Nations","format":"CD-Album","released":"2002","release_id":"5324045","collectionfolder":"Death Metal","date added":"2015-04-14 22:55:02"} an inserted into database with id: fe07a71a-3e53-49ac-8707-80fe9c428c3c
2016-04-11 16:46:15 INFO  TestLoadCSV:78 - Document succesfully formatted: {"catalog#":"MFN 222-RTD GAS 211.1222.1","artist":"Paradise Lost","title":"One Second","label":"Music For Nations-Music For Nations","format":"2xLP-Album","rating":"4","released":"1997","release_id":"785937","collectionfolder":"Gothic","date added":"2011-05-11 11:56:41"} an inserted into database with id: 8db5fbcb-b6b4-457f-b36c-e81eb323b138
2016-04-11 16:46:15 INFO  TestLoadCSV:78 - Document succesfully formatted: {"catalog#":"cdmfn 184-CDMFN 184-rtd gas 211.11842","artist":"Paradise Lost","title":"Draconian Times","label":"Music For Nations-Music For Nations-Music For Nations","format":"CD-Album","rating":"5","released":"1995","release_id":"379234","collectionfolder":"Gothic","date added":"2011-05-11 11:56:05"} an inserted into database with id: 2410f2c2-9b86-4172-a058-656e4af748be
2016-04-11 16:46:15 INFO  TestLoadCSV:78 - Document succesfully formatted: {"catalog#":"DR-4357","artist":"Danzig","title":"Archive De La Morte","label":"Music Video Distributors","format":"DVD-V","rating":"5","released":"2003","release_id":"1011740","collectionfolder":"Hard Rock","date added":"2011-05-13 08:29:15","collection style":"Hard Rock"} an inserted into database with id: bfb72ae0-21d8-455b-bf79-a53597bf9520
2016-04-11 16:46:15 INFO  TestLoadCSV:78 - Document succesfully formatted: {"catalog#":"74321 35644 2","artist":"Nick Cave & The Bad Seeds","title":"Murder Ballads","label":"Mute","format":"CD-Album-RE","rating":"5","released":"1996","release_id":"1851262","collectionfolder":"Blues Rock","date added":"2011-05-30 13:35:22"} an inserted into database with id: c192ca4d-ee80-4f23-a7ce-92287eb7f945
2016-04-11 16:46:15 INFO  TestLoadCSV:78 - Document succesfully formatted: {"catalog#":"CD STUMM 123","artist":"Nick Cave & The Bad Seeds","title":"Let Love In","label":"Mute","format":"CD-Album-RP","rating":"5","released":"1994","release_id":"379690","collectionfolder":"Blues Rock","date added":"2011-05-30 13:34:21"} an inserted into database with id: d299f125-6d9d-4d7b-99be-39bde2a31463
2016-04-11 16:46:15 INFO  TestLoadCSV:78 - Document succesfully formatted: {"catalog#":"CD STUMM 44","artist":"Laibach","title":"Opus Dei","label":"Mute","format":"CD-Album","rating":"5","released":"1987","release_id":"74862","collectionfolder":"Industrial","date added":"2011-05-17 13:35:43"} an inserted into database with id: d6f78c31-edc6-4c23-9b5d-67056865c856
2016-04-11 16:46:15 INFO  TestLoadCSV:78 - Document succesfully formatted: {"catalog#":"CD STUMM 82","artist":"Laibach","title":"Kapital","label":"Mute","format":"CD-Album","rating":"5","released":"1992","release_id":"128830","collectionfolder":"Industrial","date added":"2011-05-17 13:36:32"} an inserted into database with id: 9e17fe58-66b7-444e-9ed1-aa4dc706c02e
2016-04-11 16:46:15 INFO  TestLoadCSV:78 - Document succesfully formatted: {"catalog#":"CDStumm136","artist":"Laibach","title":"Jesus Christ Superstars","label":"Mute","format":"CD-Album","rating":"5","released":"1996","release_id":"173256","collectionfolder":"Industrial","date added":"2011-05-17 13:37:05"} an inserted into database with id: 98adc827-cbe9-49b8-87d0-80900e070454
2016-04-11 16:46:15 INFO  TestLoadCSV:78 - Document succesfully formatted: {"catalog#":"LCDStumm233-CDStumm233-0094633430600","artist":"Nick Cave & The Bad Seeds","title":"Abattoir Blues / The Lyre Of Orpheus","label":"Mute Records Ltd.-Mute Records Ltd.-Mute Records Ltd.","format":"2xCD-Album-Dig","rating":"5","released":"2004","release_id":"1024001","collectionfolder":"Blues Rock","date added":"2011-05-30 13:35:53"} an inserted into database with id: 96476511-9dfa-4cb3-822c-8a48049fab6d
2016-04-11 16:46:15 INFO  TestLoadCSV:78 - Document succesfully formatted: {"catalog#":"LPSEEDS7","artist":"Nick Cave & The Bad Seeds","title":"Henry's Dream","label":"Mute-BMG","format":"LP-Album-RE-RM","released":"2015","release_id":"6623658","collectionfolder":"Blues Rock","date added":"2016-01-09 09:37:45"} an inserted into database with id: 87c18fe6-dfd7-45bc-87bd-9cfb3ad2a7dc
2016-04-11 16:46:15 INFO  TestLoadCSV:78 - Document succesfully formatted: {"catalog#":"LPSEEDS8","artist":"Nick Cave & The Bad Seeds","title":"Let Love In","label":"Mute-BMG","format":"LP-Album-RE-RM-180","released":"2015","release_id":"6656220","collectionfolder":"Blues Rock","date added":"2015-08-12 08:41:47"} an inserted into database with id: 8279a295-2696-4efe-8cec-a1a867408fdc
2016-04-11 16:46:15 INFO  TestLoadCSV:78 - Document succesfully formatted: {"catalog#":"CD STUMM 76-CDSTUMM 76","artist":"Nick Cave & The Bad Seeds","title":"The Good Son","label":"Mute-Mute","format":"CD-Album","rating":"5","released":"1990","release_id":"395394","collectionfolder":"Blues Rock","date added":"2011-05-30 13:31:24"} an inserted into database with id: 127435b0-2f6c-429d-97ae-2bc498a7ea76
2016-04-11 16:46:15 INFO  TestLoadCSV:78 - Document succesfully formatted: {"catalog#":"CDSEEDS7-5099996465226","artist":"Nick Cave & The Bad Seeds","title":"Henry's Dream","label":"Mute-Mute","format":"CD-Album-RM + DVD-V-NTSC-Multichannel","rating":"5","released":"2010","release_id":"2606957","collectionfolder":"Blues Rock","date added":"2011-05-30 13:31:57"} an inserted into database with id: 5b6a2d5c-1555-4950-9f3f-4b7fee9a2dac
2016-04-11 16:46:15 INFO  TestLoadCSV:78 - Document succesfully formatted: {"catalog#":"CDSTUMM 17-5016025610174","artist":"Nick Cave & The Bad Seeds","title":"From Her To Eternity","label":"Mute-Mute","format":"CD-Album-RE","rating":"5","released":"2004","release_id":"2454491","collectionfolder":"Blues Rock","date added":"2011-05-30 13:29:39"} an inserted into database with id: 4f3f5883-9850-4950-90b3-89bf6681c5c0
2016-04-11 16:46:15 INFO  TestLoadCSV:78 - Document succesfully formatted: {"catalog#":"CDSTUMM272-0094638680222","artist":"Grinderman","title":"Grinderman","label":"Mute-Mute","format":"CD-Album","released":"2007","release_id":"1883395","collectionfolder":"R´N´R","date added":"2015-01-28 07:36:43"} an inserted into database with id: b6139a95-3472-43e9-b26f-41775e8050bb
2016-04-11 16:46:15 INFO  TestLoadCSV:78 - Document succesfully formatted: {"catalog#":"LCDSTUMM299-5099964727929-LCSTUMM299","artist":"Grinderman","title":"Grinderman 2","label":"Mute-Mute-Mute","format":"CD-Album-Ltd","rating":"5","released":"2010","release_id":"2447722","collectionfolder":"R´N´R","date added":"2013-01-08 01:06:45"} an inserted into database with id: 6cb138e7-a248-4567-9e05-822d959e6716
2016-04-11 16:46:15 INFO  TestLoadCSV:78 - Document succesfully formatted: {"catalog#":"74321 17574 2-74321 175742","artist":"Depeche Mode","title":"Songs Of Faith And Devotion (Live)","label":"Mute-RCA-BMG","format":"CD-Album","rating":"5","released":"1993","release_id":"562404","collectionfolder":"Electronic","date added":"2011-08-21 07:28:17"} an inserted into database with id: 479dae43-d96a-4e8a-ae08-2e6b221b4cc8
2016-04-11 16:46:15 INFO  TestLoadCSV:78 - Document succesfully formatted: {"catalog#":"MVM 007 CD","artist":"The Prodigy","title":"Music For The Jilted Generation","label":"MVM Records-XL Recordings","format":"CD-Album-RE","rating":"5","released":"1997","release_id":"2229315","collectionfolder":"Rave","date added":"2011-05-30 13:24:08"} an inserted into database with id: 3162a724-8cd6-45a9-b54a-c2fd354e71c3
2016-04-11 16:46:15 INFO  TestLoadCSV:78 - Document succesfully formatted: {"catalog#":"NPR 085","artist":"Vintersorg","title":"Cosmic Genesis","label":"Napalm Records","format":"CD-Album","released":"2000","release_id":"421281","collectionfolder":"Black Metal","date added":"2015-06-18 23:12:04"} an inserted into database with id: ca4fe6a4-8643-4f0b-b4cb-f03a6b8b5449
2016-04-11 16:46:15 INFO  TestLoadCSV:78 - Document succesfully formatted: {"catalog#":"NPR 336","artist":"Monster Magnet","title":"Mastermind","label":"Napalm Records","format":"CD-Album-Ltd-Dig","rating":"3","released":"2010","release_id":"2565338","collectionfolder":"Stoner Rock","date added":"2011-05-14 06:04:44"} an inserted into database with id: 249202aa-6f49-4ac1-b280-0e589282e245
2016-04-11 16:46:15 INFO  TestLoadCSV:78 - Document succesfully formatted: {"catalog#":"NPR 490 LP","artist":"Monster Magnet","title":"Last Patrol","label":"Napalm Records","format":"2xLP-Mul","rating":"5","released":"2013","release_id":"5004917","collectionfolder":"Stoner Rock","date added":"2014-02-10 23:02:27"} an inserted into database with id: 4908ae09-efec-47af-8f9a-22ab1431854d
2016-04-11 16:46:15 INFO  TestLoadCSV:78 - Document succesfully formatted: {"catalog#":"NPR 563 LTD","artist":"Monster Magnet","title":"Milking The Stars (A Re-imagining Of Last Patrol)","label":"Napalm Records","format":"CD-Album-Ltd","released":"2014","release_id":"6302052","collectionfolder":"Stoner Rock","date added":"2014-12-31 00:25:27"} an inserted into database with id: 8986f26c-a4f6-42fb-a102-82bf36d23d5e
2016-04-11 16:46:15 INFO  TestLoadCSV:78 - Document succesfully formatted: {"catalog#":"NPR 629 DP","artist":"Monster Magnet","title":"Cobras And Fire (The Mastermind Redux)","label":"Napalm Records","format":"CD-Album-Ltd-Dig","released":"2015","release_id":"7545164","collectionfolder":"Hard Rock","date added":"2015-10-18 02:31:41"} an inserted into database with id: e6cb97bf-2c07-4ddc-9b93-657cf024c458
2016-04-11 16:46:15 INFO  TestLoadCSV:78 - Document succesfully formatted: {"catalog#":"NERCD 037","artist":"The Quakes (2)","title":"The Quakes","label":"Nervous Records (2)","format":"CD","rating":"5","released":"1992","release_id":"685820","collectionfolder":"Psychobilly","date added":"2011-05-14 06:12:49"} an inserted into database with id: de14eedf-6a76-434b-910e-cdb1c29f456f
2016-04-11 16:46:15 INFO  TestLoadCSV:78 - Document succesfully formatted: {"catalog#":"NERCD 063","artist":"Nekromantix","title":"Curse Of The Coffin","label":"Nervous Records (2)","format":"CD-Album","rating":"5","released":"1991","release_id":"1149734","collectionfolder":"Psychobilly","date added":"2011-05-14 06:14:21"} an inserted into database with id: 7313a124-d9c7-4eff-a301-22e331076fcc
2016-04-11 16:46:15 INFO  TestLoadCSV:78 - Document succesfully formatted: {"catalog#":"NERD 037","artist":"The Quakes (2)","title":"The Quakes","label":"Nervous Records (2)","format":"LP-Album","released":"1988","release_id":"1552902","collectionfolder":"Psychobilly","date added":"2016-01-18 10:23:18"} an inserted into database with id: 30de339c-15ed-432c-8604-42de312e29c6
2016-04-11 16:46:15 INFO  TestLoadCSV:78 - Document succesfully formatted: {"catalog#":"5 03770 30149 2 3","artist":"Skinny Puppy","title":"B-Sides Collect","label":"Nettwerk","format":"CD-Comp","rating":"4","released":"1999","release_id":"326404","collectionfolder":"Industrial","date added":"2011-05-28 06:21:26","collection style":"Industrial"} an inserted into database with id: 60016581-337d-4dcf-b925-9f5b94165c8a
2016-04-11 16:46:15 INFO  TestLoadCSV:78 - Document succesfully formatted: {"catalog#":"0 6700 30201 2 1","artist":"Skinny Puppy","title":"Bites","label":"Nettwerk America","format":"CD-Album-RP","rating":"3","released":"2001","release_id":"438729","collectionfolder":"Industrial","date added":"2011-05-28 06:18:58","collection style":"Industrial"} an inserted into database with id: f1bfb567-6533-4789-a165-bb2c0547df56
2016-04-11 16:46:15 INFO  TestLoadCSV:78 - Document succesfully formatted: {"catalog#":"0 6700 30211 2 8","artist":"Skinny Puppy","title":"Remission","label":"Nettwerk America","format":"CD-Album-RE","rating":"5","released":"2001","release_id":"1351768","collectionfolder":"Industrial","date added":"2011-05-28 06:20:53"} an inserted into database with id: b64bd7cb-9207-4c47-b358-fcbff5ec0915
2016-04-11 16:46:15 INFO  TestLoadCSV:78 - Document succesfully formatted: {"catalog#":"BAD VC CD44","artist":"Death In June","title":"Operation Hummingbird","label":"New European Recordings","format":"CD-Album","rating":"5","released":"1999","release_id":"48944","collectionfolder":"Ambiental","date added":"2011-05-23 13:01:36"} an inserted into database with id: 8df00361-97ed-44b1-a30c-3815b17a8a89
2016-04-11 16:46:15 INFO  TestLoadCSV:78 - Document succesfully formatted: {"catalog#":"BAD VCCD9","artist":"Death In June","title":"The Wörld Thät Sümmer","label":"New European Recordings","format":"CD-Album","rating":"5","released":"2000","release_id":"260390","collectionfolder":"Ambiental","date added":"2011-05-23 13:00:59"} an inserted into database with id: ab45ece1-18a6-47c8-b673-491868b25c15
2016-04-11 16:46:15 INFO  TestLoadCSV:78 - Document succesfully formatted: {"catalog#":"none","artist":"Lux Divina","title":"Occasus Caeremonia","label":"Noctiflorous Productions Music","format":"CD-Album","released":"2000","release_id":"1987956","collectionfolder":"Black Metal","date added":"2016-02-14 00:54:24"} an inserted into database with id: 67220479-2eb8-4846-a20c-de080a6d757a
2016-04-11 16:46:15 INFO  TestLoadCSV:78 - Document succesfully formatted: {"catalog#":"N 0031-3","artist":"Celtic Frost","title":"To Mega Therion","label":"Noise International","format":"CD-Album","rating":"4","released":"1988","release_id":"490641","collectionfolder":"Black-Trash Metal","date added":"2011-05-12 10:30:08","collection style":"Black-Trash Metal"} an inserted into database with id: b7bec334-cc1f-42b9-8722-48d3a6b10f70
2016-04-11 16:46:15 INFO  TestLoadCSV:78 - Document succesfully formatted: {"catalog#":"N 0129-4","artist":"Kreator","title":"Extreme Aggression","label":"Noise International","format":"Cass-Album","released":"1989","release_id":"4930716","collectionfolder":"Trash Metal","date added":"2015-04-15 22:15:15"} an inserted into database with id: d914b581-f65c-482f-825c-126fc06236ff
2016-04-11 16:46:15 INFO  TestLoadCSV:78 - Document succesfully formatted: {"catalog#":"N 0325-2","artist":"Celtic Frost","title":"Morbid Tales","label":"Noise Records","format":"CD-Album-RE-RM","rating":"5","released":"1999","release_id":"1567889","collectionfolder":"Black-Trash Metal","date added":"2011-05-12 10:29:42","collection style":"Black-Trash Metal"} an inserted into database with id: ac91f4d2-1f1e-4a40-984c-47b38dcf7bf2
2016-04-11 16:46:15 INFO  TestLoadCSV:78 - Document succesfully formatted: {"catalog#":"N 0327-2","artist":"Celtic Frost","title":"Into The Pandemonium","label":"Noise Records","format":"CD-Album-RE-RM","rating":"3","released":"1999","release_id":"725704","collectionfolder":"Black-Trash Metal","date added":"2011-05-12 10:30:28"} an inserted into database with id: afc60124-31c3-4df7-94ef-0c2f1f3d18a8
2016-04-11 16:46:15 INFO  TestLoadCSV:78 - Document succesfully formatted: {"catalog#":"88CD 001","artist":"Division S (2)","title":"Attack","label":"Nordland","format":"CD-Album","rating":"3","released":"1994","release_id":"2614367","collectionfolder":"R.A.C","date added":"2011-05-11 12:15:47","collection style":"R.A.C"} an inserted into database with id: 115f3412-572d-40fc-954e-0b9f2a3e3ea0
2016-04-11 16:46:15 INFO  TestLoadCSV:78 - Document succesfully formatted: {"catalog#":"88CD 009","artist":"Division S (2)","title":"Hate","label":"Nordland","format":"CD-Album","released":"1995","release_id":"4924177","collectionfolder":"Doom Metal","date added":"2015-04-21 22:35:44"} an inserted into database with id: c8743a8d-8fb3-4e38-ba6e-a63c7877f43e
2016-04-11 16:46:15 INFO  TestLoadCSV:78 - Document succesfully formatted: {"catalog#":"88CD 011","artist":"Squadron","title":"Decade Of Defiance 1985 - 1995","label":"Nordland","format":"CD-Comp","rating":"4","released":"1995","release_id":"2917516","collectionfolder":"R.A.C","date added":"2011-06-04 11:46:45","collection style":"R.A.C"} an inserted into database with id: cca6b6bf-11b0-4908-b9a3-0a2a2eb6a440
2016-04-11 16:46:15 INFO  TestLoadCSV:78 - Document succesfully formatted: {"catalog#":"88CD 017","artist":"Kindred Spirit (6)","title":"Carry The Flame","label":"Nordland","format":"CD-Album","rating":"2","released":"1997","release_id":"4140175","collectionfolder":"R.A.C","date added":"2013-08-20 23:54:38","collection style":"R.A.C"} an inserted into database with id: 0ca83f64-117c-429d-adfb-348ff1414eac
2016-04-11 16:46:15 INFO  TestLoadCSV:78 - Document succesfully formatted: {"catalog#":"88CD 018","artist":"Max Resist","title":"Second Skin","label":"Nordland","format":"CD-Album","rating":"2","released":"1997","release_id":"3179766","collectionfolder":"R.A.C","date added":"2013-08-20 02:11:34","collection style":"R.A.C"} an inserted into database with id: 3190f1c2-ac6e-4b6d-8419-825f8ef6152b
2016-04-11 16:46:15 INFO  TestLoadCSV:78 - Document succesfully formatted: {"catalog#":"88CD 19","artist":"Triskelon","title":"Endast Mörker","label":"Nordland","format":"CD-Album","rating":"5","released":"1997","release_id":"2615985","collectionfolder":"R.A.C","date added":"2011-05-11 12:06:28","collection style":"R.A.C"} an inserted into database with id: 703f9973-1242-4ac9-ab10-b2bfdddd106f
2016-04-11 16:46:15 INFO  TestLoadCSV:78 - Document succesfully formatted: {"catalog#":"NLCD 024","artist":"Eric Owens","title":"Res Gestae","label":"Nordland","format":"CD-Album","rating":"5","released":"1998","release_id":"1745845","collectionfolder":"R.A.C","date added":"2011-10-03 23:24:53","collection style":"R.A.C"} an inserted into database with id: e7ba8b85-12bb-49c0-be60-13f864f85020
2016-04-11 16:46:15 INFO  TestLoadCSV:78 - Document succesfully formatted: {"catalog#":"NLCD 030","artist":"Dissident (2)","title":"A Cog In The Wheel","label":"Nordland","format":"CD-Album","rating":"5","released":"2000","release_id":"2875438","collectionfolder":"R.A.C","date added":"2011-05-11 15:06:52","collection style":"R.A.C"} an inserted into database with id: 500ccc4c-1fb1-4f04-b01c-2a957fc232fe
2016-04-11 16:46:15 INFO  TestLoadCSV:78 - Document succesfully formatted: {"catalog#":"NLCD 009-88CD009","artist":"Division S (2)","title":"Hate","label":"Nordland-Nordland","format":"CD-Album-RP","rating":"4","released":"1995","release_id":"1678107","collectionfolder":"R.A.C","date added":"2011-05-11 12:15:52","collection style":"R.A.C"} an inserted into database with id: 0a75ae49-e9a8-4a90-a51a-d92d4e256035
2016-04-11 16:46:15 INFO  TestLoadCSV:78 - Document succesfully formatted: {"catalog#":"hs 001","artist":"Hate Society","title":"Hell's Your Place !!!","label":"Not On Label","format":"CD-Album-Ltd","rating":"2","released":"1998","release_id":"2882007","collectionfolder":"R.A.C","date added":"2013-08-16 00:31:40","collection style":"R.A.C"} an inserted into database with id: 2d1bb6e2-c124-4a7d-b58b-ccbd46ade42f
2016-04-11 16:46:15 INFO  TestLoadCSV:78 - Document succesfully formatted: {"catalog#":"none","artist":"Might Of Rage","title":"Reborn","label":"Not On Label","format":"CD-Album","rating":"4","released":"2001","release_id":"3037476","collectionfolder":"R.A.C","date added":"2011-08-08 06:28:31","collection style":"R.A.C"} an inserted into database with id: 4cd99eaa-ad07-4a73-9f6a-b2a01f8c6970
2016-04-11 16:46:15 INFO  TestLoadCSV:78 - Document succesfully formatted: {"catalog#":"none","artist":"Freikorps","title":"Raritäten (Es Lebe Deutschland!)","label":"Not On Label (Freikorps Self-released)","format":"CD-Album","rating":"5","released":"1997","release_id":"3680886","collectionfolder":"R.A.C","date added":"2013-08-14 05:57:49","collection style":"R.A.C"} an inserted into database with id: 7100ecdc-3e8d-43c4-9d38-90cd594f5254
2016-04-11 16:46:15 INFO  TestLoadCSV:78 - Document succesfully formatted: {"catalog#":"MF 001","artist":"Misfits","title":"The 12 Inch Compilation","label":"Not On Label (Misfits)","format":"CD-Album-Comp-Unofficial","rating":"5","released":"0","release_id":"2731156","collectionfolder":"Punk","date added":"2011-05-17 13:53:49"} an inserted into database with id: 590fb76a-531b-48f1-a58f-cf36958c65db
2016-04-11 16:46:15 INFO  TestLoadCSV:78 - Document succesfully formatted: {"catalog#":"none","artist":"West Wall","title":"Conquest Or Death","label":"Not On Label (West Wall Self-released)","format":"CD-Album","rating":"5","released":"2009","release_id":"2881716","collectionfolder":"Death Metal","date added":"2011-05-15 09:36:47","collection style":"Death Metal"} an inserted into database with id: ba8c35d2-d5bd-4a23-a652-0ae4b3106f81
2016-04-11 16:46:15 INFO  TestLoadCSV:78 - Document succesfully formatted: {"catalog#":"none","artist":"West Wall","title":"On My Shield","label":"Not On Label (West Wall Self-released)","format":"CD-Album","rating":"5","released":"2011","release_id":"3072362","collectionfolder":"Death Metal","date added":"2013-01-08 01:13:04"} an inserted into database with id: 4997fe05-ed0a-43af-98fe-e40225816439
2016-04-11 16:46:15 INFO  TestLoadCSV:78 - Document succesfully formatted: {"catalog#":"none","artist":"Hispánica","title":"Hispánica","label":"NoTanCasual","format":"CD-Album","rating":"4","released":"2015","release_id":"6523072","collectionfolder":"R.A.C","date added":"2015-01-13 10:54:55"} an inserted into database with id: 86cf5f48-bf9a-481e-a9d7-1a5af80aec09
2016-04-11 16:46:15 INFO  TestLoadCSV:78 - Document succesfully formatted: {"catalog#":"060 965-9","artist":"Nine Inch Nails","title":"And All That Could Have Been: Live","label":"Nothing Records","format":"2xDVD-PAL-Dig","rating":"5","released":"2002","release_id":"1687320","collectionfolder":"Industrial","date added":"2011-05-17 14:26:30","collection style":"Industrial"} an inserted into database with id: 286ac1f8-5ca8-4824-84d1-cc9365ef387a
2016-04-11 16:46:15 INFO  TestLoadCSV:78 - Document succesfully formatted: {"catalog#":"0602498814390","artist":"Nine Inch Nails","title":"With Teeth","label":"Nothing Records","format":"CD-Album-Dig","rating":"5","released":"2005","release_id":"448222","collectionfolder":"Industrial","date added":"2011-05-17 14:22:53","collection style":"Industrial"} an inserted into database with id: 60eac90e-ce7c-426e-b21e-e48e3678d0c3
2016-04-11 16:46:15 INFO  TestLoadCSV:78 - Document succesfully formatted: {"catalog#":"490 473-2","artist":"Nine Inch Nails","title":"The Fragile","label":"Nothing Records","format":"2xCD-Album-Dig","rating":"5","released":"1999","release_id":"779795","collectionfolder":"Industrial","date added":"2011-05-17 14:22:12","collection style":"Industrial"} an inserted into database with id: bdc2e3a7-8f92-4ac1-acd9-3c76f374b264
2016-04-11 16:46:15 INFO  TestLoadCSV:78 - Document succesfully formatted: {"catalog#":"490 744-2","artist":"Nine Inch Nails","title":"Things Falling Apart","label":"Nothing Records","format":"CD-EP","rating":"2","released":"2000","release_id":"782233","collectionfolder":"Industrial","date added":"2011-05-17 14:26:04","collection style":"Industrial"} an inserted into database with id: f5af3050-3aeb-4b50-98d5-cb76c7609d4d
2016-04-11 16:46:15 INFO  TestLoadCSV:78 - Document succesfully formatted: {"catalog#":"INTD-92213","artist":"Nine Inch Nails","title":"Broken","label":"Nothing Records","format":"CD-EP-Dig","rating":"3","released":"1992","release_id":"4400","collectionfolder":"Industrial","date added":"2011-05-17 14:24:56","collection style":"Industrial"} an inserted into database with id: 92c1d871-3363-4201-9492-e6bcef0486b4
2016-04-11 16:46:15 INFO  TestLoadCSV:78 - Document succesfully formatted: {"catalog#":"493 185-2","artist":"Nine Inch Nails","title":"And All That Could Have Been. Live","label":"Nothing Records-Interscope Records","format":"CD-Album-Dig","rating":"5","released":"2002","release_id":"1152157","collectionfolder":"Industrial","date added":"2011-05-17 14:29:56","collection style":"Industrial"} an inserted into database with id: bf85aeab-4c98-4dbc-b85d-91bbb248de20
2016-04-11 16:46:15 INFO  TestLoadCSV:78 - Document succesfully formatted: {"catalog#":"NB 216-2","artist":"Therion","title":"Lepaca Kliffoth","label":"Nuclear Blast","format":"CD-Album-Dig","rating":"4","released":"1996","release_id":"1014125","collectionfolder":"Death Metal","date added":"2011-05-17 13:44:23"} an inserted into database with id: 07ae031c-9f91-4f36-9ca9-183b06e2523f
2016-04-11 16:46:15 INFO  TestLoadCSV:78 - Document succesfully formatted: {"catalog#":"NB 501-2","artist":"Dismal Euphony","title":"Python Zero","label":"Nuclear Blast","format":"CD-Album","rating":"2","released":"2001","release_id":"1070293","collectionfolder":"Gothic","date added":"2011-08-21 07:08:05","collection style":"Gothic"} an inserted into database with id: 52112b64-d239-484d-bde0-14971254cbe4
2016-04-11 16:46:15 INFO  TestLoadCSV:78 - Document succesfully formatted: {"catalog#":"NB 256-2-27361 62562","artist":"Various","title":"Beauty In Darkness Vol. 2","label":"Nuclear Blast-Nuclear Blast","format":"CD-Comp-Dig","rating":"2","released":"1997","release_id":"380382","collectionfolder":"Gothic","date added":"2011-08-21 07:01:02","collection style":"Gothic"} an inserted into database with id: 6e880952-d040-4379-ad17-a9fa421652ad
2016-04-11 16:46:15 INFO  TestLoadCSV:78 - Document succesfully formatted: {"catalog#":"NB 3359-1-27361 33591","artist":"Slayer","title":"Repentless","label":"Nuclear Blast-Nuclear Blast","format":"LP-Album","released":"2015","release_id":"7461543","collectionfolder":"Trash Metal","date added":"2015-09-14 11:17:18"} an inserted into database with id: 2cd03298-3e28-4205-afe8-7f8b5ab23bc0
2016-04-11 16:46:15 INFO  TestLoadCSV:78 - Document succesfully formatted: {"catalog#":"NB 449-2-27361 6449-2","artist":"Danzig","title":"Danzig 6:66 Satans Child","label":"Nuclear Blast-Nuclear Blast","format":"CD-Album","rating":"3","released":"1999","release_id":"928086","collectionfolder":"Hard Rock","date added":"2011-05-13 08:27:51","collection style":"Hard Rock"} an inserted into database with id: f3de4e98-0983-432f-9e19-34881dfe6140
2016-04-11 16:46:15 INFO  TestLoadCSV:78 - Document succesfully formatted: {"catalog#":"NB 480-2-27361 64802","artist":"Helloween","title":"The Dark Ride","label":"Nuclear Blast-Nuclear Blast","format":"CD-Album","rating":"4","released":"2000","release_id":"1240141","collectionfolder":"Power Metal","date added":"2011-05-14 06:02:39"} an inserted into database with id: 720c2ec1-019c-4b9e-94c3-7c2df69385bd
2016-04-11 16:46:15 INFO  TestLoadCSV:78 - Document succesfully formatted: {"catalog#":"NB 535-2-27361 65352","artist":"Amorphis","title":"Am Universum","label":"Nuclear Blast-Nuclear Blast","format":"CD-Album-Dig","released":"2001","release_id":"389536","collectionfolder":"Gothic","date added":"2016-02-14 11:30:38"} an inserted into database with id: 8474ec80-c531-447e-8c54-f9e1b08a863b
2016-04-11 16:46:15 INFO  TestLoadCSV:78 - Document succesfully formatted: {"catalog#":"NB 582-2-27361 65822","artist":"Soilwork","title":"A Predator's Portrait","label":"Nuclear Blast-Nuclear Blast","format":"CD-Album","released":"2001","release_id":"391989","collectionfolder":"Death Metal","date added":"2016-02-14 11:40:09"} an inserted into database with id: b81d1dc2-c5c5-4615-8a6e-791e3ec58963
2016-04-11 16:46:15 INFO  TestLoadCSV:78 - Document succesfully formatted: {"catalog#":"NB 655-2-27361 66552","artist":"Madrigal","title":"I Die-You Soar","label":"Nuclear Blast-Nuclear Blast","format":"CD-Album","rating":"2","released":"2001","release_id":"544419","collectionfolder":"Gothic","date added":"2011-05-17 13:47:50"} an inserted into database with id: 9d0599cb-3a84-4745-a9dc-2085c608c736
2016-04-11 16:46:15 INFO  TestLoadCSV:78 - Document succesfully formatted: {"catalog#":"SPV 085-61862 CD-CD 085-61862","artist":"Love Like Blood","title":"Swordlilies - The Decade Of Love Like Blood","label":"Oblivion (2)-Oblivion (2)","format":"CD-Comp","rating":"4","released":"1997","release_id":"836643","collectionfolder":"Gothic","date added":"2011-08-21 07:06:41","collection style":"Gothic"} an inserted into database with id: 76be262c-4119-4594-8aa6-2362f70c5fd7
2016-04-11 16:46:15 INFO  TestLoadCSV:78 - Document succesfully formatted: {"catalog#":"OC1","artist":"Eye Of Odin","title":"Odin's Chosen","label":"Odin's Chosen Production","format":"CD-Album","released":"0","release_id":"3277800","collectionfolder":"R.A.C","date added":"2015-02-19 23:54:04"} an inserted into database with id: a6328786-e105-45e4-8cfd-c3c64398321a
2016-04-11 16:46:15 INFO  TestLoadCSV:78 - Document succesfully formatted: {"catalog#":"OWTLP004","artist":"Before God","title":"Wolves Amongst The Sheep","label":"Ohrwurm Records (2)","format":"LP-Album-RE","released":"2001","release_id":"3667839","collectionfolder":"Death Metal","date added":"2015-08-12 08:34:23"} an inserted into database with id: ba95aaf9-a713-484c-ab2c-f2acaa04c8d5
2016-04-11 16:46:15 INFO  TestLoadCSV:78 - Document succesfully formatted: {"catalog#":"none","artist":"Dissident (2)","title":"Unity Drum","label":"Old Guard Records (2)","format":"CD-Album","rating":"4","released":"2005","release_id":"3025683","collectionfolder":"R.A.C","date added":"2011-08-02 06:39:51","collection style":"R.A.C"} an inserted into database with id: 0ce41a4a-2143-4ffe-aef7-f389b1d68aec
2016-04-11 16:46:15 INFO  TestLoadCSV:78 - Document succesfully formatted: {"catalog#":"OLP-CD 02","artist":"Selbstmord","title":"Some Day The Whole World...","label":"Old Legend Productions","format":"CD-Album","released":"2001","release_id":"370203","collectionfolder":"Black Metal","date added":"2016-02-10 23:13:17"} an inserted into database with id: e3b015d9-05e1-4876-b1bf-2fe3779f0578
2016-04-11 16:46:15 INFO  TestLoadCSV:78 - Document succesfully formatted: {"catalog#":"7243 8 44708 2 1","artist":"Böhse Onkelz","title":"Live In Dortmund","label":"Onkelz Productions","format":"2xCD-Album","rating":"3","released":"1997","release_id":"385056","collectionfolder":"Hard Rock","date added":"2011-05-17 14:14:16"} an inserted into database with id: ade17856-2efb-4f36-bedf-4790572ade27
2016-04-11 16:46:15 INFO  TestLoadCSV:78 - Document succesfully formatted: {"catalog#":"7243 846524 2 5","artist":"Böhse Onkelz","title":"Viva Los Tioz","label":"Onkelz Productions","format":"CD-Album-Dig","rating":"3","released":"1998","release_id":"385921","collectionfolder":"Hard Rock","date added":"2011-05-17 14:14:33"} an inserted into database with id: d818bcbb-7091-4026-9035-4631432bf477
2016-04-11 16:46:15 INFO  TestLoadCSV:78 - Document succesfully formatted: {"catalog#":"7243 8 42349 2 8-7243 842349 2 8","artist":"Böhse Onkelz","title":"E.I.N.S.","label":"Onkelz Productions-Onkelz Productions","format":"CD-Album","rating":"3","released":"1996","release_id":"385043","collectionfolder":"Hard Rock","date added":"2011-05-17 14:14:05"} an inserted into database with id: e3f8bdb7-6a43-4ee3-8ebb-659b025c19f9
2016-04-11 16:46:15 INFO  TestLoadCSV:78 - Document succesfully formatted: {"catalog#":"7243 8409012 8","artist":"Böhse Onkelz","title":"Hier Sind Die Onkelz","label":"Onkelz Productions-Virgin","format":"CD-Album","rating":"2","released":"1995","release_id":"390036","collectionfolder":"Hard Rock","date added":"2011-05-17 14:13:53"} an inserted into database with id: c4b0be22-a2ed-44f5-af59-09aec662a13d
2016-04-11 16:46:15 INFO  TestLoadCSV:78 - Document succesfully formatted: {"catalog#":"OPCD 080","artist":"Marduk","title":"Panzer Division Marduk","label":"Osmose Productions","format":"CD-Album","released":"1999","release_id":"392134","collectionfolder":"Black Metal","date added":"2015-06-18 23:19:19"} an inserted into database with id: 4175204c-e7bc-4ffe-92e3-144b4f2d3a0f
2016-04-11 16:46:15 INFO  TestLoadCSV:78 - Document succesfully formatted: {"catalog#":"OPCD 121","artist":"Notre Dame (2)","title":"Coming Soon To A Theatre Near You-The 2nd","label":"Osmose Productions","format":"CD-EP-RE","released":"2002","release_id":"1429298","collectionfolder":"Gothic","date added":"2015-06-18 23:20:36"} an inserted into database with id: ae2607b7-0bdb-43c5-bfe8-651c61928bf5
2016-04-11 16:46:15 INFO  TestLoadCSV:78 - Document succesfully formatted: {"catalog#":"MOON CD 026","artist":"Profanum","title":"Musaeum Esotericum","label":"Pagan Records","format":"CD-Album","rating":"4","released":"2001","release_id":"724736","collectionfolder":"Ambiental","date added":"2011-08-21 07:07:25","collection style":"Black Metal"} an inserted into database with id: 7aace8af-b5c6-4c0d-b530-30d89225b149
2016-04-11 16:46:15 INFO  TestLoadCSV:78 - Document succesfully formatted: {"catalog#":"none","artist":"Brutal Attack (2)","title":"20 Years - Always Outnumbered-Never Outgunned","label":"Panzerfaust Records","format":"CD-Album","rating":"3","released":"2000","release_id":"448710","collectionfolder":"R.A.C","date added":"2013-08-14 06:18:22","collection style":"R.A.C"} an inserted into database with id: e7eb5a10-dc32-4d49-a578-4248e2b782cc
2016-04-11 16:46:15 INFO  TestLoadCSV:78 - Document succesfully formatted: {"catalog#":"none","artist":"Plunder & Pillage","title":"Desolate","label":"Panzerfaust Records","format":"CD-Album","rating":"4","released":"2000","release_id":"1637407","collectionfolder":"Hardcore","date added":"2011-05-15 06:33:28"} an inserted into database with id: 7e537647-003a-4572-a10c-96378fc97db5
2016-04-11 16:46:15 INFO  TestLoadCSV:78 - Document succesfully formatted: {"catalog#":"none","artist":"Various","title":"Rock Against Communism Volume 1","label":"Panzerfaust Records","format":"CD-Comp","released":"1999","release_id":"1619820","collectionfolder":"R.A.C","date added":"2015-04-14 22:46:10"} an inserted into database with id: 288180b9-35ea-42b8-9406-4bdf6cb779d0
2016-04-11 16:46:15 INFO  TestLoadCSV:78 - Document succesfully formatted: {"catalog#":"none","artist":"White Noise (7)","title":"The Final Solution!","label":"Panzerfaust Records","format":"CD-Comp","released":"1999","release_id":"2526962","collectionfolder":"R.A.C","date added":"2016-02-12 02:09:32"} an inserted into database with id: c3541194-e5e8-4f00-b37a-99c185fa9fcc
2016-04-11 16:46:15 INFO  TestLoadCSV:78 - Document succesfully formatted: {"catalog#":"PCD0026","artist":"Deaths Head","title":"Onslaught","label":"Panzerfaust Records","format":"CD-Album","rating":"2","released":"2001","release_id":"3787825","collectionfolder":"R.A.C","date added":"2013-08-20 02:10:32","collection style":"R.A.C"} an inserted into database with id: 860eef02-f60f-4e5c-bcc8-1fcabdef23e6
2016-04-11 16:46:15 INFO  TestLoadCSV:78 - Document succesfully formatted: {"catalog#":"PCD025","artist":"Bound For Attack","title":"Loved By Few -Hated By Many -Feared By All","label":"Panzerfaust Records","format":"CD-Album","rating":"4","released":"2001","release_id":"3654614","collectionfolder":"R.A.C","date added":"2013-08-18 05:25:04","collection style":"R.A.C"} an inserted into database with id: 4a2236dc-b01d-4609-a66d-8c17bfd3207b
2016-04-11 16:46:15 INFO  TestLoadCSV:78 - Document succesfully formatted: {"catalog#":"PCD034","artist":"Mistreat / Bound For Glory","title":"Beer Bottles & Hockey Sticks","label":"Panzerfaust Records","format":"CD-Album","rating":"3","released":"2002","release_id":"2443428","collectionfolder":"R.A.C","date added":"2013-08-18 05:23:08","collection style":"R.A.C"} an inserted into database with id: 63672bca-f617-46bc-914d-7552f467c034
2016-04-11 16:46:15 INFO  TestLoadCSV:78 - Document succesfully formatted: {"catalog#":"PN1009-RTPCD16","artist":"Sotto Fascia Semplice","title":"Crociato","label":"Paranoise-Rupe Tarpea Produzioni","format":"CD","rating":"5","released":"2000","release_id":"622038","collectionfolder":"R.A.C","date added":"2011-05-17 10:19:48","collection style":"R.A.C"} an inserted into database with id: 0d7c127d-5a94-4b66-916b-89378120f590
2016-04-11 16:46:15 INFO  TestLoadCSV:78 - Document succesfully formatted: {"catalog#":"PN3009-RTPCD31","artist":"Sotto Fascia Semplice","title":"Idrovolante","label":"Paranoise-Rupe Tarpea Produzioni","format":"CD","rating":"4","released":"2006","release_id":"1461847","collectionfolder":"R.A.C","date added":"2011-05-17 10:19:58","collection style":"R.A.C"} an inserted into database with id: e34e283a-503f-4aab-9048-7130c6e111d0
2016-04-11 16:46:15 INFO  TestLoadCSV:78 - Document succesfully formatted: {"catalog#":"PN4007-RTPCD40-65","artist":"Sotto Fascia Semplice","title":"Filospinato","label":"Paranoise-Rupe Tarpea Produzioni","format":"CD-Album","rating":"4","released":"2007","release_id":"1456956","collectionfolder":"R.A.C","date added":"2011-05-17 10:20:18","collection style":"R.A.C"} an inserted into database with id: ff217f65-6d1c-4a2c-9519-87ee6bb47866
2016-04-11 16:46:15 INFO  TestLoadCSV:78 - Document succesfully formatted: {"catalog#":"0825646089208","artist":"Iron Maiden","title":"The Book Of Souls","label":"Parlophone","format":"3xLP-Album-Ltd","released":"2015","release_id":"7399203","collectionfolder":"Heavy Metal","date added":"2015-12-25 10:52:37"} an inserted into database with id: 7d1a8ce1-a1e8-40aa-8b5d-1bd4d70d9cd9
2016-04-11 16:46:15 INFO  TestLoadCSV:78 - Document succesfully formatted: {"catalog#":"2564624849","artist":"Iron Maiden","title":"Seventh Son Of A Seventh Son","label":"Parlophone","format":"LP-Album-RE-RM-180","released":"2014","release_id":"6327398","collectionfolder":"Heavy Metal","date added":"2016-02-14 11:46:02"} an inserted into database with id: 71cc3cb6-3b49-426c-a0c4-d61cf0f5964c
2016-04-11 16:46:15 INFO  TestLoadCSV:78 - Document succesfully formatted: {"catalog#":"2564624869","artist":"Iron Maiden","title":"Powerslave","label":"Parlophone","format":"LP-Album-RE-RM-180","released":"2014","release_id":"6228397","collectionfolder":"Heavy Metal","date added":"2016-02-14 11:45:14"} an inserted into database with id: 32c7404d-00a2-4a56-a353-c24a53861b04
2016-04-11 16:46:15 INFO  TestLoadCSV:78 - Document succesfully formatted: {"catalog#":"7243 8 54794 2 7","artist":"Motörhead","title":"On Parole","label":"Parlophone","format":"CD-Album-RE-RM","released":"2014","release_id":"7141332","collectionfolder":"Uncategorized","date added":"2016-03-12 13:04:09"} an inserted into database with id: 19e04b8a-3440-4d45-b91f-e1054ccd5bcc
2016-04-11 16:46:15 INFO  TestLoadCSV:78 - Document succesfully formatted: {"catalog#":"2564624882-EMA800","artist":"Iron Maiden","title":"Piece Of Mind","label":"Parlophone-Parlophone","format":"LP-Album-RE-Gat","released":"2014","release_id":"6226812","collectionfolder":"Heavy Metal","date added":"2016-02-14 11:44:07"} an inserted into database with id: ba249311-0eb2-4b37-b132-ed7889a189d9
2016-04-11 16:46:15 INFO  TestLoadCSV:78 - Document succesfully formatted: {"catalog#":"7243 5 40504 2 8-540 5042","artist":"Coldplay","title":"A Rush Of Blood To The Head","label":"Parlophone-Parlophone","format":"CD-Album","rating":"4","released":"2002","release_id":"4436855","collectionfolder":"Brit Pop","date added":"2013-08-21 00:00:06"} an inserted into database with id: 9c79a75e-4194-4df9-b0fb-92b0bc2b7640
2016-04-11 16:46:15 INFO  TestLoadCSV:78 - Document succesfully formatted: {"catalog#":"none","artist":"Bound For Glory","title":"Feed The Machine","label":"PC Records (2)","format":"CD-Album","rating":"3","released":"2011","release_id":"3284323","collectionfolder":"R.A.C","date added":"2013-08-18 05:23:27","collection style":"R.A.C"} an inserted into database with id: 6b1d28e4-b81b-4db1-a808-64868298ed6a
2016-04-11 16:46:15 INFO  TestLoadCSV:78 - Document succesfully formatted: {"catalog#":"CDVILE 17","artist":"Paradise Lost","title":"Lost Paradise","label":"Peaceville","format":"CD-Album-RP","rating":"2","released":"1995","release_id":"660872","collectionfolder":"Gothic","date added":"2011-05-11 11:54:52"} an inserted into database with id: 24f9bbe3-8408-4d8b-a159-a74626e61a90
2016-04-11 16:46:15 INFO  TestLoadCSV:78 - Document succesfully formatted: {"catalog#":"CDVILE 52","artist":"Anathema","title":"The Silent Enigma","label":"Peaceville","format":"CD-Album","rating":"5","released":"1995","release_id":"378013","collectionfolder":"Gothic","date added":"2011-05-30 13:40:00","collection style":"Gothic"} an inserted into database with id: b23b7246-fd27-4bb0-804a-8c3f0b1fb41e
2016-04-11 16:46:15 INFO  TestLoadCSV:78 - Document succesfully formatted: {"catalog#":"CDVILE 73","artist":"Anathema","title":"Alternative 4","label":"Peaceville","format":"CD-Album","rating":"5","released":"1998","release_id":"378023","collectionfolder":"Gothic","date added":"2011-05-30 13:40:28","collection style":"Gothic"} an inserted into database with id: e0ccdc9b-6adc-45c2-a4ed-a7dbee4260d1
2016-04-11 16:46:15 INFO  TestLoadCSV:78 - Document succesfully formatted: {"catalog#":"VILE 17 P","artist":"Paradise Lost","title":"Lost Paradise","label":"Peaceville","format":"LP-Pic-Album","rating":"5","released":"1990","release_id":"1173497","collectionfolder":"Gothic","date added":"2012-02-29 23:00:45"} an inserted into database with id: 2bf2e875-c386-460d-8354-82401f2c64dc
2016-04-11 16:46:15 INFO  TestLoadCSV:78 - Document succesfully formatted: {"catalog#":"VILE 26CD-VILE 26 CD-RTD 344 40812","artist":"Paradise Lost","title":"Gothic","label":"Peaceville-Peaceville-Peaceville","format":"CD-Album","rating":"3","released":"1991","release_id":"378077","collectionfolder":"Gothic","date added":"2011-05-11 11:55:01"} an inserted into database with id: def24c76-9607-4aa9-b882-238bdc4b0acb
2016-04-11 16:46:15 INFO  TestLoadCSV:78 - Document succesfully formatted: {"catalog#":"PIT 004","artist":"Fraction Hexagone","title":"Rejoins Nos Rangs","label":"PIT Records","format":"CD-Album","rating":"4","released":"1996","release_id":"2476433","collectionfolder":"R.A.C","date added":"2013-08-21 00:05:54","collection style":"R.A.C"} an inserted into database with id: f19ba122-bd56-432a-af8d-a59e9fdd203a
2016-04-11 16:46:15 INFO  TestLoadCSV:78 - Document succesfully formatted: {"catalog#":"PIT 026","artist":"Konkwista 88","title":"Break The Chains","label":"PIT Records","format":"CD-Album","released":"2002","release_id":"4942141","collectionfolder":"R.A.C","date added":"2015-04-22 23:18:33"} an inserted into database with id: e7caa9ac-212b-427b-96ea-0ae3802ea401
2016-04-11 16:46:15 INFO  TestLoadCSV:78 - Document succesfully formatted: {"catalog#":"PR01","artist":"Dirlewanger (2)","title":"Unity Of Honour","label":"Pitbull Records (2)","format":"CD-Album-RE","released":"1995","release_id":"3893249","collectionfolder":"R.A.C","date added":"2015-04-15 22:06:39"} an inserted into database with id: bf71c9ba-35c7-4ec2-857a-fe5c91f2b801
2016-04-11 16:46:15 INFO  TestLoadCSV:78 - Document succesfully formatted: {"catalog#":"PL9-CD06","artist":"Misfits","title":"Legacy Of Brutality","label":"Plan 9","format":"CD-Album-RE","rating":"5","released":"1989","release_id":"716630","collectionfolder":"Punk","date added":"2011-05-17 13:52:09"} an inserted into database with id: a06ba017-7019-462f-b5b5-c37b82db5f82
2016-04-11 16:46:15 INFO  TestLoadCSV:78 - Document succesfully formatted: {"catalog#":"PL9-CD07","artist":"Samhain","title":"November-Coming-Fire","label":"Plan 9-Caroline Records","format":"CD-Album-RP","rating":"5","released":"1994","release_id":"2054800","collectionfolder":"Punk","date added":"2011-05-12 10:33:32"} an inserted into database with id: a9d354ed-311d-48eb-bff5-f0a08ec9238f
2016-04-11 16:46:15 INFO  TestLoadCSV:78 - Document succesfully formatted: {"catalog#":"PL9-CD10-PL9-CD 10","artist":"Samhain","title":"Final Descent","label":"Plan 9-Plan 9","format":"CD-Album","rating":"5","released":"1990","release_id":"682735","collectionfolder":"Punk","date added":"2011-05-12 10:34:47"} an inserted into database with id: 889fa75d-a6a9-459f-9c89-0bf49164c4e9
2016-04-11 16:46:15 INFO  TestLoadCSV:78 - Document succesfully formatted: {"catalog#":"537 423-2","artist":"The Jam","title":"The Very Best Of The Jam","label":"Polydor","format":"CD-Comp","rating":"5","released":"1997","release_id":"699840","collectionfolder":"Brit Pop","date added":"2011-05-23 12:01:24"} an inserted into database with id: 249edd59-8dd0-4641-a10d-952eb2f68e5e
2016-04-11 16:46:15 INFO  TestLoadCSV:78 - Document succesfully formatted: {"catalog#":"POPCD666","artist":"Retaliation (5)","title":"Pro Patria","label":"Popgrom","format":"CD-Album","released":"2004","release_id":"5008824","collectionfolder":"Black Metal","date added":"2016-02-14 01:00:49"} an inserted into database with id: eaaa960d-90ec-4bb7-bc31-7a926473959c
2016-04-11 16:46:15 INFO  TestLoadCSV:78 - Document succesfully formatted: {"catalog#":"PLRCD003","artist":"Candlemass","title":"Nightfall","label":"Powerline Records","format":"CD-Album-RE-RM + CD-Comp-Enh","rating":"4","released":"2001","release_id":"1572183","collectionfolder":"Doom Metal","date added":"2011-05-29 04:47:32"} an inserted into database with id: 55bd3e30-1de0-4b96-bc3c-26e5def517d4
2016-04-11 16:46:15 INFO  TestLoadCSV:78 - Document succesfully formatted: {"catalog#":"PSYN0004CD","artist":"The Gathering","title":"Souvenirs","label":"Psychonaut Records","format":"CD-Album","rating":"5","released":"2003","release_id":"399561","collectionfolder":"Gothic","date added":"2011-05-17 13:41:40"} an inserted into database with id: 34535f48-92bd-4eb7-bd3a-3e0542213a1c
2016-04-11 16:46:15 INFO  TestLoadCSV:78 - Document succesfully formatted: {"catalog#":"PÜCD 004","artist":"Ken McLellan & Stigger","title":"They Died With Pride","label":"Pühses Liste","format":"CD-Album-RE","rating":"4","released":"1999","release_id":"1637678","collectionfolder":"R.A.C","date added":"2013-08-14 06:29:33","collection style":"R.A.C"} an inserted into database with id: b08dc125-cb4e-44a6-a415-5c764d6ee16d
2016-04-11 16:46:15 INFO  TestLoadCSV:78 - Document succesfully formatted: {"catalog#":"PÜCD 035","artist":"Spearhead (2)","title":"Into Battle We Ride","label":"Pühses Liste","format":"CD-Album","rating":"3","released":"2002","release_id":"490955","collectionfolder":"R.A.C","date added":"2011-05-28 07:09:10","collection style":"R.A.C"} an inserted into database with id: c016a478-fc9d-4bc4-aad2-59ddb8ee3fba
2016-04-11 16:46:15 INFO  TestLoadCSV:78 - Document succesfully formatted: {"catalog#":"PI 037","artist":"Ultima Thule (2)","title":"Ultima Thule","label":"Pure Impact","format":"DVD","rating":"3","released":"2006","release_id":"3841419","collectionfolder":"R.A.C","date added":"2013-09-03 23:34:45","collection style":"R.A.C"} an inserted into database with id: da77ccc2-63b6-47f4-8660-8e098287a35b
2016-04-11 16:46:15 INFO  TestLoadCSV:78 - Document succesfully formatted: {"catalog#":"RAR 004-2-SC 039-2","artist":"Nude (4)","title":"Cities And Faces","label":"Radar Records (4)-Scarlet","format":"CD-Album","released":"2001","release_id":"1289716","collectionfolder":"Electronic","date added":"2016-02-14 11:21:05"} an inserted into database with id: 3264d4b2-52f7-44f0-b236-b5dda55d456d
2016-04-11 16:46:15 INFO  TestLoadCSV:78 - Document succesfully formatted: {"catalog#":"RAM-4","artist":"Spearhead (2)","title":"Stand Your Ground","label":"Rampage Productions","format":"CD","rating":"3","released":"2000","release_id":"490949","collectionfolder":"R.A.C","date added":"2011-05-28 07:07:58","collection style":"R.A.C"} an inserted into database with id: e6d54fde-365b-45aa-af7a-f0252d122112
2016-04-11 16:46:15 INFO  TestLoadCSV:78 - Document succesfully formatted: {"catalog#":"RT 7005","artist":"Estirpe Imperial","title":"Himnos De Gloria","label":"Rata - Ta Ta Tá...","format":"CD-Album","rating":"5","released":"1997","release_id":"3561007","collectionfolder":"R.A.C","date added":"2013-08-20 23:37:14","collection style":"R.A.C"} an inserted into database with id: 597bb654-2774-4d7b-aa07-2d7812edc0a4
2016-04-11 16:46:15 INFO  TestLoadCSV:78 - Document succesfully formatted: {"catalog#":"RT 7006-R","artist":"Estirpe Imperial","title":"Una - Grande - Fuerte","label":"Rata - Ta Ta Tá...","format":"CD-Comp","rating":"5","released":"1999","release_id":"2450322","collectionfolder":"R.A.C","date added":"2013-08-20 23:38:32","collection style":"R.A.C"} an inserted into database with id: 87682992-39ff-422e-a988-4ad01b48e0f1
2016-04-11 16:46:15 INFO  TestLoadCSV:78 - Document succesfully formatted: {"catalog#":"RT-7001","artist":"Estirpe Imperial","title":"Estirpe Imperial","label":"Rata - Ta Ta Tá...","format":"12-Maxi","released":"1993","release_id":"1715023","collectionfolder":"R.A.C","date added":"2015-01-25 10:41:01"} an inserted into database with id: 47d79593-401b-4ae5-908a-87f2e9a0d966
2016-04-11 16:46:15 INFO  TestLoadCSV:78 - Document succesfully formatted: {"catalog#":"RT-7003","artist":"Estirpe Imperial","title":"Herederos De Una Historia","label":"Rata - Ta Ta Tá...","format":"CD-Album","released":"1995","release_id":"3051342","collectionfolder":"R.A.C","date added":"2013-12-16 23:07:55","collection style":"R.A.C"} an inserted into database with id: 5e2080f2-984a-4d72-be49-dc967c18bcdd
2016-04-11 16:46:15 INFO  TestLoadCSV:78 - Document succesfully formatted: {"catalog#":"RT-7006","artist":"Estirpe Imperial","title":"Disco De Presentación / Herederos De Una Historia","label":"Rata - Ta Ta Tá...","format":"CD-Comp","rating":"5","released":"1998","release_id":"2450319","collectionfolder":"R.A.C","date added":"2013-08-20 23:37:02","collection style":"R.A.C"} an inserted into database with id: 806d999d-2339-4c8b-abd8-03fc46d59f63
2016-04-11 16:46:15 INFO  TestLoadCSV:78 - Document succesfully formatted: {"catalog#":"RT-7009","artist":"Batallón De Castigo","title":"¡Caña De España!","label":"Rata - Ta Ta Tá...","format":"CD-Album","rating":"5","released":"1998","release_id":"2750745","collectionfolder":"R.A.C","date added":"2013-08-20 23:40:27","collection style":"R.A.C"} an inserted into database with id: 4c87ef7d-5c80-4da8-abfd-1ff6e049c032
2016-04-11 16:46:15 INFO  TestLoadCSV:78 - Document succesfully formatted: {"catalog#":"RT-7010","artist":"Céltica","title":"Céltica","label":"Rata - Ta Ta Tá...","format":"CD-Album","rating":"5","released":"1998","release_id":"2505192","collectionfolder":"R.A.C","date added":"2013-08-20 23:43:15","collection style":"R.A.C"} an inserted into database with id: 1f417430-e42f-4357-a5a1-343930a0b9bc
2016-04-11 16:46:15 INFO  TestLoadCSV:78 - Document succesfully formatted: {"catalog#":"RT-7011","artist":"Batallón De Castigo","title":"¡Desperta Ferro!","label":"Rata - Ta Ta Tá...","format":"CD-Album","rating":"4","released":"1999","release_id":"2750793","collectionfolder":"R.A.C","date added":"2013-08-20 23:40:35","collection style":"R.A.C"} an inserted into database with id: b59e1d26-1466-4203-9206-fca68b501a8b
2016-04-11 16:46:15 INFO  TestLoadCSV:78 - Document succesfully formatted: {"catalog#":"RT-7013","artist":"Buldok","title":"Blood And Soil","label":"Rata - Ta Ta Tá...","format":"CD-Album","rating":"3","released":"1999","release_id":"4298976","collectionfolder":"R.A.C","date added":"2013-08-20 23:16:24","collection style":"R.A.C"} an inserted into database with id: 651836d8-4b8b-4578-8c1b-005975eafc56
2016-04-11 16:46:15 INFO  TestLoadCSV:78 - Document succesfully formatted: {"catalog#":"RT-7015","artist":"Estirpe Imperial","title":"Seguimos Vivos","label":"Rata - Ta Ta Tá...","format":"CD-Album","rating":"4","released":"2000","release_id":"2450341","collectionfolder":"R.A.C","date added":"2013-08-20 23:37:50","collection style":"R.A.C"} an inserted into database with id: 1db5ccd0-72fa-42c5-9036-c909e3f78230
2016-04-11 16:46:15 INFO  TestLoadCSV:78 - Document succesfully formatted: {"catalog#":"RT-7017","artist":"Konkwista 88","title":"10 Years On The Front Line","label":"Rata - Ta Ta Tá...","format":"CD-Comp","rating":"4","released":"2001","release_id":"3109854","collectionfolder":"R.A.C","date added":"2013-08-20 01:06:45","collection style":"R.A.C"} an inserted into database with id: 05a9e1d6-c947-4d93-931e-629230383969
2016-04-11 16:46:15 INFO  TestLoadCSV:78 - Document succesfully formatted: {"catalog#":"RT-7021","artist":"Batallón De Castigo","title":"Akelarre","label":"Rata - Ta Ta Tá...","format":"CD-Album","rating":"4","released":"2004","release_id":"2750829","collectionfolder":"R.A.C","date added":"2013-08-20 23:41:08","collection style":"R.A.C"} an inserted into database with id: 2aebb967-6fee-41a0-ad90-3dd56d445e58
2016-04-11 16:46:15 INFO  TestLoadCSV:78 - Document succesfully formatted: {"catalog#":"RT-7034","artist":"Estirpe Imperial","title":"Sin Miedo","label":"Rata - Ta Ta Tá...","format":"CD-Album","rating":"4","released":"2007","release_id":"2450353","collectionfolder":"R.A.C","date added":"2013-08-20 23:38:07","collection style":"R.A.C"} an inserted into database with id: 49b2fa7d-c9b9-4191-9f3b-e6db4e96d115
2016-04-11 16:46:15 INFO  TestLoadCSV:78 - Document succesfully formatted: {"catalog#":"RAW CD 125-GSA 0000125 RAW","artist":"Helloween","title":"Better Than Raw","label":"Raw Power-Raw Power","format":"CD-Album","rating":"5","released":"1998","release_id":"384101","collectionfolder":"Power Metal","date added":"2011-05-14 06:02:29"} an inserted into database with id: cad89c2a-2be3-4e9c-9ff4-d373be40a140
2016-04-11 16:46:15 INFO  TestLoadCSV:78 - Document succesfully formatted: {"catalog#":"RR 046","artist":"Danzig","title":"Circle Of Snakes","label":"Regain Records","format":"CD-Album","rating":"3","released":"2004","release_id":"1118429","collectionfolder":"Hard Rock","date added":"2011-05-13 08:28:24","collection style":"Hard Rock"} an inserted into database with id: b65439f9-b0f9-40f5-8db6-cfba84a51004
2016-04-11 16:46:15 INFO  TestLoadCSV:78 - Document succesfully formatted: {"catalog#":"RR 060","artist":"Danzig","title":"Il Demonio Nera","label":"Regain Records","format":"DVD","rating":"5","released":"2005","release_id":"1031887","collectionfolder":"Hard Rock","date added":"2011-05-13 08:29:21","collection style":"Hard Rock"} an inserted into database with id: 00abefaa-3161-4fa0-9155-71778c695c83
2016-04-11 16:46:15 INFO  TestLoadCSV:78 - Document succesfully formatted: {"catalog#":"RR 6576-2","artist":"Amorphis","title":"Chapters","label":"Relapse Records","format":"CD-Comp + DVD-PAL","released":"2003","release_id":"588648","collectionfolder":"Gothic","date added":"2016-02-14 11:31:20"} an inserted into database with id: a29b7554-9424-4393-a507-6cccb00d1524
2016-04-11 16:46:15 INFO  TestLoadCSV:78 - Document succesfully formatted: {"catalog#":"RR 6983-2","artist":"Nile (2)","title":"Amongst The Catacombs Of Nephren-Ka","label":"Relapse Records","format":"CD-Album","released":"1998","release_id":"6759126","collectionfolder":"Death Metal","date added":"2015-05-28 22:47:10"} an inserted into database with id: 73c9ddcf-8dd0-4abb-89dc-c3d734983aa4
2016-04-11 16:46:15 INFO  TestLoadCSV:78 - Document succesfully formatted: {"catalog#":"RR 7215","artist":"Mastodon","title":"Remission","label":"Relapse Records","format":"CD-Album-Dlx-RE-RM","released":"2014","release_id":"6029095","collectionfolder":"Sludge Metal","date added":"2015-10-18 02:32:47"} an inserted into database with id: d23c8efb-a1ac-4763-9fd4-2c5124bb5eb1
2016-04-11 16:46:15 INFO  TestLoadCSV:78 - Document succesfully formatted: {"catalog#":"RR7224","artist":"Indian (2)","title":"From All Purity","label":"Relapse Records","format":"CD-Album","released":"2014","release_id":"5311805","collectionfolder":"Uncategorized","date added":"2016-03-19 12:02:22"} an inserted into database with id: 0f35fe47-3c3c-4a24-ae68-986ee5fd159e
2016-04-11 16:46:15 INFO  TestLoadCSV:78 - Document succesfully formatted: {"catalog#":"9362-44364-2-936244364-2","artist":"Mastodon","title":"Blood Mountain","label":"Reprise Records-Relapse Records-Reprise Records-Relapse Records","format":"CD-Album","rating":"5","released":"2006","release_id":"780035","collectionfolder":"Sludge Metal","date added":"2013-01-08 01:04:11"} an inserted into database with id: 2d5931c2-4dee-4d0d-9b25-da24e8e32ecf
2016-04-11 16:46:15 INFO  TestLoadCSV:78 - Document succesfully formatted: {"catalog#":"9362-49872-2-459132-2-9362498722","artist":"Mastodon","title":"Crack The Skye","label":"Reprise Records-Reprise Records-Reprise Records-Sire-Sire-Sire-Relapse Records-Relapse Records-Relapse Records","format":"CD-Album","rating":"5","released":"2009","release_id":"1782856","collectionfolder":"Sludge Metal","date added":"2013-01-08 01:04:21"} an inserted into database with id: eaee201d-6bf9-4066-92c7-a953ce8b2577
2016-04-11 16:46:15 INFO  TestLoadCSV:78 - Document succesfully formatted: {"catalog#":"CAR-016A","artist":"Aryan","title":"Where Iron Eagles Fly","label":"Resistance Records (3)","format":"CD-Album","rating":"3","released":"1997","release_id":"2910234","collectionfolder":"R.A.C","date added":"2013-08-21 00:26:18","collection style":"R.A.C"} an inserted into database with id: 7a49ede7-1159-4620-933d-99da1e0e3354
2016-04-11 16:46:15 INFO  TestLoadCSV:78 - Document succesfully formatted: {"catalog#":"CBG-001A","artist":"Bound For Glory","title":"The Fight Goes On","label":"Resistance Records (3)","format":"CD-Album","rating":"4","released":"1994","release_id":"676509","collectionfolder":"R.A.C","date added":"2013-08-18 05:22:19","collection style":"R.A.C"} an inserted into database with id: db8c3f9e-ea82-4114-9f71-3c613382f545
2016-04-11 16:46:15 INFO  TestLoadCSV:78 - Document succesfully formatted: {"catalog#":"CBR-001A","artist":"Berserkr","title":"The Voice Of Our Ancestors","label":"Resistance Records (3)","format":"CD-Album","rating":"2","released":"1994","release_id":"676701","collectionfolder":"R.A.C","date added":"2011-05-11 14:39:34","collection style":"R.A.C"} an inserted into database with id: eb94822e-2407-4dc5-826a-c78c3ca57fb7
2016-04-11 16:46:15 INFO  TestLoadCSV:78 - Document succesfully formatted: {"catalog#":"CBR-20BA","artist":"Berserkr","title":"Crush The Weak","label":"Resistance Records (3)","format":"CD","rating":"3","released":"1996","release_id":"676706","collectionfolder":"R.A.C","date added":"2011-11-16 23:42:30","collection style":"R.A.C"} an inserted into database with id: 7bb6f689-a954-490c-8e1d-7e070c09e197
2016-04-11 16:46:15 INFO  TestLoadCSV:78 - Document succesfully formatted: {"catalog#":"CFT 015A","artist":"Fortress (6)","title":"Into Legend","label":"Resistance Records (3)","format":"CD-Album","rating":"5","released":"1996","release_id":"1739641","collectionfolder":"R.A.C","date added":"2011-05-13 09:33:24","collection style":"R.A.C"} an inserted into database with id: a937e2a5-550a-4b23-bbb2-b1971f2a774f
2016-04-11 16:46:15 INFO  TestLoadCSV:78 - Document succesfully formatted: {"catalog#":"CNR-002A","artist":"No Remorse","title":"The Best Of No Remorse","label":"Resistance Records (3)","format":"CD-Comp","rating":"5","released":"1995","release_id":"3079531","collectionfolder":"R.A.C","date added":"2013-01-08 23:28:43"} an inserted into database with id: 14d09fb2-47fd-403d-8a17-66430749ea4a
2016-04-11 16:46:15 INFO  TestLoadCSV:78 - Document succesfully formatted: {"catalog#":"CRA-001A","artist":"RAHOWA","title":"Declaration Of War","label":"Resistance Records (3)","format":"CD-Album","rating":"1","released":"1993","release_id":"1629690","collectionfolder":"R.A.C","date added":"2011-05-11 11:46:39","collection style":"R.A.C"} an inserted into database with id: fa98840b-1500-42d6-adfe-7159170160f2
2016-04-11 16:46:15 INFO  TestLoadCSV:78 - Document succesfully formatted: {"catalog#":"CRA-201A","artist":"RAHOWA","title":"Cult Of The Holy War","label":"Resistance Records (3)","format":"CD-Album","rating":"5","released":"1995","release_id":"369290","collectionfolder":"Gothic","date added":"2011-05-11 11:45:52","collection style":"R.A.C"} an inserted into database with id: 0ce48075-2f51-415f-a4fe-689cdaa8cf64
2016-04-11 16:46:15 INFO  TestLoadCSV:78 - Document succesfully formatted: {"catalog#":"FND-20DA","artist":"Various","title":"A Tribute To Ian Stuart And The Glory Of Skrewdriver: The Flame That Never Dies","label":"Resistance Records (3)","format":"2xCD-Comp","rating":"4","released":"1996","release_id":"3367952","collectionfolder":"R.A.C","date added":"2013-08-18 05:25:56","collection style":"R.A.C"} an inserted into database with id: 6ac87297-bb77-49f8-a103-236fb82dba6d
2016-04-11 16:46:15 INFO  TestLoadCSV:78 - Document succesfully formatted: {"catalog#":"none","artist":"Iron Youth (3)","title":"Respect / Defend / Create","label":"Resistance Records (3)","format":"CD-Album","rating":"3","released":"2001","release_id":"369756","collectionfolder":"R.A.C","date added":"2011-06-04 11:16:33","collection style":"R.A.C"} an inserted into database with id: d27fec33-64cd-497b-b875-ed5a7e2904ae
2016-04-11 16:46:15 INFO  TestLoadCSV:78 - Document succesfully formatted: {"catalog#":"none","artist":"Valkyria (2)","title":"Väsens Hymner","label":"Resistance Records (3)","format":"CD-Album","rating":"3","released":"2001","release_id":"676344","collectionfolder":"R.A.C","date added":"2013-08-21 00:27:30","collection style":"R.A.C"} an inserted into database with id: c1a64ae9-ae46-4d57-8979-de2d9a0c48a4
2016-04-11 16:46:15 INFO  TestLoadCSV:78 - Document succesfully formatted: {"catalog#":"none","artist":"Shutdown (4)","title":"Pray For War","label":"Resistance Records (3)","format":"CD-Album-RE","rating":"4","released":"2001","release_id":"4102811","collectionfolder":"R.A.C","date added":"2013-08-21 00:31:09","collection style":"R.A.C"} an inserted into database with id: e59a7714-d892-4560-9b41-ffd3fb438ce8
2016-04-11 16:46:15 INFO  TestLoadCSV:78 - Document succesfully formatted: {"catalog#":"none","artist":"Honor","title":"In Flames Of The Rising Power","label":"Resistance Records (3)","format":"CD-Album","released":"2001","release_id":"3727423","collectionfolder":"R.A.C","date added":"2016-02-11 12:46:03"} an inserted into database with id: c9f35443-421f-43a9-9346-cbcc12f7d4f7
2016-04-11 16:46:15 INFO  TestLoadCSV:78 - Document succesfully formatted: {"catalog#":"RES 017","artist":"Honor / Graveland","title":"Raiders Of Revenge","label":"Resistance Records (3)","format":"CD","rating":"2","released":"2000","release_id":"369760","collectionfolder":"R.A.C","date added":"2013-08-21 00:29:02","collection style":"R.A.C"} an inserted into database with id: 7f0ea353-ee35-4969-9a4a-d147bac1f4eb
2016-04-11 16:46:15 INFO  TestLoadCSV:78 - Document succesfully formatted: {"catalog#":"938.0003.023-PIASREST 003 CD","artist":"Danzig","title":"Live On The Black Hand Side","label":"Restless Records-Play It Again Sam [PIAS]","format":"2xCD-Album","released":"2001","release_id":"3664990","collectionfolder":"Hard Rock","date added":"2015-03-28 12:23:23"} an inserted into database with id: b69e2aa2-fed8-4845-90a6-ac4ada019a47
2016-04-11 16:46:15 INFO  TestLoadCSV:78 - Document succesfully formatted: {"catalog#":"RET 006","artist":"Beaten Back To Pure","title":"Southern Apocalypse","label":"Retribute Records","format":"CD-Album","rating":"5","released":"2001","release_id":"1230955","collectionfolder":"Stoner Rock","date added":"2011-08-21 07:08:22","collection style":"Stoner Rock"} an inserted into database with id: 1993538a-42bf-4250-94a7-575cf484d9d8
2016-04-11 16:46:15 INFO  TestLoadCSV:78 - Document succesfully formatted: {"catalog#":"RISE7/190","artist":"Lucifer (37)","title":"Anubis / Morning Star","label":"Rise Above Records","format":"7-Red","released":"2015","release_id":"6630358","collectionfolder":"Doom Metal","date added":"2016-02-07 00:05:55"} an inserted into database with id: 170acd92-3174-4978-b0ab-2e6f82bbbe76
2016-04-11 16:46:15 INFO  TestLoadCSV:78 - Document succesfully formatted: {"catalog#":"RISELP200","artist":"Lucifer (37)","title":"Lucifer I","label":"Rise Above Records","format":"LP-Ltd-Sol","released":"2015","release_id":"7149781","collectionfolder":"Black Metal","date added":"2015-11-10 10:44:53"} an inserted into database with id: 2ad89a80-a3df-49c3-899c-483319b253ae
2016-04-11 16:46:15 INFO  TestLoadCSV:78 - Document succesfully formatted: {"catalog#":"RO 9313-2-RO 9313 2","artist":"Type O Negative","title":"Slow-Deep And Hard","label":"Roadracer Records-Roadracer Records","format":"CD-Album","rating":"3","released":"1991","release_id":"385957","collectionfolder":"Gothic","date added":"2011-05-11 11:53:07"} an inserted into database with id: c0dcd6e7-4be4-4694-9185-0f32a0314455
2016-04-11 16:46:15 INFO  TestLoadCSV:78 - Document succesfully formatted: {"catalog#":"168 618 438-2","artist":"Type O Negative","title":"Life Is Killing Me","label":"Roadrunner Records","format":"CD-Album","rating":"2","released":"2003","release_id":"367908","collectionfolder":"Gothic","date added":"2011-05-11 11:53:25"} an inserted into database with id: 82470cca-4548-4a67-b319-361cad928311
2016-04-11 16:46:15 INFO  TestLoadCSV:78 - Document succesfully formatted: {"catalog#":"RR 7627-2 1686-17627-2","artist":"Down (3)","title":"EP I Of IV","label":"Roadrunner Records","format":"CD-EP-Dig","released":"2012","release_id":"3885762","collectionfolder":"Doom Metal","date added":"2014-09-14 11:20:30"} an inserted into database with id: 2526cba2-f4da-44cd-9b27-8ffb4a015495
2016-04-11 16:46:15 INFO  TestLoadCSV:78 - Document succesfully formatted: {"catalog#":"RR 7956-2","artist":"Down (3)","title":"Over The Under","label":"Roadrunner Records","format":"CD-Album","rating":"4","released":"2007","release_id":"1554391","collectionfolder":"Southern Rock","date added":"2011-05-15 06:30:26"} an inserted into database with id: 68f667a7-8eb3-48e9-9fdd-442059d7ad9a
2016-04-11 16:46:15 INFO  TestLoadCSV:78 - Document succesfully formatted: {"catalog#":"RR 8011-2","artist":"Porcupine Tree","title":"Fear Of A Blank Planet","label":"Roadrunner Records","format":"CD-Album","rating":"3","released":"2007","release_id":"951362","collectionfolder":"Progressive","date added":"2011-05-14 06:11:20"} an inserted into database with id: bec69098-c098-475c-ad1a-937a209957e6
2016-04-11 16:46:15 INFO  TestLoadCSV:78 - Document succesfully formatted: {"catalog#":"RR 8514-2","artist":"The 69 Eyes","title":"Blessed Be","label":"Roadrunner Records","format":"CD-Album","released":"2000","release_id":"719364","collectionfolder":"Gothic","date added":"2015-06-18 23:22:58"} an inserted into database with id: 67107ccb-5742-4ed2-ba4e-32b634dffe59
2016-04-11 16:46:15 INFO  TestLoadCSV:78 - Document succesfully formatted: {"catalog#":"RR 8745-2","artist":"Carnivore","title":"Carnivore","label":"Roadrunner Records","format":"CD-Album-RE-RM","rating":"4","released":"2001","release_id":"788544","collectionfolder":"Trash Metal","date added":"2011-05-11 14:17:03"} an inserted into database with id: 3b715440-e3e9-4e32-b73c-f0d26ffef3e1
2016-04-11 16:46:15 INFO  TestLoadCSV:78 - Document succesfully formatted: {"catalog#":"RR 8746-2","artist":"Carnivore","title":"Retaliation","label":"Roadrunner Records","format":"CD-Album-RE-RM","rating":"5","released":"2001","release_id":"896945","collectionfolder":"Trash Metal","date added":"2011-05-11 14:17:33"} an inserted into database with id: 94690d7b-7033-40b9-8a40-f1ccdbb9e921
2016-04-11 16:46:15 INFO  TestLoadCSV:78 - Document succesfully formatted: {"catalog#":"RR 8874-2","artist":"Type O Negative","title":"October Rust","label":"Roadrunner Records","format":"CD-Album","rating":"5","released":"1996","release_id":"367628","collectionfolder":"Gothic","date added":"2011-05-11 11:52:48"} an inserted into database with id: 812a2a84-fcba-4901-9d86-5f3f3625d243
2016-04-11 16:46:15 INFO  TestLoadCSV:78 - Document succesfully formatted: {"catalog#":"RR 8874-4","artist":"Type O Negative","title":"October Rust","label":"Roadrunner Records","format":"Cass-Album","rating":"5","released":"1996","release_id":"910504","collectionfolder":"Gothic","date added":"2011-05-12 10:28:53"} an inserted into database with id: c43b54ec-d0e1-4722-9695-37b671820f76
2016-04-11 16:46:15 INFO  TestLoadCSV:78 - Document succesfully formatted: {"catalog#":"RR 9100-2","artist":"Type O Negative","title":"Bloody Kisses","label":"Roadrunner Records","format":"CD-Album-RP","rating":"5","released":"0","release_id":"2618051","collectionfolder":"Gothic","date added":"2011-05-11 11:52:29"} an inserted into database with id: 913b78a1-7029-4b4c-8462-cc1c63be8a32
2016-04-11 16:46:15 INFO  TestLoadCSV:78 - Document succesfully formatted: {"catalog#":"RRD 8660","artist":"Type O Negative","title":"World Coming Down","label":"Roadrunner Records","format":"CD-Album-Club","rating":"4","released":"1999","release_id":"1194852","collectionfolder":"Gothic","date added":"2011-05-11 11:53:14"} an inserted into database with id: 4e77f9ec-2113-40bc-8273-b8271a6a3b00
2016-04-11 16:46:15 INFO  TestLoadCSV:78 - Document succesfully formatted: {"catalog#":"RRV 0974-9","artist":"Type O Negative","title":"After Dark","label":"Roadrunner Records","format":"DVD-V","rating":"4","released":"2000","release_id":"2868579","collectionfolder":"Gothic","date added":"2011-05-11 12:11:51"} an inserted into database with id: c8c015d8-783a-4fd7-99ad-2aa41b7ca61d
2016-04-11 16:46:15 INFO  TestLoadCSV:78 - Document succesfully formatted: {"catalog#":"RR 7575-2-01686-1757526","artist":"Down (3)","title":"EP II Of IV","label":"Roadrunner Records-Roadrunner Records","format":"CD-EP","released":"2014","release_id":"5679885","collectionfolder":"Doom Metal","date added":"2014-06-03 07:49:30"} an inserted into database with id: 6899ffb4-052e-485a-9fb3-ab189b41c1b6
2016-04-11 16:46:15 INFO  TestLoadCSV:78 - Document succesfully formatted: {"catalog#":"RR 8658-5-8086585RR","artist":"Misfits","title":"Famous Monsters","label":"Roadrunner Records-Roadrunner Records","format":"CD-Album-Dig","rating":"5","released":"1999","release_id":"800154","collectionfolder":"Punk","date added":"2011-05-17 13:52:26"} an inserted into database with id: b55021af-05cd-4819-9ba6-830ee17ebffa
2016-04-11 16:46:15 INFO  TestLoadCSV:78 - Document succesfully formatted: {"catalog#":"854.742.938","artist":"Wolfseye","title":"Winter","label":"Rock Nord","format":"CD-Album","rating":"4","released":"1998","release_id":"2373338","collectionfolder":"R.A.C","date added":"2011-05-22 13:05:09","collection style":"R.A.C"} an inserted into database with id: 28e2cef0-6004-47cb-9b60-2ee59a8d77fc
2016-04-11 16:46:15 INFO  TestLoadCSV:78 - Document succesfully formatted: {"catalog#":"RCD 117","artist":"Störkraft","title":"Mann Für Mann","label":"Rock-O-Rama Records","format":"CD-Album","rating":"3","released":"1991","release_id":"1927315","collectionfolder":"R.A.C","date added":"2013-08-14 06:11:41","collection style":"R.A.C"} an inserted into database with id: a79e68ab-07de-46e6-837c-dc9e3b35bb50
2016-04-11 16:46:15 INFO  TestLoadCSV:78 - Document succesfully formatted: {"catalog#":"RCD 125","artist":"Arresting Officers","title":"Land And Heritage","label":"Rock-O-Rama Records","format":"CD-Album-RE","rating":"4","released":"1991","release_id":"2437233","collectionfolder":"R.A.C","date added":"2011-05-30 13:45:04","collection style":"R.A.C"} an inserted into database with id: 118515d0-dc06-42ee-ab11-64f48fb6f72b
2016-04-11 16:46:15 INFO  TestLoadCSV:78 - Document succesfully formatted: {"catalog#":"RCD 136","artist":"Skrewdriver","title":"White Rider","label":"Rock-O-Rama Records","format":"CD-Album-RE","rating":"4","released":"1991","release_id":"678150","collectionfolder":"R.A.C","date added":"2011-05-11 14:26:14","collection style":"R.A.C"} an inserted into database with id: f96cedeb-8f78-41a6-9651-0e3d869771b6
2016-04-11 16:46:15 INFO  TestLoadCSV:78 - Document succesfully formatted: {"catalog#":"RCD 157","artist":"The Klansmen","title":"Rock 'N' Roll Patriots","label":"Rock-O-Rama Records","format":"CD-Album-RE","rating":"3","released":"1991","release_id":"1636959","collectionfolder":"R.A.C","date added":"2011-05-11 14:37:21","collection style":"R.A.C"} an inserted into database with id: cc5283a8-fac5-4870-83c5-04e5357aa245
2016-04-11 16:46:15 INFO  TestLoadCSV:78 - Document succesfully formatted: {"catalog#":"RCD 176","artist":"Fortress (6)","title":"Fortress","label":"Rock-O-Rama Records","format":"CD-MiniAlbum","rating":"3","released":"1992","release_id":"678895","collectionfolder":"R.A.C","date added":"2011-05-11 11:53:58","collection style":"R.A.C"} an inserted into database with id: ea13c679-cd9f-4c32-954e-194c1df91971
2016-04-11 16:46:15 INFO  TestLoadCSV:78 - Document succesfully formatted: {"catalog#":"RRR 1012","artist":"Ravens Wing","title":"Through The Looking Glass","label":"Rock-O-Rama Records","format":"LP-Album-RE-RM-Ltd-Cle","released":"2008","release_id":"5337632","collectionfolder":"R.A.C","date added":"2015-08-12 08:33:55"} an inserted into database with id: 989d22fa-f6be-41dd-848c-f7eb0656fc57
2016-04-11 16:46:15 INFO  TestLoadCSV:78 - Document succesfully formatted: {"catalog#":"SPV 390272 CD","artist":"Böhse Onkelz","title":"Onkelz Wie Wir","label":"rule23 recordings","format":"CD-Album-Dig","rating":"3","released":"2007","release_id":"1124912","collectionfolder":"Hard Rock","date added":"2011-05-17 14:15:50"} an inserted into database with id: de86b63b-ccc5-426d-9073-949201c911d1
2016-04-11 16:46:15 INFO  TestLoadCSV:78 - Document succesfully formatted: {"catalog#":"CD14/PRO24","artist":"Various","title":"Vox Europa","label":"Rupe Tarpea Produzioni","format":"CD-Comp","rating":"5","released":"1999","release_id":"4071777","collectionfolder":"R.A.C","date added":"2013-08-20 23:42:42","collection style":"R.A.C"} an inserted into database with id: ce20b853-eda4-4209-a315-7d3c251365ad
2016-04-11 16:46:15 INFO  TestLoadCSV:78 - Document succesfully formatted: {"catalog#":"CD18/PR32","artist":"Various","title":"Vox Europa II","label":"Rupe Tarpea Produzioni","format":"CD-Comp","rating":"4","released":"2001","release_id":"4087111","collectionfolder":"R.A.C","date added":"2013-08-20 23:39:10","collection style":"R.A.C"} an inserted into database with id: c2ab4046-5f49-4235-ba4b-600e48f8d060
2016-04-11 16:46:15 INFO  TestLoadCSV:78 - Document succesfully formatted: {"catalog#":"CD27 PR45","artist":"D.D.T. (17)","title":"... Skaglia!!! ... Skaglia!!! ... Skaglia!!!","label":"Rupe Tarpea Produzioni","format":"CD-Album","released":"2005","release_id":"4360648","collectionfolder":"R.A.C","date added":"2016-02-09 23:02:55"} an inserted into database with id: ce26593c-aa2a-4b9e-acfa-46c7c0d7259f
2016-04-11 16:46:15 INFO  TestLoadCSV:78 - Document succesfully formatted: {"catalog#":"PR 89 V12","artist":"Intolleranza","title":"Come Il Vento / Werwolf","label":"Rupe Tarpea Produzioni","format":"7-Ltd-Num","released":"2014","release_id":"5862778","collectionfolder":"R.A.C","date added":"2015-08-01 05:46:27"} an inserted into database with id: c54bb6fd-c1aa-407f-8044-a1759b9123c1
2016-04-11 16:46:15 INFO  TestLoadCSV:78 - Document succesfully formatted: {"catalog#":"RTP 012","artist":"Malabestia","title":"Cent'anni Da Leone","label":"Rupe Tarpea Produzioni","format":"CD-Album","rating":"5","released":"1997","release_id":"4049884","collectionfolder":"R.A.C","date added":"2012-11-22 00:10:05"} an inserted into database with id: 3bb16cdb-92a5-4b7e-97e0-148640d9d3f8
2016-04-11 16:46:15 INFO  TestLoadCSV:78 - Document succesfully formatted: {"catalog#":"RTP CD03 PR 10","artist":"Various","title":"Tributo A Janus","label":"Rupe Tarpea Produzioni","format":"CD-Comp","rating":"5","released":"1996","release_id":"3988088","collectionfolder":"R.A.C","date added":"2013-08-21 00:04:38","collection style":"R.A.C"} an inserted into database with id: 476d6deb-ddeb-434d-9f9b-7801c41d5420
2016-04-11 16:46:15 INFO  TestLoadCSV:78 - Document succesfully formatted: {"catalog#":"RTP CD04 PR11","artist":"Londinium SPQR","title":"Fare Quadrato","label":"Rupe Tarpea Produzioni","format":"CD-Album","rating":"5","released":"1997","release_id":"3640922","collectionfolder":"R.A.C","date added":"2013-08-20 23:43:32","collection style":"R.A.C"} an inserted into database with id: 3080de14-f777-4210-926f-e95d58e1d4ca
2016-04-11 16:46:15 INFO  TestLoadCSV:78 - Document succesfully formatted: {"catalog#":"RTP CD06 PR 13","artist":"Sotto Fascia Semplice","title":"Gambadilegno","label":"Rupe Tarpea Produzioni","format":"CD-Album","rating":"3","released":"1998","release_id":"1445089","collectionfolder":"R.A.C","date added":"2011-05-17 10:19:23","collection style":"R.A.C"} an inserted into database with id: dca03f03-e1f4-4837-9e54-ac4a60c88d7e
2016-04-11 16:46:15 INFO  TestLoadCSV:78 - Document succesfully formatted: {"catalog#":"RTP CD07","artist":"Massimo Morsello","title":"La Direzione Del Vento","label":"Rupe Tarpea Produzioni","format":"CD-Album-Dig","rating":"4","released":"1998","release_id":"733373","collectionfolder":"R.A.C","date added":"2014-04-03 11:41:25"} an inserted into database with id: 15230878-1187-44d7-9746-1e91c28b2475
2016-04-11 16:46:15 INFO  TestLoadCSV:78 - Document succesfully formatted: {"catalog#":"RTP CD09 PR19","artist":"Sotto Fascia Semplice","title":"Perseo","label":"Rupe Tarpea Produzioni","format":"CD","rating":"3","released":"1999","release_id":"1445109","collectionfolder":"R.A.C","date added":"2011-05-17 10:19:36","collection style":"R.A.C"} an inserted into database with id: 3556d681-e857-4d33-99ee-af9518698b21
2016-04-11 16:46:15 INFO  TestLoadCSV:78 - Document succesfully formatted: {"catalog#":"RTP CD44 PR71","artist":"Hobbit (4)","title":"L'impero Contrattacca","label":"Rupe Tarpea Produzioni","format":"CD-Album","released":"2010","release_id":"4088900","collectionfolder":"R.A.C","date added":"2016-02-09 23:07:11"} an inserted into database with id: 832ae9ca-dfa1-4af6-a550-221463a0365d
2016-04-11 16:46:15 INFO  TestLoadCSV:78 - Document succesfully formatted: {"catalog#":"RTP CD47 PR74","artist":"Zetazeroalfa","title":"Disperato Amore","label":"Rupe Tarpea Produzioni","format":"CD-Album","rating":"4","released":"2010","release_id":"2401519","collectionfolder":"R.A.C","date added":"2013-08-21 00:05:22","collection style":"R.A.C"} an inserted into database with id: b1fe1576-4722-4bea-b4d1-44654a50c5fe
2016-04-11 16:46:15 INFO  TestLoadCSV:78 - Document succesfully formatted: {"catalog#":"SMEDD197","artist":"Bruce Dickinson","title":"Accident Of Birth","label":"Sanctuary Midline","format":"2xCD-Album-RE-RM","released":"2005","release_id":"2008555","collectionfolder":"Heavy Metal","date added":"2014-06-03 07:37:01"} an inserted into database with id: c6e3b929-4e20-43ad-919d-b37ca7396e84
2016-04-11 16:46:15 INFO  TestLoadCSV:78 - Document succesfully formatted: {"catalog#":"SMRCD033","artist":"Black Sabbath","title":"Master Of Reality","label":"Sanctuary Midline","format":"CD-Album-RE-RM","rating":"5","released":"2004","release_id":"4105958","collectionfolder":"Doom Metal","date added":"2013-08-20 01:01:04"} an inserted into database with id: 4e453933-c45e-4767-bdc8-2e46dd0e85e1
2016-04-11 16:46:15 INFO  TestLoadCSV:78 - Document succesfully formatted: {"catalog#":"SS-055","artist":"Novadriver","title":"Deeper High","label":"Small Stone Records","format":"CD-Album","released":"2005","release_id":"2696050","collectionfolder":"Stoner Rock","date added":"2016-02-07 00:18:13"} an inserted into database with id: e325d4d1-8151-40c0-ad06-00d26dadc0f8
2016-04-11 16:46:15 INFO  TestLoadCSV:78 - Document succesfully formatted: {"catalog#":"SS-077","artist":"Brain Police (2)","title":"Beyond The Wasteland","label":"Small Stone Records","format":"CD-Album","released":"2008","release_id":"1724322","collectionfolder":"Stoner Rock","date added":"2016-02-10 13:48:50"} an inserted into database with id: 008251d6-3bbe-4f40-b4d2-34530d32b3d1
2016-04-11 16:46:15 INFO  TestLoadCSV:78 - Document succesfully formatted: {"catalog#":"SS-080","artist":"Shame Club","title":"Come On","label":"Small Stone Records","format":"CD","released":"2008","release_id":"5286776","collectionfolder":"Stoner Rock","date added":"2016-02-10 13:49:20"} an inserted into database with id: f6276483-e92c-4aef-a950-86f7ecb45f6e
2016-04-11 16:46:15 INFO  TestLoadCSV:78 - Document succesfully formatted: {"catalog#":"SS-081","artist":"Iota (10)","title":"Tales","label":"Small Stone Records","format":"CD-Album","released":"2008","release_id":"5343973","collectionfolder":"Stoner Rock","date added":"2016-01-29 12:01:22"} an inserted into database with id: 234ac847-6d3e-4c06-a613-50e6838bda0b
2016-04-11 16:46:15 INFO  TestLoadCSV:78 - Document succesfully formatted: {"catalog#":"SS-082","artist":"Roadsaw","title":"See You In Hell!","label":"Small Stone Records","format":"CD-Album","released":"2008","release_id":"1503026","collectionfolder":"Stoner Rock","date added":"2016-02-10 13:48:20"} an inserted into database with id: d1f2fa01-f259-461b-9316-6a1330f5ad1f
2016-04-11 16:46:15 INFO  TestLoadCSV:78 - Document succesfully formatted: {"catalog#":"SS-085","artist":"Ironweed","title":"Indian Ladder","label":"Small Stone Records","format":"CD-Album","released":"2008","release_id":"1503010","collectionfolder":"Stoner Rock","date added":"2016-02-10 13:49:29"} an inserted into database with id: 2f1c5415-be87-4b05-8f6f-4ba987c53119
2016-04-11 16:46:15 INFO  TestLoadCSV:78 - Document succesfully formatted: {"catalog#":"SOL 032","artist":"Chant (6)","title":"Cynthia's Fire","label":"Solistitium Records","format":"CD-Album-wit","released":"0","release_id":"6182395","collectionfolder":"Gothic","date added":"2016-02-10 12:45:30"} an inserted into database with id: 8473ad9b-0dbc-4910-a40e-9119cf699e01
2016-04-11 16:46:15 INFO  TestLoadCSV:78 - Document succesfully formatted: {"catalog#":"Naula 014","artist":"Finntroll","title":"Jaktens Tid","label":"Spikefarm Records","format":"CD-Album","released":"2001","release_id":"597168","collectionfolder":"Black Metal","date added":"2015-04-14 22:52:00"} an inserted into database with id: d43df083-117f-4623-81d2-d2530258bf75
2016-04-11 16:46:15 INFO  TestLoadCSV:78 - Document succesfully formatted: {"catalog#":"Naula 028 sp","artist":"Entwine","title":"Time Of Despair","label":"Spikefarm Records","format":"CD-Album-Ltd","rating":"2","released":"2002","release_id":"1143494","collectionfolder":"Gothic","date added":"2011-08-21 07:04:30","collection style":"Gothic"} an inserted into database with id: 41c9f27d-6ec5-46dc-acef-bc2c2c93375d
2016-04-11 16:46:15 INFO  TestLoadCSV:78 - Document succesfully formatted: {"catalog#":"064 525-2","artist":"Nightwish","title":"Wishmaster","label":"Spinefarm Records","format":"CD-Album-RP","rating":"5","released":"0","release_id":"681459","collectionfolder":"Gothic","date added":"2011-05-17 13:43:45"} an inserted into database with id: 43dc6f2d-ed98-48b9-bc95-a9a65c5d13a9
2016-04-11 16:46:15 INFO  TestLoadCSV:78 - Document succesfully formatted: {"catalog#":"spi140cd","artist":"Charon (2)","title":"Downhearted","label":"Spinefarm Records","format":"CD-Album-Enh","rating":"2","released":"2002","release_id":"902974","collectionfolder":"Gothic","date added":"2011-08-21 07:05:43","collection style":"Gothic"} an inserted into database with id: e034c73a-901e-499f-b2ab-34dcbacb17d6
2016-04-11 16:46:15 INFO  TestLoadCSV:78 - Document succesfully formatted: {"catalog#":"SPINE363784","artist":"Monster Magnet","title":"God Says No","label":"Spinefarm Records","format":"2xLP-Album-RE-RM","released":"2016","release_id":"8112114","collectionfolder":"Uncategorized","date added":"2016-03-02 06:52:58"} an inserted into database with id: a933d6fc-5ea0-4f0e-97f1-ff566fe48f99
2016-04-11 16:46:15 INFO  TestLoadCSV:78 - Document succesfully formatted: {"catalog#":"SPITCD204-GAS 0000204 SPR","artist":"Danzig","title":"Danzig 777: I Luciferi","label":"Spitfire Records-Eagle Rock Entertainment","format":"CD-Album","rating":"2","released":"2002","release_id":"1516678","collectionfolder":"Hard Rock","date added":"2011-05-13 08:28:10","collection style":"Hard Rock"} an inserted into database with id: d15b7064-0eb0-4767-b957-9036767fd25a
2016-04-11 16:46:15 INFO  TestLoadCSV:78 - Document succesfully formatted: {"catalog#":"SPV 076-18442 CD","artist":"Overkill","title":"Feel The Fire","label":"Steamhammer","format":"CD-Album-RE","rating":"4","released":"1998","release_id":"2569357","collectionfolder":"Trash Metal","date added":"2011-08-21 07:27:05","collection style":"Trash Metal"} an inserted into database with id: d75124fa-8320-40e4-a488-cc3c004029e3
2016-04-11 16:46:15 INFO  TestLoadCSV:78 - Document succesfully formatted: {"catalog#":"SPV 085-21502 CD","artist":"Saxon","title":"Metalhead","label":"Steamhammer","format":"CD-Album","rating":"3","released":"1999","release_id":"2470697","collectionfolder":"Heavy Metal","date added":"2011-05-23 11:26:43"} an inserted into database with id: 7e0ee283-1d0e-4299-bf4b-9334d8e723ad
2016-04-11 16:46:15 INFO  TestLoadCSV:78 - Document succesfully formatted: {"catalog#":"SPV 085-69432 CD","artist":"Monster Magnet","title":"Monolithic Baby!","label":"Steamhammer","format":"CD-Album","rating":"5","released":"2004","release_id":"555383","collectionfolder":"Stoner Rock","date added":"2011-05-14 06:05:01"} an inserted into database with id: 10837015-0ec3-4b2f-ad94-80193b958dec
2016-04-11 16:46:15 INFO  TestLoadCSV:78 - Document succesfully formatted: {"catalog#":"SPV 99642 CD","artist":"Monster Magnet","title":"Spine Of God","label":"Steamhammer","format":"CD-Album-RE","rating":"5","released":"2006","release_id":"906382","collectionfolder":"Stoner Rock","date added":"2011-05-14 06:07:00"} an inserted into database with id: 43df5ebe-41b7-4a56-b52c-8f6226a89c87
2016-04-11 16:46:16 INFO  TestLoadCSV:78 - Document succesfully formatted: {"catalog#":"SPV 088-18812 DCD","artist":"Venom (8)","title":"Cast In Stone","label":"Steamhammer-SPV GmbH","format":"2xCD-Album","rating":"4","released":"1997","release_id":"2719633","collectionfolder":"Black Metal","date added":"2011-05-13 08:33:48"} an inserted into database with id: 7fe8955f-6510-4b3a-8c53-a917f2976a3e
2016-04-11 16:46:16 INFO  TestLoadCSV:78 - Document succesfully formatted: {"catalog#":"STEP CD 016","artist":"4 Skins","title":"From Chaos To 1984 / Rarities","label":"Step-1 Music","format":"CD-Comp-RE","rating":"5","released":"1993","release_id":"1503848","collectionfolder":"Oi!","date added":"2013-08-22 23:09:03","collection style":"Oi!"} an inserted into database with id: 7b0e8094-7573-437c-b8ca-6cb336c1ef41
2016-04-11 16:46:16 INFO  TestLoadCSV:78 - Document succesfully formatted: {"catalog#":"SFRSCD114","artist":"Paradise Lost","title":"At The BBC","label":"Strange Fruit","format":"CD-Comp","rating":"4","released":"2003","release_id":"887553","collectionfolder":"Gothic","date added":"2011-05-11 12:04:17"} an inserted into database with id: 3a429a34-425d-4e5a-827c-0b70a2b1109f
2016-04-11 16:46:16 INFO  TestLoadCSV:78 - Document succesfully formatted: {"catalog#":"SSR 001","artist":"Honor","title":"W Płomieniach Wschodzącej Siły","label":"Strong Survive Records","format":"CD-Album","rating":"2","released":"2000","release_id":"372533","collectionfolder":"R.A.C","date added":"2013-08-21 00:29:54","collection style":"R.A.C"} an inserted into database with id: de19efa7-5902-4434-85c1-3850048da1c4
2016-04-11 16:46:16 INFO  TestLoadCSV:78 - Document succesfully formatted: {"catalog#":"SSR046","artist":"Bound For Glory","title":"Behold The Iron Cross","label":"Strong Survive Records","format":"CD-Album-RE","rating":"5","released":"2008","release_id":"3284239","collectionfolder":"R.A.C","date added":"2013-08-18 05:21:37","collection style":"R.A.C"} an inserted into database with id: 3e76a422-a2ed-46a1-8577-4d86dac1d5e8
2016-04-11 16:46:16 INFO  TestLoadCSV:78 - Document succesfully formatted: {"catalog#":"SPCD 250","artist":"Reverend Horton Heat","title":"Liquor In The Front","label":"Sub Pop","format":"CD-Album-RE","released":"2003","release_id":"6231551","collectionfolder":"Uncategorized","date added":"2016-03-12 13:06:35"} an inserted into database with id: d8847822-8037-4a66-97b3-ff281a4da1e0
2016-04-11 16:46:16 INFO  TestLoadCSV:78 - Document succesfully formatted: {"catalog#":"none","artist":"Before God","title":"Wolves Amongst The Sheep","label":"Subzero Records","format":"CD-Album","rating":"5","released":"1998","release_id":"580982","collectionfolder":"R.A.C","date added":"2011-05-11 12:07:35","collection style":"R.A.C"} an inserted into database with id: 0b65cb8c-67d4-4882-b818-21809a706462
2016-04-11 16:46:16 INFO  TestLoadCSV:78 - Document succesfully formatted: {"catalog#":"none","artist":"Fortress (6)","title":"The Bell Tolls","label":"Subzero Records","format":"CD-Single","released":"1999","release_id":"3574031","collectionfolder":"R.A.C","date added":"2015-02-04 11:04:27"} an inserted into database with id: afa82df9-9bcd-4df6-b0c7-71fdc49d071b
2016-04-11 16:46:16 INFO  TestLoadCSV:78 - Document succesfully formatted: {"catalog#":"none","artist":"No Alibi (2)","title":"Back For Blood And Soil","label":"Subzero Records","format":"CD-Album","released":"1998","release_id":"3274816","collectionfolder":"R.A.C","date added":"2015-04-14 22:31:21"} an inserted into database with id: 1de981f1-02b6-4591-8505-0f77c0d36782
2016-04-11 16:46:16 INFO  TestLoadCSV:78 - Document succesfully formatted: {"catalog#":"74321 96178 2","artist":"Paradise Lost","title":"Symbol Of Life","label":"Supersonic Records (2)","format":"CD-Album-Copy Prot.","rating":"3","released":"2002","release_id":"508392","collectionfolder":"Gothic","date added":"2011-05-11 11:57:38"} an inserted into database with id: a0074741-0690-499c-9909-24bf3fe0b77f
2016-04-11 16:46:16 INFO  TestLoadCSV:78 - Document succesfully formatted: {"catalog#":"SUPERSONIC 114-74321 97791 2","artist":"Paradise Lost","title":"Erased","label":"Supersonic Records (2)-BMG","format":"CD-Maxi","rating":"3","released":"2002","release_id":"1295216","collectionfolder":"Gothic","date added":"2011-05-11 12:03:13"} an inserted into database with id: bc74e2f9-1f4f-46c9-8901-526116d91974
2016-04-11 16:46:16 INFO  TestLoadCSV:78 - Document succesfully formatted: {"catalog#":"SUPERSONIC 114-74321 97790 2","artist":"Paradise Lost","title":"Erased","label":"Supersonic Records (2)-BMG Berlin Musik","format":"CD-Single-Enh-Ltd-Dig","rating":"3","released":"2002","release_id":"1295199","collectionfolder":"Gothic","date added":"2011-05-11 12:03:07"} an inserted into database with id: 01aa8ad4-79d2-4a17-8e14-62365e279cff
2016-04-11 16:46:16 INFO  TestLoadCSV:78 - Document succesfully formatted: {"catalog#":"Svea 008","artist":"Brutal Attack (2)","title":"Battle Anthem","label":"Svea Musik","format":"CD-Album","rating":"5","released":"1996","release_id":"2772663","collectionfolder":"R.A.C","date added":"2013-08-14 06:17:49","collection style":"R.A.C"} an inserted into database with id: a69e7643-72c6-4ce7-8a57-847c2839231f
2016-04-11 16:46:16 INFO  TestLoadCSV:78 - Document succesfully formatted: {"catalog#":"Svea cd 13","artist":"Brutal Attack (2)","title":"Keeping The Dream Alive","label":"Svea Musik","format":"CD-Album","rating":"5","released":"1998","release_id":"3271122","collectionfolder":"R.A.C","date added":"2013-08-14 06:18:07","collection style":"R.A.C"} an inserted into database with id: 4bbb5de7-cf8c-49b1-b73c-ed813256ab84
2016-04-11 16:46:16 INFO  TestLoadCSV:78 - Document succesfully formatted: {"catalog#":"MAS CD0159","artist":"Theatre Of Tragedy","title":"Aégis","label":"Swanlake Records","format":"CD-Album","rating":"5","released":"1998","release_id":"1137792","collectionfolder":"Gothic","date added":"2011-05-17 13:45:46"} an inserted into database with id: 908a7d56-5c24-4262-993d-766fbc57c671
2016-04-11 16:46:16 INFO  TestLoadCSV:78 - Document succesfully formatted: {"catalog#":"SPV 561-62797 DVD","artist":"Skinny Puppy","title":"Video Collection (1984-1992)","label":"Synthetic Symphony","format":"DVD-V-NTSC","rating":"3","released":"2001","release_id":"197899","collectionfolder":"Industrial","date added":"2011-05-28 06:22:09","collection style":"Industrial"} an inserted into database with id: 01609219-2764-473d-a5ac-50036d7bbf75
2016-04-11 16:46:16 INFO  TestLoadCSV:78 - Document succesfully formatted: {"catalog#":"SPV 085-63722 CD","artist":"Skinny Puppy","title":"The Greater Wrong Of The Right","label":"Synthetic Symphony-Hell-O Deathday Records","format":"CD-Album-Dig","rating":"5","released":"2004","release_id":"253284","collectionfolder":"Industrial","date added":"2011-05-28 06:20:09","collection style":"Industrial"} an inserted into database with id: 6c180ffd-a20c-4017-8870-8ac73d9b7acb
2016-04-11 16:46:16 INFO  TestLoadCSV:78 - Document succesfully formatted: {"catalog#":"TW013","artist":"Before God","title":"Wolves Amongst The Sheep","label":"Terrorwolfe Productions","format":"CD-Album-RE-RM","rating":"5","released":"2012","release_id":"3676512","collectionfolder":"R.A.C","date added":"2013-08-20 00:57:22","collection style":"R.A.C"} an inserted into database with id: 90049a57-8542-4320-8503-52cc6a4faede
2016-04-11 16:46:16 INFO  TestLoadCSV:78 - Document succesfully formatted: {"catalog#":"TESCO 051","artist":"Janitor","title":"Receiving A Flower On Mother's Day","label":"Tesco Organisation","format":"CD-Album","rating":"5","released":"2002","release_id":"209941","collectionfolder":"Ambiental","date added":"2011-05-26 12:14:59"} an inserted into database with id: d17134dc-1b03-416a-85a3-b0a7fe5fcfad
2016-04-11 16:46:16 INFO  TestLoadCSV:78 - Document succesfully formatted: {"catalog#":"TESCO 052","artist":"Apoptose","title":"Blutopfer","label":"Tesco Organisation","format":"CD-Album-Ltd-1st","rating":"5","released":"2002","release_id":"49001","collectionfolder":"Ambiental","date added":"2011-05-26 12:12:08"} an inserted into database with id: aa44d8d4-3721-4831-b1ba-ae4eb1874ba9
2016-04-11 16:46:16 INFO  TestLoadCSV:78 - Document succesfully formatted: {"catalog#":"Halo 27 CD-LE","artist":"Nine Inch Nails","title":"The Slip","label":"The Null Corporation","format":"CD-Album + DVD-V-NTSC + Ltd-Num","rating":"5","released":"2008","release_id":"1404071","collectionfolder":"Industrial","date added":"2011-05-17 14:23:36","collection style":"Industrial"} an inserted into database with id: fa70cc23-841e-4126-8725-6d20ede2c2ad
2016-04-11 16:46:16 INFO  TestLoadCSV:78 - Document succesfully formatted: {"catalog#":"HALO TWENTY SIX CD","artist":"Nine Inch Nails","title":"Ghosts I-IV","label":"The Null Corporation","format":"2xCD-Album","rating":"5","released":"2008","release_id":"1978506","collectionfolder":"Industrial","date added":"2011-05-17 14:24:00","collection style":"Industrial"} an inserted into database with id: 1af858be-18fd-420d-bf60-3cd32a11ecf7
2016-04-11 16:46:16 INFO  TestLoadCSV:78 - Document succesfully formatted: {"catalog#":"TOMB-CD 2001","artist":"Nekromantix","title":"Hellbound","label":"Tombstone Records (4)","format":"CD-Album-RP","rating":"3","released":"2001","release_id":"848357","collectionfolder":"Psychobilly","date added":"2011-05-14 06:13:59"} an inserted into database with id: b37ab224-6595-4eea-92ce-aa84fe6e512a
2016-04-11 16:46:16 INFO  TestLoadCSV:78 - Document succesfully formatted: {"catalog#":"NTR04","artist":"Blue Eyed Devils","title":"Murder Squad","label":"Tri-State Terror","format":"CD-Album","rating":"5","released":"1996","release_id":"1479934","collectionfolder":"R.A.C","date added":"2011-05-28 07:11:08","collection style":"R.A.C"} an inserted into database with id: 8c4a125f-af53-4431-aaa7-5759604d5a32
2016-04-11 16:46:16 INFO  TestLoadCSV:78 - Document succesfully formatted: {"catalog#":"CD 01199","artist":"Gesta Bellica","title":"Iterum Rudit Leo","label":"Tuono Records","format":"CD-Album","released":"1999","release_id":"2989607","collectionfolder":"R.A.C","date added":"2016-02-09 23:08:35"} an inserted into database with id: 920702de-6ddf-480e-b43d-29b970d6a6a1
2016-04-11 16:46:16 INFO  TestLoadCSV:78 - Document succesfully formatted: {"catalog#":"CD00595","artist":"A.D.L.122","title":"L'angelo Della Morte","label":"Tuono Records","format":"CD-Album","rating":"1","released":"1996","release_id":"1945048","collectionfolder":"R.A.C","date added":"2013-01-08 23:27:22"} an inserted into database with id: 17cc8b52-c7e5-4a45-900d-ae6d97f55383
2016-04-11 16:46:16 INFO  TestLoadCSV:78 - Document succesfully formatted: {"catalog#":"TVT 3340-2","artist":"Nashville Pussy","title":"High As Hell","label":"TVT Records","format":"CD-Album","rating":"5","released":"2000","release_id":"685126","collectionfolder":"Punk Rock","date added":"2011-05-14 06:18:52"} an inserted into database with id: f7431d15-5b52-41fc-86b9-a671636448da
2016-04-11 16:46:16 INFO  TestLoadCSV:78 - Document succesfully formatted: {"catalog#":"IMCD 8005-514 321-2","artist":"Nine Inch Nails","title":"Fixed","label":"TVT Records-Island Records","format":"CD-EP-Dig","rating":"3","released":"1992","release_id":"1813323","collectionfolder":"Industrial","date added":"2011-05-17 14:24:24","collection style":"Industrial"} an inserted into database with id: b5e36240-da9f-477f-b34f-46ce01403c34
2016-04-11 16:46:16 INFO  TestLoadCSV:78 - Document succesfully formatted: {"catalog#":"UR CD 002","artist":"Warhead (6)","title":"Defenders Of The Blood","label":"Ultima Records","format":"CD-Album","released":"2001","release_id":"2929633","collectionfolder":"Black Metal","date added":"2016-02-14 00:51:44"} an inserted into database with id: c97d601d-0235-4bad-9a17-15436abb72f5
2016-04-11 16:46:16 INFO  TestLoadCSV:78 - Document succesfully formatted: {"catalog#":"058 632 2","artist":"Metallica","title":"Cunning Stunts","label":"Universal","format":"2xDVD-Copy Prot.-PAL + Box","rating":"3","released":"1998","release_id":"1088321","collectionfolder":"Trash Metal","date added":"2011-05-15 04:31:33"} an inserted into database with id: b2336fcd-ff0c-40d5-aa75-a31ca9bbc290
2016-04-11 16:46:16 INFO  TestLoadCSV:78 - Document succesfully formatted: {"catalog#":"0770970","artist":"Metallica","title":"Live Sh*t: Binge & Purge","label":"Universal","format":"3xCD-Album + 2xDVD-V + Box","rating":"5","released":"2003","release_id":"606945","collectionfolder":"Trash Metal","date added":"2011-05-15 04:28:04"} an inserted into database with id: 02485da3-c2a0-495e-9bf7-ab27cb70c22d
2016-04-11 16:46:16 INFO  TestLoadCSV:78 - Document succesfully formatted: {"catalog#":"0602517855687-1785568","artist":"Motörhead","title":"Ace Of Spades","label":"Universal Music Group-Universal Music Group","format":"CD-Album-RE + CD-Comp + Dlx","rating":"5","released":"2008","release_id":"2647964","collectionfolder":"R´N´R","date added":"2011-05-30 13:28:26","collection style":"R´N´R"} an inserted into database with id: db56622e-ca38-4a99-90ea-9ed8fca1b01b
2016-04-11 16:46:16 INFO  TestLoadCSV:78 - Document succesfully formatted: {"catalog#":"987 458-9-9874589","artist":"Rammstein","title":"Rosenrot","label":"Universal Music-Universal Music","format":"CD-Album + DVD-V + Ltd-Dig","rating":"3","released":"2005","release_id":"698106","collectionfolder":"Industrial","date added":"2011-05-26 11:57:43","collection style":"Industrial"} an inserted into database with id: 5f0c0682-2878-4b69-89e8-eccfdf77c185
2016-04-11 16:46:16 INFO  TestLoadCSV:78 - Document succesfully formatted: {"catalog#":"9868150-06024 9868150-06024 9868150(3)","artist":"Rammstein","title":"Reise-Reise","label":"Universal Music-Universal Music-Universal Music","format":"CD-Album-RP","rating":"4","released":"2005","release_id":"334207","collectionfolder":"Industrial","date added":"2011-05-26 11:57:14","collection style":"Industrial"} an inserted into database with id: cdf5dbf8-18a8-4338-94d2-42e8bcdf38c5
2016-04-11 16:46:16 INFO  TestLoadCSV:78 - Document succesfully formatted: {"catalog#":"171 421 1","artist":"Amy Winehouse","title":"Back To Black","label":"Universal Records-Island Records Group","format":"CD-Album","rating":"5","released":"2006","release_id":"1024172","collectionfolder":"Blues","date added":"2011-05-30 13:10:41"} an inserted into database with id: 382efe36-f1bc-49d3-84ad-451867669f66
2016-04-11 16:46:16 INFO  TestLoadCSV:78 - Document succesfully formatted: {"catalog#":"V7 Rec. 10","artist":"Exxtrem","title":"Tätowiert","label":"V7 Versand","format":"CD-Album","rating":"3","released":"2003","release_id":"4040268","collectionfolder":"R.A.C","date added":"2013-03-12 09:38:36"} an inserted into database with id: cd5eda32-b3e1-4f40-8b17-eefeb8519415
2016-04-11 16:46:16 INFO  TestLoadCSV:78 - Document succesfully formatted: {"catalog#":"V7 Rec. 30","artist":"Bound For Glory","title":"Warrior's Glory","label":"V7 Versand","format":"CD-Album-RE","rating":"3","released":"2004","release_id":"650616","collectionfolder":"R.A.C","date added":"2011-10-07 14:17:21","collection style":"R.A.C"} an inserted into database with id: c49807fa-0f8c-40c6-8f1a-87bec01c4988
2016-04-11 16:46:16 INFO  TestLoadCSV:78 - Document succesfully formatted: {"catalog#":"V7 Rec. 33","artist":"Bound For Glory","title":"Hate Train Rolling","label":"V7 Versand","format":"CD-Album-RE","rating":"4","released":"2005","release_id":"713035","collectionfolder":"R.A.C","date added":"2013-08-18 05:22:33","collection style":"R.A.C"} an inserted into database with id: 92de74f5-479c-46c8-879c-2afbb72a0577
2016-04-11 16:46:16 INFO  TestLoadCSV:78 - Document succesfully formatted: {"catalog#":"00602517840201","artist":"Metallica","title":"Death Magnetic","label":"Vertigo","format":"CD-Album","rating":"5","released":"2008","release_id":"2076092","collectionfolder":"Trash Metal","date added":"2011-05-15 04:30:47"} an inserted into database with id: c19842fc-0db2-4def-ba48-bdd48a0f3fd2
2016-04-11 16:46:16 INFO  TestLoadCSV:78 - Document succesfully formatted: {"catalog#":"0602498654033","artist":"Metallica","title":"St. Anger","label":"Vertigo","format":"CD-Album + DVD-V-Multichannel-PAL-Copy Prot.","rating":"3","released":"2003","release_id":"2088276","collectionfolder":"Trash Metal","date added":"2011-05-15 04:30:12"} an inserted into database with id: 00074a43-2527-4b89-8682-c8c20605aa64
2016-04-11 16:46:16 INFO  TestLoadCSV:78 - Document succesfully formatted: {"catalog#":"0602517144484","artist":"Metallica","title":"The Videos 1989 - 2004","label":"Vertigo","format":"DVD-V-PAL-Comp","rating":"5","released":"2006","release_id":"1030391","collectionfolder":"Trash Metal","date added":"2011-05-15 04:32:05"} an inserted into database with id: 3455b52e-7e89-4d70-b1fa-a9dafb364798
2016-04-11 16:46:16 INFO  TestLoadCSV:78 - Document succesfully formatted: {"catalog#":"510 022-2","artist":"Metallica","title":"Metallica","label":"Vertigo","format":"CD-Album","rating":"4","released":"1991","release_id":"1125013","collectionfolder":"Trash Metal","date added":"2011-05-15 04:27:39"} an inserted into database with id: cc76c72b-9cec-4008-a88e-58d7deab744f
2016-04-11 16:46:16 INFO  TestLoadCSV:78 - Document succesfully formatted: {"catalog#":"532 618-2","artist":"Metallica","title":"Load","label":"Vertigo","format":"CD-Album","rating":"5","released":"1996","release_id":"368311","collectionfolder":"Trash Metal","date added":"2011-05-15 04:28:18"} an inserted into database with id: b038cb9e-0e94-4af0-90b2-54ba5a2cea38
2016-04-11 16:46:16 INFO  TestLoadCSV:78 - Document succesfully formatted: {"catalog#":"536 409-2","artist":"Metallica","title":"Reload","label":"Vertigo","format":"CD-Album","rating":"2","released":"1997","release_id":"367926","collectionfolder":"Trash Metal","date added":"2011-05-15 04:28:36"} an inserted into database with id: 90616c4d-2e65-4efb-844a-8e3b4a4bd788
2016-04-11 16:46:16 INFO  TestLoadCSV:78 - Document succesfully formatted: {"catalog#":"546 797-2","artist":"Metallica With Michael Kamen Conducting The San Francisco Symphony Orchestra","title":"S&M","label":"Vertigo","format":"2xCD-Album","rating":"5","released":"1999","release_id":"2202013","collectionfolder":"Trash Metal","date added":"2011-05-15 04:29:43"} an inserted into database with id: 11e8dd4e-e80d-462e-b996-3d257d485c72
2016-04-11 16:46:16 INFO  TestLoadCSV:78 - Document succesfully formatted: {"catalog#":"60 59 002","artist":"Black Sabbath","title":"Evil Woman = Mujer Perversa","label":"Vertigo","format":"7-Single","rating":"5","released":"1970","release_id":"1358924","collectionfolder":"Heavy Metal","date added":"2011-06-04 12:11:05"} an inserted into database with id: 37b8c560-81bd-4502-b4ab-c3497a98c7e4
2016-04-11 16:46:16 INFO  TestLoadCSV:78 - Document succesfully formatted: {"catalog#":"602527863689 (86)","artist":"Lou Reed & Metallica","title":"Lulu","label":"Vertigo","format":"2xCD-Album","rating":"3","released":"2011","release_id":"3388480","collectionfolder":"Hard Rock","date added":"2012-06-03 01:32:41"} an inserted into database with id: b0726a4b-a8c3-4001-b67b-dad67f4e0306
2016-04-11 16:46:16 INFO  TestLoadCSV:78 - Document succesfully formatted: {"catalog#":"6302 017","artist":"Black Sabbath","title":"Heaven And Hell","label":"Vertigo","format":"LP-Album","released":"1980","release_id":"3927301","collectionfolder":"Heavy Metal","date added":"2015-11-10 14:23:26"} an inserted into database with id: 09590cf6-9a76-4d3d-8264-2afdfd6b3b4a
2016-04-11 16:46:16 INFO  TestLoadCSV:78 - Document succesfully formatted: {"catalog#":"836062-1","artist":"Metallica","title":"...And Justice For All","label":"Vertigo","format":"2xLP-Album","rating":"5","released":"1988","release_id":"371162","collectionfolder":"Trash Metal","date added":"2011-05-15 04:25:50"} an inserted into database with id: 72930d1d-9af6-4987-8d25-c1b88fe12893
2016-04-11 16:46:16 INFO  TestLoadCSV:78 - Document succesfully formatted: {"catalog#":"838 142-2","artist":"Metallica","title":"Kill 'Em All","label":"Vertigo","format":"CD-Album-RE","rating":"4","released":"0","release_id":"368288","collectionfolder":"Trash Metal","date added":"2011-05-15 04:24:04"} an inserted into database with id: d9cb78ea-bee7-489f-a5b4-d4c06d9b0e84
2016-04-11 16:46:16 INFO  TestLoadCSV:78 - Document succesfully formatted: {"catalog#":"none","artist":"Metallica","title":"Francais Pour Une Nuit - Live Aux Arènes De Nîmes","label":"Vertigo","format":"DVD-PAL-Reg","rating":"5","released":"2009","release_id":"2881130","collectionfolder":"Trash Metal","date added":"2011-05-15 05:16:09"} an inserted into database with id: 14445dbc-6c5f-4b58-9f10-120b49d7c283
2016-04-11 16:46:16 INFO  TestLoadCSV:78 - Document succesfully formatted: {"catalog#":"none","artist":"Metallica","title":"Orgullo-Passion-Y Gloria - Tres Noches En La Ciudad De México","label":"Vertigo","format":"DVD-PAL-Reg","rating":"5","released":"2009","release_id":"2881164","collectionfolder":"Trash Metal","date added":"2011-05-15 05:30:24"} an inserted into database with id: 8db95a6c-f548-4405-8013-0ec0871a3203
2016-04-11 16:46:16 INFO  TestLoadCSV:78 - Document succesfully formatted: {"catalog#":"836062-2-none","artist":"Metallica","title":"...And Justice For All","label":"Vertigo-Phonogram","format":"CD-Album","rating":"5","released":"1988","release_id":"1605589","collectionfolder":"Trash Metal","date added":"2011-05-15 04:26:01"} an inserted into database with id: 43116669-5042-4feb-aafe-d98a52c9702c
2016-04-11 16:46:16 INFO  TestLoadCSV:78 - Document succesfully formatted: {"catalog#":"838 140-2","artist":"Metallica","title":"Ride The Lightning","label":"Vertigo-Phonogram","format":"CD-Album-RE","rating":"5","released":"1989","release_id":"2669645","collectionfolder":"Trash Metal","date added":"2011-05-15 04:24:24"} an inserted into database with id: 55741e6e-010a-4f6b-b341-6bbc06f9c21e
2016-04-11 16:46:16 INFO  TestLoadCSV:78 - Document succesfully formatted: {"catalog#":"838 141-2","artist":"Metallica","title":"Master Of Puppets","label":"Vertigo-Phonogram","format":"CD-Album-RE","rating":"5","released":"1989","release_id":"1594201","collectionfolder":"Trash Metal","date added":"2011-05-15 04:24:55"} an inserted into database with id: 4cfeafc7-01ff-4f7e-8370-975162f03fc4
2016-04-11 16:46:16 INFO  TestLoadCSV:78 - Document succesfully formatted: {"catalog#":"METAL 512-874 067-1","artist":"Metallica","title":"One","label":"Vertigo-Phonogram","format":"12-Single","rating":"5","released":"1988","release_id":"1933945","collectionfolder":"Trash Metal","date added":"2011-05-15 04:26:33"} an inserted into database with id: 0aa9e96c-675c-44f9-94c9-4a91773e40ba
2016-04-11 16:46:16 INFO  TestLoadCSV:78 - Document succesfully formatted: {"catalog#":"VICCD 1005","artist":"Fortress (6)","title":"Seize The Day","label":"Victory Records (5)","format":"CD-Album","rating":"4","released":"1993","release_id":"678901","collectionfolder":"R.A.C","date added":"2011-05-11 11:48:25","collection style":"R.A.C"} an inserted into database with id: 7f9b7a35-e556-4ff8-9161-a5b6df4a8b4c
2016-04-11 16:46:16 INFO  TestLoadCSV:78 - Document succesfully formatted: {"catalog#":"0777 7 87886 2 1","artist":"Blind Guardian","title":"Battalions Of Fear","label":"Virgin","format":"CD-Album-RE","released":"1991","release_id":"387455","collectionfolder":"Heavy Metal","date added":"2015-04-13 12:04:34"} an inserted into database with id: 51979aee-52be-4c6f-ab13-3c65c4ec5eb9
2016-04-11 16:46:16 INFO  TestLoadCSV:78 - Document succesfully formatted: {"catalog#":"50999 3 08265 2 6","artist":"Alice In Chains","title":"Black Gives Way To Blue","label":"Virgin","format":"CD-Album","rating":"5","released":"2009","release_id":"2582473","collectionfolder":"Hard Rock","date added":"2011-05-13 08:35:12","collection style":"Hard Rock"} an inserted into database with id: bb07c91b-063d-43a9-925d-e706765dd765
2016-04-11 16:46:16 INFO  TestLoadCSV:78 - Document succesfully formatted: {"catalog#":"7243 8 49253 2 1","artist":"A Perfect Circle","title":"Mer De Noms","label":"Virgin","format":"CD-Album","released":"2000","release_id":"367860","collectionfolder":"Uncategorized","date added":"2016-02-14 11:17:08"} an inserted into database with id: 3c93197c-575d-4cf4-ab2a-099acb38d4c7
2016-04-11 16:46:16 INFO  TestLoadCSV:78 - Document succesfully formatted: {"catalog#":"828765364720","artist":"Tool (2)","title":"Undertow","label":"Volcano (2)-Tool Dissectional","format":"CD-Album-RE","rating":"4","released":"2003","release_id":"1704508","collectionfolder":"Industrial","date added":"2013-08-21 06:07:35","collection style":"Industrial"} an inserted into database with id: fa76084b-a608-4ab3-8737-f1859b532f79
2016-04-11 16:46:16 INFO  TestLoadCSV:78 - Document succesfully formatted: {"catalog#":"WALCD 115","artist":"Holsteiner Jungs","title":"Hass Im Gesicht","label":"Walhalla Records (3)","format":"CD-Album","rating":"3","released":"1997","release_id":"3847612","collectionfolder":"R.A.C","date added":"2013-08-21 05:49:00","collection style":"R.A.C"} an inserted into database with id: b888fec0-7091-4a4b-a496-b5cef433c492
2016-04-11 16:46:16 INFO  TestLoadCSV:78 - Document succesfully formatted: {"catalog#":"war003cd","artist":"Shellyz Raven","title":"Desolation","label":"War Is Imminent Productions","format":"CD-Album","rating":"4","released":"2000","release_id":"1697204","collectionfolder":"Gothic","date added":"2011-08-21 06:53:59","collection style":"Gothic"} an inserted into database with id: 3297bd28-3284-49ca-9d68-7e4cd04fca11
2016-04-11 16:46:16 INFO  TestLoadCSV:78 - Document succesfully formatted: {"catalog#":"56603","artist":"ZZ Top","title":"Tres Hombres","label":"Warner Bros. Records","format":"LP-Album-RE","released":"1984","release_id":"2203826","collectionfolder":"Southern Rock","date added":"2015-08-01 03:29:56"} an inserted into database with id: dbbea287-6f9c-4b9d-9c36-ab87076d75de
2016-04-11 16:46:16 INFO  TestLoadCSV:78 - Document succesfully formatted: {"catalog#":"7599-23774-2","artist":"ZZ Top","title":"Eliminator","label":"Warner Bros. Records","format":"CD-Album-RE","rating":"4","released":"0","release_id":"390556","collectionfolder":"Southern Rock","date added":"2011-05-22 13:15:34","collection style":"Southern Rock"} an inserted into database with id: 36544589-04ba-47f3-89e2-ab5907dabc85
2016-04-11 16:46:16 INFO  TestLoadCSV:78 - Document succesfully formatted: {"catalog#":"7599-26846-2","artist":"ZZ Top","title":"Greatest Hits","label":"Warner Bros. Records","format":"CD-Comp","rating":"5","released":"1992","release_id":"931234","collectionfolder":"Southern Rock","date added":"2013-07-22 11:42:54"} an inserted into database with id: dafa35fd-df54-4c99-ad0f-d61cf9059eb6
2016-04-11 16:46:16 INFO  TestLoadCSV:78 - Document succesfully formatted: {"catalog#":"9362 47737-2","artist":"Van Halen","title":"Van Halen","label":"Warner Bros. Records","format":"HDCD-Album-RM","released":"2000","release_id":"852625","collectionfolder":"Hard Rock","date added":"2015-04-22 22:10:00"} an inserted into database with id: 0265cdd8-34b6-443f-8e90-fe53c85dcc10
2016-04-11 16:46:16 INFO  TestLoadCSV:78 - Document succesfully formatted: {"catalog#":"9362-49919-9","artist":"Avenged Sevenfold","title":"Avenged Sevenfold","label":"Warner Bros. Records","format":"CD-Album","rating":"3","released":"2007","release_id":"3650569","collectionfolder":"Heavy Metal","date added":"2013-07-22 11:42:06"} an inserted into database with id: 43699417-3542-44ac-9c4a-b61712ebe4ab
2016-04-11 16:46:16 INFO  TestLoadCSV:78 - Document succesfully formatted: {"catalog#":"4509-91155-2","artist":"The Smiths","title":"The Complete Picture","label":"Warner Music Vision","format":"DVD-V-Comp-PAL-Copy Prot.","rating":"5","released":"2000","release_id":"683134","collectionfolder":"Brit Pop","date added":"2013-08-20 23:58:32"} an inserted into database with id: 51d8ae03-cfe8-46c3-b2c4-fb0beac06ed7
2016-04-11 16:46:16 INFO  TestLoadCSV:78 - Document succesfully formatted: {"catalog#":"WWR004","artist":"Exxtrem","title":"Unsere Götter Leben Weiter","label":"Wehrwolf Records","format":"CD-Album","rating":"3","released":"2002","release_id":"2894811","collectionfolder":"R.A.C","date added":"2011-05-22 12:31:02","collection style":"R.A.C"} an inserted into database with id: 40fd8411-5164-40c6-ae23-2b8d7a00e2b3
2016-04-11 16:46:16 INFO  TestLoadCSV:78 - Document succesfully formatted: {"catalog#":"JAZZ 004CD","artist":"The Hellacopters","title":"Payin' The Dues","label":"White Jazz Records","format":"CD-Album","rating":"5","released":"1997","release_id":"712045","collectionfolder":"R´N´R","date added":"2011-05-14 06:25:20"} an inserted into database with id: 9305a6ab-fa27-4cd7-b07f-66b29b8c1667
2016-04-11 16:46:16 INFO  TestLoadCSV:78 - Document succesfully formatted: {"catalog#":"JAZZ 016CD","artist":"The Hellacopters","title":"Grande Rock","label":"White Jazz Records","format":"CD-Album","rating":"5","released":"1999","release_id":"712049","collectionfolder":"R´N´R","date added":"2011-05-14 06:25:51"} an inserted into database with id: 69ad9117-de93-43d8-a279-99fb9273dbf9
2016-04-11 16:46:16 INFO  TestLoadCSV:78 - Document succesfully formatted: {"catalog#":"JAZZ023LCD","artist":"The Hellacopters","title":"Move Right Out Of Here","label":"White Jazz Records","format":"CD-Maxi-Enh","rating":"3","released":"1999","release_id":"1666774","collectionfolder":"R´N´R","date added":"2011-05-14 06:27:37"} an inserted into database with id: 291cad9a-dfc9-488e-9357-d14a1e9789c7
2016-04-11 16:46:16 INFO  TestLoadCSV:78 - Document succesfully formatted: {"catalog#":"WKN 10","artist":"Der Blutharsch","title":"The Track Of The Hunted","label":"WKN","format":"CD-Album","rating":"5","released":"2000","release_id":"48940","collectionfolder":"Ambiental","date added":"2011-05-23 13:03:03"} an inserted into database with id: 8225212c-4adb-4538-afd2-d7eeaa4d7d87
2016-04-11 16:46:16 INFO  TestLoadCSV:78 - Document succesfully formatted: {"catalog#":"WKN 14","artist":"Der Blutharsch","title":"Der Blutharsch","label":"WKN","format":"CD-Album-RE","rating":"5","released":"2001","release_id":"48932","collectionfolder":"Ambiental","date added":"2011-05-23 13:02:30"} an inserted into database with id: 75119e8e-52d3-4dde-a621-9b226c3c498a
2016-04-11 16:46:16 INFO  TestLoadCSV:78 - Document succesfully formatted: {"catalog#":"WKN 15","artist":"Der Blutharsch","title":"When All Else Fails!","label":"WKN","format":"CD-Album","rating":"5","released":"2001","release_id":"148315","collectionfolder":"Ambiental","date added":"2011-05-23 13:03:32"} an inserted into database with id: 0a3823eb-b918-4c0e-8bbd-6e9fc02aad60
2016-04-11 16:46:16 INFO  TestLoadCSV:78 - Document succesfully formatted: {"catalog#":"WKN 8","artist":"Der Blutharsch","title":"The Pleasures Received In Pain","label":"WKN","format":"CD-Album-1st","rating":"5","released":"1999","release_id":"48945","collectionfolder":"Ambiental","date added":"2011-05-23 13:02:49"} an inserted into database with id: a439816b-0e51-46da-b794-4377c0f9d157
2016-04-11 16:46:16 INFO  TestLoadCSV:78 - Document succesfully formatted: {"catalog#":"WKN31","artist":"Der Blutharsch / Sotto Fascia Semplice","title":"Untitled","label":"WKN","format":"7-Ltd","released":"2008","release_id":"1404850","collectionfolder":"R.A.C","date added":"2015-08-18 07:35:44"} an inserted into database with id: f31c9af6-3186-4d98-8474-93dcf3b36462
2016-04-11 16:46:16 INFO  TestLoadCSV:78 - Document succesfully formatted: {"catalog#":"WP007","artist":"Estirpe Imperial","title":"Estirpe Imperial","label":"Wolf Pact Records","format":"12-Maxi-Ltd-Num-RE-Red","released":"2016","release_id":"8067304","collectionfolder":"Uncategorized","date added":"2016-03-06 23:09:57"} an inserted into database with id: 7aa94e77-7621-47f1-a7e0-512647edc5d0
2016-04-11 16:46:16 INFO  TestLoadCSV:78 - Document succesfully formatted: {"catalog#":"CUT 010-cut 010","artist":"Thyrane","title":"Symphonies Of Infernality","label":"Woodcut Records-Woodcut Records","format":"CD-Album","rating":"5","released":"1999","release_id":"850160","collectionfolder":"Black Metal","date added":"2011-05-17 13:49:50"} an inserted into database with id: 4c35da4b-9fa6-4c3a-ba04-939ea47e67db
2016-04-11 16:46:16 INFO  TestLoadCSV:78 - Document succesfully formatted: {"catalog#":"XLCD 183","artist":"The Prodigy","title":"Always Outnumbered-Never Outgunned","label":"XL Recordings","format":"CD-Album","rating":"3","released":"2004","release_id":"313346","collectionfolder":"Rave","date added":"2011-05-30 13:26:29"} an inserted into database with id: 9fd2f3de-11c7-49d5-8ffa-ce5499f8f66c
2016-04-11 16:46:16 INFO  TestLoadCSV:78 - Document succesfully formatted: {"catalog#":"7243 4 93836 2 3-493 8362","artist":"The Cramps","title":"Songs The Lord Taught Us","label":"Zonophone-Zonophone","format":"CD-Album-RE","rating":"5","released":"1998","release_id":"636471","collectionfolder":"R´N´R","date added":"2011-08-21 06:49:53","collection style":"R´N´R"} an inserted into database with id: 4b2bd96c-3d4c-43d9-8554-058dcda28430
2016-04-11 16:46:16 INFO  Node:145 - Disconnected from Node localhost
2016-04-11 16:46:16 INFO  ConfigurationProvider:300 - Closed bucket default
2016-04-11 16:46:16 INFO  CoreEnvironment:446 - Shutdown Core Scheduler: success 
2016-04-11 16:46:16 INFO  CoreEnvironment:446 - Shutdown Runtime Metrics Collector: success 
2016-04-11 16:46:16 INFO  CoreEnvironment:446 - Shutdown Latency Metrics Collector: success 
2016-04-11 16:46:16 INFO  CoreEnvironment:446 - Shutdown IoPool: success 
2016-04-11 16:46:18 INFO  CoreEnvironment:446 - Shutdown Netty: success 
]]></system-out>
  <system-err><![CDATA[]]></system-err>
</testsuite>
